;  LST file generated by mikroListExporter - v.2.0 
; Date/Time: 11/9/2017 5:28:13 PM
;----------------------------------------------

;Address Opcode 	ASM
0x0000	0x2816      	GOTO       22
_____DoICP:
;__Lib_System.c,6 :: 		
;__Lib_System.c,9 :: 		
0x0003	0x1283      	BCF        STATUS, 5
0x0004	0x1303      	BCF        STATUS, 6
0x0005	0x0821      	MOVF       ___DoICPAddr+1, 0
0x0006	0x008A      	MOVWF      PCLATH
;__Lib_System.c,10 :: 		
0x0007	0x0820      	MOVF       ___DoICPAddr, 0
0x0008	0x0082      	MOVWF      PCL
;__Lib_System.c,12 :: 		
L_end_____DoICP:
0x0009	0x0008      	RETURN
; end of _____DoICP
___CC2DW:
;__Lib_System.c,134 :: 		
;__Lib_System.c,137 :: 		
_CC2D_Loop1:
;__Lib_System.c,139 :: 		
0x000A	0x2003      	CALL       _____DoICP
0x000B	0x118A      	BCF        PCLATH, 3
0x000C	0x120A      	BCF        PCLATH, 4
;__Lib_System.c,141 :: 		
0x000D	0x0080      	MOVWF      INDF
;__Lib_System.c,142 :: 		
0x000E	0x0A84      	INCF       FSR, 1
;__Lib_System.c,143 :: 		
0x000F	0x0AA0      	INCF       ___DoICPAddr, 1
;__Lib_System.c,145 :: 		
0x0010	0x1903      	BTFSC      STATUS, 2
;__Lib_System.c,146 :: 		
0x0011	0x0AA1      	INCF       ___DoICPAddr+1, 1
;__Lib_System.c,147 :: 		
0x0012	0x03F0      	DECF       R0, 1
;__Lib_System.c,149 :: 		
0x0013	0x1D03      	BTFSS      STATUS, 2
;__Lib_System.c,150 :: 		
0x0014	0x280A      	GOTO       _CC2D_Loop1
;__Lib_System.c,152 :: 		
L_end___CC2DW:
0x0015	0x0008      	RETURN
; end of ___CC2DW
_main:
;Rf robot.c,1 :: 		void main()
;Rf robot.c,4 :: 		ansel=0;
0x0016	0x1683      	BSF        STATUS, 5
0x0017	0x1703      	BSF        STATUS, 6
0x0018	0x0188      	CLRF       ANSEL
;Rf robot.c,5 :: 		anselh=0;
0x0019	0x0189      	CLRF       ANSELH
;Rf robot.c,6 :: 		option_reg.f7=0;
0x001A	0x1381      	BCF        OPTION_REG, 7
;Rf robot.c,7 :: 		trisb=0x0F ;                   // 4 sensor
0x001B	0x300F      	MOVLW      15
0x001C	0x0086      	MOVWF      TRISB
;Rf robot.c,8 :: 		portb.f4=0;
0x001D	0x1283      	BCF        STATUS, 5
0x001E	0x1303      	BCF        STATUS, 6
0x001F	0x1206      	BCF        PORTB, 4
;Rf robot.c,9 :: 		portb.f5=0;
0x0020	0x1286      	BCF        PORTB, 5
;Rf robot.c,10 :: 		portb.f6=0;
0x0021	0x1306      	BCF        PORTB, 6
;Rf robot.c,11 :: 		portb.f7=0;
0x0022	0x1386      	BCF        PORTB, 7
;Rf robot.c,12 :: 		trisd=0x00 ;
0x0023	0x1683      	BSF        STATUS, 5
0x0024	0x0188      	CLRF       TRISD
;Rf robot.c,13 :: 		trise.f0=0;
0x0025	0x1009      	BCF        TRISE, 0
;Rf robot.c,14 :: 		porte.f0=0;
0x0026	0x1283      	BCF        STATUS, 5
0x0027	0x1009      	BCF        PORTE, 0
;Rf robot.c,15 :: 		portd=0;
0x0028	0x0188      	CLRF       PORTD
;Rf robot.c,16 :: 		while(1)
L_main0:
;Rf robot.c,18 :: 		if(portb==0b00001010)            // Forward       0011
0x0029	0x0806      	MOVF       PORTB, 0
0x002A	0x3A0A      	XORLW      10
0x002B	0x1D03      	BTFSS      STATUS, 2
0x002C	0x2839      	GOTO       L_main2
;Rf robot.c,20 :: 		portd=0b01010101;
0x002D	0x3055      	MOVLW      85
0x002E	0x0088      	MOVWF      PORTD
;Rf robot.c,21 :: 		delay_ms(10);
0x002F	0x3041      	MOVLW      65
0x0030	0x00FC      	MOVWF      R12
0x0031	0x30EE      	MOVLW      238
0x0032	0x00FD      	MOVWF      R13
L_main3:
0x0033	0x0BFD      	DECFSZ     R13, 1
0x0034	0x2833      	GOTO       L_main3
0x0035	0x0BFC      	DECFSZ     R12, 1
0x0036	0x2833      	GOTO       L_main3
0x0037	0x0000      	NOP
;Rf robot.c,22 :: 		}
0x0038	0x28C9      	GOTO       L_main4
L_main2:
;Rf robot.c,23 :: 		else if(portb==0b00001001)            // Backward     0110
0x0039	0x0806      	MOVF       PORTB, 0
0x003A	0x3A09      	XORLW      9
0x003B	0x1D03      	BTFSS      STATUS, 2
0x003C	0x2849      	GOTO       L_main5
;Rf robot.c,25 :: 		portd=0b10101010;
0x003D	0x30AA      	MOVLW      170
0x003E	0x0088      	MOVWF      PORTD
;Rf robot.c,26 :: 		delay_ms(10);
0x003F	0x3041      	MOVLW      65
0x0040	0x00FC      	MOVWF      R12
0x0041	0x30EE      	MOVLW      238
0x0042	0x00FD      	MOVWF      R13
L_main6:
0x0043	0x0BFD      	DECFSZ     R13, 1
0x0044	0x2843      	GOTO       L_main6
0x0045	0x0BFC      	DECFSZ     R12, 1
0x0046	0x2843      	GOTO       L_main6
0x0047	0x0000      	NOP
;Rf robot.c,27 :: 		}
0x0048	0x28C9      	GOTO       L_main7
L_main5:
;Rf robot.c,28 :: 		else if(portb==0b00001110)                     // Right   0111
0x0049	0x0806      	MOVF       PORTB, 0
0x004A	0x3A0E      	XORLW      14
0x004B	0x1D03      	BTFSS      STATUS, 2
0x004C	0x2859      	GOTO       L_main8
;Rf robot.c,30 :: 		portd=0b01100110;
0x004D	0x3066      	MOVLW      102
0x004E	0x0088      	MOVWF      PORTD
;Rf robot.c,31 :: 		delay_ms(10);
0x004F	0x3041      	MOVLW      65
0x0050	0x00FC      	MOVWF      R12
0x0051	0x30EE      	MOVLW      238
0x0052	0x00FD      	MOVWF      R13
L_main9:
0x0053	0x0BFD      	DECFSZ     R13, 1
0x0054	0x2853      	GOTO       L_main9
0x0055	0x0BFC      	DECFSZ     R12, 1
0x0056	0x2853      	GOTO       L_main9
0x0057	0x0000      	NOP
;Rf robot.c,32 :: 		}
0x0058	0x28C9      	GOTO       L_main10
L_main8:
;Rf robot.c,33 :: 		else if(portb==0b00001101)                              //Left  1011
0x0059	0x0806      	MOVF       PORTB, 0
0x005A	0x3A0D      	XORLW      13
0x005B	0x1D03      	BTFSS      STATUS, 2
0x005C	0x2869      	GOTO       L_main11
;Rf robot.c,35 :: 		portd=0b10011001;
0x005D	0x3099      	MOVLW      153
0x005E	0x0088      	MOVWF      PORTD
;Rf robot.c,36 :: 		delay_ms(10);
0x005F	0x3041      	MOVLW      65
0x0060	0x00FC      	MOVWF      R12
0x0061	0x30EE      	MOVLW      238
0x0062	0x00FD      	MOVWF      R13
L_main12:
0x0063	0x0BFD      	DECFSZ     R13, 1
0x0064	0x2863      	GOTO       L_main12
0x0065	0x0BFC      	DECFSZ     R12, 1
0x0066	0x2863      	GOTO       L_main12
0x0067	0x0000      	NOP
;Rf robot.c,37 :: 		}
0x0068	0x28C9      	GOTO       L_main13
L_main11:
;Rf robot.c,38 :: 		else if(portb==0b00001111)                              //alll positive
0x0069	0x0806      	MOVF       PORTB, 0
0x006A	0x3A0F      	XORLW      15
0x006B	0x1D03      	BTFSS      STATUS, 2
0x006C	0x287A      	GOTO       L_main14
;Rf robot.c,40 :: 		portd=0b11111111;
0x006D	0x30FF      	MOVLW      255
0x006E	0x0088      	MOVWF      PORTD
;Rf robot.c,41 :: 		porte.f0=0;
0x006F	0x1009      	BCF        PORTE, 0
;Rf robot.c,42 :: 		delay_ms(10);
0x0070	0x3041      	MOVLW      65
0x0071	0x00FC      	MOVWF      R12
0x0072	0x30EE      	MOVLW      238
0x0073	0x00FD      	MOVWF      R13
L_main15:
0x0074	0x0BFD      	DECFSZ     R13, 1
0x0075	0x2874      	GOTO       L_main15
0x0076	0x0BFC      	DECFSZ     R12, 1
0x0077	0x2874      	GOTO       L_main15
0x0078	0x0000      	NOP
;Rf robot.c,43 :: 		}
0x0079	0x28C9      	GOTO       L_main16
L_main14:
;Rf robot.c,45 :: 		else if(portb==0b00001100)                              //weapon forward
0x007A	0x0806      	MOVF       PORTB, 0
0x007B	0x3A0C      	XORLW      12
0x007C	0x1D03      	BTFSS      STATUS, 2
0x007D	0x288B      	GOTO       L_main17
;Rf robot.c,47 :: 		portd=0b01010101;
0x007E	0x3055      	MOVLW      85
0x007F	0x0088      	MOVWF      PORTD
;Rf robot.c,48 :: 		porte.f0=1;
0x0080	0x1409      	BSF        PORTE, 0
;Rf robot.c,49 :: 		delay_ms(10);
0x0081	0x3041      	MOVLW      65
0x0082	0x00FC      	MOVWF      R12
0x0083	0x30EE      	MOVLW      238
0x0084	0x00FD      	MOVWF      R13
L_main18:
0x0085	0x0BFD      	DECFSZ     R13, 1
0x0086	0x2885      	GOTO       L_main18
0x0087	0x0BFC      	DECFSZ     R12, 1
0x0088	0x2885      	GOTO       L_main18
0x0089	0x0000      	NOP
;Rf robot.c,50 :: 		}
0x008A	0x28C9      	GOTO       L_main19
L_main17:
;Rf robot.c,52 :: 		else if(portb==0b00000110)            //  weapone Backward
0x008B	0x0806      	MOVF       PORTB, 0
0x008C	0x3A06      	XORLW      6
0x008D	0x1D03      	BTFSS      STATUS, 2
0x008E	0x289C      	GOTO       L_main20
;Rf robot.c,54 :: 		portd=0b10101010;
0x008F	0x30AA      	MOVLW      170
0x0090	0x0088      	MOVWF      PORTD
;Rf robot.c,55 :: 		porte.f0=1;
0x0091	0x1409      	BSF        PORTE, 0
;Rf robot.c,56 :: 		delay_ms(10);
0x0092	0x3041      	MOVLW      65
0x0093	0x00FC      	MOVWF      R12
0x0094	0x30EE      	MOVLW      238
0x0095	0x00FD      	MOVWF      R13
L_main21:
0x0096	0x0BFD      	DECFSZ     R13, 1
0x0097	0x2896      	GOTO       L_main21
0x0098	0x0BFC      	DECFSZ     R12, 1
0x0099	0x2896      	GOTO       L_main21
0x009A	0x0000      	NOP
;Rf robot.c,57 :: 		}
0x009B	0x28C9      	GOTO       L_main22
L_main20:
;Rf robot.c,59 :: 		else if(portb==0b00000111)                     // weapone Right
0x009C	0x0806      	MOVF       PORTB, 0
0x009D	0x3A07      	XORLW      7
0x009E	0x1D03      	BTFSS      STATUS, 2
0x009F	0x28AD      	GOTO       L_main23
;Rf robot.c,61 :: 		portd=0b01100110;
0x00A0	0x3066      	MOVLW      102
0x00A1	0x0088      	MOVWF      PORTD
;Rf robot.c,62 :: 		porte.f0=1;
0x00A2	0x1409      	BSF        PORTE, 0
;Rf robot.c,63 :: 		delay_ms(10);
0x00A3	0x3041      	MOVLW      65
0x00A4	0x00FC      	MOVWF      R12
0x00A5	0x30EE      	MOVLW      238
0x00A6	0x00FD      	MOVWF      R13
L_main24:
0x00A7	0x0BFD      	DECFSZ     R13, 1
0x00A8	0x28A7      	GOTO       L_main24
0x00A9	0x0BFC      	DECFSZ     R12, 1
0x00AA	0x28A7      	GOTO       L_main24
0x00AB	0x0000      	NOP
;Rf robot.c,64 :: 		}
0x00AC	0x28C9      	GOTO       L_main25
L_main23:
;Rf robot.c,65 :: 		else if(portb==0b00001000)                              //weapone Left
0x00AD	0x0806      	MOVF       PORTB, 0
0x00AE	0x3A08      	XORLW      8
0x00AF	0x1D03      	BTFSS      STATUS, 2
0x00B0	0x28BE      	GOTO       L_main26
;Rf robot.c,67 :: 		portd=0b10011001;
0x00B1	0x3099      	MOVLW      153
0x00B2	0x0088      	MOVWF      PORTD
;Rf robot.c,68 :: 		porte.f0=1;
0x00B3	0x1409      	BSF        PORTE, 0
;Rf robot.c,69 :: 		delay_ms(10);
0x00B4	0x3041      	MOVLW      65
0x00B5	0x00FC      	MOVWF      R12
0x00B6	0x30EE      	MOVLW      238
0x00B7	0x00FD      	MOVWF      R13
L_main27:
0x00B8	0x0BFD      	DECFSZ     R13, 1
0x00B9	0x28B8      	GOTO       L_main27
0x00BA	0x0BFC      	DECFSZ     R12, 1
0x00BB	0x28B8      	GOTO       L_main27
0x00BC	0x0000      	NOP
;Rf robot.c,70 :: 		}
0x00BD	0x28C9      	GOTO       L_main28
L_main26:
;Rf robot.c,74 :: 		portd=0b00000000;
0x00BE	0x0188      	CLRF       PORTD
;Rf robot.c,75 :: 		porte.f0=0;
0x00BF	0x1009      	BCF        PORTE, 0
;Rf robot.c,76 :: 		delay_ms(10);
0x00C0	0x3041      	MOVLW      65
0x00C1	0x00FC      	MOVWF      R12
0x00C2	0x30EE      	MOVLW      238
0x00C3	0x00FD      	MOVWF      R13
L_main29:
0x00C4	0x0BFD      	DECFSZ     R13, 1
0x00C5	0x28C4      	GOTO       L_main29
0x00C6	0x0BFC      	DECFSZ     R12, 1
0x00C7	0x28C4      	GOTO       L_main29
0x00C8	0x0000      	NOP
;Rf robot.c,77 :: 		}
L_main28:
L_main25:
L_main22:
L_main19:
L_main16:
L_main13:
L_main10:
L_main7:
L_main4:
;Rf robot.c,78 :: 		}
0x00C9	0x2829      	GOTO       L_main0
;Rf robot.c,79 :: 		}
L_end_main:
0x00CA	0x28CA      	GOTO       $+0
; end of _main
Symbol List:
//** Routines locations **
//ADDRESS    SIZE    PROCEDURE
//----------------------------------------------
0x0003       [7]    _____DoICP
0x000A      [12]    ___CC2DW
0x0016     [181]    _main
//** Variables locations ** 
//ADDRESS    SIZE    VARIABLE
//----------------------------------------------
0x0000       [1]    INDF
0x0002       [1]    PCL
0x0003       [1]    STATUS
0x0004       [1]    FSR
0x0006       [1]    PORTB
0x0008       [1]    PORTD
0x0009       [1]    PORTE
0x000A       [1]    PCLATH
0x0020       [2]    ___DoICPAddr
0x0070       [1]    R0
0x0071       [1]    R1
0x0072       [1]    R2
0x0073       [1]    R3
0x0074       [1]    R4
0x0075       [1]    R5
0x0076       [1]    R6
0x0077       [1]    R7
0x0078       [1]    R8
0x0079       [1]    R9
0x007A       [1]    R10
0x007B       [1]    R11
0x007C       [1]    R12
0x007D       [1]    R13
0x007E       [1]    R14
0x007F       [1]    R15
0x0081       [1]    OPTION_REG
0x0086       [1]    TRISB
0x0088       [1]    TRISD
0x0089       [1]    TRISE
0x0188       [1]    ANSEL
0x0189       [1]    ANSELH
//** Label List: ** 
//----------------------------------------------
  L_main0
  L_main1
  L_main2
  L_main3
  L_main4
  L_main5
  L_main6
  L_main7
  L_main8
  L_main9
  L_main10
  L_main11
  L_main12
  L_main13
  L_main14
  L_main15
  L_main16
  L_main17
  L_main18
  L_main19
  L_main20
  L_main21
  L_main22
  L_main23
  L_main24
  L_main25
  L_main26
  L_main27
  L_main28
  L_main29
  L_end_main
  _main
  L_loopCA2AWs
  L_CA2AWend
  _CCA2AW_Loop1
  L_loopCS2Ss
  L_CS2Send
  _CCS2S_Loop1
  L_CCS2Send
  L_loopFZinSWs
  L_FZinSend
  _CC2D_Loop1
  L_end_____DoICP
  _____DoICP
  L_end_____DoIFC
  _____DoIFC
  L_end___CA2AW
  ___CA2AW
  L_end___CCA2AW
  ___CCA2AW
  L_end___CS2S
  ___CS2S
  L_end___CCS2S
  ___CCS2S
  L_end___FZinS
  ___FZinS
  L_end___CC2DW
  ___CC2DW
  L_end_Swap
  _Swap
