;  LST file generated by mikroListExporter - v.2.0 
; Date/Time: 01-06-16 12.57.27
;----------------------------------------------

;Address Opcode 	ASM
0x0000	0x2842      	GOTO       66
_____DoICP:
;__Lib_System.c,6 :: 		
;__Lib_System.c,9 :: 		
0x0003	0x1283      	BCF        STATUS, 5
0x0004	0x1303      	BCF        STATUS, 6
0x0005	0x0822      	MOVF       ___DoICPAddr+1, 0
0x0006	0x008A      	MOVWF      PCLATH
;__Lib_System.c,10 :: 		
0x0007	0x0821      	MOVF       ___DoICPAddr, 0
0x0008	0x0082      	MOVWF      PCL
;__Lib_System.c,12 :: 		
L_end_____DoICP:
0x0009	0x0008      	RETURN
; end of _____DoICP
_UART1_Init:
;__Lib_UART_c67.c,2 :: 		
;__Lib_UART_c67.c,5 :: 		
0x000A	0x1683      	BSF        STATUS, 5
0x000B	0x1303      	BCF        STATUS, 6
0x000C	0x1698      	BSF        TXSTA, 5
;__Lib_UART_c67.c,6 :: 		
0x000D	0x3090      	MOVLW      144
0x000E	0x1283      	BCF        STATUS, 5
0x000F	0x0098      	MOVWF      RCSTA
;__Lib_UART_c67.c,7 :: 		
0x0010	0x1683      	BSF        STATUS, 5
0x0011	0x1787      	BSF        TRISC7_bit, BitPos(TRISC7_bit+0)
;__Lib_UART_c67.c,8 :: 		
0x0012	0x1307      	BCF        TRISC6_bit, BitPos(TRISC6_bit+0)
;__Lib_UART_c67.c,10 :: 		
L_UART1_Init0:
0x0013	0x1283      	BCF        STATUS, 5
0x0014	0x1E8C      	BTFSS      PIR1, 5
0x0015	0x2819      	GOTO       L_UART1_Init1
;__Lib_UART_c67.c,11 :: 		
0x0016	0x081A      	MOVF       RCREG, 0
0x0017	0x00F0      	MOVWF      R0
0x0018	0x2813      	GOTO       L_UART1_Init0
L_UART1_Init1:
;__Lib_UART_c67.c,12 :: 		
L_end_UART1_Init:
0x0019	0x0008      	RETURN
; end of _UART1_Init
_UART1_Data_Ready:
;__Lib_UART_c67.c,16 :: 		
;__Lib_UART_c67.c,17 :: 		
0x001A	0x3000      	MOVLW      0
0x001B	0x1283      	BCF        STATUS, 5
0x001C	0x1303      	BCF        STATUS, 6
0x001D	0x1A8C      	BTFSC      PIR1, 5
0x001E	0x3001      	MOVLW      1
0x001F	0x00F0      	MOVWF      R0
;__Lib_UART_c67.c,18 :: 		
L_end_UART1_Data_Ready:
0x0020	0x0008      	RETURN
; end of _UART1_Data_Ready
_UART1_Read:
;__Lib_UART_c67.c,21 :: 		
;__Lib_UART_c67.c,24 :: 		
0x0021	0x1283      	BCF        STATUS, 5
0x0022	0x1303      	BCF        STATUS, 6
0x0023	0x081A      	MOVF       RCREG, 0
0x0024	0x00F1      	MOVWF      R1
;__Lib_UART_c67.c,25 :: 		
0x0025	0x1C98      	BTFSS      RCSTA, 1
0x0026	0x2829      	GOTO       L_UART1_Read2
;__Lib_UART_c67.c,26 :: 		
0x0027	0x1218      	BCF        RCSTA, 4
;__Lib_UART_c67.c,27 :: 		
0x0028	0x1618      	BSF        RCSTA, 4
;__Lib_UART_c67.c,28 :: 		
L_UART1_Read2:
;__Lib_UART_c67.c,29 :: 		
0x0029	0x0871      	MOVF       R1, 0
0x002A	0x00F0      	MOVWF      R0
;__Lib_UART_c67.c,30 :: 		
L_end_UART1_Read:
0x002B	0x0008      	RETURN
; end of _UART1_Read
_UART1_Write:
;__Lib_UART_c67.c,39 :: 		
;__Lib_UART_c67.c,40 :: 		
L_UART1_Write3:
0x002C	0x1683      	BSF        STATUS, 5
0x002D	0x1303      	BCF        STATUS, 6
0x002E	0x1898      	BTFSC      TXSTA, 1
0x002F	0x2832      	GOTO       L_UART1_Write4
;__Lib_UART_c67.c,41 :: 		
0x0030	0x0000      	NOP
0x0031	0x282C      	GOTO       L_UART1_Write3
L_UART1_Write4:
;__Lib_UART_c67.c,42 :: 		
0x0032	0x1283      	BCF        STATUS, 5
0x0033	0x0823      	MOVF       FARG_UART1_Write_data_, 0
0x0034	0x0099      	MOVWF      TXREG
;__Lib_UART_c67.c,43 :: 		
L_end_UART1_Write:
0x0035	0x0008      	RETURN
; end of _UART1_Write
___CC2DW:
;__Lib_System.c,134 :: 		
;__Lib_System.c,137 :: 		
_CC2D_Loop1:
;__Lib_System.c,139 :: 		
0x0036	0x2003      	CALL       _____DoICP
0x0037	0x118A      	BCF        PCLATH, 3
0x0038	0x120A      	BCF        PCLATH, 4
;__Lib_System.c,141 :: 		
0x0039	0x0080      	MOVWF      INDF
;__Lib_System.c,142 :: 		
0x003A	0x0A84      	INCF       FSR, 1
;__Lib_System.c,143 :: 		
0x003B	0x0AA1      	INCF       ___DoICPAddr, 1
;__Lib_System.c,145 :: 		
0x003C	0x1903      	BTFSC      STATUS, 2
;__Lib_System.c,146 :: 		
0x003D	0x0AA2      	INCF       ___DoICPAddr+1, 1
;__Lib_System.c,147 :: 		
0x003E	0x03F0      	DECF       R0, 1
;__Lib_System.c,149 :: 		
0x003F	0x1D03      	BTFSS      STATUS, 2
;__Lib_System.c,150 :: 		
0x0040	0x2836      	GOTO       _CC2D_Loop1
;__Lib_System.c,152 :: 		
L_end___CC2DW:
0x0041	0x0008      	RETURN
; end of ___CC2DW
_main:
;Robot Full.c,2 :: 		void main()
;Robot Full.c,4 :: 		ansel=0;
0x0042	0x1683      	BSF        STATUS, 5
0x0043	0x1703      	BSF        STATUS, 6
0x0044	0x0188      	CLRF       ANSEL
;Robot Full.c,5 :: 		anselh=0;
0x0045	0x0189      	CLRF       ANSELH
;Robot Full.c,7 :: 		trisd=0;
0x0046	0x1303      	BCF        STATUS, 6
0x0047	0x0188      	CLRF       TRISD
;Robot Full.c,8 :: 		trisb=0;
0x0048	0x0186      	CLRF       TRISB
;Robot Full.c,9 :: 		portd=0;
0x0049	0x1283      	BCF        STATUS, 5
0x004A	0x0188      	CLRF       PORTD
;Robot Full.c,10 :: 		portb=0;
0x004B	0x0186      	CLRF       PORTB
;Robot Full.c,11 :: 		uart1_init(9600);
0x004C	0x3081      	MOVLW      129
0x004D	0x1683      	BSF        STATUS, 5
0x004E	0x0099      	MOVWF      SPBRG
0x004F	0x1518      	BSF        TXSTA, 2
0x0050	0x200A      	CALL       _UART1_Init
;Robot Full.c,12 :: 		delay_ms(10);
0x0051	0x3041      	MOVLW      65
0x0052	0x00FC      	MOVWF      R12
0x0053	0x30EE      	MOVLW      238
0x0054	0x00FD      	MOVWF      R13
L_main0:
0x0055	0x0BFD      	DECFSZ     R13, 1
0x0056	0x2855      	GOTO       L_main0
0x0057	0x0BFC      	DECFSZ     R12, 1
0x0058	0x2855      	GOTO       L_main0
0x0059	0x0000      	NOP
;Robot Full.c,14 :: 		while(1)
L_main1:
;Robot Full.c,16 :: 		if (UART1_Data_Ready())
0x005A	0x201A      	CALL       _UART1_Data_Ready
0x005B	0x0870      	MOVF       R0, 0
0x005C	0x1903      	BTFSC      STATUS, 2
0x005D	0x2864      	GOTO       L_main3
;Robot Full.c,18 :: 		rb = UART1_Read();     // read the received data,
0x005E	0x2021      	CALL       _UART1_Read
0x005F	0x0870      	MOVF       R0, 0
0x0060	0x00A0      	MOVWF      _rb
;Robot Full.c,19 :: 		UART1_Write(rb);
0x0061	0x0870      	MOVF       R0, 0
0x0062	0x00A3      	MOVWF      FARG_UART1_Write_data_
0x0063	0x202C      	CALL       _UART1_Write
;Robot Full.c,20 :: 		}
L_main3:
;Robot Full.c,21 :: 		if(rb=='F')             // Forward
0x0064	0x0820      	MOVF       _rb, 0
0x0065	0x3A46      	XORLW      70
0x0066	0x1D03      	BTFSS      STATUS, 2
0x0067	0x286C      	GOTO       L_main4
;Robot Full.c,23 :: 		portd=0b01010000;
0x0068	0x3050      	MOVLW      80
0x0069	0x0088      	MOVWF      PORTD
;Robot Full.c,24 :: 		portb.f7=1;
0x006A	0x1786      	BSF        PORTB, 7
;Robot Full.c,25 :: 		}
0x006B	0x2898      	GOTO       L_main5
L_main4:
;Robot Full.c,26 :: 		else if(rb=='B')            // Backward
0x006C	0x0820      	MOVF       _rb, 0
0x006D	0x3A42      	XORLW      66
0x006E	0x1D03      	BTFSS      STATUS, 2
0x006F	0x2874      	GOTO       L_main6
;Robot Full.c,28 :: 		portd=0b10100000;
0x0070	0x30A0      	MOVLW      160
0x0071	0x0088      	MOVWF      PORTD
;Robot Full.c,29 :: 		portb.f7=1;
0x0072	0x1786      	BSF        PORTB, 7
;Robot Full.c,30 :: 		}
0x0073	0x2898      	GOTO       L_main7
L_main6:
;Robot Full.c,31 :: 		else if(rb=='R')                       // Right
0x0074	0x0820      	MOVF       _rb, 0
0x0075	0x3A52      	XORLW      82
0x0076	0x1D03      	BTFSS      STATUS, 2
0x0077	0x287C      	GOTO       L_main8
;Robot Full.c,33 :: 		portd=0b10010000;
0x0078	0x3090      	MOVLW      144
0x0079	0x0088      	MOVWF      PORTD
;Robot Full.c,34 :: 		portb.f7=1;
0x007A	0x1786      	BSF        PORTB, 7
;Robot Full.c,35 :: 		}
0x007B	0x2898      	GOTO       L_main9
L_main8:
;Robot Full.c,36 :: 		else if(rb=='L')                               //Left
0x007C	0x0820      	MOVF       _rb, 0
0x007D	0x3A4C      	XORLW      76
0x007E	0x1D03      	BTFSS      STATUS, 2
0x007F	0x2884      	GOTO       L_main10
;Robot Full.c,38 :: 		portd=0b01100000;
0x0080	0x3060      	MOVLW      96
0x0081	0x0088      	MOVWF      PORTD
;Robot Full.c,39 :: 		portb.f7=1;
0x0082	0x1786      	BSF        PORTB, 7
;Robot Full.c,40 :: 		}
0x0083	0x2898      	GOTO       L_main11
L_main10:
;Robot Full.c,41 :: 		else if(rb=='S')                               //Stop
0x0084	0x0820      	MOVF       _rb, 0
0x0085	0x3A53      	XORLW      83
0x0086	0x1D03      	BTFSS      STATUS, 2
0x0087	0x288B      	GOTO       L_main12
;Robot Full.c,43 :: 		portd=0b00000000;
0x0088	0x0188      	CLRF       PORTD
;Robot Full.c,44 :: 		portb.f7=0;
0x0089	0x1386      	BCF        PORTB, 7
;Robot Full.c,45 :: 		}
0x008A	0x2898      	GOTO       L_main13
L_main12:
;Robot Full.c,46 :: 		else if(rb=='X'&& portb.f7==0)
0x008B	0x0820      	MOVF       _rb, 0
0x008C	0x3A58      	XORLW      88
0x008D	0x1D03      	BTFSS      STATUS, 2
0x008E	0x2893      	GOTO       L_main16
0x008F	0x1B86      	BTFSC      PORTB, 7
0x0090	0x2893      	GOTO       L_main16
L__main19:
;Robot Full.c,48 :: 		portb.f7=1;
0x0091	0x1786      	BSF        PORTB, 7
;Robot Full.c,49 :: 		}
0x0092	0x2898      	GOTO       L_main17
L_main16:
;Robot Full.c,50 :: 		else if(rb=='x')
0x0093	0x0820      	MOVF       _rb, 0
0x0094	0x3A78      	XORLW      120
0x0095	0x1D03      	BTFSS      STATUS, 2
0x0096	0x2898      	GOTO       L_main18
;Robot Full.c,52 :: 		portb.f7=0;
0x0097	0x1386      	BCF        PORTB, 7
;Robot Full.c,53 :: 		}
L_main18:
L_main17:
L_main13:
L_main11:
L_main9:
L_main7:
L_main5:
;Robot Full.c,55 :: 		}
0x0098	0x285A      	GOTO       L_main1
;Robot Full.c,56 :: 		}
L_end_main:
0x0099	0x2899      	GOTO       $+0
; end of _main
Symbol List:
//** Routines locations **
//ADDRESS    SIZE    PROCEDURE
//----------------------------------------------
0x0003       [7]    _____DoICP
0x000A      [16]    _UART1_Init
0x001A       [7]    _UART1_Data_Ready
0x0021      [11]    _UART1_Read
0x002C      [10]    _UART1_Write
0x0036      [12]    ___CC2DW
0x0042      [88]    _main
//** Variables locations ** 
//ADDRESS    SIZE    VARIABLE
//----------------------------------------------
0x0000       [1]    INDF
0x0002       [1]    PCL
0x0003       [1]    STATUS
0x0004       [1]    FSR
0x0006       [1]    PORTB
0x0008       [1]    PORTD
0x000A       [1]    PCLATH
0x000C       [1]    PIR1
0x0018       [1]    RCSTA
0x0019       [1]    TXREG
0x001A       [1]    RCREG
0x0020       [1]    _rb
0x0021       [2]    ___DoICPAddr
0x0023       [1]    FARG_UART1_Write_data_
0x0070       [1]    R0
0x0071       [1]    R1
0x0072       [1]    R2
0x0073       [1]    R3
0x0074       [1]    R4
0x0075       [1]    R5
0x0076       [1]    R6
0x0077       [1]    R7
0x0078       [1]    R8
0x0079       [1]    R9
0x007A       [1]    R10
0x007B       [1]    R11
0x007C       [1]    R12
0x007D       [1]    R13
0x007E       [1]    R14
0x007F       [1]    R15
0x0086       [1]    TRISB
0x0087       [0]    TRISC6_bit
0x0087       [0]    TRISC7_bit
0x0088       [1]    TRISD
0x0098       [1]    TXSTA
0x0099       [1]    SPBRG
0x009A       [1]    SPBRGH
0x0188       [1]    ANSEL
0x0189       [1]    ANSELH
//** Label List: ** 
//----------------------------------------------
  L_main0
  L_main1
  L_main2
  L_main3
  L_main4
  L_main5
  L_main6
  L_main7
  L_main8
  L_main9
  L_main10
  L_main11
  L_main12
  L_main13
  L_main14
  L_main15
  L_main16
  L_main17
  L_main18
  L__main19
  L_end_main
  _main
  L_loopCA2AWs
  L_CA2AWend
  _CCA2AW_Loop1
  L_loopCS2Ss
  L_CS2Send
  _CCS2S_Loop1
  L_CCS2Send
  L_loopFZinSWs
  L_FZinSend
  _CC2D_Loop1
  L_end_____DoICP
  _____DoICP
  L_end_____DoIFC
  _____DoIFC
  L_end___CA2AW
  ___CA2AW
  L_end___CCA2AW
  ___CCA2AW
  L_end___CS2S
  ___CS2S
  L_end___CCS2S
  ___CCS2S
  L_end___FZinS
  ___FZinS
  L_end___CC2DW
  ___CC2DW
  L_end_Swap
  _Swap
  L_UART1_Init0
  L_UART1_Init1
  L_UART1_Read2
  L_UART1_Write3
  L_UART1_Write4
  L_UART1_Write_Text5
  L_UART1_Write_Text6
  L_UART1_Read_Text7
  L_UART1_Read_Text8
  L_UART1_Read_Text9
  L_UART1_Read_Text10
  L_UART1_Read_Text11
  L_UART1_Read_Text12
  L_UART1_Read_Text13
  L_UART1_Read_Text14
  L_UART1_Read_Text15
  L_end_UART1_Init
  _UART1_Init
  L_end_UART1_Data_Ready
  _UART1_Data_Ready
  L_end_UART1_Read
  _UART1_Read
  L_end_UART1_Tx_Idle
  _UART1_Tx_Idle
  L_end_UART1_Write
  _UART1_Write
  L_end_UART1_Write_Text
  _UART1_Write_Text
  L_end_UART1_Read_Text
  _UART1_Read_Text
