;  LST file generated by mikroListExporter - v.2.0 
; Date/Time: 17/08/2018 10:25:28
;----------------------------------------------

;Address Opcode 	ASM
0x0000	0x2966      	GOTO       358
_Delay_500us:
;__Lib_Delays.c,27 :: 		void Delay_500us() {
;__Lib_Delays.c,28 :: 		Delay_us(498);
0x0003	0x3004      	MOVLW      4
0x0004	0x1283      	BCF        STATUS, 5
0x0005	0x1303      	BCF        STATUS, 6
0x0006	0x00FC      	MOVWF      R12
0x0007	0x303A      	MOVLW      58
0x0008	0x00FD      	MOVWF      R13
L_Delay_500us4:
0x0009	0x0BFD      	DECFSZ     R13, 1
0x000A	0x2809      	GOTO       L_Delay_500us4
0x000B	0x0BFC      	DECFSZ     R12, 1
0x000C	0x2809      	GOTO       L_Delay_500us4
0x000D	0x0000      	NOP
;__Lib_Delays.c,29 :: 		}
L_end_Delay_500us:
0x000E	0x0008      	RETURN
; end of _Delay_500us
_Button:
;__Lib_Button.c,6 :: 		
;__Lib_Button.c,8 :: 		
0x000F	0x1283      	BCF        STATUS, 5
0x0010	0x1303      	BCF        STATUS, 6
0x0011	0x01B8      	CLRF       Button_rslt_L0
;__Lib_Button.c,11 :: 		
0x0012	0x0834      	MOVF       FARG_Button_pin, 0
0x0013	0x00F1      	MOVWF      R1
0x0014	0x3001      	MOVLW      1
0x0015	0x00F0      	MOVWF      R0
0x0016	0x0871      	MOVF       R1, 0
L__Button5:
0x0017	0x1903      	BTFSC      STATUS, 2
0x0018	0x281D      	GOTO       L__Button6
0x0019	0x0DF0      	RLF        R0, 1
0x001A	0x1070      	BCF        R0, 0
0x001B	0x3EFF      	ADDLW      255
0x001C	0x2817      	GOTO       L__Button5
L__Button6:
0x001D	0x0870      	MOVF       R0, 0
0x001E	0x00B7      	MOVWF      Button_pMask_L0
;__Lib_Button.c,13 :: 		
0x001F	0x0833      	MOVF       FARG_Button_port, 0
0x0020	0x0084      	MOVWF      FSR
0x0021	0x0870      	MOVF       R0, 0
0x0022	0x0500      	ANDWF      INDF, 0
0x0023	0x00F1      	MOVWF      R1
0x0024	0x0871      	MOVF       R1, 0
0x0025	0x3001      	MOVLW      1
0x0026	0x1D03      	BTFSS      STATUS, 2
0x0027	0x3000      	MOVLW      0
0x0028	0x00F0      	MOVWF      R0
0x0029	0x0836      	MOVF       FARG_Button_active_state, 0
0x002A	0x06F0      	XORWF      R0, 1
0x002B	0x1903      	BTFSC      STATUS, 2
0x002C	0x2845      	GOTO       L_Button0
;__Lib_Button.c,15 :: 		
L_Button1:
0x002D	0x0835      	MOVF       FARG_Button_time_ms, 0
0x002E	0x3C00      	SUBLW      0
0x002F	0x1803      	BTFSC      STATUS, 0
0x0030	0x2835      	GOTO       L_Button2
;__Lib_Button.c,16 :: 		
0x0031	0x2003      	CALL       _Delay_500us
;__Lib_Button.c,17 :: 		
0x0032	0x2003      	CALL       _Delay_500us
;__Lib_Button.c,18 :: 		
0x0033	0x03B5      	DECF       FARG_Button_time_ms, 1
;__Lib_Button.c,19 :: 		
0x0034	0x282D      	GOTO       L_Button1
L_Button2:
;__Lib_Button.c,21 :: 		
0x0035	0x0833      	MOVF       FARG_Button_port, 0
0x0036	0x0084      	MOVWF      FSR
0x0037	0x0837      	MOVF       Button_pMask_L0, 0
0x0038	0x0500      	ANDWF      INDF, 0
0x0039	0x00F1      	MOVWF      R1
0x003A	0x0871      	MOVF       R1, 0
0x003B	0x3001      	MOVLW      1
0x003C	0x1D03      	BTFSS      STATUS, 2
0x003D	0x3000      	MOVLW      0
0x003E	0x00F0      	MOVWF      R0
0x003F	0x0836      	MOVF       FARG_Button_active_state, 0
0x0040	0x06F0      	XORWF      R0, 1
0x0041	0x1903      	BTFSC      STATUS, 2
0x0042	0x2845      	GOTO       L_Button3
;__Lib_Button.c,22 :: 		
0x0043	0x30FF      	MOVLW      255
0x0044	0x00B8      	MOVWF      Button_rslt_L0
L_Button3:
;__Lib_Button.c,23 :: 		
L_Button0:
;__Lib_Button.c,25 :: 		
0x0045	0x0838      	MOVF       Button_rslt_L0, 0
0x0046	0x00F0      	MOVWF      R0
;__Lib_Button.c,26 :: 		
L_end_Button:
0x0047	0x0008      	RETURN
; end of _Button
_____DoICP:
;__Lib_System.c,6 :: 		
;__Lib_System.c,9 :: 		
0x0048	0x1283      	BCF        STATUS, 5
0x0049	0x1303      	BCF        STATUS, 6
0x004A	0x082B      	MOVF       ___DoICPAddr+1, 0
0x004B	0x008A      	MOVWF      PCLATH
;__Lib_System.c,10 :: 		
0x004C	0x082A      	MOVF       ___DoICPAddr, 0
0x004D	0x0082      	MOVWF      PCL
;__Lib_System.c,12 :: 		
L_end_____DoICP:
0x004E	0x0008      	RETURN
; end of _____DoICP
_Div_16x16_S_L:
;__Lib_Math.c,420 :: 		
;__Lib_Math.c,426 :: 		
0x004F	0x0D71      	RLF        R1, 0
;__Lib_Math.c,427 :: 		
0x0050	0x0DF8      	RLF        R8, 1
;__Lib_Math.c,428 :: 		
0x0051	0x0DF9      	RLF        R9, 1
;__Lib_Math.c,429 :: 		
0x0052	0x0874      	MOVF       R4, 0
;__Lib_Math.c,430 :: 		
0x0053	0x02F8      	SUBWF      R8, 1
;__Lib_Math.c,431 :: 		
0x0054	0x0875      	MOVF       R5, 0
;__Lib_Math.c,432 :: 		
0x0055	0x1C03      	BTFSS      STATUS, 0
;__Lib_Math.c,433 :: 		
0x0056	0x0F75      	INCFSZ     R5, 0
;__Lib_Math.c,434 :: 		
0x0057	0x02F9      	SUBWF      R9, 1
;__Lib_Math.c,435 :: 		
0x0058	0x0DF0      	RLF        R0, 1
;__Lib_Math.c,436 :: 		
0x0059	0x0DF1      	RLF        R1, 1
;__Lib_Math.c,438 :: 		
0x005A	0x300F      	MOVLW      15
;__Lib_Math.c,439 :: 		
0x005B	0x00FC      	MOVWF      R12
;__Lib_Math.c,441 :: 		
0x005C	0x0D71      	RLF        R1, 0
;__Lib_Math.c,442 :: 		
0x005D	0x0DF8      	RLF        R8, 1
;__Lib_Math.c,443 :: 		
0x005E	0x0DF9      	RLF        R9, 1
;__Lib_Math.c,444 :: 		
0x005F	0x0874      	MOVF       R4, 0
;__Lib_Math.c,446 :: 		
0x0060	0x1C70      	BTFSS      R0, 0
;__Lib_Math.c,447 :: 		
0x0061	0x2868      	GOTO       $+7
;__Lib_Math.c,448 :: 		
0x0062	0x02F8      	SUBWF      R8, 1
;__Lib_Math.c,449 :: 		
0x0063	0x0875      	MOVF       R5, 0
;__Lib_Math.c,450 :: 		
0x0064	0x1C03      	BTFSS      STATUS, 0
;__Lib_Math.c,451 :: 		
0x0065	0x0F75      	INCFSZ     R5, 0
;__Lib_Math.c,452 :: 		
0x0066	0x02F9      	SUBWF      R9, 1
;__Lib_Math.c,453 :: 		
0x0067	0x286D      	GOTO       $+6
;__Lib_Math.c,455 :: 		
0x0068	0x07F8      	ADDWF      R8, 1
;__Lib_Math.c,456 :: 		
0x0069	0x0875      	MOVF       R5, 0
;__Lib_Math.c,457 :: 		
0x006A	0x1803      	BTFSC      STATUS, 0
;__Lib_Math.c,458 :: 		
0x006B	0x0F75      	INCFSZ     R5, 0
;__Lib_Math.c,459 :: 		
0x006C	0x07F9      	ADDWF      R9, 1
;__Lib_Math.c,461 :: 		
0x006D	0x0DF0      	RLF        R0, 1
;__Lib_Math.c,462 :: 		
0x006E	0x0DF1      	RLF        R1, 1
;__Lib_Math.c,464 :: 		
0x006F	0x0BFC      	DECFSZ     R12, 1
;__Lib_Math.c,465 :: 		
0x0070	0x285C      	GOTO       $-20
;__Lib_Math.c,467 :: 		
0x0071	0x1870      	BTFSC      R0, 0
;__Lib_Math.c,468 :: 		
0x0072	0x2879      	GOTO       $+7
;__Lib_Math.c,469 :: 		
0x0073	0x0874      	MOVF       R4, 0
;__Lib_Math.c,470 :: 		
0x0074	0x07F8      	ADDWF      R8, 1
;__Lib_Math.c,471 :: 		
0x0075	0x0875      	MOVF       R5, 0
;__Lib_Math.c,472 :: 		
0x0076	0x1803      	BTFSC      STATUS, 0
;__Lib_Math.c,473 :: 		
0x0077	0x0F75      	INCFSZ     R5, 0
;__Lib_Math.c,474 :: 		
0x0078	0x07F9      	ADDWF      R9, 1
;__Lib_Math.c,475 :: 		
0x0079	0x0000      	NOP
;__Lib_Math.c,477 :: 		
L_end_Div_16x16_S_L:
0x007A	0x0008      	RETURN
; end of _Div_16x16_S_L
_Div_16x16_S:
;__Lib_Math.c,479 :: 		
;__Lib_Math.c,487 :: 		
0x007B	0x1283      	BCF        STATUS, 5
0x007C	0x1303      	BCF        STATUS, 6
0x007D	0x0874      	MOVF       R4, 0
0x007E	0x3A00      	XORLW      0
0x007F	0x1D03      	BTFSS      STATUS, 2
0x0080	0x288A      	GOTO       L_Div_16x16_S0
;__Lib_Math.c,488 :: 		
0x0081	0x0875      	MOVF       R5, 0
0x0082	0x3A00      	XORLW      0
0x0083	0x1D03      	BTFSS      STATUS, 2
0x0084	0x288A      	GOTO       L_Div_16x16_S1
;__Lib_Math.c,489 :: 		
0x0085	0x30FF      	MOVLW      255
0x0086	0x00F0      	MOVWF      R0
;__Lib_Math.c,490 :: 		
0x0087	0x307F      	MOVLW      127
0x0088	0x00F1      	MOVWF      R1
;__Lib_Math.c,491 :: 		
0x0089	0x28E3      	GOTO       L_end_Div_16x16_S
;__Lib_Math.c,492 :: 		
L_Div_16x16_S1:
L_Div_16x16_S0:
;__Lib_Math.c,495 :: 		
0x008A	0x1283      	BCF        STATUS, 5
;__Lib_Math.c,496 :: 		
0x008B	0x1303      	BCF        STATUS, 6
;__Lib_Math.c,497 :: 		
0x008C	0x01FD      	CLRF       R13
;__Lib_Math.c,498 :: 		
0x008D	0x01F9      	CLRF       R9
;__Lib_Math.c,499 :: 		
0x008E	0x01F8      	CLRF       R8
;__Lib_Math.c,500 :: 		
0x008F	0x0871      	MOVF       R1, 0
;__Lib_Math.c,501 :: 		
0x0090	0x0470      	IORWF      R0, 0
;__Lib_Math.c,502 :: 		
0x0091	0x1903      	BTFSC      STATUS, 2
;__Lib_Math.c,503 :: 		
0x0092	0x3400      	RETLW      0
;__Lib_Math.c,505 :: 		
0x0093	0x0871      	MOVF       R1, 0
;__Lib_Math.c,506 :: 		
0x0094	0x0675      	XORWF      R5, 0
;__Lib_Math.c,507 :: 		
0x0095	0x00FA      	MOVWF      R10
;__Lib_Math.c,508 :: 		
0x0096	0x1BFA      	BTFSC      R10, 7
;__Lib_Math.c,509 :: 		
0x0097	0x09FD      	COMF       R13, 1
;__Lib_Math.c,511 :: 		
0x0098	0x01FB      	CLRF       R11
;__Lib_Math.c,513 :: 		
0x0099	0x1FF5      	BTFSS      R5, 7
;__Lib_Math.c,514 :: 		
0x009A	0x28A0      	GOTO       $+6
;__Lib_Math.c,516 :: 		
0x009B	0x09F4      	COMF       R4, 1
;__Lib_Math.c,517 :: 		
0x009C	0x09F5      	COMF       R5, 1
;__Lib_Math.c,518 :: 		
0x009D	0x0AF4      	INCF       R4, 1
;__Lib_Math.c,519 :: 		
0x009E	0x1903      	BTFSC      STATUS, 2
;__Lib_Math.c,520 :: 		
0x009F	0x0AF5      	INCF       R5, 1
;__Lib_Math.c,522 :: 		
0x00A0	0x1FF1      	BTFSS      R1, 7
;__Lib_Math.c,523 :: 		
0x00A1	0x28A7      	GOTO       $+6
;__Lib_Math.c,525 :: 		
0x00A2	0x09F0      	COMF       R0, 1
;__Lib_Math.c,526 :: 		
0x00A3	0x09F1      	COMF       R1, 1
;__Lib_Math.c,527 :: 		
0x00A4	0x0AF0      	INCF       R0, 1
;__Lib_Math.c,528 :: 		
0x00A5	0x1903      	BTFSC      STATUS, 2
;__Lib_Math.c,529 :: 		
0x00A6	0x0AF1      	INCF       R1, 1
;__Lib_Math.c,531 :: 		
0x00A7	0x0871      	MOVF       R1, 0
;__Lib_Math.c,532 :: 		
0x00A8	0x0475      	IORWF      R5, 0
;__Lib_Math.c,533 :: 		
0x00A9	0x00FA      	MOVWF      R10
;__Lib_Math.c,534 :: 		
0x00AA	0x1BFA      	BTFSC      R10, 7
;__Lib_Math.c,535 :: 		
0x00AB	0x28BC      	GOTO       $+17
;__Lib_Math.c,537 :: 		
0x00AC	0x204F      	CALL       _Div_16x16_S_L
;__Lib_Math.c,539 :: 		
0x00AD	0x187B      	BTFSC      R11, 0
;__Lib_Math.c,540 :: 		
0x00AE	0x28CF      	GOTO       $+33
;__Lib_Math.c,542 :: 		
0x00AF	0x1FFD      	BTFSS      R13, 7
;__Lib_Math.c,543 :: 		
0x00B0	0x3400      	RETLW      0
;__Lib_Math.c,545 :: 		
0x00B1	0x09F0      	COMF       R0, 1
;__Lib_Math.c,546 :: 		
0x00B2	0x09F1      	COMF       R1, 1
;__Lib_Math.c,547 :: 		
0x00B3	0x0AF0      	INCF       R0, 1
;__Lib_Math.c,548 :: 		
0x00B4	0x1903      	BTFSC      STATUS, 2
;__Lib_Math.c,549 :: 		
0x00B5	0x0AF1      	INCF       R1, 1
;__Lib_Math.c,551 :: 		
0x00B6	0x09F8      	COMF       R8, 1
;__Lib_Math.c,552 :: 		
0x00B7	0x09F9      	COMF       R9, 1
;__Lib_Math.c,553 :: 		
0x00B8	0x0AF8      	INCF       R8, 1
;__Lib_Math.c,554 :: 		
0x00B9	0x1903      	BTFSC      STATUS, 2
;__Lib_Math.c,555 :: 		
0x00BA	0x0AF9      	INCF       R9, 1
;__Lib_Math.c,557 :: 		
0x00BB	0x3400      	RETLW      0
;__Lib_Math.c,559 :: 		
0x00BC	0x1FF5      	BTFSS      R5, 7
;__Lib_Math.c,560 :: 		
0x00BD	0x28CB      	GOTO       $+14
;__Lib_Math.c,561 :: 		
0x00BE	0x1BF1      	BTFSC      R1, 7
;__Lib_Math.c,562 :: 		
0x00BF	0x28C7      	GOTO       $+8
;__Lib_Math.c,563 :: 		
0x00C0	0x0871      	MOVF       R1, 0
;__Lib_Math.c,564 :: 		
0x00C1	0x00F9      	MOVWF      R9
;__Lib_Math.c,565 :: 		
0x00C2	0x0870      	MOVF       R0, 0
;__Lib_Math.c,566 :: 		
0x00C3	0x00F8      	MOVWF      R8
;__Lib_Math.c,567 :: 		
0x00C4	0x01F1      	CLRF       R1
;__Lib_Math.c,568 :: 		
0x00C5	0x01F0      	CLRF       R0
;__Lib_Math.c,569 :: 		
0x00C6	0x28AF      	GOTO       $-23
;__Lib_Math.c,570 :: 		
0x00C7	0x01F1      	CLRF       R1
;__Lib_Math.c,571 :: 		
0x00C8	0x01F0      	CLRF       R0
;__Lib_Math.c,572 :: 		
0x00C9	0x0AF0      	INCF       R0, 1
;__Lib_Math.c,573 :: 		
0x00CA	0x3400      	RETLW      0
;__Lib_Math.c,575 :: 		
0x00CB	0x09F1      	COMF       R1, 1
;__Lib_Math.c,576 :: 		
0x00CC	0x09F0      	COMF       R0, 1
;__Lib_Math.c,577 :: 		
0x00CD	0x0AFB      	INCF       R11, 1
;__Lib_Math.c,578 :: 		
0x00CE	0x28AC      	GOTO       $-34
;__Lib_Math.c,580 :: 		
0x00CF	0x0AF8      	INCF       R8, 1
;__Lib_Math.c,581 :: 		
0x00D0	0x1903      	BTFSC      STATUS, 2
;__Lib_Math.c,582 :: 		
0x00D1	0x0AF9      	INCF       R9, 1
;__Lib_Math.c,583 :: 		
0x00D2	0x0874      	MOVF       R4, 0
;__Lib_Math.c,584 :: 		
0x00D3	0x0278      	SUBWF      R8, 0
;__Lib_Math.c,585 :: 		
0x00D4	0x1D03      	BTFSS      STATUS, 2
;__Lib_Math.c,586 :: 		
0x00D5	0x28AF      	GOTO       $-38
;__Lib_Math.c,587 :: 		
0x00D6	0x0875      	MOVF       R5, 0
;__Lib_Math.c,588 :: 		
0x00D7	0x0279      	SUBWF      R9, 0
;__Lib_Math.c,589 :: 		
0x00D8	0x1D03      	BTFSS      STATUS, 2
;__Lib_Math.c,590 :: 		
0x00D9	0x28AF      	GOTO       $-42
;__Lib_Math.c,591 :: 		
0x00DA	0x01F9      	CLRF       R9
;__Lib_Math.c,592 :: 		
0x00DB	0x01F8      	CLRF       R8
;__Lib_Math.c,593 :: 		
0x00DC	0x0AF0      	INCF       R0, 1
;__Lib_Math.c,594 :: 		
0x00DD	0x1903      	BTFSC      STATUS, 2
;__Lib_Math.c,595 :: 		
0x00DE	0x0AF1      	INCF       R1, 1
;__Lib_Math.c,596 :: 		
0x00DF	0x1FF1      	BTFSS      R1, 7
;__Lib_Math.c,597 :: 		
0x00E0	0x28AF      	GOTO       $-49
;__Lib_Math.c,598 :: 		
0x00E1	0x0000      	NOP
;__Lib_Math.c,599 :: 		
0x00E2	0x34FF      	RETLW      255
;__Lib_Math.c,601 :: 		
L_end_Div_16x16_S:
0x00E3	0x0008      	RETURN
; end of _Div_16x16_S
_progress:
;4 digit bsrm.c,73 :: 		void progress(){
;4 digit bsrm.c,74 :: 		if (Button(&PORTB, 0, 10, 1)) {
0x00E4	0x3006      	MOVLW      PORTB
0x00E5	0x1283      	BCF        STATUS, 5
0x00E6	0x1303      	BCF        STATUS, 6
0x00E7	0x00B3      	MOVWF      FARG_Button_port
0x00E8	0x01B4      	CLRF       FARG_Button_pin
0x00E9	0x300A      	MOVLW      10
0x00EA	0x00B5      	MOVWF      FARG_Button_time_ms
0x00EB	0x3001      	MOVLW      1
0x00EC	0x00B6      	MOVWF      FARG_Button_active_state
0x00ED	0x200F      	CALL       _Button
0x00EE	0x0870      	MOVF       R0, 0
0x00EF	0x1903      	BTFSC      STATUS, 2
0x00F0	0x28F2      	GOTO       L_progress6
;4 digit bsrm.c,76 :: 		oldstate1 = 1;
0x00F1	0x142C      	BSF        _oldstate1, BitPos(_oldstate1+0)
;4 digit bsrm.c,77 :: 		}
L_progress6:
;4 digit bsrm.c,78 :: 		if (oldstate1 && Button(&PORTB, 0, 10, 0)) {
0x00F2	0x1C2C      	BTFSS      _oldstate1, BitPos(_oldstate1+0)
0x00F3	0x2902      	GOTO       L_progress9
0x00F4	0x3006      	MOVLW      PORTB
0x00F5	0x00B3      	MOVWF      FARG_Button_port
0x00F6	0x01B4      	CLRF       FARG_Button_pin
0x00F7	0x300A      	MOVLW      10
0x00F8	0x00B5      	MOVWF      FARG_Button_time_ms
0x00F9	0x01B6      	CLRF       FARG_Button_active_state
0x00FA	0x200F      	CALL       _Button
0x00FB	0x0870      	MOVF       R0, 0
0x00FC	0x1903      	BTFSC      STATUS, 2
0x00FD	0x2902      	GOTO       L_progress9
L__progress22:
;4 digit bsrm.c,79 :: 		cnt++;
0x00FE	0x0AB1      	INCF       _cnt, 1
0x00FF	0x1903      	BTFSC      STATUS, 2
0x0100	0x0AB2      	INCF       _cnt+1, 1
;4 digit bsrm.c,80 :: 		oldstate1 = 0;
0x0101	0x102C      	BCF        _oldstate1, BitPos(_oldstate1+0)
;4 digit bsrm.c,81 :: 		}
L_progress9:
;4 digit bsrm.c,83 :: 		if (Button(&PORTB, 1, 10, 1)) {
0x0102	0x3006      	MOVLW      PORTB
0x0103	0x00B3      	MOVWF      FARG_Button_port
0x0104	0x3001      	MOVLW      1
0x0105	0x00B4      	MOVWF      FARG_Button_pin
0x0106	0x300A      	MOVLW      10
0x0107	0x00B5      	MOVWF      FARG_Button_time_ms
0x0108	0x3001      	MOVLW      1
0x0109	0x00B6      	MOVWF      FARG_Button_active_state
0x010A	0x200F      	CALL       _Button
0x010B	0x0870      	MOVF       R0, 0
0x010C	0x1903      	BTFSC      STATUS, 2
0x010D	0x290F      	GOTO       L_progress10
;4 digit bsrm.c,85 :: 		oldstate2 = 1;
0x010E	0x14AC      	BSF        _oldstate2, BitPos(_oldstate2+0)
;4 digit bsrm.c,86 :: 		}
L_progress10:
;4 digit bsrm.c,87 :: 		if (oldstate2 && Button(&PORTB, 1, 10, 0)) {
0x010F	0x1CAC      	BTFSS      _oldstate2, BitPos(_oldstate2+0)
0x0110	0x292E      	GOTO       L_progress13
0x0111	0x3006      	MOVLW      PORTB
0x0112	0x00B3      	MOVWF      FARG_Button_port
0x0113	0x3001      	MOVLW      1
0x0114	0x00B4      	MOVWF      FARG_Button_pin
0x0115	0x300A      	MOVLW      10
0x0116	0x00B5      	MOVWF      FARG_Button_time_ms
0x0117	0x01B6      	CLRF       FARG_Button_active_state
0x0118	0x200F      	CALL       _Button
0x0119	0x0870      	MOVF       R0, 0
0x011A	0x1903      	BTFSC      STATUS, 2
0x011B	0x292E      	GOTO       L_progress13
L__progress21:
;4 digit bsrm.c,88 :: 		cnt--;
0x011C	0x3001      	MOVLW      1
0x011D	0x02B1      	SUBWF      _cnt, 1
0x011E	0x1C03      	BTFSS      STATUS, 0
0x011F	0x03B2      	DECF       _cnt+1, 1
;4 digit bsrm.c,89 :: 		oldstate2 = 0;
0x0120	0x10AC      	BCF        _oldstate2, BitPos(_oldstate2+0)
;4 digit bsrm.c,90 :: 		if (cnt<=0){cnt=0; }
0x0121	0x3080      	MOVLW      128
0x0122	0x00F0      	MOVWF      R0
0x0123	0x3080      	MOVLW      128
0x0124	0x0632      	XORWF      _cnt+1, 0
0x0125	0x0270      	SUBWF      R0, 0
0x0126	0x1D03      	BTFSS      STATUS, 2
0x0127	0x292A      	GOTO       L__progress25
0x0128	0x0831      	MOVF       _cnt, 0
0x0129	0x3C00      	SUBLW      0
L__progress25:
0x012A	0x1C03      	BTFSS      STATUS, 0
0x012B	0x292E      	GOTO       L_progress14
0x012C	0x01B1      	CLRF       _cnt
0x012D	0x01B2      	CLRF       _cnt+1
L_progress14:
;4 digit bsrm.c,91 :: 		}
L_progress13:
;4 digit bsrm.c,93 :: 		if (Button(&PORTB, 2, 10, 1))
0x012E	0x3006      	MOVLW      PORTB
0x012F	0x00B3      	MOVWF      FARG_Button_port
0x0130	0x3002      	MOVLW      2
0x0131	0x00B4      	MOVWF      FARG_Button_pin
0x0132	0x300A      	MOVLW      10
0x0133	0x00B5      	MOVWF      FARG_Button_time_ms
0x0134	0x3001      	MOVLW      1
0x0135	0x00B6      	MOVWF      FARG_Button_active_state
0x0136	0x200F      	CALL       _Button
0x0137	0x0870      	MOVF       R0, 0
0x0138	0x1903      	BTFSC      STATUS, 2
0x0139	0x293B      	GOTO       L_progress15
;4 digit bsrm.c,95 :: 		oldstate3 = 1;
0x013A	0x152C      	BSF        _oldstate3, BitPos(_oldstate3+0)
;4 digit bsrm.c,96 :: 		}
L_progress15:
;4 digit bsrm.c,97 :: 		if (oldstate3 && Button(&PORTB, 2, 10, 0))
0x013B	0x1D2C      	BTFSS      _oldstate3, BitPos(_oldstate3+0)
0x013C	0x294B      	GOTO       L_progress18
0x013D	0x3006      	MOVLW      PORTB
0x013E	0x00B3      	MOVWF      FARG_Button_port
0x013F	0x3002      	MOVLW      2
0x0140	0x00B4      	MOVWF      FARG_Button_pin
0x0141	0x300A      	MOVLW      10
0x0142	0x00B5      	MOVWF      FARG_Button_time_ms
0x0143	0x01B6      	CLRF       FARG_Button_active_state
0x0144	0x200F      	CALL       _Button
0x0145	0x0870      	MOVF       R0, 0
0x0146	0x1903      	BTFSC      STATUS, 2
0x0147	0x294B      	GOTO       L_progress18
L__progress20:
;4 digit bsrm.c,100 :: 		cnt=0;
0x0148	0x01B1      	CLRF       _cnt
0x0149	0x01B2      	CLRF       _cnt+1
;4 digit bsrm.c,101 :: 		oldstate3 = 0;
0x014A	0x112C      	BCF        _oldstate3, BitPos(_oldstate3+0)
;4 digit bsrm.c,102 :: 		}
L_progress18:
;4 digit bsrm.c,103 :: 		if (cnt>=10000){ cnt=0x00;  }
0x014B	0x3080      	MOVLW      128
0x014C	0x0632      	XORWF      _cnt+1, 0
0x014D	0x00F0      	MOVWF      R0
0x014E	0x3080      	MOVLW      128
0x014F	0x3A27      	XORLW      39
0x0150	0x0270      	SUBWF      R0, 0
0x0151	0x1D03      	BTFSS      STATUS, 2
0x0152	0x2955      	GOTO       L__progress26
0x0153	0x3010      	MOVLW      16
0x0154	0x0231      	SUBWF      _cnt, 0
L__progress26:
0x0155	0x1C03      	BTFSS      STATUS, 0
0x0156	0x2959      	GOTO       L_progress19
0x0157	0x01B1      	CLRF       _cnt
0x0158	0x01B2      	CLRF       _cnt+1
L_progress19:
;4 digit bsrm.c,105 :: 		}
L_end_progress:
0x0159	0x0008      	RETURN
; end of _progress
___CC2DW:
;__Lib_System.c,134 :: 		
;__Lib_System.c,137 :: 		
_CC2D_Loop1:
;__Lib_System.c,139 :: 		
0x015A	0x2048      	CALL       _____DoICP
0x015B	0x118A      	BCF        PCLATH, 3
0x015C	0x120A      	BCF        PCLATH, 4
;__Lib_System.c,141 :: 		
0x015D	0x0080      	MOVWF      INDF
;__Lib_System.c,142 :: 		
0x015E	0x0A84      	INCF       FSR, 1
;__Lib_System.c,143 :: 		
0x015F	0x0AAA      	INCF       ___DoICPAddr, 1
;__Lib_System.c,145 :: 		
0x0160	0x1903      	BTFSC      STATUS, 2
;__Lib_System.c,146 :: 		
0x0161	0x0AAB      	INCF       ___DoICPAddr+1, 1
;__Lib_System.c,147 :: 		
0x0162	0x03F0      	DECF       R0, 1
;__Lib_System.c,149 :: 		
0x0163	0x1D03      	BTFSS      STATUS, 2
;__Lib_System.c,150 :: 		
0x0164	0x295A      	GOTO       _CC2D_Loop1
;__Lib_System.c,152 :: 		
L_end___CC2DW:
0x0165	0x0008      	RETURN
; end of ___CC2DW
_main:
0x0166	0x303F      	MOVLW      63
0x0167	0x1283      	BCF        STATUS, 5
0x0168	0x1303      	BCF        STATUS, 6
0x0169	0x00A0      	MOVWF      _seg_code
0x016A	0x3006      	MOVLW      6
0x016B	0x00A1      	MOVWF      33
0x016C	0x305B      	MOVLW      91
0x016D	0x00A2      	MOVWF      34
0x016E	0x304F      	MOVLW      79
0x016F	0x00A3      	MOVWF      35
0x0170	0x3066      	MOVLW      102
0x0171	0x00A4      	MOVWF      36
0x0172	0x306D      	MOVLW      109
0x0173	0x00A5      	MOVWF      37
0x0174	0x307D      	MOVLW      125
0x0175	0x00A6      	MOVWF      38
0x0176	0x3007      	MOVLW      7
0x0177	0x00A7      	MOVWF      39
0x0178	0x307F      	MOVLW      127
0x0179	0x00A8      	MOVWF      40
0x017A	0x306F      	MOVLW      111
0x017B	0x00A9      	MOVWF      41
;4 digit bsrm.c,15 :: 		int main() {
;4 digit bsrm.c,16 :: 		cnt = 0;
0x017C	0x01B1      	CLRF       _cnt
0x017D	0x01B2      	CLRF       _cnt+1
;4 digit bsrm.c,17 :: 		oldstate1=0;
0x017E	0x102C      	BCF        _oldstate1, BitPos(_oldstate1+0)
;4 digit bsrm.c,18 :: 		oldstate2=0;
0x017F	0x10AC      	BCF        _oldstate2, BitPos(_oldstate2+0)
;4 digit bsrm.c,19 :: 		oldstate3=0;
0x0180	0x112C      	BCF        _oldstate3, BitPos(_oldstate3+0)
;4 digit bsrm.c,24 :: 		trisb.f0=1;
0x0181	0x1683      	BSF        STATUS, 5
0x0182	0x1406      	BSF        TRISB, 0
;4 digit bsrm.c,25 :: 		trisb.f1=1;
0x0183	0x1486      	BSF        TRISB, 1
;4 digit bsrm.c,26 :: 		trisb.f2=1;
0x0184	0x1506      	BSF        TRISB, 2
;4 digit bsrm.c,28 :: 		trisc = 0x00; // Data lines
0x0185	0x0187      	CLRF       TRISC
;4 digit bsrm.c,29 :: 		trisa = 0x00; // Control signal PORTD0-PORTD3
0x0186	0x0185      	CLRF       TRISA
;4 digit bsrm.c,30 :: 		trisd = 0;
0x0187	0x0188      	CLRF       TRISD
;4 digit bsrm.c,31 :: 		portd=0;
0x0188	0x1283      	BCF        STATUS, 5
0x0189	0x0188      	CLRF       PORTD
;4 digit bsrm.c,32 :: 		ansel = 0;                                    // Configure AN pins as digital I/O
0x018A	0x1683      	BSF        STATUS, 5
0x018B	0x1703      	BSF        STATUS, 6
0x018C	0x0188      	CLRF       ANSEL
;4 digit bsrm.c,33 :: 		anselh = 0;
0x018D	0x0189      	CLRF       ANSELH
;4 digit bsrm.c,34 :: 		option_reg.f7=0;
0x018E	0x1381      	BCF        OPTION_REG, 7
;4 digit bsrm.c,36 :: 		while (1)
L_main0:
;4 digit bsrm.c,38 :: 		num = cnt;
0x018F	0x1283      	BCF        STATUS, 5
0x0190	0x1303      	BCF        STATUS, 6
0x0191	0x0831      	MOVF       _cnt, 0
0x0192	0x00AF      	MOVWF      _num
0x0193	0x0832      	MOVF       _cnt+1, 0
0x0194	0x00B0      	MOVWF      _num+1
;4 digit bsrm.c,39 :: 		temp=0;
0x0195	0x01AD      	CLRF       _temp
0x0196	0x01AE      	CLRF       _temp+1
;4 digit bsrm.c,40 :: 		temp = num / 1000;
0x0197	0x30E8      	MOVLW      232
0x0198	0x00F4      	MOVWF      R4
0x0199	0x3003      	MOVLW      3
0x019A	0x00F5      	MOVWF      R4+1
0x019B	0x0831      	MOVF       _cnt, 0
0x019C	0x00F0      	MOVWF      R0
0x019D	0x0832      	MOVF       _cnt+1, 0
0x019E	0x00F1      	MOVWF      R0+1
0x019F	0x207B      	CALL       _Div_16x16_S
0x01A0	0x0870      	MOVF       R0, 0
0x01A1	0x00AD      	MOVWF      _temp
0x01A2	0x0871      	MOVF       R0+1, 0
0x01A3	0x00AE      	MOVWF      _temp+1
;4 digit bsrm.c,41 :: 		num = num % 1000;
0x01A4	0x30E8      	MOVLW      232
0x01A5	0x00F4      	MOVWF      R4
0x01A6	0x3003      	MOVLW      3
0x01A7	0x00F5      	MOVWF      R4+1
0x01A8	0x082F      	MOVF       _num, 0
0x01A9	0x00F0      	MOVWF      R0
0x01AA	0x0830      	MOVF       _num+1, 0
0x01AB	0x00F1      	MOVWF      R0+1
0x01AC	0x207B      	CALL       _Div_16x16_S
0x01AD	0x0878      	MOVF       R8, 0
0x01AE	0x00F0      	MOVWF      R0
0x01AF	0x0879      	MOVF       R8+1, 0
0x01B0	0x00F1      	MOVWF      R0+1
0x01B1	0x0870      	MOVF       R0, 0
0x01B2	0x00AF      	MOVWF      _num
0x01B3	0x0871      	MOVF       R0+1, 0
0x01B4	0x00B0      	MOVWF      _num+1
;4 digit bsrm.c,42 :: 		porta = 0b00000001;
0x01B5	0x3001      	MOVLW      1
0x01B6	0x0085      	MOVWF      PORTA
;4 digit bsrm.c,44 :: 		portd = 0b00010001;
0x01B7	0x3011      	MOVLW      17
0x01B8	0x0088      	MOVWF      PORTD
;4 digit bsrm.c,45 :: 		portc = seg_code[temp];
0x01B9	0x082D      	MOVF       _temp, 0
0x01BA	0x3E20      	ADDLW      _seg_code
0x01BB	0x0084      	MOVWF      FSR
0x01BC	0x0800      	MOVF       INDF, 0
0x01BD	0x0087      	MOVWF      PORTC
;4 digit bsrm.c,46 :: 		delay_ms(1);
0x01BE	0x3007      	MOVLW      7
0x01BF	0x00FC      	MOVWF      R12
0x01C0	0x307D      	MOVLW      125
0x01C1	0x00FD      	MOVWF      R13
L_main2:
0x01C2	0x0BFD      	DECFSZ     R13, 1
0x01C3	0x29C2      	GOTO       L_main2
0x01C4	0x0BFC      	DECFSZ     R12, 1
0x01C5	0x29C2      	GOTO       L_main2
;4 digit bsrm.c,48 :: 		temp = num / 100;
0x01C6	0x3064      	MOVLW      100
0x01C7	0x00F4      	MOVWF      R4
0x01C8	0x3000      	MOVLW      0
0x01C9	0x00F5      	MOVWF      R4+1
0x01CA	0x082F      	MOVF       _num, 0
0x01CB	0x00F0      	MOVWF      R0
0x01CC	0x0830      	MOVF       _num+1, 0
0x01CD	0x00F1      	MOVWF      R0+1
0x01CE	0x207B      	CALL       _Div_16x16_S
0x01CF	0x0870      	MOVF       R0, 0
0x01D0	0x00AD      	MOVWF      _temp
0x01D1	0x0871      	MOVF       R0+1, 0
0x01D2	0x00AE      	MOVWF      _temp+1
;4 digit bsrm.c,49 :: 		num = num % 100;
0x01D3	0x3064      	MOVLW      100
0x01D4	0x00F4      	MOVWF      R4
0x01D5	0x3000      	MOVLW      0
0x01D6	0x00F5      	MOVWF      R4+1
0x01D7	0x082F      	MOVF       _num, 0
0x01D8	0x00F0      	MOVWF      R0
0x01D9	0x0830      	MOVF       _num+1, 0
0x01DA	0x00F1      	MOVWF      R0+1
0x01DB	0x207B      	CALL       _Div_16x16_S
0x01DC	0x0878      	MOVF       R8, 0
0x01DD	0x00F0      	MOVWF      R0
0x01DE	0x0879      	MOVF       R8+1, 0
0x01DF	0x00F1      	MOVWF      R0+1
0x01E0	0x0870      	MOVF       R0, 0
0x01E1	0x00AF      	MOVWF      _num
0x01E2	0x0871      	MOVF       R0+1, 0
0x01E3	0x00B0      	MOVWF      _num+1
;4 digit bsrm.c,50 :: 		porta = 0b00000010;
0x01E4	0x3002      	MOVLW      2
0x01E5	0x0085      	MOVWF      PORTA
;4 digit bsrm.c,52 :: 		portd = 0b00100010;
0x01E6	0x3022      	MOVLW      34
0x01E7	0x0088      	MOVWF      PORTD
;4 digit bsrm.c,53 :: 		portc = seg_code[temp];
0x01E8	0x082D      	MOVF       _temp, 0
0x01E9	0x3E20      	ADDLW      _seg_code
0x01EA	0x0084      	MOVWF      FSR
0x01EB	0x0800      	MOVF       INDF, 0
0x01EC	0x0087      	MOVWF      PORTC
;4 digit bsrm.c,54 :: 		delay_ms(1);
0x01ED	0x3007      	MOVLW      7
0x01EE	0x00FC      	MOVWF      R12
0x01EF	0x307D      	MOVLW      125
0x01F0	0x00FD      	MOVWF      R13
L_main3:
0x01F1	0x0BFD      	DECFSZ     R13, 1
0x01F2	0x29F1      	GOTO       L_main3
0x01F3	0x0BFC      	DECFSZ     R12, 1
0x01F4	0x29F1      	GOTO       L_main3
;4 digit bsrm.c,56 :: 		temp = num / 10;
0x01F5	0x300A      	MOVLW      10
0x01F6	0x00F4      	MOVWF      R4
0x01F7	0x3000      	MOVLW      0
0x01F8	0x00F5      	MOVWF      R4+1
0x01F9	0x082F      	MOVF       _num, 0
0x01FA	0x00F0      	MOVWF      R0
0x01FB	0x0830      	MOVF       _num+1, 0
0x01FC	0x00F1      	MOVWF      R0+1
0x01FD	0x207B      	CALL       _Div_16x16_S
0x01FE	0x0870      	MOVF       R0, 0
0x01FF	0x00AD      	MOVWF      _temp
0x0200	0x0871      	MOVF       R0+1, 0
0x0201	0x00AE      	MOVWF      _temp+1
;4 digit bsrm.c,57 :: 		porta = 0b00000100;
0x0202	0x3004      	MOVLW      4
0x0203	0x0085      	MOVWF      PORTA
;4 digit bsrm.c,59 :: 		portd = 0b01000100;
0x0204	0x3044      	MOVLW      68
0x0205	0x0088      	MOVWF      PORTD
;4 digit bsrm.c,60 :: 		portc = seg_code[temp];
0x0206	0x0870      	MOVF       R0, 0
0x0207	0x3E20      	ADDLW      _seg_code
0x0208	0x0084      	MOVWF      FSR
0x0209	0x0800      	MOVF       INDF, 0
0x020A	0x0087      	MOVWF      PORTC
;4 digit bsrm.c,61 :: 		delay_ms(1);
0x020B	0x3007      	MOVLW      7
0x020C	0x00FC      	MOVWF      R12
0x020D	0x307D      	MOVLW      125
0x020E	0x00FD      	MOVWF      R13
L_main4:
0x020F	0x0BFD      	DECFSZ     R13, 1
0x0210	0x2A0F      	GOTO       L_main4
0x0211	0x0BFC      	DECFSZ     R12, 1
0x0212	0x2A0F      	GOTO       L_main4
;4 digit bsrm.c,63 :: 		temp = num % 10;
0x0213	0x300A      	MOVLW      10
0x0214	0x00F4      	MOVWF      R4
0x0215	0x3000      	MOVLW      0
0x0216	0x00F5      	MOVWF      R4+1
0x0217	0x082F      	MOVF       _num, 0
0x0218	0x00F0      	MOVWF      R0
0x0219	0x0830      	MOVF       _num+1, 0
0x021A	0x00F1      	MOVWF      R0+1
0x021B	0x207B      	CALL       _Div_16x16_S
0x021C	0x0878      	MOVF       R8, 0
0x021D	0x00F0      	MOVWF      R0
0x021E	0x0879      	MOVF       R8+1, 0
0x021F	0x00F1      	MOVWF      R0+1
0x0220	0x0870      	MOVF       R0, 0
0x0221	0x00AD      	MOVWF      _temp
0x0222	0x0871      	MOVF       R0+1, 0
0x0223	0x00AE      	MOVWF      _temp+1
;4 digit bsrm.c,64 :: 		porta =0b00001000 ;
0x0224	0x3008      	MOVLW      8
0x0225	0x0085      	MOVWF      PORTA
;4 digit bsrm.c,66 :: 		portd = 0b10001000;
0x0226	0x3088      	MOVLW      136
0x0227	0x0088      	MOVWF      PORTD
;4 digit bsrm.c,67 :: 		portc = seg_code[temp];
0x0228	0x0870      	MOVF       R0, 0
0x0229	0x3E20      	ADDLW      _seg_code
0x022A	0x0084      	MOVWF      FSR
0x022B	0x0800      	MOVF       INDF, 0
0x022C	0x0087      	MOVWF      PORTC
;4 digit bsrm.c,68 :: 		delay_ms(1);
0x022D	0x3007      	MOVLW      7
0x022E	0x00FC      	MOVWF      R12
0x022F	0x307D      	MOVLW      125
0x0230	0x00FD      	MOVWF      R13
L_main5:
0x0231	0x0BFD      	DECFSZ     R13, 1
0x0232	0x2A31      	GOTO       L_main5
0x0233	0x0BFC      	DECFSZ     R12, 1
0x0234	0x2A31      	GOTO       L_main5
;4 digit bsrm.c,69 :: 		progress()   ;
0x0235	0x20E4      	CALL       _progress
;4 digit bsrm.c,70 :: 		}
0x0236	0x298F      	GOTO       L_main0
;4 digit bsrm.c,71 :: 		}
L_end_main:
0x0237	0x2A37      	GOTO       $+0
; end of _main
Symbol List:
//** Routines locations **
//ADDRESS    SIZE    PROCEDURE
//----------------------------------------------
0x0003      [12]    _Delay_500us
0x000F      [57]    _Button
0x0048       [7]    _____DoICP
0x004F      [44]    _Div_16x16_S_L
0x007B     [105]    _Div_16x16_S
0x00E4     [118]    _progress
0x015A      [12]    ___CC2DW
0x0166     [210]    _main
//** Variables locations ** 
//ADDRESS    SIZE    VARIABLE
//----------------------------------------------
0x0000       [1]    INDF
0x0002       [1]    PCL
0x0003       [1]    STATUS
0x0004       [1]    FSR
0x0005       [1]    PORTA
0x0006       [1]    PORTB
0x0007       [1]    PORTC
0x0008       [1]    PORTD
0x000A       [1]    PCLATH
0x0020      [10]    _seg_code
0x002A       [2]    ___DoICPAddr
0x002C       [0]    _oldstate2
0x002C       [0]    _oldstate3
0x002C       [0]    _oldstate1
0x002D       [2]    _temp
0x002F       [2]    _num
0x0031       [2]    _cnt
0x0033       [1]    FARG_Button_port
0x0034       [1]    FARG_Button_pin
0x0035       [1]    FARG_Button_time_ms
0x0036       [1]    FARG_Button_active_state
0x0037       [1]    Button_pMask_L0
0x0038       [1]    Button_rslt_L0
0x0070       [1]    R0
0x0071       [1]    R1
0x0072       [1]    R2
0x0073       [1]    R3
0x0074       [1]    R4
0x0075       [1]    R5
0x0076       [1]    R6
0x0077       [1]    R7
0x0078       [1]    R8
0x0079       [1]    R9
0x007A       [1]    R10
0x007B       [1]    R11
0x007C       [1]    R12
0x007D       [1]    R13
0x007E       [1]    R14
0x007F       [1]    R15
0x0081       [1]    OPTION_REG
0x0085       [1]    TRISA
0x0086       [1]    TRISB
0x0087       [1]    TRISC
0x0088       [1]    TRISD
0x0188       [1]    ANSEL
0x0189       [1]    ANSELH
//** Label List: ** 
//----------------------------------------------
  L_main0
  L_main1
  L_main2
  L_main3
  L_main4
  L_main5
  L_progress6
  L_progress7
  L_progress8
  L_progress9
  L_progress10
  L_progress11
  L_progress12
  L_progress13
  L_progress14
  L_progress15
  L_progress16
  L_progress17
  L_progress18
  L_progress19
  L__progress20
  L__progress21
  L__progress22
  L_end_main
  _main
  L_end_progress
  _progress
  L__progress25
  L__progress26
  L_Button0
  L_Button1
  L_Button2
  L_Button3
  L_end_Button
  _Button
  L__Button5
  L__Button6
  L_Delay_10us0
  L_Delay_22us1
  L_Delay_50us2
  L_Delay_80us3
  L_Delay_500us4
  L_Delay_5500us5
  L_Delay_1ms6
  L_Delay_5ms7
  L_Delay_8ms8
  L_Delay_10ms9
  L_Delay_100ms10
  L_Delay_1sec11
  L_boot16_Delay_5ms12
  L_Delay_Cyc13
  L_Delay_Cyc14
  L_VDelay_ms15
  L_VDelay_ms16
  L_VDelay_ms17
  L_VDelay_Advanced_ms18
  L_VDelay_Advanced_ms19
  L_VDelay_Advanced_ms20
  L_end_Get_Fosc_kHz
  _Get_Fosc_kHz
  L_end_Delay_1us
  _Delay_1us
  L_end_Delay_10us
  _Delay_10us
  L_end_Delay_22us
  _Delay_22us
  L_end_Delay_50us
  _Delay_50us
  L_end_Delay_80us
  _Delay_80us
  L_end_Delay_500us
  _Delay_500us
  L_end_Delay_5500us
  _Delay_5500us
  L_end_Delay_1ms
  _Delay_1ms
  L_end_Delay_5ms
  _Delay_5ms
  L_end_Delay_8ms
  _Delay_8ms
  L_end_Delay_10ms
  _Delay_10ms
  L_end_Delay_100ms
  _Delay_100ms
  L_end_Delay_1sec
  _Delay_1sec
  L_end_boot16_Delay_5ms
  _boot16_Delay_5ms
  L_end_Delay_Cyc
  _Delay_Cyc
  L_end_VDelay_ms
  _VDelay_ms
  L__VDelay_ms38
  L__VDelay_ms39
  L__VDelay_ms40
  L_end_VDelay_Advanced_ms
  _VDelay_Advanced_ms
  L__VDelay_Advanced_ms42
  L__VDelay_Advanced_ms43
  L__VDelay_Advanced_ms44
  L_Div_16x16_S0
  L_Div_16x16_S1
  LOOPS3232A
  SADD22LA
  SOK22LA
  SADD22L8
  SOK22L8
  LOOPS3232B
  SADD22LB
  SOK22LB
  SADD22L16
  SOK22L16
  LOOPS3232C
  SADD22LC
  SOK22LC
  SADD22L24
  SOK22L24
  LOOPS3232D
  SADD22LD
  SOK22LD
  SOK22L
  L_Div_32x32_S6
  L_Div_32x32_S7
  L_Div_32x32_S8
  L_Div_32x32_S9
  FXD3232S
  END_ALL
  CA3232S
  C3232SX
  C3232SX1
  C3232S
  C3232S2
  C3232SX4
  C3232SOK
  C3232SX3
  C3232SX2
  avoid_comfrem
  LOOPU3232A
  UADD22LA
  UOK22LA
  UADD22L8
  UOK22L8
  LOOPU3232B
  UADD22LB
  UOK22LB
  UADD22L16
  UOK22L16
  LOOPU3232C
  UADD22LC
  UOK22LC
  UADD22L24
  UOK22L24
  LOOPU3232D
  UADD22LD
  UOK22LD
  UOK22L
  _NEXT
  _EXIT2
  _LOOP
  _EXIT1
  _IF_FIRST
  _IF_SECOND
  _INVERCE_FIRST
  _MULT
  _INBERSE_SECOND
  _EXIT
  L_end_Mul_8x8_U
  _Mul_8x8_U
  L_end_Mul_16x16_U
  _Mul_16x16_U
  L_end_Div_8x8_U
  _Div_8x8_U
  L_end_Div_16x16_U
  _Div_16x16_U
  L_end_Mul_8x8_S
  _Mul_8x8_S
  L_end_Mul_16x16_S
  _Mul_16x16_S
  L_end_Div_16x16_S_L
  _Div_16x16_S_L
  L_end_Div_16x16_S
  _Div_16x16_S
  L_end_Div_8x8_S
  _Div_8x8_S
  L_end_SDIV3232L
  _SDIV3232L
  L_end_COMFREM
  _COMFREM
  L_end_Div_32x32_S
  _Div_32x32_S
  L_end_Div_32x32_U
  _Div_32x32_U
  L_end_Mul_32x32_U
  _Mul_32x32_U
  L_end_Mul_32x32_S
  _Mul_32x32_S
  L_loopCA2AWs
  L_CA2AWend
  _CCA2AW_Loop1
  L_loopCS2Ss
  L_CS2Send
  _CCS2S_Loop1
  L_CCS2Send
  L_loopFZinSWs
  L_FZinSend
  _CC2D_Loop1
  L_end_____DoICP
  _____DoICP
  L_end_____DoIFC
  _____DoIFC
  L_end___CA2AW
  ___CA2AW
  L_end___CCA2AW
  ___CCA2AW
  L_end___CS2S
  ___CS2S
  L_end___CCS2S
  ___CCS2S
  L_end___FZinS
  ___FZinS
  L_end___CC2DW
  ___CC2DW
  L_end_Swap
  _Swap
