;  LST file generated by mikroListExporter - v.2.0 
; Date/Time: 7/26/2017 10:11:10 PM
;----------------------------------------------

;Address Opcode 	ASM
0x0000	0x2B43      	GOTO       835
_Delay_1us:
;__Lib_Delays.c,7 :: 		void Delay_1us() {
;__Lib_Delays.c,8 :: 		Delay_us(1);
0x0003	0x0000      	NOP
0x0004	0x0000      	NOP
;__Lib_Delays.c,9 :: 		}
L_end_Delay_1us:
0x0005	0x0008      	RETURN
; end of _Delay_1us
_Delay_5500us:
;__Lib_Delays.c,31 :: 		void Delay_5500us() {
;__Lib_Delays.c,32 :: 		Delay_us(5500);
0x0006	0x300F      	MOVLW      15
0x0007	0x1283      	BCF        STATUS, 5
0x0008	0x1303      	BCF        STATUS, 6
0x0009	0x00FC      	MOVWF      R12
0x000A	0x3047      	MOVLW      71
0x000B	0x00FD      	MOVWF      R13
L_Delay_5500us5:
0x000C	0x0BFD      	DECFSZ     R13, 1
0x000D	0x280C      	GOTO       L_Delay_5500us5
0x000E	0x0BFC      	DECFSZ     R12, 1
0x000F	0x280C      	GOTO       L_Delay_5500us5
0x0010	0x0000      	NOP
0x0011	0x0000      	NOP
;__Lib_Delays.c,33 :: 		}
L_end_Delay_5500us:
0x0012	0x0008      	RETURN
; end of _Delay_5500us
_Delay_50us:
;__Lib_Delays.c,19 :: 		void Delay_50us() {
;__Lib_Delays.c,20 :: 		Delay_us(50);
0x0013	0x3021      	MOVLW      33
0x0014	0x1283      	BCF        STATUS, 5
0x0015	0x1303      	BCF        STATUS, 6
0x0016	0x00FD      	MOVWF      R13
L_Delay_50us2:
0x0017	0x0BFD      	DECFSZ     R13, 1
0x0018	0x2817      	GOTO       L_Delay_50us2
;__Lib_Delays.c,21 :: 		}
L_end_Delay_50us:
0x0019	0x0008      	RETURN
; end of _Delay_50us
_Lcd_Cmd:
;__Lib_Lcd.c,18 :: 		
;__Lib_Lcd.c,20 :: 		
0x001A	0x1283      	BCF        STATUS, 5
0x001B	0x1303      	BCF        STATUS, 6
0x001C	0x1BD4      	BTFSC      FARG_Lcd_Cmd_out_char, 7
0x001D	0x2820      	GOTO       L__Lcd_Cmd21
0x001E	0x1186      	BCF        LCD_D7, BitPos(LCD_D7+0)
0x001F	0x2821      	GOTO       L__Lcd_Cmd22
L__Lcd_Cmd21:
0x0020	0x1586      	BSF        LCD_D7, BitPos(LCD_D7+0)
L__Lcd_Cmd22:
;__Lib_Lcd.c,21 :: 		
0x0021	0x1B54      	BTFSC      FARG_Lcd_Cmd_out_char, 6
0x0022	0x2825      	GOTO       L__Lcd_Cmd23
0x0023	0x1106      	BCF        LCD_D6, BitPos(LCD_D6+0)
0x0024	0x2826      	GOTO       L__Lcd_Cmd24
L__Lcd_Cmd23:
0x0025	0x1506      	BSF        LCD_D6, BitPos(LCD_D6+0)
L__Lcd_Cmd24:
;__Lib_Lcd.c,22 :: 		
0x0026	0x1AD4      	BTFSC      FARG_Lcd_Cmd_out_char, 5
0x0027	0x282A      	GOTO       L__Lcd_Cmd25
0x0028	0x1086      	BCF        LCD_D5, BitPos(LCD_D5+0)
0x0029	0x282B      	GOTO       L__Lcd_Cmd26
L__Lcd_Cmd25:
0x002A	0x1486      	BSF        LCD_D5, BitPos(LCD_D5+0)
L__Lcd_Cmd26:
;__Lib_Lcd.c,23 :: 		
0x002B	0x1A54      	BTFSC      FARG_Lcd_Cmd_out_char, 4
0x002C	0x282F      	GOTO       L__Lcd_Cmd27
0x002D	0x1006      	BCF        LCD_D4, BitPos(LCD_D4+0)
0x002E	0x2830      	GOTO       L__Lcd_Cmd28
L__Lcd_Cmd27:
0x002F	0x1406      	BSF        LCD_D4, BitPos(LCD_D4+0)
L__Lcd_Cmd28:
;__Lib_Lcd.c,25 :: 		
0x0030	0x1843      	BTFSC      __Lib_Lcd_cmd_status, BitPos(__Lib_Lcd_cmd_status+0)
0x0031	0x2834      	GOTO       L__Lcd_Cmd29
0x0032	0x1606      	BSF        LCD_RS, BitPos(LCD_RS+0)
0x0033	0x2835      	GOTO       L__Lcd_Cmd30
L__Lcd_Cmd29:
0x0034	0x1206      	BCF        LCD_RS, BitPos(LCD_RS+0)
L__Lcd_Cmd30:
;__Lib_Lcd.c,28 :: 		
0x0035	0x1686      	BSF        LCD_EN, BitPos(LCD_EN+0)
;__Lib_Lcd.c,29 :: 		
0x0036	0x2003      	CALL       _Delay_1us
;__Lib_Lcd.c,30 :: 		
0x0037	0x1286      	BCF        LCD_EN, BitPos(LCD_EN+0)
;__Lib_Lcd.c,33 :: 		
0x0038	0x19D4      	BTFSC      FARG_Lcd_Cmd_out_char, 3
0x0039	0x283C      	GOTO       L__Lcd_Cmd31
0x003A	0x1186      	BCF        LCD_D7, BitPos(LCD_D7+0)
0x003B	0x283D      	GOTO       L__Lcd_Cmd32
L__Lcd_Cmd31:
0x003C	0x1586      	BSF        LCD_D7, BitPos(LCD_D7+0)
L__Lcd_Cmd32:
;__Lib_Lcd.c,34 :: 		
0x003D	0x1954      	BTFSC      FARG_Lcd_Cmd_out_char, 2
0x003E	0x2841      	GOTO       L__Lcd_Cmd33
0x003F	0x1106      	BCF        LCD_D6, BitPos(LCD_D6+0)
0x0040	0x2842      	GOTO       L__Lcd_Cmd34
L__Lcd_Cmd33:
0x0041	0x1506      	BSF        LCD_D6, BitPos(LCD_D6+0)
L__Lcd_Cmd34:
;__Lib_Lcd.c,35 :: 		
0x0042	0x18D4      	BTFSC      FARG_Lcd_Cmd_out_char, 1
0x0043	0x2846      	GOTO       L__Lcd_Cmd35
0x0044	0x1086      	BCF        LCD_D5, BitPos(LCD_D5+0)
0x0045	0x2847      	GOTO       L__Lcd_Cmd36
L__Lcd_Cmd35:
0x0046	0x1486      	BSF        LCD_D5, BitPos(LCD_D5+0)
L__Lcd_Cmd36:
;__Lib_Lcd.c,36 :: 		
0x0047	0x1854      	BTFSC      FARG_Lcd_Cmd_out_char, 0
0x0048	0x284B      	GOTO       L__Lcd_Cmd37
0x0049	0x1006      	BCF        LCD_D4, BitPos(LCD_D4+0)
0x004A	0x284C      	GOTO       L__Lcd_Cmd38
L__Lcd_Cmd37:
0x004B	0x1406      	BSF        LCD_D4, BitPos(LCD_D4+0)
L__Lcd_Cmd38:
;__Lib_Lcd.c,38 :: 		
0x004C	0x1843      	BTFSC      __Lib_Lcd_cmd_status, BitPos(__Lib_Lcd_cmd_status+0)
0x004D	0x2850      	GOTO       L__Lcd_Cmd39
0x004E	0x1606      	BSF        LCD_RS, BitPos(LCD_RS+0)
0x004F	0x2851      	GOTO       L__Lcd_Cmd40
L__Lcd_Cmd39:
0x0050	0x1206      	BCF        LCD_RS, BitPos(LCD_RS+0)
L__Lcd_Cmd40:
;__Lib_Lcd.c,40 :: 		
0x0051	0x1686      	BSF        LCD_EN, BitPos(LCD_EN+0)
;__Lib_Lcd.c,41 :: 		
0x0052	0x2003      	CALL       _Delay_1us
;__Lib_Lcd.c,42 :: 		
0x0053	0x1286      	BCF        LCD_EN, BitPos(LCD_EN+0)
;__Lib_Lcd.c,44 :: 		
0x0054	0x1C43      	BTFSS      __Lib_Lcd_cmd_status, BitPos(__Lib_Lcd_cmd_status+0)
0x0055	0x2858      	GOTO       L_Lcd_Cmd0
;__Lib_Lcd.c,45 :: 		
0x0056	0x2006      	CALL       _Delay_5500us
0x0057	0x2859      	GOTO       L_Lcd_Cmd1
L_Lcd_Cmd0:
;__Lib_Lcd.c,47 :: 		
0x0058	0x2013      	CALL       _Delay_50us
L_Lcd_Cmd1:
;__Lib_Lcd.c,48 :: 		
L_end_Lcd_Cmd:
0x0059	0x0008      	RETURN
; end of _Lcd_Cmd
_Lcd_Chr_CP:
;__Lib_Lcd.c,50 :: 		
;__Lib_Lcd.c,52 :: 		
0x005A	0x1283      	BCF        STATUS, 5
0x005B	0x1303      	BCF        STATUS, 6
0x005C	0x1043      	BCF        __Lib_Lcd_cmd_status, BitPos(__Lib_Lcd_cmd_status+0)
;__Lib_Lcd.c,53 :: 		
0x005D	0x084F      	MOVF       FARG_Lcd_Chr_CP_out_char, 0
0x005E	0x00D4      	MOVWF      FARG_Lcd_Cmd_out_char
0x005F	0x201A      	CALL       _Lcd_Cmd
;__Lib_Lcd.c,54 :: 		
0x0060	0x1443      	BSF        __Lib_Lcd_cmd_status, BitPos(__Lib_Lcd_cmd_status+0)
;__Lib_Lcd.c,55 :: 		
L_end_Lcd_Chr_CP:
0x0061	0x0008      	RETURN
; end of _Lcd_Chr_CP
_Keypad_Key_Press:
;__Lib_Keypad4x4.c,38 :: 		
;__Lib_Keypad4x4.c,42 :: 		
0x0062	0x1283      	BCF        STATUS, 5
0x0063	0x1303      	BCF        STATUS, 6
0x0064	0x01CF      	CLRF       Keypad_Key_Press_rslt_L0
;__Lib_Keypad4x4.c,43 :: 		
0x0065	0x01D1      	CLRF       Keypad_Key_Press_loc_L0
;__Lib_Keypad4x4.c,44 :: 		
0x0066	0x01D2      	CLRF       Keypad_Key_Press_rowcnt_L0
;__Lib_Keypad4x4.c,45 :: 		
0x0067	0x3010      	MOVLW      16
0x0068	0x00D3      	MOVWF      Keypad_Key_Press_shifter_L0
;__Lib_Keypad4x4.c,47 :: 		
L_Keypad_Key_Press0:
0x0069	0x3004      	MOVLW      4
0x006A	0x0252      	SUBWF      Keypad_Key_Press_rowcnt_L0, 0
0x006B	0x1803      	BTFSC      STATUS, 0
0x006C	0x288E      	GOTO       L_Keypad_Key_Press1
;__Lib_Keypad4x4.c,49 :: 		
0x006D	0x30F0      	MOVLW      240
0x006E	0x0088      	MOVWF      keypadPort
;__Lib_Keypad4x4.c,50 :: 		
0x006F	0x0953      	COMF       Keypad_Key_Press_shifter_L0, 0
0x0070	0x1683      	BSF        STATUS, 5
0x0071	0x0088      	MOVWF      keypadPort+128
;__Lib_Keypad4x4.c,54 :: 		
0x0072	0x2003      	CALL       _Delay_1us
;__Lib_Keypad4x4.c,55 :: 		
0x0073	0x2003      	CALL       _Delay_1us
;__Lib_Keypad4x4.c,56 :: 		
0x0074	0x300F      	MOVLW      15
0x0075	0x1283      	BCF        STATUS, 5
0x0076	0x0508      	ANDWF      keypadPort, 0
0x0077	0x00F0      	MOVWF      R0
0x0078	0x0870      	MOVF       R0, 0
0x0079	0x00D0      	MOVWF      Keypad_Key_Press_kdata_L0
;__Lib_Keypad4x4.c,57 :: 		
0x007A	0x0870      	MOVF       R0, 0
0x007B	0x1903      	BTFSC      STATUS, 2
0x007C	0x2888      	GOTO       L_Keypad_Key_Press2
;__Lib_Keypad4x4.c,59 :: 		
0x007D	0x0851      	MOVF       Keypad_Key_Press_loc_L0, 0
0x007E	0x00CF      	MOVWF      Keypad_Key_Press_rslt_L0
;__Lib_Keypad4x4.c,60 :: 		
L_Keypad_Key_Press3:
0x007F	0x0850      	MOVF       Keypad_Key_Press_kdata_L0, 0
0x0080	0x1903      	BTFSC      STATUS, 2
0x0081	0x2886      	GOTO       L_Keypad_Key_Press4
;__Lib_Keypad4x4.c,61 :: 		
0x0082	0x0CD0      	RRF        Keypad_Key_Press_kdata_L0, 1
0x0083	0x13D0      	BCF        Keypad_Key_Press_kdata_L0, 7
;__Lib_Keypad4x4.c,62 :: 		
0x0084	0x0ACF      	INCF       Keypad_Key_Press_rslt_L0, 1
;__Lib_Keypad4x4.c,63 :: 		
0x0085	0x287F      	GOTO       L_Keypad_Key_Press3
L_Keypad_Key_Press4:
;__Lib_Keypad4x4.c,65 :: 		
0x0086	0x3004      	MOVLW      4
0x0087	0x00D2      	MOVWF      Keypad_Key_Press_rowcnt_L0
;__Lib_Keypad4x4.c,66 :: 		
L_Keypad_Key_Press2:
;__Lib_Keypad4x4.c,67 :: 		
0x0088	0x0DD3      	RLF        Keypad_Key_Press_shifter_L0, 1
0x0089	0x1053      	BCF        Keypad_Key_Press_shifter_L0, 0
;__Lib_Keypad4x4.c,68 :: 		
0x008A	0x3004      	MOVLW      4
0x008B	0x07D1      	ADDWF      Keypad_Key_Press_loc_L0, 1
;__Lib_Keypad4x4.c,69 :: 		
0x008C	0x0AD2      	INCF       Keypad_Key_Press_rowcnt_L0, 1
;__Lib_Keypad4x4.c,70 :: 		
0x008D	0x2869      	GOTO       L_Keypad_Key_Press0
L_Keypad_Key_Press1:
;__Lib_Keypad4x4.c,72 :: 		
0x008E	0x084F      	MOVF       Keypad_Key_Press_rslt_L0, 0
0x008F	0x00F0      	MOVWF      R0
;__Lib_Keypad4x4.c,73 :: 		
L_end_Keypad_Key_Press:
0x0090	0x0008      	RETURN
; end of _Keypad_Key_Press
_Delay_10us:
;__Lib_Delays.c,11 :: 		void Delay_10us() {
;__Lib_Delays.c,12 :: 		Delay_us(10);
0x0091	0x3006      	MOVLW      6
0x0092	0x1283      	BCF        STATUS, 5
0x0093	0x1303      	BCF        STATUS, 6
0x0094	0x00FD      	MOVWF      R13
L_Delay_10us0:
0x0095	0x0BFD      	DECFSZ     R13, 1
0x0096	0x2895      	GOTO       L_Delay_10us0
0x0097	0x0000      	NOP
;__Lib_Delays.c,13 :: 		}
L_end_Delay_10us:
0x0098	0x0008      	RETURN
; end of _Delay_10us
_____DoICP:
;__Lib_System.c,6 :: 		
;__Lib_System.c,9 :: 		
0x0099	0x1283      	BCF        STATUS, 5
0x009A	0x1303      	BCF        STATUS, 6
0x009B	0x0836      	MOVF       ___DoICPAddr+1, 0
0x009C	0x008A      	MOVWF      PCLATH
;__Lib_System.c,10 :: 		
0x009D	0x0835      	MOVF       ___DoICPAddr, 0
0x009E	0x0082      	MOVWF      PCL
;__Lib_System.c,12 :: 		
L_end_____DoICP:
0x009F	0x0008      	RETURN
; end of _____DoICP
_Mul_16x16_U:
;__Lib_Math.c,136 :: 		
;__Lib_Math.c,143 :: 		
0x00A0	0x1283      	BCF        STATUS, 5
;__Lib_Math.c,144 :: 		
0x00A1	0x1303      	BCF        STATUS, 6
;__Lib_Math.c,145 :: 		
0x00A2	0x01FB      	CLRF       R11
;__Lib_Math.c,146 :: 		
0x00A3	0x01FA      	CLRF       R10
;__Lib_Math.c,147 :: 		
0x00A4	0x01F9      	CLRF       R9
;__Lib_Math.c,148 :: 		
0x00A5	0x3080      	MOVLW      128
;__Lib_Math.c,149 :: 		
0x00A6	0x00F8      	MOVWF      R8
;__Lib_Math.c,150 :: 		
0x00A7	0x0CF1      	RRF        R1, 1
;__Lib_Math.c,151 :: 		
0x00A8	0x0CF0      	RRF        R0, 1
;__Lib_Math.c,152 :: 		
0x00A9	0x1C03      	BTFSS      STATUS, 0
;__Lib_Math.c,153 :: 		
0x00AA	0x28B4      	GOTO       $+10
;__Lib_Math.c,154 :: 		
0x00AB	0x0874      	MOVF       R4, 0
;__Lib_Math.c,155 :: 		
0x00AC	0x07F9      	ADDWF      R9, 1
;__Lib_Math.c,156 :: 		
0x00AD	0x0875      	MOVF       R5, 0
;__Lib_Math.c,157 :: 		
0x00AE	0x1803      	BTFSC      STATUS, 0
;__Lib_Math.c,158 :: 		
0x00AF	0x0F75      	INCFSZ     R5, 0
;__Lib_Math.c,159 :: 		
0x00B0	0x07FA      	ADDWF      R10, 1
;__Lib_Math.c,160 :: 		
0x00B1	0x1803      	BTFSC      STATUS, 0
;__Lib_Math.c,161 :: 		
0x00B2	0x0AFB      	INCF       R11, 1
;__Lib_Math.c,162 :: 		
0x00B3	0x1003      	BCF        STATUS, 0
;__Lib_Math.c,163 :: 		
0x00B4	0x1FF0      	BTFSS      R0, 7
;__Lib_Math.c,164 :: 		
0x00B5	0x28BC      	GOTO       $+7
;__Lib_Math.c,165 :: 		
0x00B6	0x0874      	MOVF       R4, 0
;__Lib_Math.c,166 :: 		
0x00B7	0x07FA      	ADDWF      R10, 1
;__Lib_Math.c,167 :: 		
0x00B8	0x0875      	MOVF       R5, 0
;__Lib_Math.c,168 :: 		
0x00B9	0x1803      	BTFSC      STATUS, 0
;__Lib_Math.c,169 :: 		
0x00BA	0x0F75      	INCFSZ     R5, 0
;__Lib_Math.c,170 :: 		
0x00BB	0x07FB      	ADDWF      R11, 1
;__Lib_Math.c,171 :: 		
0x00BC	0x0CFB      	RRF        R11, 1
;__Lib_Math.c,172 :: 		
0x00BD	0x0CFA      	RRF        R10, 1
;__Lib_Math.c,173 :: 		
0x00BE	0x0CF9      	RRF        R9, 1
;__Lib_Math.c,174 :: 		
0x00BF	0x0CF8      	RRF        R8, 1
;__Lib_Math.c,175 :: 		
0x00C0	0x1C03      	BTFSS      STATUS, 0
;__Lib_Math.c,176 :: 		
0x00C1	0x28A7      	GOTO       $-26
;__Lib_Math.c,177 :: 		
0x00C2	0x087B      	MOVF       R11, 0
;__Lib_Math.c,178 :: 		
0x00C3	0x00F3      	MOVWF      R3
;__Lib_Math.c,179 :: 		
0x00C4	0x087A      	MOVF       R10, 0
;__Lib_Math.c,180 :: 		
0x00C5	0x00F2      	MOVWF      R2
;__Lib_Math.c,181 :: 		
0x00C6	0x0879      	MOVF       R9, 0
;__Lib_Math.c,182 :: 		
0x00C7	0x00F1      	MOVWF      R1
;__Lib_Math.c,183 :: 		
0x00C8	0x0878      	MOVF       R8, 0
;__Lib_Math.c,184 :: 		
0x00C9	0x00F0      	MOVWF      R0
;__Lib_Math.c,187 :: 		
L_end_Mul_16x16_U:
0x00CA	0x0008      	RETURN
; end of _Mul_16x16_U
_Div_8x8_U:
;__Lib_Math.c,189 :: 		
;__Lib_Math.c,196 :: 		
0x00CB	0x1283      	BCF        STATUS, 5
;__Lib_Math.c,197 :: 		
0x00CC	0x1303      	BCF        STATUS, 6
;__Lib_Math.c,198 :: 		
0x00CD	0x01F8      	CLRF       R8
;__Lib_Math.c,199 :: 		
0x00CE	0x3008      	MOVLW      8
;__Lib_Math.c,200 :: 		
0x00CF	0x00FC      	MOVWF      R12
;__Lib_Math.c,201 :: 		
0x00D0	0x0D70      	RLF        R0, 0
;__Lib_Math.c,202 :: 		
0x00D1	0x0DF8      	RLF        R8, 1
;__Lib_Math.c,203 :: 		
0x00D2	0x0874      	MOVF       R4, 0
;__Lib_Math.c,204 :: 		
0x00D3	0x02F8      	SUBWF      R8, 1
;__Lib_Math.c,205 :: 		
0x00D4	0x1803      	BTFSC      STATUS, 0
;__Lib_Math.c,206 :: 		
0x00D5	0x28D8      	GOTO       $+3
;__Lib_Math.c,207 :: 		
0x00D6	0x07F8      	ADDWF      R8, 1
;__Lib_Math.c,208 :: 		
0x00D7	0x1003      	BCF        STATUS, 0
;__Lib_Math.c,209 :: 		
0x00D8	0x0DF0      	RLF        R0, 1
;__Lib_Math.c,210 :: 		
0x00D9	0x0BFC      	DECFSZ     R12, 1
;__Lib_Math.c,211 :: 		
0x00DA	0x28D0      	GOTO       $-10
;__Lib_Math.c,213 :: 		
L_end_Div_8x8_U:
0x00DB	0x0008      	RETURN
; end of _Div_8x8_U
_Lcd_Out:
;__Lib_Lcd.c,184 :: 		
;__Lib_Lcd.c,187 :: 		
0x00DC	0x28EE      	GOTO       L_Lcd_Out11
;__Lib_Lcd.c,188 :: 		
L_Lcd_Out13:
0x00DD	0x3080      	MOVLW      128
0x00DE	0x1283      	BCF        STATUS, 5
0x00DF	0x1303      	BCF        STATUS, 6
0x00E0	0x00CB      	MOVWF      FARG_Lcd_Out_row
0x00E1	0x2901      	GOTO       L_Lcd_Out12
;__Lib_Lcd.c,189 :: 		
L_Lcd_Out14:
0x00E2	0x30C0      	MOVLW      192
0x00E3	0x00CB      	MOVWF      FARG_Lcd_Out_row
0x00E4	0x2901      	GOTO       L_Lcd_Out12
;__Lib_Lcd.c,190 :: 		
L_Lcd_Out15:
0x00E5	0x3094      	MOVLW      148
0x00E6	0x00CB      	MOVWF      FARG_Lcd_Out_row
0x00E7	0x2901      	GOTO       L_Lcd_Out12
;__Lib_Lcd.c,191 :: 		
L_Lcd_Out16:
0x00E8	0x30D4      	MOVLW      212
0x00E9	0x00CB      	MOVWF      FARG_Lcd_Out_row
0x00EA	0x2901      	GOTO       L_Lcd_Out12
;__Lib_Lcd.c,192 :: 		
L_Lcd_Out17:
0x00EB	0x3080      	MOVLW      128
0x00EC	0x00CB      	MOVWF      FARG_Lcd_Out_row
;__Lib_Lcd.c,193 :: 		
0x00ED	0x2901      	GOTO       L_Lcd_Out12
L_Lcd_Out11:
0x00EE	0x1283      	BCF        STATUS, 5
0x00EF	0x1303      	BCF        STATUS, 6
0x00F0	0x084B      	MOVF       FARG_Lcd_Out_row, 0
0x00F1	0x3A01      	XORLW      1
0x00F2	0x1903      	BTFSC      STATUS, 2
0x00F3	0x28DD      	GOTO       L_Lcd_Out13
0x00F4	0x084B      	MOVF       FARG_Lcd_Out_row, 0
0x00F5	0x3A02      	XORLW      2
0x00F6	0x1903      	BTFSC      STATUS, 2
0x00F7	0x28E2      	GOTO       L_Lcd_Out14
0x00F8	0x084B      	MOVF       FARG_Lcd_Out_row, 0
0x00F9	0x3A03      	XORLW      3
0x00FA	0x1903      	BTFSC      STATUS, 2
0x00FB	0x28E5      	GOTO       L_Lcd_Out15
0x00FC	0x084B      	MOVF       FARG_Lcd_Out_row, 0
0x00FD	0x3A04      	XORLW      4
0x00FE	0x1903      	BTFSC      STATUS, 2
0x00FF	0x28E8      	GOTO       L_Lcd_Out16
0x0100	0x28EB      	GOTO       L_Lcd_Out17
L_Lcd_Out12:
;__Lib_Lcd.c,194 :: 		
0x0101	0x034C      	DECF       FARG_Lcd_Out_column, 0
0x0102	0x00F0      	MOVWF      R0
0x0103	0x084B      	MOVF       FARG_Lcd_Out_row, 0
0x0104	0x07F0      	ADDWF      R0, 1
0x0105	0x0870      	MOVF       R0, 0
0x0106	0x00CB      	MOVWF      FARG_Lcd_Out_row
;__Lib_Lcd.c,196 :: 		
0x0107	0x0870      	MOVF       R0, 0
0x0108	0x00D4      	MOVWF      FARG_Lcd_Cmd_out_char
0x0109	0x201A      	CALL       _Lcd_Cmd
;__Lib_Lcd.c,197 :: 		
0x010A	0x1043      	BCF        __Lib_Lcd_cmd_status, BitPos(__Lib_Lcd_cmd_status+0)
;__Lib_Lcd.c,198 :: 		
0x010B	0x01CE      	CLRF       Lcd_Out_i_L0
;__Lib_Lcd.c,199 :: 		
L_Lcd_Out18:
0x010C	0x084E      	MOVF       Lcd_Out_i_L0, 0
0x010D	0x074D      	ADDWF      FARG_Lcd_Out_text, 0
0x010E	0x0084      	MOVWF      FSR
0x010F	0x0800      	MOVF       INDF, 0
0x0110	0x1903      	BTFSC      STATUS, 2
0x0111	0x291A      	GOTO       L_Lcd_Out19
;__Lib_Lcd.c,200 :: 		
0x0112	0x084E      	MOVF       Lcd_Out_i_L0, 0
0x0113	0x074D      	ADDWF      FARG_Lcd_Out_text, 0
0x0114	0x0084      	MOVWF      FSR
0x0115	0x0800      	MOVF       INDF, 0
0x0116	0x00CF      	MOVWF      FARG_Lcd_Chr_CP_out_char
0x0117	0x205A      	CALL       _Lcd_Chr_CP
0x0118	0x0ACE      	INCF       Lcd_Out_i_L0, 1
0x0119	0x290C      	GOTO       L_Lcd_Out18
L_Lcd_Out19:
;__Lib_Lcd.c,201 :: 		
0x011A	0x1443      	BSF        __Lib_Lcd_cmd_status, BitPos(__Lib_Lcd_cmd_status+0)
;__Lib_Lcd.c,202 :: 		
L_end_Lcd_Out:
0x011B	0x0008      	RETURN
; end of _Lcd_Out
_Lcd_Chr:
;__Lib_Lcd.c,65 :: 		
;__Lib_Lcd.c,66 :: 		
0x011C	0x292E      	GOTO       L_Lcd_Chr4
;__Lib_Lcd.c,67 :: 		
L_Lcd_Chr6:
0x011D	0x3080      	MOVLW      128
0x011E	0x1283      	BCF        STATUS, 5
0x011F	0x1303      	BCF        STATUS, 6
0x0120	0x00CB      	MOVWF      FARG_Lcd_Chr_row
0x0121	0x2941      	GOTO       L_Lcd_Chr5
;__Lib_Lcd.c,68 :: 		
L_Lcd_Chr7:
0x0122	0x30C0      	MOVLW      192
0x0123	0x00CB      	MOVWF      FARG_Lcd_Chr_row
0x0124	0x2941      	GOTO       L_Lcd_Chr5
;__Lib_Lcd.c,69 :: 		
L_Lcd_Chr8:
0x0125	0x3094      	MOVLW      148
0x0126	0x00CB      	MOVWF      FARG_Lcd_Chr_row
0x0127	0x2941      	GOTO       L_Lcd_Chr5
;__Lib_Lcd.c,70 :: 		
L_Lcd_Chr9:
0x0128	0x30D4      	MOVLW      212
0x0129	0x00CB      	MOVWF      FARG_Lcd_Chr_row
0x012A	0x2941      	GOTO       L_Lcd_Chr5
;__Lib_Lcd.c,71 :: 		
L_Lcd_Chr10:
0x012B	0x3080      	MOVLW      128
0x012C	0x00CB      	MOVWF      FARG_Lcd_Chr_row
;__Lib_Lcd.c,72 :: 		
0x012D	0x2941      	GOTO       L_Lcd_Chr5
L_Lcd_Chr4:
0x012E	0x1283      	BCF        STATUS, 5
0x012F	0x1303      	BCF        STATUS, 6
0x0130	0x084B      	MOVF       FARG_Lcd_Chr_row, 0
0x0131	0x3A01      	XORLW      1
0x0132	0x1903      	BTFSC      STATUS, 2
0x0133	0x291D      	GOTO       L_Lcd_Chr6
0x0134	0x084B      	MOVF       FARG_Lcd_Chr_row, 0
0x0135	0x3A02      	XORLW      2
0x0136	0x1903      	BTFSC      STATUS, 2
0x0137	0x2922      	GOTO       L_Lcd_Chr7
0x0138	0x084B      	MOVF       FARG_Lcd_Chr_row, 0
0x0139	0x3A03      	XORLW      3
0x013A	0x1903      	BTFSC      STATUS, 2
0x013B	0x2925      	GOTO       L_Lcd_Chr8
0x013C	0x084B      	MOVF       FARG_Lcd_Chr_row, 0
0x013D	0x3A04      	XORLW      4
0x013E	0x1903      	BTFSC      STATUS, 2
0x013F	0x2928      	GOTO       L_Lcd_Chr9
0x0140	0x292B      	GOTO       L_Lcd_Chr10
L_Lcd_Chr5:
;__Lib_Lcd.c,74 :: 		
0x0141	0x034C      	DECF       FARG_Lcd_Chr_column, 0
0x0142	0x00F0      	MOVWF      R0
0x0143	0x084B      	MOVF       FARG_Lcd_Chr_row, 0
0x0144	0x07F0      	ADDWF      R0, 1
0x0145	0x0870      	MOVF       R0, 0
0x0146	0x00CB      	MOVWF      FARG_Lcd_Chr_row
;__Lib_Lcd.c,76 :: 		
0x0147	0x1443      	BSF        __Lib_Lcd_cmd_status, BitPos(__Lib_Lcd_cmd_status+0)
;__Lib_Lcd.c,77 :: 		
0x0148	0x0870      	MOVF       R0, 0
0x0149	0x00D4      	MOVWF      FARG_Lcd_Cmd_out_char
0x014A	0x201A      	CALL       _Lcd_Cmd
;__Lib_Lcd.c,79 :: 		
0x014B	0x1043      	BCF        __Lib_Lcd_cmd_status, BitPos(__Lib_Lcd_cmd_status+0)
;__Lib_Lcd.c,80 :: 		
0x014C	0x084D      	MOVF       FARG_Lcd_Chr_out_char, 0
0x014D	0x00D4      	MOVWF      FARG_Lcd_Cmd_out_char
0x014E	0x201A      	CALL       _Lcd_Cmd
;__Lib_Lcd.c,81 :: 		
0x014F	0x1443      	BSF        __Lib_Lcd_cmd_status, BitPos(__Lib_Lcd_cmd_status+0)
;__Lib_Lcd.c,82 :: 		
L_end_Lcd_Chr:
0x0150	0x0008      	RETURN
; end of _Lcd_Chr
_Keypad_Key_Click:
;__Lib_Keypad4x4.c,76 :: 		
;__Lib_Keypad4x4.c,80 :: 		
0x0151	0x2062      	CALL       _Keypad_Key_Press
0x0152	0x0870      	MOVF       R0, 0
0x0153	0x00CB      	MOVWF      Keypad_Key_Click_rslt_L0
;__Lib_Keypad4x4.c,82 :: 		
L_Keypad_Key_Click5:
0x0154	0x300F      	MOVLW      15
0x0155	0x0508      	ANDWF      keypadPort, 0
0x0156	0x00F0      	MOVWF      R0
0x0157	0x1903      	BTFSC      STATUS, 2
0x0158	0x295B      	GOTO       L_Keypad_Key_Click6
;__Lib_Keypad4x4.c,83 :: 		
0x0159	0x2091      	CALL       _Delay_10us
0x015A	0x2954      	GOTO       L_Keypad_Key_Click5
L_Keypad_Key_Click6:
;__Lib_Keypad4x4.c,85 :: 		
0x015B	0x084B      	MOVF       Keypad_Key_Click_rslt_L0, 0
0x015C	0x00F0      	MOVWF      R0
;__Lib_Keypad4x4.c,86 :: 		
L_end_Keypad_Key_Click:
0x015D	0x0008      	RETURN
; end of _Keypad_Key_Click
_strcmp:
;__Lib_CString.c,115 :: 		
;__Lib_CString.c,117 :: 		
L_strcmp30:
0x015E	0x1283      	BCF        STATUS, 5
0x015F	0x1303      	BCF        STATUS, 6
0x0160	0x084B      	MOVF       FARG_strcmp_s1, 0
0x0161	0x0084      	MOVWF      FSR
0x0162	0x0800      	MOVF       INDF, 0
0x0163	0x1903      	BTFSC      STATUS, 2
0x0164	0x2972      	GOTO       L_strcmp31
0x0165	0x084B      	MOVF       FARG_strcmp_s1, 0
0x0166	0x0084      	MOVWF      FSR
0x0167	0x0800      	MOVF       INDF, 0
0x0168	0x00F1      	MOVWF      R1
0x0169	0x084C      	MOVF       FARG_strcmp_s2, 0
0x016A	0x0084      	MOVWF      FSR
0x016B	0x0871      	MOVF       R1, 0
0x016C	0x0600      	XORWF      INDF, 0
0x016D	0x1D03      	BTFSS      STATUS, 2
0x016E	0x2972      	GOTO       L_strcmp31
L__strcmp81:
;__Lib_CString.c,118 :: 		
0x016F	0x0ACB      	INCF       FARG_strcmp_s1, 1
0x0170	0x0ACC      	INCF       FARG_strcmp_s2, 1
0x0171	0x295E      	GOTO       L_strcmp30
L_strcmp31:
;__Lib_CString.c,120 :: 		
0x0172	0x084B      	MOVF       FARG_strcmp_s1, 0
0x0173	0x0084      	MOVWF      FSR
0x0174	0x0800      	MOVF       INDF, 0
0x0175	0x00F0      	MOVWF      R0
0x0176	0x084C      	MOVF       FARG_strcmp_s2, 0
0x0177	0x0084      	MOVWF      FSR
0x0178	0x0800      	MOVF       INDF, 0
0x0179	0x02F0      	SUBWF      R0, 1
0x017A	0x01F1      	CLRF       R0+1
0x017B	0x1C03      	BTFSS      STATUS, 0
0x017C	0x03F1      	DECF       R0+1, 1
;__Lib_CString.c,121 :: 		
L_end_strcmp:
0x017D	0x0008      	RETURN
; end of _strcmp
_isdigit:
;__Lib_CType.c,23 :: 		
;__Lib_CType.c,24 :: 		
0x017E	0x1283      	BCF        STATUS, 5
0x017F	0x1303      	BCF        STATUS, 6
0x0180	0x084B      	MOVF       FARG_isdigit_character, 0
0x0181	0x3C39      	SUBLW      57
0x0182	0x1C03      	BTFSS      STATUS, 0
0x0183	0x298B      	GOTO       L_isdigit9
0x0184	0x3030      	MOVLW      48
0x0185	0x024B      	SUBWF      FARG_isdigit_character, 0
0x0186	0x1C03      	BTFSS      STATUS, 0
0x0187	0x298B      	GOTO       L_isdigit9
0x0188	0x3001      	MOVLW      1
0x0189	0x00F0      	MOVWF      R0
0x018A	0x298C      	GOTO       L_isdigit8
L_isdigit9:
0x018B	0x01F0      	CLRF       R0
L_isdigit8:
;__Lib_CType.c,25 :: 		
L_end_isdigit:
0x018C	0x0008      	RETURN
; end of _isdigit
_ByteToStr:
;__Lib_Conversions.c,66 :: 		
;__Lib_Conversions.c,69 :: 		
0x018D	0x1283      	BCF        STATUS, 5
0x018E	0x1303      	BCF        STATUS, 6
0x018F	0x01C6      	CLRF       ByteToStr_DigitPos_L0
L_ByteToStr0:
0x0190	0x3003      	MOVLW      3
0x0191	0x0246      	SUBWF      ByteToStr_DigitPos_L0, 0
0x0192	0x1803      	BTFSC      STATUS, 0
0x0193	0x299B      	GOTO       L_ByteToStr1
;__Lib_Conversions.c,70 :: 		
0x0194	0x0846      	MOVF       ByteToStr_DigitPos_L0, 0
0x0195	0x0745      	ADDWF      FARG_ByteToStr_output, 0
0x0196	0x0084      	MOVWF      FSR
0x0197	0x3020      	MOVLW      32
0x0198	0x0080      	MOVWF      INDF
;__Lib_Conversions.c,69 :: 		
0x0199	0x0AC6      	INCF       ByteToStr_DigitPos_L0, 1
;__Lib_Conversions.c,70 :: 		
0x019A	0x2990      	GOTO       L_ByteToStr0
L_ByteToStr1:
;__Lib_Conversions.c,72 :: 		
0x019B	0x0846      	MOVF       ByteToStr_DigitPos_L0, 0
0x019C	0x0745      	ADDWF      FARG_ByteToStr_output, 0
0x019D	0x0084      	MOVWF      FSR
0x019E	0x0180      	CLRF       INDF
0x019F	0x03C6      	DECF       ByteToStr_DigitPos_L0, 1
;__Lib_Conversions.c,74 :: 		
L_ByteToStr3:
;__Lib_Conversions.c,75 :: 		
0x01A0	0x0846      	MOVF       ByteToStr_DigitPos_L0, 0
0x01A1	0x0745      	ADDWF      FARG_ByteToStr_output, 0
0x01A2	0x00C7      	MOVWF      FLOC__ByteToStr
0x01A3	0x300A      	MOVLW      10
0x01A4	0x00F4      	MOVWF      R4
0x01A5	0x0844      	MOVF       FARG_ByteToStr_input, 0
0x01A6	0x00F0      	MOVWF      R0
0x01A7	0x20CB      	CALL       _Div_8x8_U
0x01A8	0x0878      	MOVF       R8, 0
0x01A9	0x00F0      	MOVWF      R0
0x01AA	0x3030      	MOVLW      48
0x01AB	0x07F0      	ADDWF      R0, 1
0x01AC	0x0847      	MOVF       FLOC__ByteToStr, 0
0x01AD	0x0084      	MOVWF      FSR
0x01AE	0x0870      	MOVF       R0, 0
0x01AF	0x0080      	MOVWF      INDF
;__Lib_Conversions.c,76 :: 		
0x01B0	0x300A      	MOVLW      10
0x01B1	0x00F4      	MOVWF      R4
0x01B2	0x0844      	MOVF       FARG_ByteToStr_input, 0
0x01B3	0x00F0      	MOVWF      R0
0x01B4	0x20CB      	CALL       _Div_8x8_U
0x01B5	0x0870      	MOVF       R0, 0
0x01B6	0x00C4      	MOVWF      FARG_ByteToStr_input
;__Lib_Conversions.c,77 :: 		
0x01B7	0x0870      	MOVF       R0, 0
0x01B8	0x3A00      	XORLW      0
0x01B9	0x1D03      	BTFSS      STATUS, 2
0x01BA	0x29BC      	GOTO       L_ByteToStr5
;__Lib_Conversions.c,78 :: 		
0x01BB	0x29BE      	GOTO       L_ByteToStr4
L_ByteToStr5:
;__Lib_Conversions.c,79 :: 		
0x01BC	0x03C6      	DECF       ByteToStr_DigitPos_L0, 1
;__Lib_Conversions.c,80 :: 		
0x01BD	0x29A0      	GOTO       L_ByteToStr3
L_ByteToStr4:
;__Lib_Conversions.c,81 :: 		
L_end_ByteToStr:
0x01BE	0x0008      	RETURN
; end of _ByteToStr
_atoi:
;__Lib_CStdlib.c,181 :: 		
;__Lib_CStdlib.c,186 :: 		
___atoi_skipws_atoi:
;__Lib_CStdlib.c,187 :: 		
0x01BF	0x1283      	BCF        STATUS, 5
0x01C0	0x1303      	BCF        STATUS, 6
0x01C1	0x0844      	MOVF       FARG_atoi_s, 0
0x01C2	0x0084      	MOVWF      FSR
0x01C3	0x0800      	MOVF       INDF, 0
0x01C4	0x00C5      	MOVWF      atoi_c_L0
0x01C5	0x01C6      	CLRF       atoi_c_L0+1
0x01C6	0x3000      	MOVLW      0
0x01C7	0x00C6      	MOVWF      atoi_c_L0+1
;__Lib_CStdlib.c,188 :: 		
0x01C8	0x3000      	MOVLW      0
0x01C9	0x0646      	XORWF      atoi_c_L0+1, 0
0x01CA	0x1D03      	BTFSS      STATUS, 2
0x01CB	0x29CE      	GOTO       L__atoi99
0x01CC	0x3020      	MOVLW      32
0x01CD	0x0645      	XORWF      atoi_c_L0, 0
L__atoi99:
0x01CE	0x1903      	BTFSC      STATUS, 2
0x01CF	0x29D9      	GOTO       L__atoi90
0x01D0	0x3000      	MOVLW      0
0x01D1	0x0646      	XORWF      atoi_c_L0+1, 0
0x01D2	0x1D03      	BTFSS      STATUS, 2
0x01D3	0x29D6      	GOTO       L__atoi100
0x01D4	0x3009      	MOVLW      9
0x01D5	0x0645      	XORWF      atoi_c_L0, 0
L__atoi100:
0x01D6	0x1903      	BTFSC      STATUS, 2
0x01D7	0x29D9      	GOTO       L__atoi90
0x01D8	0x29DB      	GOTO       L_atoi55
L__atoi90:
;__Lib_CStdlib.c,189 :: 		
0x01D9	0x0AC4      	INCF       FARG_atoi_s, 1
;__Lib_CStdlib.c,190 :: 		
0x01DA	0x29BF      	GOTO       ___atoi_skipws_atoi
;__Lib_CStdlib.c,191 :: 		
L_atoi55:
;__Lib_CStdlib.c,192 :: 		
0x01DB	0x01C7      	CLRF       atoi_a_L0
0x01DC	0x01C8      	CLRF       atoi_a_L0+1
;__Lib_CStdlib.c,193 :: 		
0x01DD	0x01C9      	CLRF       atoi_sign_L0
0x01DE	0x01CA      	CLRF       atoi_sign_L0+1
;__Lib_CStdlib.c,194 :: 		
0x01DF	0x3000      	MOVLW      0
0x01E0	0x0646      	XORWF      atoi_c_L0+1, 0
0x01E1	0x1D03      	BTFSS      STATUS, 2
0x01E2	0x29E5      	GOTO       L__atoi101
0x01E3	0x302D      	MOVLW      45
0x01E4	0x0645      	XORWF      atoi_c_L0, 0
L__atoi101:
0x01E5	0x1D03      	BTFSS      STATUS, 2
0x01E6	0x29EC      	GOTO       L_atoi56
;__Lib_CStdlib.c,195 :: 		
0x01E7	0x0AC9      	INCF       atoi_sign_L0, 1
0x01E8	0x1903      	BTFSC      STATUS, 2
0x01E9	0x0ACA      	INCF       atoi_sign_L0+1, 1
;__Lib_CStdlib.c,196 :: 		
0x01EA	0x0AC4      	INCF       FARG_atoi_s, 1
;__Lib_CStdlib.c,197 :: 		
0x01EB	0x29F5      	GOTO       L_atoi57
L_atoi56:
;__Lib_CStdlib.c,199 :: 		
0x01EC	0x3000      	MOVLW      0
0x01ED	0x0646      	XORWF      atoi_c_L0+1, 0
0x01EE	0x1D03      	BTFSS      STATUS, 2
0x01EF	0x29F2      	GOTO       L__atoi102
0x01F0	0x302B      	MOVLW      43
0x01F1	0x0645      	XORWF      atoi_c_L0, 0
L__atoi102:
0x01F2	0x1D03      	BTFSS      STATUS, 2
0x01F3	0x29F5      	GOTO       L_atoi58
;__Lib_CStdlib.c,200 :: 		
0x01F4	0x0AC4      	INCF       FARG_atoi_s, 1
L_atoi58:
L_atoi57:
;__Lib_CStdlib.c,201 :: 		
___atoi_conv_atoi:
;__Lib_CStdlib.c,202 :: 		
0x01F5	0x0844      	MOVF       FARG_atoi_s, 0
0x01F6	0x0084      	MOVWF      FSR
0x01F7	0x0800      	MOVF       INDF, 0
0x01F8	0x00C5      	MOVWF      atoi_c_L0
0x01F9	0x01C6      	CLRF       atoi_c_L0+1
0x01FA	0x3000      	MOVLW      0
0x01FB	0x00C6      	MOVWF      atoi_c_L0+1
;__Lib_CStdlib.c,203 :: 		
0x01FC	0x0845      	MOVF       atoi_c_L0, 0
0x01FD	0x00CB      	MOVWF      FARG_isdigit_character
0x01FE	0x217E      	CALL       _isdigit
0x01FF	0x0870      	MOVF       R0, 0
0x0200	0x1903      	BTFSC      STATUS, 2
0x0201	0x2A1D      	GOTO       L_atoi59
;__Lib_CStdlib.c,204 :: 		
0x0202	0x0847      	MOVF       atoi_a_L0, 0
0x0203	0x00F0      	MOVWF      R0
0x0204	0x0848      	MOVF       atoi_a_L0+1, 0
0x0205	0x00F1      	MOVWF      R0+1
0x0206	0x300A      	MOVLW      10
0x0207	0x00F4      	MOVWF      R4
0x0208	0x3000      	MOVLW      0
0x0209	0x00F5      	MOVWF      R4+1
0x020A	0x20A0      	CALL       _Mul_16x16_U
0x020B	0x3030      	MOVLW      48
0x020C	0x0245      	SUBWF      atoi_c_L0, 0
0x020D	0x00F2      	MOVWF      R2
0x020E	0x3000      	MOVLW      0
0x020F	0x1C03      	BTFSS      STATUS, 0
0x0210	0x3E01      	ADDLW      1
0x0211	0x0246      	SUBWF      atoi_c_L0+1, 0
0x0212	0x00F3      	MOVWF      R2+1
0x0213	0x0872      	MOVF       R2, 0
0x0214	0x0770      	ADDWF      R0, 0
0x0215	0x00C7      	MOVWF      atoi_a_L0
0x0216	0x0871      	MOVF       R0+1, 0
0x0217	0x1803      	BTFSC      STATUS, 0
0x0218	0x3E01      	ADDLW      1
0x0219	0x0773      	ADDWF      R2+1, 0
0x021A	0x00C8      	MOVWF      atoi_a_L0+1
;__Lib_CStdlib.c,205 :: 		
0x021B	0x0AC4      	INCF       FARG_atoi_s, 1
;__Lib_CStdlib.c,206 :: 		
0x021C	0x29F5      	GOTO       ___atoi_conv_atoi
;__Lib_CStdlib.c,207 :: 		
L_atoi59:
;__Lib_CStdlib.c,208 :: 		
0x021D	0x0849      	MOVF       atoi_sign_L0, 0
0x021E	0x044A      	IORWF      atoi_sign_L0+1, 0
0x021F	0x1903      	BTFSC      STATUS, 2
0x0220	0x2A2A      	GOTO       L_atoi60
;__Lib_CStdlib.c,209 :: 		
0x0221	0x0847      	MOVF       atoi_a_L0, 0
0x0222	0x3C00      	SUBLW      0
0x0223	0x00F0      	MOVWF      R0
0x0224	0x0848      	MOVF       atoi_a_L0+1, 0
0x0225	0x1C03      	BTFSS      STATUS, 0
0x0226	0x3E01      	ADDLW      1
0x0227	0x01F1      	CLRF       R0+1
0x0228	0x02F1      	SUBWF      R0+1, 1
0x0229	0x2A2E      	GOTO       L_end_atoi
L_atoi60:
;__Lib_CStdlib.c,210 :: 		
0x022A	0x0847      	MOVF       atoi_a_L0, 0
0x022B	0x00F0      	MOVWF      R0
0x022C	0x0848      	MOVF       atoi_a_L0+1, 0
0x022D	0x00F1      	MOVWF      R0+1
;__Lib_CStdlib.c,211 :: 		
L_end_atoi:
0x022E	0x0008      	RETURN
; end of _atoi
_get_password:
;keypad.c,26 :: 		char get_password()
;keypad.c,28 :: 		Loop:
___get_password_Loop:
;keypad.c,29 :: 		Lcd_Cmd(_LCD_CLEAR);
0x022F	0x3001      	MOVLW      1
0x0230	0x1283      	BCF        STATUS, 5
0x0231	0x1303      	BCF        STATUS, 6
0x0232	0x00D4      	MOVWF      FARG_Lcd_Cmd_out_char
0x0233	0x201A      	CALL       _Lcd_Cmd
;keypad.c,30 :: 		Lcd_Out(1, 1, "Enter Password :");
0x0234	0x3001      	MOVLW      1
0x0235	0x00CB      	MOVWF      FARG_Lcd_Out_row
0x0236	0x3001      	MOVLW      1
0x0237	0x00CC      	MOVWF      FARG_Lcd_Out_column
0x0238	0x3020      	MOVLW      ?lstr1_keypad
0x0239	0x00CD      	MOVWF      FARG_Lcd_Out_text
0x023A	0x20DC      	CALL       _Lcd_Out
;keypad.c,32 :: 		for(i=0;i<3;i++)
0x023B	0x01BD      	CLRF       _i
0x023C	0x01BE      	CLRF       _i+1
L_get_password0:
0x023D	0x3080      	MOVLW      128
0x023E	0x063E      	XORWF      _i+1, 0
0x023F	0x00F0      	MOVWF      R0
0x0240	0x3080      	MOVLW      128
0x0241	0x0270      	SUBWF      R0, 0
0x0242	0x1D03      	BTFSS      STATUS, 2
0x0243	0x2A46      	GOTO       L__get_password20
0x0244	0x3003      	MOVLW      3
0x0245	0x023D      	SUBWF      _i, 0
L__get_password20:
0x0246	0x1803      	BTFSC      STATUS, 0
0x0247	0x2AD2      	GOTO       L_get_password1
;keypad.c,34 :: 		while (password[i] == 0)
L_get_password3:
0x0248	0x083D      	MOVF       _i, 0
0x0249	0x3E3F      	ADDLW      _password
0x024A	0x0084      	MOVWF      FSR
0x024B	0x0800      	MOVF       INDF, 0
0x024C	0x3A00      	XORLW      0
0x024D	0x1D03      	BTFSS      STATUS, 2
0x024E	0x2A58      	GOTO       L_get_password4
;keypad.c,36 :: 		password[i] = Keypad_Key_Click();
0x024F	0x083D      	MOVF       _i, 0
0x0250	0x3E3F      	ADDLW      _password
0x0251	0x00C4      	MOVWF      FLOC__get_password
0x0252	0x2151      	CALL       _Keypad_Key_Click
0x0253	0x0844      	MOVF       FLOC__get_password, 0
0x0254	0x0084      	MOVWF      FSR
0x0255	0x0870      	MOVF       R0, 0
0x0256	0x0080      	MOVWF      INDF
;keypad.c,37 :: 		}
0x0257	0x2A48      	GOTO       L_get_password3
L_get_password4:
;keypad.c,39 :: 		if(password[i]==1)     password[i]  = '7';
0x0258	0x083D      	MOVF       _i, 0
0x0259	0x3E3F      	ADDLW      _password
0x025A	0x0084      	MOVWF      FSR
0x025B	0x0800      	MOVF       INDF, 0
0x025C	0x3A01      	XORLW      1
0x025D	0x1D03      	BTFSS      STATUS, 2
0x025E	0x2A64      	GOTO       L_get_password5
0x025F	0x083D      	MOVF       _i, 0
0x0260	0x3E3F      	ADDLW      _password
0x0261	0x0084      	MOVWF      FSR
0x0262	0x3037      	MOVLW      55
0x0263	0x0080      	MOVWF      INDF
L_get_password5:
;keypad.c,40 :: 		if(password[i]==2)     password[i]  = '8';
0x0264	0x083D      	MOVF       _i, 0
0x0265	0x3E3F      	ADDLW      _password
0x0266	0x0084      	MOVWF      FSR
0x0267	0x0800      	MOVF       INDF, 0
0x0268	0x3A02      	XORLW      2
0x0269	0x1D03      	BTFSS      STATUS, 2
0x026A	0x2A70      	GOTO       L_get_password6
0x026B	0x083D      	MOVF       _i, 0
0x026C	0x3E3F      	ADDLW      _password
0x026D	0x0084      	MOVWF      FSR
0x026E	0x3038      	MOVLW      56
0x026F	0x0080      	MOVWF      INDF
L_get_password6:
;keypad.c,41 :: 		if(password[i]==3)     password[i]  = '9';
0x0270	0x083D      	MOVF       _i, 0
0x0271	0x3E3F      	ADDLW      _password
0x0272	0x0084      	MOVWF      FSR
0x0273	0x0800      	MOVF       INDF, 0
0x0274	0x3A03      	XORLW      3
0x0275	0x1D03      	BTFSS      STATUS, 2
0x0276	0x2A7C      	GOTO       L_get_password7
0x0277	0x083D      	MOVF       _i, 0
0x0278	0x3E3F      	ADDLW      _password
0x0279	0x0084      	MOVWF      FSR
0x027A	0x3039      	MOVLW      57
0x027B	0x0080      	MOVWF      INDF
L_get_password7:
;keypad.c,42 :: 		if(password[i]==5)     password[i]  = '4';
0x027C	0x083D      	MOVF       _i, 0
0x027D	0x3E3F      	ADDLW      _password
0x027E	0x0084      	MOVWF      FSR
0x027F	0x0800      	MOVF       INDF, 0
0x0280	0x3A05      	XORLW      5
0x0281	0x1D03      	BTFSS      STATUS, 2
0x0282	0x2A88      	GOTO       L_get_password8
0x0283	0x083D      	MOVF       _i, 0
0x0284	0x3E3F      	ADDLW      _password
0x0285	0x0084      	MOVWF      FSR
0x0286	0x3034      	MOVLW      52
0x0287	0x0080      	MOVWF      INDF
L_get_password8:
;keypad.c,43 :: 		if(password[i]==6)     password[i]  = '5';
0x0288	0x083D      	MOVF       _i, 0
0x0289	0x3E3F      	ADDLW      _password
0x028A	0x0084      	MOVWF      FSR
0x028B	0x0800      	MOVF       INDF, 0
0x028C	0x3A06      	XORLW      6
0x028D	0x1D03      	BTFSS      STATUS, 2
0x028E	0x2A94      	GOTO       L_get_password9
0x028F	0x083D      	MOVF       _i, 0
0x0290	0x3E3F      	ADDLW      _password
0x0291	0x0084      	MOVWF      FSR
0x0292	0x3035      	MOVLW      53
0x0293	0x0080      	MOVWF      INDF
L_get_password9:
;keypad.c,44 :: 		if(password[i]==7)     password[i]  = '6';
0x0294	0x083D      	MOVF       _i, 0
0x0295	0x3E3F      	ADDLW      _password
0x0296	0x0084      	MOVWF      FSR
0x0297	0x0800      	MOVF       INDF, 0
0x0298	0x3A07      	XORLW      7
0x0299	0x1D03      	BTFSS      STATUS, 2
0x029A	0x2AA0      	GOTO       L_get_password10
0x029B	0x083D      	MOVF       _i, 0
0x029C	0x3E3F      	ADDLW      _password
0x029D	0x0084      	MOVWF      FSR
0x029E	0x3036      	MOVLW      54
0x029F	0x0080      	MOVWF      INDF
L_get_password10:
;keypad.c,45 :: 		if(password[i]==9)     password[i]  = '1';
0x02A0	0x083D      	MOVF       _i, 0
0x02A1	0x3E3F      	ADDLW      _password
0x02A2	0x0084      	MOVWF      FSR
0x02A3	0x0800      	MOVF       INDF, 0
0x02A4	0x3A09      	XORLW      9
0x02A5	0x1D03      	BTFSS      STATUS, 2
0x02A6	0x2AAC      	GOTO       L_get_password11
0x02A7	0x083D      	MOVF       _i, 0
0x02A8	0x3E3F      	ADDLW      _password
0x02A9	0x0084      	MOVWF      FSR
0x02AA	0x3031      	MOVLW      49
0x02AB	0x0080      	MOVWF      INDF
L_get_password11:
;keypad.c,46 :: 		if(password[i]==10)    password[i]  = '2';
0x02AC	0x083D      	MOVF       _i, 0
0x02AD	0x3E3F      	ADDLW      _password
0x02AE	0x0084      	MOVWF      FSR
0x02AF	0x0800      	MOVF       INDF, 0
0x02B0	0x3A0A      	XORLW      10
0x02B1	0x1D03      	BTFSS      STATUS, 2
0x02B2	0x2AB8      	GOTO       L_get_password12
0x02B3	0x083D      	MOVF       _i, 0
0x02B4	0x3E3F      	ADDLW      _password
0x02B5	0x0084      	MOVWF      FSR
0x02B6	0x3032      	MOVLW      50
0x02B7	0x0080      	MOVWF      INDF
L_get_password12:
;keypad.c,47 :: 		if(password[i]==11)    password[i]  = '3';
0x02B8	0x083D      	MOVF       _i, 0
0x02B9	0x3E3F      	ADDLW      _password
0x02BA	0x0084      	MOVWF      FSR
0x02BB	0x0800      	MOVF       INDF, 0
0x02BC	0x3A0B      	XORLW      11
0x02BD	0x1D03      	BTFSS      STATUS, 2
0x02BE	0x2AC4      	GOTO       L_get_password13
0x02BF	0x083D      	MOVF       _i, 0
0x02C0	0x3E3F      	ADDLW      _password
0x02C1	0x0084      	MOVWF      FSR
0x02C2	0x3033      	MOVLW      51
0x02C3	0x0080      	MOVWF      INDF
L_get_password13:
;keypad.c,48 :: 		Lcd_Chr(2, i+1, password[i]);
0x02C4	0x3002      	MOVLW      2
0x02C5	0x00CB      	MOVWF      FARG_Lcd_Chr_row
0x02C6	0x0A3D      	INCF       _i, 0
0x02C7	0x00CC      	MOVWF      FARG_Lcd_Chr_column
0x02C8	0x083D      	MOVF       _i, 0
0x02C9	0x3E3F      	ADDLW      _password
0x02CA	0x0084      	MOVWF      FSR
0x02CB	0x0800      	MOVF       INDF, 0
0x02CC	0x00CD      	MOVWF      FARG_Lcd_Chr_out_char
0x02CD	0x211C      	CALL       _Lcd_Chr
;keypad.c,32 :: 		for(i=0;i<3;i++)
0x02CE	0x0ABD      	INCF       _i, 1
0x02CF	0x1903      	BTFSC      STATUS, 2
0x02D0	0x0ABE      	INCF       _i+1, 1
;keypad.c,49 :: 		}
0x02D1	0x2A3D      	GOTO       L_get_password0
L_get_password1:
;keypad.c,50 :: 		if(strcmp(password,"123") == 0) {return 1;}
0x02D2	0x303F      	MOVLW      _password
0x02D3	0x00CB      	MOVWF      FARG_strcmp_s1
0x02D4	0x3031      	MOVLW      ?lstr2_keypad
0x02D5	0x00CC      	MOVWF      FARG_strcmp_s2
0x02D6	0x215E      	CALL       _strcmp
0x02D7	0x3000      	MOVLW      0
0x02D8	0x0671      	XORWF      R0+1, 0
0x02D9	0x1D03      	BTFSS      STATUS, 2
0x02DA	0x2ADD      	GOTO       L__get_password21
0x02DB	0x3000      	MOVLW      0
0x02DC	0x0670      	XORWF      R0, 0
L__get_password21:
0x02DD	0x1D03      	BTFSS      STATUS, 2
0x02DE	0x2AE2      	GOTO       L_get_password14
0x02DF	0x3001      	MOVLW      1
0x02E0	0x00F0      	MOVWF      R0
0x02E1	0x2AE3      	GOTO       L_end_get_password
L_get_password14:
;keypad.c,51 :: 		else   {    goto Loop;    }
0x02E2	0x2A2F      	GOTO       ___get_password_Loop
;keypad.c,52 :: 		}
L_end_get_password:
0x02E3	0x0008      	RETURN
; end of _get_password
_Lcd_Init:
;__Lib_Lcd.c,84 :: 		
;__Lib_Lcd.c,86 :: 		
0x02E4	0x1683      	BSF        STATUS, 5
0x02E5	0x1303      	BCF        STATUS, 6
0x02E6	0x1286      	BCF        LCD_EN_Direction, BitPos(LCD_EN_Direction+0)
;__Lib_Lcd.c,87 :: 		
0x02E7	0x1206      	BCF        LCD_RS_Direction, BitPos(LCD_RS_Direction+0)
;__Lib_Lcd.c,88 :: 		
0x02E8	0x1006      	BCF        LCD_D4_Direction, BitPos(LCD_D4_Direction+0)
;__Lib_Lcd.c,89 :: 		
0x02E9	0x1086      	BCF        LCD_D5_Direction, BitPos(LCD_D5_Direction+0)
;__Lib_Lcd.c,90 :: 		
0x02EA	0x1106      	BCF        LCD_D6_Direction, BitPos(LCD_D6_Direction+0)
;__Lib_Lcd.c,91 :: 		
0x02EB	0x1186      	BCF        LCD_D7_Direction, BitPos(LCD_D7_Direction+0)
;__Lib_Lcd.c,93 :: 		
0x02EC	0x1283      	BCF        STATUS, 5
0x02ED	0x1286      	BCF        LCD_EN, BitPos(LCD_EN+0)
;__Lib_Lcd.c,94 :: 		
0x02EE	0x1206      	BCF        LCD_RS, BitPos(LCD_RS+0)
;__Lib_Lcd.c,95 :: 		
0x02EF	0x1186      	BCF        LCD_D7, BitPos(LCD_D7+0)
;__Lib_Lcd.c,96 :: 		
0x02F0	0x1106      	BCF        LCD_D6, BitPos(LCD_D6+0)
;__Lib_Lcd.c,97 :: 		
0x02F1	0x1086      	BCF        LCD_D5, BitPos(LCD_D5+0)
;__Lib_Lcd.c,98 :: 		
0x02F2	0x1006      	BCF        LCD_D4, BitPos(LCD_D4+0)
;__Lib_Lcd.c,100 :: 		
0x02F3	0x2006      	CALL       _Delay_5500us
;__Lib_Lcd.c,101 :: 		
0x02F4	0x2006      	CALL       _Delay_5500us
;__Lib_Lcd.c,102 :: 		
0x02F5	0x2006      	CALL       _Delay_5500us
;__Lib_Lcd.c,105 :: 		
0x02F6	0x1486      	BSF        LCD_D5, BitPos(LCD_D5+0)
;__Lib_Lcd.c,106 :: 		
0x02F7	0x1406      	BSF        LCD_D4, BitPos(LCD_D4+0)
;__Lib_Lcd.c,107 :: 		
0x02F8	0x1686      	BSF        LCD_EN, BitPos(LCD_EN+0)
;__Lib_Lcd.c,108 :: 		
0x02F9	0x2003      	CALL       _Delay_1us
;__Lib_Lcd.c,109 :: 		
0x02FA	0x1286      	BCF        LCD_EN, BitPos(LCD_EN+0)
;__Lib_Lcd.c,110 :: 		
0x02FB	0x2006      	CALL       _Delay_5500us
;__Lib_Lcd.c,112 :: 		
0x02FC	0x1686      	BSF        LCD_EN, BitPos(LCD_EN+0)
;__Lib_Lcd.c,113 :: 		
0x02FD	0x2003      	CALL       _Delay_1us
;__Lib_Lcd.c,114 :: 		
0x02FE	0x1286      	BCF        LCD_EN, BitPos(LCD_EN+0)
;__Lib_Lcd.c,115 :: 		
0x02FF	0x2006      	CALL       _Delay_5500us
;__Lib_Lcd.c,117 :: 		
0x0300	0x1686      	BSF        LCD_EN, BitPos(LCD_EN+0)
;__Lib_Lcd.c,118 :: 		
0x0301	0x2003      	CALL       _Delay_1us
;__Lib_Lcd.c,119 :: 		
0x0302	0x1286      	BCF        LCD_EN, BitPos(LCD_EN+0)
;__Lib_Lcd.c,120 :: 		
0x0303	0x2006      	CALL       _Delay_5500us
;__Lib_Lcd.c,123 :: 		
0x0304	0x1006      	BCF        LCD_D4, BitPos(LCD_D4+0)
;__Lib_Lcd.c,124 :: 		
0x0305	0x1686      	BSF        LCD_EN, BitPos(LCD_EN+0)
;__Lib_Lcd.c,125 :: 		
0x0306	0x2003      	CALL       _Delay_1us
;__Lib_Lcd.c,126 :: 		
0x0307	0x1286      	BCF        LCD_EN, BitPos(LCD_EN+0)
;__Lib_Lcd.c,127 :: 		
0x0308	0x2006      	CALL       _Delay_5500us
;__Lib_Lcd.c,130 :: 		
0x0309	0x1686      	BSF        LCD_EN, BitPos(LCD_EN+0)
;__Lib_Lcd.c,131 :: 		
0x030A	0x2003      	CALL       _Delay_1us
;__Lib_Lcd.c,132 :: 		
0x030B	0x1286      	BCF        LCD_EN, BitPos(LCD_EN+0)
;__Lib_Lcd.c,134 :: 		
0x030C	0x1086      	BCF        LCD_D5, BitPos(LCD_D5+0)
;__Lib_Lcd.c,135 :: 		
0x030D	0x1586      	BSF        LCD_D7, BitPos(LCD_D7+0)
;__Lib_Lcd.c,136 :: 		
0x030E	0x1686      	BSF        LCD_EN, BitPos(LCD_EN+0)
;__Lib_Lcd.c,137 :: 		
0x030F	0x2003      	CALL       _Delay_1us
;__Lib_Lcd.c,138 :: 		
0x0310	0x1286      	BCF        LCD_EN, BitPos(LCD_EN+0)
;__Lib_Lcd.c,139 :: 		
0x0311	0x2006      	CALL       _Delay_5500us
;__Lib_Lcd.c,142 :: 		
0x0312	0x1186      	BCF        LCD_D7, BitPos(LCD_D7+0)
;__Lib_Lcd.c,143 :: 		
0x0313	0x1406      	BSF        LCD_D4, BitPos(LCD_D4+0)
;__Lib_Lcd.c,144 :: 		
0x0314	0x1686      	BSF        LCD_EN, BitPos(LCD_EN+0)
;__Lib_Lcd.c,145 :: 		
0x0315	0x2003      	CALL       _Delay_1us
;__Lib_Lcd.c,146 :: 		
0x0316	0x1286      	BCF        LCD_EN, BitPos(LCD_EN+0)
;__Lib_Lcd.c,148 :: 		
0x0317	0x1006      	BCF        LCD_D4, BitPos(LCD_D4+0)
;__Lib_Lcd.c,149 :: 		
0x0318	0x1686      	BSF        LCD_EN, BitPos(LCD_EN+0)
;__Lib_Lcd.c,150 :: 		
0x0319	0x2003      	CALL       _Delay_1us
;__Lib_Lcd.c,151 :: 		
0x031A	0x1286      	BCF        LCD_EN, BitPos(LCD_EN+0)
;__Lib_Lcd.c,152 :: 		
0x031B	0x2006      	CALL       _Delay_5500us
;__Lib_Lcd.c,155 :: 		
0x031C	0x1686      	BSF        LCD_EN, BitPos(LCD_EN+0)
;__Lib_Lcd.c,156 :: 		
0x031D	0x2003      	CALL       _Delay_1us
;__Lib_Lcd.c,157 :: 		
0x031E	0x1286      	BCF        LCD_EN, BitPos(LCD_EN+0)
;__Lib_Lcd.c,159 :: 		
0x031F	0x1406      	BSF        LCD_D4, BitPos(LCD_D4+0)
;__Lib_Lcd.c,160 :: 		
0x0320	0x1686      	BSF        LCD_EN, BitPos(LCD_EN+0)
;__Lib_Lcd.c,161 :: 		
0x0321	0x2003      	CALL       _Delay_1us
;__Lib_Lcd.c,162 :: 		
0x0322	0x1286      	BCF        LCD_EN, BitPos(LCD_EN+0)
;__Lib_Lcd.c,163 :: 		
0x0323	0x2006      	CALL       _Delay_5500us
;__Lib_Lcd.c,166 :: 		
0x0324	0x1006      	BCF        LCD_D4, BitPos(LCD_D4+0)
;__Lib_Lcd.c,167 :: 		
0x0325	0x1686      	BSF        LCD_EN, BitPos(LCD_EN+0)
;__Lib_Lcd.c,168 :: 		
0x0326	0x2003      	CALL       _Delay_1us
;__Lib_Lcd.c,169 :: 		
0x0327	0x1286      	BCF        LCD_EN, BitPos(LCD_EN+0)
;__Lib_Lcd.c,171 :: 		
0x0328	0x1586      	BSF        LCD_D7, BitPos(LCD_D7+0)
;__Lib_Lcd.c,172 :: 		
0x0329	0x1506      	BSF        LCD_D6, BitPos(LCD_D6+0)
;__Lib_Lcd.c,173 :: 		
0x032A	0x1486      	BSF        LCD_D5, BitPos(LCD_D5+0)
;__Lib_Lcd.c,174 :: 		
0x032B	0x1406      	BSF        LCD_D4, BitPos(LCD_D4+0)
;__Lib_Lcd.c,175 :: 		
0x032C	0x1686      	BSF        LCD_EN, BitPos(LCD_EN+0)
;__Lib_Lcd.c,176 :: 		
0x032D	0x2003      	CALL       _Delay_1us
;__Lib_Lcd.c,177 :: 		
0x032E	0x1286      	BCF        LCD_EN, BitPos(LCD_EN+0)
;__Lib_Lcd.c,179 :: 		
0x032F	0x2006      	CALL       _Delay_5500us
;__Lib_Lcd.c,181 :: 		
0x0330	0x1443      	BSF        __Lib_Lcd_cmd_status, BitPos(__Lib_Lcd_cmd_status+0)
;__Lib_Lcd.c,182 :: 		
L_end_Lcd_Init:
0x0331	0x0008      	RETURN
; end of _Lcd_Init
___CC2DW:
;__Lib_System.c,134 :: 		
;__Lib_System.c,137 :: 		
_CC2D_Loop1:
;__Lib_System.c,139 :: 		
0x0332	0x2099      	CALL       _____DoICP
0x0333	0x118A      	BCF        PCLATH, 3
0x0334	0x120A      	BCF        PCLATH, 4
;__Lib_System.c,141 :: 		
0x0335	0x0080      	MOVWF      INDF
;__Lib_System.c,142 :: 		
0x0336	0x0A84      	INCF       FSR, 1
;__Lib_System.c,143 :: 		
0x0337	0x0AB5      	INCF       ___DoICPAddr, 1
;__Lib_System.c,145 :: 		
0x0338	0x1903      	BTFSC      STATUS, 2
;__Lib_System.c,146 :: 		
0x0339	0x0AB6      	INCF       ___DoICPAddr+1, 1
;__Lib_System.c,147 :: 		
0x033A	0x03F0      	DECF       R0, 1
;__Lib_System.c,149 :: 		
0x033B	0x1D03      	BTFSS      STATUS, 2
;__Lib_System.c,150 :: 		
0x033C	0x2B32      	GOTO       _CC2D_Loop1
;__Lib_System.c,152 :: 		
L_end___CC2DW:
0x033D	0x0008      	RETURN
; end of ___CC2DW
_Keypad_Init:
;__Lib_Keypad4x4.c,33 :: 		
;__Lib_Keypad4x4.c,34 :: 		
0x033E	0x30FF      	MOVLW      255
0x033F	0x1683      	BSF        STATUS, 5
0x0340	0x1303      	BCF        STATUS, 6
0x0341	0x0088      	MOVWF      keypadPort+128
;__Lib_Keypad4x4.c,35 :: 		
L_end_Keypad_Init:
0x0342	0x0008      	RETURN
; end of _Keypad_Init
_main:
0x0343	0x3045      	MOVLW      69
0x0344	0x1283      	BCF        STATUS, 5
0x0345	0x1303      	BCF        STATUS, 6
0x0346	0x00A0      	MOVWF      ?lstr1_keypad
0x0347	0x306E      	MOVLW      110
0x0348	0x00A1      	MOVWF      33
0x0349	0x3074      	MOVLW      116
0x034A	0x00A2      	MOVWF      34
0x034B	0x3065      	MOVLW      101
0x034C	0x00A3      	MOVWF      35
0x034D	0x3072      	MOVLW      114
0x034E	0x00A4      	MOVWF      36
0x034F	0x3020      	MOVLW      32
0x0350	0x00A5      	MOVWF      37
0x0351	0x3050      	MOVLW      80
0x0352	0x00A6      	MOVWF      38
0x0353	0x3061      	MOVLW      97
0x0354	0x00A7      	MOVWF      39
0x0355	0x3073      	MOVLW      115
0x0356	0x00A8      	MOVWF      40
0x0357	0x3073      	MOVLW      115
0x0358	0x00A9      	MOVWF      41
0x0359	0x3077      	MOVLW      119
0x035A	0x00AA      	MOVWF      42
0x035B	0x306F      	MOVLW      111
0x035C	0x00AB      	MOVWF      43
0x035D	0x3072      	MOVLW      114
0x035E	0x00AC      	MOVWF      44
0x035F	0x3064      	MOVLW      100
0x0360	0x00AD      	MOVWF      45
0x0361	0x3020      	MOVLW      32
0x0362	0x00AE      	MOVWF      46
0x0363	0x303A      	MOVLW      58
0x0364	0x00AF      	MOVWF      47
0x0365	0x01B0      	CLRF       48
0x0366	0x3031      	MOVLW      49
0x0367	0x00B1      	MOVWF      ?lstr2_keypad
0x0368	0x3032      	MOVLW      50
0x0369	0x00B2      	MOVWF      50
0x036A	0x3033      	MOVLW      51
0x036B	0x00B3      	MOVWF      51
0x036C	0x01B4      	CLRF       52
;keypad.c,54 :: 		void main()
;keypad.c,56 :: 		ANSEL=0;
0x036D	0x1683      	BSF        STATUS, 5
0x036E	0x1703      	BSF        STATUS, 6
0x036F	0x0188      	CLRF       ANSEL
;keypad.c,57 :: 		ANSELH=0;
0x0370	0x0189      	CLRF       ANSELH
;keypad.c,58 :: 		trisc.b0=0;    portc.b0=0;
0x0371	0x1303      	BCF        STATUS, 6
0x0372	0x1007      	BCF        TRISC, 0
0x0373	0x1283      	BCF        STATUS, 5
0x0374	0x1007      	BCF        PORTC, 0
;keypad.c,59 :: 		Lcd_Init();    keypad_Init();
0x0375	0x22E4      	CALL       _Lcd_Init
0x0376	0x233E      	CALL       _Keypad_Init
;keypad.c,60 :: 		Lcd_Cmd(_LCD_CURSOR_OFF);
0x0377	0x300C      	MOVLW      12
0x0378	0x1283      	BCF        STATUS, 5
0x0379	0x00D4      	MOVWF      FARG_Lcd_Cmd_out_char
0x037A	0x201A      	CALL       _Lcd_Cmd
;keypad.c,62 :: 		get_password();
0x037B	0x222F      	CALL       _get_password
;keypad.c,63 :: 		result = atoi(password);         // string to intiger
0x037C	0x303F      	MOVLW      _password
0x037D	0x00C4      	MOVWF      FARG_atoi_s
0x037E	0x21BF      	CALL       _atoi
0x037F	0x0870      	MOVF       R0, 0
0x0380	0x00B7      	MOVWF      _result
0x0381	0x0871      	MOVF       R0+1, 0
0x0382	0x00B8      	MOVWF      _result+1
;keypad.c,64 :: 		ByteToStr(result, txt);            // intiger to string
0x0383	0x0870      	MOVF       R0, 0
0x0384	0x00C4      	MOVWF      FARG_ByteToStr_input
0x0385	0x3039      	MOVLW      _txt
0x0386	0x00C5      	MOVWF      FARG_ByteToStr_output
0x0387	0x218D      	CALL       _ByteToStr
;keypad.c,65 :: 		while(1)
L_main16:
;keypad.c,67 :: 		Lcd_Cmd(_LCD_CLEAR);
0x0388	0x3001      	MOVLW      1
0x0389	0x00D4      	MOVWF      FARG_Lcd_Cmd_out_char
0x038A	0x201A      	CALL       _Lcd_Cmd
;keypad.c,68 :: 		Lcd_Out(1,2 , txt);
0x038B	0x3001      	MOVLW      1
0x038C	0x00CB      	MOVWF      FARG_Lcd_Out_row
0x038D	0x3002      	MOVLW      2
0x038E	0x00CC      	MOVWF      FARG_Lcd_Out_column
0x038F	0x3039      	MOVLW      _txt
0x0390	0x00CD      	MOVWF      FARG_Lcd_Out_text
0x0391	0x20DC      	CALL       _Lcd_Out
;keypad.c,69 :: 		portc.b0 = ~ portc.b0;
0x0392	0x3001      	MOVLW      1
0x0393	0x0687      	XORWF      PORTC, 1
;keypad.c,70 :: 		delay_ms(1000);
0x0394	0x300B      	MOVLW      11
0x0395	0x00FB      	MOVWF      R11
0x0396	0x3026      	MOVLW      38
0x0397	0x00FC      	MOVWF      R12
0x0398	0x305D      	MOVLW      93
0x0399	0x00FD      	MOVWF      R13
L_main18:
0x039A	0x0BFD      	DECFSZ     R13, 1
0x039B	0x2B9A      	GOTO       L_main18
0x039C	0x0BFC      	DECFSZ     R12, 1
0x039D	0x2B9A      	GOTO       L_main18
0x039E	0x0BFB      	DECFSZ     R11, 1
0x039F	0x2B9A      	GOTO       L_main18
0x03A0	0x0000      	NOP
0x03A1	0x0000      	NOP
;keypad.c,71 :: 		}
0x03A2	0x2B88      	GOTO       L_main16
;keypad.c,72 :: 		}
L_end_main:
0x03A3	0x2BA3      	GOTO       $+0
; end of _main
Symbol List:
//** Routines locations **
//ADDRESS    SIZE    PROCEDURE
//----------------------------------------------
0x0003       [3]    _Delay_1us
0x0006      [13]    _Delay_5500us
0x0013       [7]    _Delay_50us
0x001A      [64]    _Lcd_Cmd
0x005A       [8]    _Lcd_Chr_CP
0x0062      [47]    _Keypad_Key_Press
0x0091       [8]    _Delay_10us
0x0099       [7]    _____DoICP
0x00A0      [43]    _Mul_16x16_U
0x00CB      [17]    _Div_8x8_U
0x00DC      [64]    _Lcd_Out
0x011C      [53]    _Lcd_Chr
0x0151      [13]    _Keypad_Key_Click
0x015E      [32]    _strcmp
0x017E      [15]    _isdigit
0x018D      [50]    _ByteToStr
0x01BF     [112]    _atoi
0x022F     [181]    _get_password
0x02E4      [78]    _Lcd_Init
0x0332      [12]    ___CC2DW
0x033E       [5]    _Keypad_Init
0x0343      [97]    _main
//** Variables locations ** 
//ADDRESS    SIZE    VARIABLE
//----------------------------------------------
0x0000       [1]    INDF
0x0002       [1]    PCL
0x0003       [1]    STATUS
0x0004       [1]    FSR
0x0006       [0]    LCD_D4
0x0006       [0]    LCD_EN
0x0006       [0]    LCD_RS
0x0006       [0]    LCD_D7
0x0006       [0]    LCD_D6
0x0006       [0]    LCD_D5
0x0006       [0]    RB4_bit
0x0006       [0]    RB0_bit
0x0006       [0]    RB5_bit
0x0006       [0]    RB1_bit
0x0006       [0]    RB2_bit
0x0006       [0]    RB3_bit
0x0007       [1]    PORTC
0x0008       [1]    keypadPort
0x0008       [1]    PORTD
0x000A       [1]    PCLATH
0x0020      [17]    ?lstr1_keypad
0x0031       [4]    ?lstr2_keypad
0x0035       [2]    ___DoICPAddr
0x0037       [2]    _result
0x0039       [4]    _txt
0x003D       [2]    _i
0x003F       [4]    _password
0x0043       [0]    __Lib_Lcd_cmd_status
0x0044       [1]    FARG_atoi_s
0x0044       [1]    FARG_ByteToStr_input
0x0044       [1]    FLOC__get_password
0x0045       [2]    atoi_c_L0
0x0045       [1]    FARG_ByteToStr_output
0x0046       [1]    ByteToStr_DigitPos_L0
0x0047       [1]    FLOC__ByteToStr
0x0047       [2]    atoi_a_L0
0x0049       [2]    atoi_sign_L0
0x004B       [1]    FARG_Lcd_Out_row
0x004B       [1]    Keypad_Key_Click_rslt_L0
0x004B       [1]    FARG_isdigit_character
0x004B       [1]    FARG_Lcd_Chr_row
0x004B       [1]    FARG_strcmp_s1
0x004C       [1]    FARG_strcmp_s2
0x004C       [1]    FARG_Lcd_Chr_column
0x004C       [1]    FARG_Lcd_Out_column
0x004D       [1]    FARG_Lcd_Chr_out_char
0x004D       [1]    FARG_Lcd_Out_text
0x004E       [1]    Lcd_Out_i_L0
0x004F       [1]    Keypad_Key_Press_rslt_L0
0x004F       [1]    FARG_Lcd_Chr_CP_out_char
0x0050       [1]    Keypad_Key_Press_kdata_L0
0x0051       [1]    Keypad_Key_Press_loc_L0
0x0052       [1]    Keypad_Key_Press_rowcnt_L0
0x0053       [1]    Keypad_Key_Press_shifter_L0
0x0054       [1]    FARG_Lcd_Cmd_out_char
0x0070       [1]    R0
0x0071       [1]    R1
0x0072       [1]    R2
0x0073       [1]    R3
0x0074       [1]    R4
0x0075       [1]    R5
0x0076       [1]    R6
0x0077       [1]    R7
0x0078       [1]    R8
0x0079       [1]    R9
0x007A       [1]    R10
0x007B       [1]    R11
0x007C       [1]    R12
0x007D       [1]    R13
0x007E       [1]    R14
0x007F       [1]    R15
0x0086       [0]    LCD_D4_Direction
0x0086       [0]    TRISB2_bit
0x0086       [0]    LCD_RS_Direction
0x0086       [0]    LCD_EN_Direction
0x0086       [0]    LCD_D5_Direction
0x0086       [0]    TRISB1_bit
0x0086       [0]    TRISB0_bit
0x0086       [0]    LCD_D6_Direction
0x0086       [0]    LCD_D7_Direction
0x0086       [0]    TRISB5_bit
0x0086       [0]    TRISB4_bit
0x0086       [0]    TRISB3_bit
0x0087       [1]    TRISC
0x0188       [1]    ANSEL
0x0189       [1]    ANSELH
//** Label List: ** 
//----------------------------------------------
  ___get_password_Loop
  L_get_password0
  L_get_password1
  L_get_password2
  L_get_password3
  L_get_password4
  L_get_password5
  L_get_password6
  L_get_password7
  L_get_password8
  L_get_password9
  L_get_password10
  L_get_password11
  L_get_password12
  L_get_password13
  L_get_password14
  L_get_password15
  L_main16
  L_main17
  L_main18
  L_end_get_password
  _get_password
  L__get_password20
  L__get_password21
  L_end_main
  _main
  L_ByteToStr0
  L_ByteToStr1
  L_ByteToStr2
  L_ByteToStr3
  L_ByteToStr4
  L_ByteToStr5
  L_WordToStr6
  L_WordToStr7
  L_WordToStr8
  L_WordToStr9
  L_WordToStr10
  L_WordToStr11
  L_WordToStrWithZeros12
  L_WordToStrWithZeros13
  L_WordToStrWithZeros14
  L_WordToStrWithZeros15
  L_WordToStrWithZeros16
  L_ShortToStr17
  L_ShortToStr18
  L_ShortToStr19
  L_ShortToStr20
  L_ShortToStr21
  L_ShortToStr22
  L_IntToStr23
  L_IntToStr24
  L_IntToStr25
  L_IntToStr26
  L_IntToStr27
  L_IntToStr28
  L_IntToStrWithZeros29
  L_IntToStrWithZeros30
  L_IntToStrWithZeros31
  L_IntToStrWithZeros32
  L_IntToStrWithZeros33
  L_IntToStrWithZeros34
  L_IntToStrWithZeros35
  L_IntToStrWithZeros36
  L_IntToStrWithZeros37
  L_LongWordToStr38
  L_LongWordToStr39
  L_LongWordToStr40
  L_LongWordToStr41
  L_LongWordToStr42
  L_LongWordToStr43
  L_LongWordToStrWithZeros44
  L_LongWordToStrWithZeros45
  L_LongWordToStrWithZeros46
  L_LongWordToStrWithZeros47
  L_LongWordToStrWithZeros48
  L_LongToStr49
  L_LongToStr50
  L_LongToStr51
  L_LongToStr52
  L_LongToStr53
  L_LongToStr54
  L_LongIntToStrWithZeros55
  L_LongIntToStrWithZeros56
  L_LongIntToStrWithZeros57
  L_LongIntToStrWithZeros58
  L_LongIntToStrWithZeros59
  L_LongIntToStrWithZeros60
  L_LongIntToStrWithZeros61
  L_LongIntToStrWithZeros62
  L_LongIntToStrWithZeros63
  L_Dec2Bcd64
  L_Dec2Bcd65
  L_Rtrim66
  L_Rtrim67
  L_Rtrim68
  L_Rtrim69
  L_Ltrim70
  L_Ltrim71
  L_Ltrim72
  L_Ltrim73
  L_Ltrim74
  L_Ltrim75
  L_FloatToStr76
  L_FloatToStr77
  L_FloatToStr78
  L_FloatToStr79
  L_FloatToStr80
  L_FloatToStr81
  L_FloatToStr82
  L_FloatToStr83
  L_FloatToStr84
  L_FloatToStr85
  L_FloatToStr86
  L_FloatToStr87
  L_FloatToStr88
  L_FloatToStr89
  L_FloatToStr90
  L_FloatToStr91
  L_FloatToStr92
  L_FloatToStr93
  L_FloatToStr94
  L_FloatToStr95
  L_FloatToStr96
  L_FloatToStr97
  L__Rtrim98
  L__Ltrim99
  L__FloatToStr100
  L_end_ByteToHex
  _ByteToHex
  L_end_ShortToHex
  _ShortToHex
  L_end_WordToHex
  _WordToHex
  L_end_IntToHex
  _IntToHex
  L_end_LongWordToHex
  _LongWordToHex
  L_end_LongIntToHex
  _LongIntToHex
  L_end_ByteToStr
  _ByteToStr
  L_end_WordToStr
  _WordToStr
  L__WordToStr109
  L_end_WordToStrWithZeros
  _WordToStrWithZeros
  L__WordToStrWithZeros111
  L_end_ShortToStr
  _ShortToStr
  L__ShortToStr113
  L_end_IntToStr
  _IntToStr
  L__IntToStr115
  L__IntToStr116
  L_end_IntToStrWithZeros
  _IntToStrWithZeros
  L__IntToStrWithZeros118
  L__IntToStrWithZeros119
  L__IntToStrWithZeros120
  L_end_LongWordToStr
  _LongWordToStr
  L__LongWordToStr122
  L__LongWordToStr123
  L_end_LongWordToStrWithZeros
  _LongWordToStrWithZeros
  L__LongWordToStrWithZeros125
  L_end_LongToStr
  _LongToStr
  L__LongToStr127
  L__LongToStr128
  L_end_LongIntToStrWithZeros
  _LongIntToStrWithZeros
  L__LongIntToStrWithZeros130
  L__LongIntToStrWithZeros131
  L__LongIntToStrWithZeros132
  L_end_Dec2Bcd
  _Dec2Bcd
  L_end_Bcd2Dec
  _Bcd2Dec
  L_end_Bcd2Dec16
  _Bcd2Dec16
  L__Bcd2Dec16136
  L__Bcd2Dec16137
  L_end_Dec2Bcd16
  _Dec2Bcd16
  L__Dec2Bcd16139
  L__Dec2Bcd16140
  L_end_Rtrim
  _Rtrim
  L_end_Ltrim
  _Ltrim
  L_end_FloatToStr
  _FloatToStr
  L__FloatToStr144
  L__FloatToStr145
  L__FloatToStr146
  L__FloatToStr147
  L__FloatToStr148
  L_abs0
  L___Lib_CStdlib_strtod1
  L___Lib_CStdlib_strtod2
  L___Lib_CStdlib_strtod3
  L___Lib_CStdlib_strtod4
  L___Lib_CStdlib_strtod5
  L___Lib_CStdlib_strtod6
  L___Lib_CStdlib_strtod7
  L___Lib_CStdlib_strtod8
  L___Lib_CStdlib_strtod9
  L___Lib_CStdlib_strtod10
  L___Lib_CStdlib_strtod11
  L___Lib_CStdlib_strtod12
  L___Lib_CStdlib_strtod13
  L___Lib_CStdlib_strtod14
  L___Lib_CStdlib_strtod15
  L___Lib_CStdlib_strtod16
  L___Lib_CStdlib_strtod17
  L___Lib_CStdlib_strtod18
  L___Lib_CStdlib_strtod19
  L___Lib_CStdlib_strtod20
  L___Lib_CStdlib_strtod21
  L___Lib_CStdlib_strtod22
  L___Lib_CStdlib_strtod23
  L___Lib_CStdlib_strtod24
  L___Lib_CStdlib_strtod25
  L___Lib_CStdlib_strtod26
  L___Lib_CStdlib_strtod27
  L___Lib_CStdlib_strtod28
  L___Lib_CStdlib_strtod29
  L___Lib_CStdlib_strtod30
  L___Lib_CStdlib_strtod31
  L___Lib_CStdlib_strtod32
  L___Lib_CStdlib_strtod33
  L___Lib_CStdlib_strtod34
  L___Lib_CStdlib_strtod35
  L___Lib_CStdlib_strtod36
  L___Lib_CStdlib_strtod37
  L___Lib_CStdlib_strtod38
  L___Lib_CStdlib_strtod39
  L___Lib_CStdlib_strtod40
  L___Lib_CStdlib_strtod41
  L___Lib_CStdlib_strtod42
  L___Lib_CStdlib_strtod43
  L___Lib_CStdlib_strtod44
  L___Lib_CStdlib_strtod45
  L___Lib_CStdlib_strtod46
  L___Lib_CStdlib_strtod47
  L___Lib_CStdlib_strtod48
  L___Lib_CStdlib_strtod49
  L___Lib_CStdlib_strtod50
  L___Lib_CStdlib_strtod51
  L___Lib_CStdlib_strtod52
  ___atoi_skipws_atoi
  L_atoi53
  L_atoi54
  L_atoi55
  L_atoi56
  L_atoi57
  L_atoi58
  ___atoi_conv_atoi
  L_atoi59
  L_atoi60
  ___atol_skipws_atol
  L_atol61
  L_atol62
  L_atol63
  L_atol64
  L_atol65
  L_atol66
  ___atol_conv_atol
  L_atol67
  L_atol68
  L_div69
  L_ldiv70
  L_uldiv71
  L_labs72
  L_max73
  L_min74
  L_rand75
  L_xtoi76
  L_xtoi77
  L_xtoi78
  L_xtoi79
  L_xtoi80
  L_xtoi81
  L_xtoi82
  L_xtoi83
  L_xtoi84
  L_xtoi85
  L_xtoi86
  L___Lib_CStdlib_strtod87
  L___Lib_CStdlib_strtod88
  L___Lib_CStdlib_strtod89
  L__atoi90
  L__atol91
  L_end_abs
  _abs
  L__abs93
  L_end_strtod
  __Lib_CStdlib_strtod
  L___Lib_CStdlib_strtod95
  L___Lib_CStdlib_strtod96
  L_end_atof
  _atof
  L_end_atoi
  _atoi
  L__atoi99
  L__atoi100
  L__atoi101
  L__atoi102
  L_end_atol
  _atol
  L__atol104
  L__atol105
  L_end_div
  _div
  L_end_ldiv
  _ldiv
  L_end_uldiv
  _uldiv
  L_end_labs
  _labs
  L__labs110
  L_end_max
  _max
  L__max112
  L_end_min
  _min
  L__min114
  L_end_srand
  _srand
  L_end_rand
  _rand
  L_end_xtoi
  _xtoi
  L_memchr0
  L_memchr1
  L_memchr2
  L_memchr3
  L_memcmp4
  L_memcmp5
  L_memcmp6
  L_memcpy7
  L_memcpy8
  L_memmove9
  L_memmove10
  L_memmove11
  L_memmove12
  L_memmove13
  L_memmove14
  L_memmove15
  L_memmove16
  L_memmove17
  L_memmove18
  L_memmove19
  L_memset20
  L_memset21
  L_strcat22
  L_strcat23
  L_strcat24
  L_strcat25
  L_strchr26
  L_strchr27
  L_strchr28
  L_strchr29
  L_strcmp30
  L_strcmp31
  L_strcmp32
  L_strcmp33
  L_strcpy34
  L_strcpy35
  L_strlen36
  L_strlen37
  L_strncat38
  L_strncat39
  L_strncat40
  L_strncat41
  L_strncat42
  L_strncat43
  L_strncat44
  L_strncpy45
  L_strncpy46
  L_strncpy47
  L_strncpy48
  L_strncpy49
  L_strspn50
  L_strspn51
  L_strspn52
  L_strspn53
  L_strcspn54
  L_strcspn55
  L_strcspn56
  L_strcspn57
  L_strncmp58
  L_strncmp59
  L_strncmp60
  L_strncmp61
  L_strncmp62
  L_strpbrk63
  L_strpbrk64
  L_strpbrk65
  L_strrchr66
  L_strrchr67
  L_strrchr68
  L_strrchr69
  L_strstr70
  L_strstr71
  L_strstr72
  L_strstr73
  L_strstr74
  L_strtok75
  L_strtok76
  L_strtok77
  L_strtok78
  L_strtok79
  L__memmove80
  L__strcmp81
  L__strncat82
  L__strspn83
  L__strcspn84
  L__strncmp85
  L__strstr86
  L_end_memchr
  _memchr
  L_end_memcmp
  _memcmp
  L__memcmp89
  L_end_memcpy
  _memcpy
  L_end_memmove
  _memmove
  L_end_memset
  _memset
  L_end_strcat
  _strcat
  L_end_strchr
  _strchr
  L_end_strcmp
  _strcmp
  L_end_strcpy
  _strcpy
  L_end_strlen
  _strlen
  L_end_strncat
  _strncat
  L__strncat99
  L_end_strncpy
  _strncpy
  L_end_strspn
  _strspn
  L_end_strcspn
  _strcspn
  L_end_strncmp
  _strncmp
  L_end_strpbrk
  _strpbrk
  L_end_strrchr
  _strrchr
  L_end_strstr
  _strstr
  L__strstr107
  L_end_strtok
  _strtok
  L_islower0
  L_islower1
  L_isupper2
  L_isupper3
  L_isalpha4
  L_isalpha5
  L_iscntrl6
  L_iscntrl7
  L_isdigit8
  L_isdigit9
  L_isalnum10
  L_isalnum11
  L_isspace12
  L_isspace13
  L_isspace14
  L_isspace15
  L_ispunct16
  L_ispunct17
  L_ispunct18
  L_ispunct19
  L_ispunct20
  L_ispunct21
  L_ispunct22
  L_ispunct23
  L_isgraph24
  L_isgraph25
  L_isxdigit26
  L_isxdigit27
  L_isxdigit28
  L_isxdigit29
  L_tolower30
  L_tolower31
  L_tolower32
  L_toupper33
  L_toupper34
  L_toupper35
  L__isspace36
  L__tolower37
  L__toupper38
  L_end_islower
  _islower
  L_end_isupper
  _isupper
  L_end_isalpha
  _isalpha
  L_end_iscntrl
  _iscntrl
  L_end_isdigit
  _isdigit
  L_end_isalnum
  _isalnum
  L_end_isspace
  _isspace
  L_end_ispunct
  _ispunct
  L_end_isgraph
  _isgraph
  L_end_isxdigit
  _isxdigit
  L_end_tolower
  _tolower
  L_end_toupper
  _toupper
  L_Delay_10us0
  L_Delay_22us1
  L_Delay_50us2
  L_Delay_80us3
  L_Delay_500us4
  L_Delay_5500us5
  L_Delay_1ms6
  L_Delay_5ms7
  L_Delay_8ms8
  L_Delay_10ms9
  L_Delay_100ms10
  L_Delay_1sec11
  L_boot16_Delay_5ms12
  L_Delay_Cyc13
  L_Delay_Cyc14
  L_VDelay_ms15
  L_VDelay_ms16
  L_VDelay_ms17
  L_VDelay_Advanced_ms18
  L_VDelay_Advanced_ms19
  L_VDelay_Advanced_ms20
  L_end_Get_Fosc_kHz
  _Get_Fosc_kHz
  L_end_Delay_1us
  _Delay_1us
  L_end_Delay_10us
  _Delay_10us
  L_end_Delay_22us
  _Delay_22us
  L_end_Delay_50us
  _Delay_50us
  L_end_Delay_80us
  _Delay_80us
  L_end_Delay_500us
  _Delay_500us
  L_end_Delay_5500us
  _Delay_5500us
  L_end_Delay_1ms
  _Delay_1ms
  L_end_Delay_5ms
  _Delay_5ms
  L_end_Delay_8ms
  _Delay_8ms
  L_end_Delay_10ms
  _Delay_10ms
  L_end_Delay_100ms
  _Delay_100ms
  L_end_Delay_1sec
  _Delay_1sec
  L_end_boot16_Delay_5ms
  _boot16_Delay_5ms
  L_end_Delay_Cyc
  _Delay_Cyc
  L_end_VDelay_ms
  _VDelay_ms
  L__VDelay_ms38
  L__VDelay_ms39
  L__VDelay_ms40
  L_end_VDelay_Advanced_ms
  _VDelay_Advanced_ms
  L__VDelay_Advanced_ms42
  L__VDelay_Advanced_ms43
  L__VDelay_Advanced_ms44
  L_Keypad_Key_Press0
  L_Keypad_Key_Press1
  L_Keypad_Key_Press2
  L_Keypad_Key_Press3
  L_Keypad_Key_Press4
  L_Keypad_Key_Click5
  L_Keypad_Key_Click6
  L_end_Keypad_Init
  _Keypad_Init
  L_end_Keypad_Key_Press
  _Keypad_Key_Press
  L_end_Keypad_Key_Click
  _Keypad_Key_Click
  L_Lcd_Cmd0
  L_Lcd_Cmd1
  L_Lcd_Out_CP2
  L_Lcd_Out_CP3
  L_Lcd_Chr4
  L_Lcd_Chr5
  L_Lcd_Chr6
  L_Lcd_Chr7
  L_Lcd_Chr8
  L_Lcd_Chr9
  L_Lcd_Chr10
  L_Lcd_Out11
  L_Lcd_Out12
  L_Lcd_Out13
  L_Lcd_Out14
  L_Lcd_Out15
  L_Lcd_Out16
  L_Lcd_Out17
  L_Lcd_Out18
  L_Lcd_Out19
  L_end_Lcd_Cmd
  _Lcd_Cmd
  L__Lcd_Cmd21
  L__Lcd_Cmd22
  L__Lcd_Cmd23
  L__Lcd_Cmd24
  L__Lcd_Cmd25
  L__Lcd_Cmd26
  L__Lcd_Cmd27
  L__Lcd_Cmd28
  L__Lcd_Cmd29
  L__Lcd_Cmd30
  L__Lcd_Cmd31
  L__Lcd_Cmd32
  L__Lcd_Cmd33
  L__Lcd_Cmd34
  L__Lcd_Cmd35
  L__Lcd_Cmd36
  L__Lcd_Cmd37
  L__Lcd_Cmd38
  L__Lcd_Cmd39
  L__Lcd_Cmd40
  L_end_Lcd_Chr_CP
  _Lcd_Chr_CP
  L_end_Lcd_Out_CP
  _Lcd_Out_CP
  L_end_Lcd_Chr
  _Lcd_Chr
  L_end_Lcd_Init
  _Lcd_Init
  L_end_Lcd_Out
  _Lcd_Out
  L_Div_16x16_S0
  L_Div_16x16_S1
  LOOPS3232A
  SADD22LA
  SOK22LA
  SADD22L8
  SOK22L8
  LOOPS3232B
  SADD22LB
  SOK22LB
  SADD22L16
  SOK22L16
  LOOPS3232C
  SADD22LC
  SOK22LC
  SADD22L24
  SOK22L24
  LOOPS3232D
  SADD22LD
  SOK22LD
  SOK22L
  L_Div_32x32_S6
  L_Div_32x32_S7
  L_Div_32x32_S8
  L_Div_32x32_S9
  FXD3232S
  END_ALL
  CA3232S
  C3232SX
  C3232SX1
  C3232S
  C3232S2
  C3232SX4
  C3232SOK
  C3232SX3
  C3232SX2
  avoid_comfrem
  LOOPU3232A
  UADD22LA
  UOK22LA
  UADD22L8
  UOK22L8
  LOOPU3232B
  UADD22LB
  UOK22LB
  UADD22L16
  UOK22L16
  LOOPU3232C
  UADD22LC
  UOK22LC
  UADD22L24
  UOK22L24
  LOOPU3232D
  UADD22LD
  UOK22LD
  UOK22L
  _NEXT
  _EXIT2
  _LOOP
  _EXIT1
  _IF_FIRST
  _IF_SECOND
  _INVERCE_FIRST
  _MULT
  _INBERSE_SECOND
  _EXIT
  L_end_Mul_8x8_U
  _Mul_8x8_U
  L_end_Mul_16x16_U
  _Mul_16x16_U
  L_end_Div_8x8_U
  _Div_8x8_U
  L_end_Div_16x16_U
  _Div_16x16_U
  L_end_Mul_8x8_S
  _Mul_8x8_S
  L_end_Mul_16x16_S
  _Mul_16x16_S
  L_end_Div_16x16_S_L
  _Div_16x16_S_L
  L_end_Div_16x16_S
  _Div_16x16_S
  L_end_Div_8x8_S
  _Div_8x8_S
  L_end_SDIV3232L
  _SDIV3232L
  L_end_COMFREM
  _COMFREM
  L_end_Div_32x32_S
  _Div_32x32_S
  L_end_Div_32x32_U
  _Div_32x32_U
  L_end_Mul_32x32_U
  _Mul_32x32_U
  L_end_Mul_32x32_S
  _Mul_32x32_S
  L_loopCA2AWs
  L_CA2AWend
  _CCA2AW_Loop1
  L_loopCS2Ss
  L_CS2Send
  _CCS2S_Loop1
  L_CCS2Send
  L_loopFZinSWs
  L_FZinSend
  _CC2D_Loop1
  L_end_____DoICP
  _____DoICP
  L_end_____DoIFC
  _____DoIFC
  L_end___CA2AW
  ___CA2AW
  L_end___CCA2AW
  ___CCA2AW
  L_end___CS2S
  ___CS2S
  L_end___CCS2S
  ___CCS2S
  L_end___FZinS
  ___FZinS
  L_end___CC2DW
  ___CC2DW
  L_end_Swap
  _Swap
