0	1	mikroCPIC1618.exe -MSF -DBG -pP16F887 -DL -O11111114 -fo20 -N"C:\Users\Xbot\Desktop\Short Path\maze001.mcppi" -SP"C:\Users\Xbot\Documents\Mikroelektronika\mikroC PRO for PIC\defs\" -SP"C:\Users\Xbot\Documents\Mikroelektronika\mikroC PRO for PIC\Uses\P16\" -SP"C:\Users\Xbot\Desktop\Short Path\" "maze001.c" "__Lib_Math.mcl" "__Lib_MathDouble.mcl" "__Lib_System.mcl" "__Lib_Delays.mcl" "__Lib_CType.mcl" "__Lib_CString.mcl" "__Lib_CStdlib.mcl" "__Lib_CMath.mcl" "__Lib_MemManager.mcl" "__Lib_Conversions.mcl" "__Lib_Sprinti.mcl" "__Lib_Sprintl.mcl" "__Lib_Time.mcl" "__Lib_Trigonometry.mcl" "__Lib_Button.mcl" "__Lib_Keypad4x4.mcl" "__Lib_Manchester.mcl" "__Lib_OneWire.mcl" "__Lib_PS2.mcl" "__Lib_Sound.mcl" "__Lib_SoftI2C.mcl" "__Lib_SoftSPI.mcl" "__Lib_SoftUART.mcl" "__Lib_ADC_88X.mcl" "__Lib_EEPROM.mcl" "__Lib_FLASH_RW.mcl" "__Lib_I2C_c34.mcl" "__Lib_PWM_c21.mcl" "__Lib_SPI_c345.mcl" "__Lib_UART_c67.mcl" "__Lib_PortExpander.mcl" "__Lib_CANSPI.mcl" "__Lib_CF.mcl" "__Lib_GlcdFonts.mcl" "__Lib_Glcd.mcl" "__Lib_LcdConsts.mcl" "__Lib_Lcd.mcl" "__Lib_RS485.mcl" "__Lib_S1D13700.mcl" "__Lib_T6963C.mcl" "__Lib_SPIGlcd.mcl" "__Lib_SPILcd.mcl" "__Lib_SPILcd8.mcl" "__Lib_SPIT6963C.mcl" "__Lib_EthEnc28j60.mcl" "__Lib_EthEnc24j600.mcl" "__Lib_TouchPanel.mcl"	 
hint: 0	1139	Available RAM: 352 [bytes], Available ROM: 8192 [bytes]	 
diagnostics: 0	126	All files Preprocessed in 46 ms	 
diagnostics: 0	122	Compilation Started	maze001.c
warning: 87	1503	Result is not defined in function: 'forward'	maze001.c
warning: 94	1503	Result is not defined in function: 'right'	maze001.c
warning: 101	1503	Result is not defined in function: 'left'	maze001.c
warning: 110	1503	Result is not defined in function: 'left_turn'	maze001.c
warning: 118	1503	Result is not defined in function: 'straight'	maze001.c
warning: 125	1503	Result is not defined in function: 'stop'	maze001.c
warning: 134	1503	Result is not defined in function: 'u_turn'	maze001.c
warning: 138	1503	Result is not defined in function: 'done'	maze001.c
warning: 180	1503	Result is not defined in function: 'short_path'	maze001.c
warning: 213	1503	Result is not defined in function: 'replay'	maze001.c
diagnostics: 213	123	Compiled Successfully	maze001.c
diagnostics: 0	127	All files Compiled in 47 ms	 
hint: 0	1144	Used RAM (bytes): 59 (17%)  Free RAM (bytes): 293 (83%)	Used RAM (bytes): 59 (17%)  Free RAM (bytes): 293 (83%)
hint: 0	1144	Used ROM (program words): 768 (9%)  Free ROM (program words): 7424 (91%)	Used ROM (program words): 768 (9%)  Free ROM (program words): 7424 (91%)
diagnostics: 0	125	Project Linked Successfully	maze001.mcppi
diagnostics: 0	128	Linked in 94 ms	 
diagnostics: 0	129	Project 'maze001.mcppi' completed: 234 ms	 
diagnostics: 0	103	Finished successfully: 18 ?? 2016, 09.39.42	maze001.mcppi
