0	1	mikroCPIC1618.exe -MSF -DBG -pP16F887 -DL -O11111114 -fo20 -N"D:\Personal Document\Coding\MICro Controller Project\Counter\Counter.mcppi" -SP"C:\Users\Public\Documents\Mikroelektronika\mikroC PRO for PIC\Defs\" -SP"C:\Users\Public\Documents\Mikroelektronika\mikroC PRO for PIC\Uses\P16\" -SP"D:\Personal Document\Coding\MICro Controller Project\Counter\" -SP"C:\Users\ASHIK\Documents\Mikroelektronika\mikroC PRO for PIC\defs\" -SP"C:\Users\ASHIK\Documents\Mikroelektronika\mikroC PRO for PIC\Uses\P16\" -SP"C:\Users\ASHIK\Desktop\Counter\" -SP"C:\Users\ASHIK\Desktop\" "Counter.c" "__Lib_Math.mcl" "__Lib_MathDouble.mcl" "__Lib_System.mcl" "__Lib_Delays.mcl" "__Lib_CType.mcl" "__Lib_CString.mcl" "__Lib_CStdlib.mcl" "__Lib_CMath.mcl" "__Lib_MemManager.mcl" "__Lib_Conversions.mcl" "__Lib_Sprinti.mcl" "__Lib_Sprintl.mcl" "__Lib_Time.mcl" "__Lib_Trigonometry.mcl" "__Lib_Button.mcl" "__Lib_Keypad4x4.mcl" "__Lib_Manchester.mcl" "__Lib_OneWire.mcl" "__Lib_PS2.mcl" "__Lib_Sound.mcl" "__Lib_SoftI2C.mcl" "__Lib_SoftSPI.mcl" "__Lib_SoftUART.mcl" "__Lib_ADC_88X.mcl" "__Lib_EEPROM.mcl" "__Lib_FLASH_RW.mcl" "__Lib_I2C_c34.mcl" "__Lib_PWM_c21.mcl" "__Lib_SPI_c345.mcl" "__Lib_UART_c67.mcl" "__Lib_PortExpander.mcl" "__Lib_CANSPI.mcl" "__Lib_CF.mcl" "__Lib_GlcdFonts.mcl" "__Lib_Glcd.mcl" "__Lib_LcdConsts.mcl" "__Lib_Lcd.mcl" "__Lib_RS485.mcl" "__Lib_S1D13700.mcl" "__Lib_T6963C.mcl" "__Lib_SPIGlcd.mcl" "__Lib_SPILcd.mcl" "__Lib_SPILcd8.mcl" "__Lib_SPIT6963C.mcl" "__Lib_EthEnc28j60.mcl" "__Lib_EthEnc24j600.mcl" "__Lib_TouchPanel.mcl"	 
warning: 0	1501	Specified search path does not exist: 'C:\Users\ASHIK\Documents\Mikroelektronika\mikroC PRO for PIC\defs'	 
warning: 0	1501	Specified search path does not exist: 'C:\Users\ASHIK\Documents\Mikroelektronika\mikroC PRO for PIC\Uses\P16'	 
warning: 0	1501	Specified search path does not exist: 'C:\Users\ASHIK\Desktop\Counter'	 
warning: 0	1501	Specified search path does not exist: 'C:\Users\ASHIK\Desktop'	 
hint: 0	1139	Available RAM: 352 [bytes], Available ROM: 8192 [bytes]	 
diagnostics: 0	122	Compilation Started	Counter.c
error: 5	393	'z' Identifier redefined	Counter.c
error: 14	318	Assigning to non-lvalue 'Z'	Counter.c
error: 15	315	Invalid expression	Counter.c
error: 14	402	; expected, but 'int' found	Counter.c
error: 15	424	'}' expected ';' found	Counter.c
error: 16	371	Specifier needed	Counter.c
error: 17	402	; expected, but '=' found	Counter.c
error: 17	393	'ansel' Identifier redefined	Counter.c
error: 17	371	Specifier needed	Counter.c
error: 17	396	Invalid declarator expected'(' or identifier	Counter.c
error: 18	402	; expected, but '=' found	Counter.c
error: 18	393	'anselh' Identifier redefined	Counter.c
error: 18	312	Internal error ''	Counter.c
error: 0	102	Finished (with errors): 29 May 2018, 00:45:51	Counter.mcppi
