;  LST file generated by mikroListExporter - v.2.0 
; Date/Time: 8/1/2015 10:44:48 PM
;----------------------------------------------

;Address Opcode 	ASM
0x0000	0x285B      	GOTO       91
_____DoICP:
;__Lib_System.c,6 :: 		
;__Lib_System.c,9 :: 		
0x0003	0x1283      	BCF        STATUS, 5
0x0004	0x1303      	BCF        STATUS, 6
0x0005	0x0821      	MOVF       ___DoICPAddr+1, 0
0x0006	0x008A      	MOVWF      PCLATH
;__Lib_System.c,10 :: 		
0x0007	0x0820      	MOVF       ___DoICPAddr, 0
0x0008	0x0082      	MOVWF      PCL
;__Lib_System.c,12 :: 		
L_end_____DoICP:
0x0009	0x0008      	RETURN
; end of _____DoICP
_Delay_500us:
;__Lib_Delays.c,27 :: 		void Delay_500us() {
;__Lib_Delays.c,28 :: 		Delay_us(498);
0x000A	0x3004      	MOVLW      4
0x000B	0x1283      	BCF        STATUS, 5
0x000C	0x1303      	BCF        STATUS, 6
0x000D	0x00FC      	MOVWF      R12
0x000E	0x303A      	MOVLW      58
0x000F	0x00FD      	MOVWF      R13
L_Delay_500us4:
0x0010	0x0BFD      	DECFSZ     R13, 1
0x0011	0x2810      	GOTO       L_Delay_500us4
0x0012	0x0BFC      	DECFSZ     R12, 1
0x0013	0x2810      	GOTO       L_Delay_500us4
0x0014	0x0000      	NOP
;__Lib_Delays.c,29 :: 		}
L_end_Delay_500us:
0x0015	0x0008      	RETURN
; end of _Delay_500us
_Button:
;__Lib_Button.c,6 :: 		
;__Lib_Button.c,8 :: 		
0x0016	0x1283      	BCF        STATUS, 5
0x0017	0x1303      	BCF        STATUS, 6
0x0018	0x01BF      	CLRF       Button_rslt_L0
;__Lib_Button.c,11 :: 		
0x0019	0x083B      	MOVF       FARG_Button_pin, 0
0x001A	0x00F1      	MOVWF      R1
0x001B	0x3001      	MOVLW      1
0x001C	0x00F0      	MOVWF      R0
0x001D	0x0871      	MOVF       R1, 0
L__Button5:
0x001E	0x1903      	BTFSC      STATUS, 2
0x001F	0x2824      	GOTO       L__Button6
0x0020	0x0DF0      	RLF        R0, 1
0x0021	0x1070      	BCF        R0, 0
0x0022	0x3EFF      	ADDLW      255
0x0023	0x281E      	GOTO       L__Button5
L__Button6:
0x0024	0x0870      	MOVF       R0, 0
0x0025	0x00BE      	MOVWF      Button_pMask_L0
;__Lib_Button.c,13 :: 		
0x0026	0x083A      	MOVF       FARG_Button_port, 0
0x0027	0x0084      	MOVWF      FSR
0x0028	0x0870      	MOVF       R0, 0
0x0029	0x0500      	ANDWF      INDF, 0
0x002A	0x00F1      	MOVWF      R1
0x002B	0x0871      	MOVF       R1, 0
0x002C	0x3001      	MOVLW      1
0x002D	0x1D03      	BTFSS      STATUS, 2
0x002E	0x3000      	MOVLW      0
0x002F	0x00F0      	MOVWF      R0
0x0030	0x083D      	MOVF       FARG_Button_active_state, 0
0x0031	0x06F0      	XORWF      R0, 1
0x0032	0x1903      	BTFSC      STATUS, 2
0x0033	0x284C      	GOTO       L_Button0
;__Lib_Button.c,15 :: 		
L_Button1:
0x0034	0x083C      	MOVF       FARG_Button_time_ms, 0
0x0035	0x3C00      	SUBLW      0
0x0036	0x1803      	BTFSC      STATUS, 0
0x0037	0x283C      	GOTO       L_Button2
;__Lib_Button.c,16 :: 		
0x0038	0x200A      	CALL       _Delay_500us
;__Lib_Button.c,17 :: 		
0x0039	0x200A      	CALL       _Delay_500us
;__Lib_Button.c,18 :: 		
0x003A	0x03BC      	DECF       FARG_Button_time_ms, 1
;__Lib_Button.c,19 :: 		
0x003B	0x2834      	GOTO       L_Button1
L_Button2:
;__Lib_Button.c,21 :: 		
0x003C	0x083A      	MOVF       FARG_Button_port, 0
0x003D	0x0084      	MOVWF      FSR
0x003E	0x083E      	MOVF       Button_pMask_L0, 0
0x003F	0x0500      	ANDWF      INDF, 0
0x0040	0x00F1      	MOVWF      R1
0x0041	0x0871      	MOVF       R1, 0
0x0042	0x3001      	MOVLW      1
0x0043	0x1D03      	BTFSS      STATUS, 2
0x0044	0x3000      	MOVLW      0
0x0045	0x00F0      	MOVWF      R0
0x0046	0x083D      	MOVF       FARG_Button_active_state, 0
0x0047	0x06F0      	XORWF      R0, 1
0x0048	0x1903      	BTFSC      STATUS, 2
0x0049	0x284C      	GOTO       L_Button3
;__Lib_Button.c,22 :: 		
0x004A	0x30FF      	MOVLW      255
0x004B	0x00BF      	MOVWF      Button_rslt_L0
L_Button3:
;__Lib_Button.c,23 :: 		
L_Button0:
;__Lib_Button.c,25 :: 		
0x004C	0x083F      	MOVF       Button_rslt_L0, 0
0x004D	0x00F0      	MOVWF      R0
;__Lib_Button.c,26 :: 		
L_end_Button:
0x004E	0x0008      	RETURN
; end of _Button
___CC2DW:
;__Lib_System.c,134 :: 		
;__Lib_System.c,137 :: 		
_CC2D_Loop1:
;__Lib_System.c,139 :: 		
0x004F	0x2003      	CALL       _____DoICP
0x0050	0x118A      	BCF        PCLATH, 3
0x0051	0x120A      	BCF        PCLATH, 4
;__Lib_System.c,141 :: 		
0x0052	0x0080      	MOVWF      INDF
;__Lib_System.c,142 :: 		
0x0053	0x0A84      	INCF       FSR, 1
;__Lib_System.c,143 :: 		
0x0054	0x0AA0      	INCF       ___DoICPAddr, 1
;__Lib_System.c,145 :: 		
0x0055	0x1903      	BTFSC      STATUS, 2
;__Lib_System.c,146 :: 		
0x0056	0x0AA1      	INCF       ___DoICPAddr+1, 1
;__Lib_System.c,147 :: 		
0x0057	0x03F0      	DECF       R0, 1
;__Lib_System.c,149 :: 		
0x0058	0x1D03      	BTFSS      STATUS, 2
;__Lib_System.c,150 :: 		
0x0059	0x284F      	GOTO       _CC2D_Loop1
;__Lib_System.c,152 :: 		
L_end___CC2DW:
0x005A	0x0008      	RETURN
; end of ___CC2DW
_main:
;Counter.c,3 :: 		void main()
;Counter.c,5 :: 		int countary[10]={0x3F,0x06,0x5B,0x4F,0x66,0x6D,0x7D,0x07,0x7F,0x67};  // 0-9 7segment hex code
0x005B	0x303F      	MOVLW      63
0x005C	0x1283      	BCF        STATUS, 5
0x005D	0x1303      	BCF        STATUS, 6
0x005E	0x00A4      	MOVWF      main_countary_L0
0x005F	0x3000      	MOVLW      0
0x0060	0x00A5      	MOVWF      main_countary_L0+1
0x0061	0x3006      	MOVLW      6
0x0062	0x00A6      	MOVWF      main_countary_L0+2
0x0063	0x3000      	MOVLW      0
0x0064	0x00A7      	MOVWF      main_countary_L0+3
0x0065	0x305B      	MOVLW      91
0x0066	0x00A8      	MOVWF      main_countary_L0+4
0x0067	0x3000      	MOVLW      0
0x0068	0x00A9      	MOVWF      main_countary_L0+5
0x0069	0x304F      	MOVLW      79
0x006A	0x00AA      	MOVWF      main_countary_L0+6
0x006B	0x3000      	MOVLW      0
0x006C	0x00AB      	MOVWF      main_countary_L0+7
0x006D	0x3066      	MOVLW      102
0x006E	0x00AC      	MOVWF      main_countary_L0+8
0x006F	0x3000      	MOVLW      0
0x0070	0x00AD      	MOVWF      main_countary_L0+9
0x0071	0x306D      	MOVLW      109
0x0072	0x00AE      	MOVWF      main_countary_L0+10
0x0073	0x3000      	MOVLW      0
0x0074	0x00AF      	MOVWF      main_countary_L0+11
0x0075	0x307D      	MOVLW      125
0x0076	0x00B0      	MOVWF      main_countary_L0+12
0x0077	0x3000      	MOVLW      0
0x0078	0x00B1      	MOVWF      main_countary_L0+13
0x0079	0x3007      	MOVLW      7
0x007A	0x00B2      	MOVWF      main_countary_L0+14
0x007B	0x3000      	MOVLW      0
0x007C	0x00B3      	MOVWF      main_countary_L0+15
0x007D	0x307F      	MOVLW      127
0x007E	0x00B4      	MOVWF      main_countary_L0+16
0x007F	0x3000      	MOVLW      0
0x0080	0x00B5      	MOVWF      main_countary_L0+17
0x0081	0x3067      	MOVLW      103
0x0082	0x00B6      	MOVWF      main_countary_L0+18
0x0083	0x3000      	MOVLW      0
0x0084	0x00B7      	MOVWF      main_countary_L0+19
0x0085	0x01B8      	CLRF       main_i_L0
0x0086	0x01B9      	CLRF       main_i_L0+1
;Counter.c,7 :: 		ansel=0;
0x0087	0x1683      	BSF        STATUS, 5
0x0088	0x1703      	BSF        STATUS, 6
0x0089	0x0188      	CLRF       ANSEL
;Counter.c,8 :: 		anselh=0;
0x008A	0x0189      	CLRF       ANSELH
;Counter.c,9 :: 		portb=1;
0x008B	0x3001      	MOVLW      1
0x008C	0x1283      	BCF        STATUS, 5
0x008D	0x1303      	BCF        STATUS, 6
0x008E	0x0086      	MOVWF      PORTB
;Counter.c,10 :: 		trisb.f0=1;
0x008F	0x1683      	BSF        STATUS, 5
0x0090	0x1406      	BSF        TRISB, 0
;Counter.c,11 :: 		trisd=0;
0x0091	0x0188      	CLRF       TRISD
;Counter.c,12 :: 		portd=0;
0x0092	0x1283      	BCF        STATUS, 5
0x0093	0x0188      	CLRF       PORTD
;Counter.c,13 :: 		option_reg.f7=0;
0x0094	0x1683      	BSF        STATUS, 5
0x0095	0x1381      	BCF        OPTION_REG, 7
;Counter.c,14 :: 		while(1)
L_main0:
;Counter.c,17 :: 		if(i==10)
0x0096	0x3000      	MOVLW      0
0x0097	0x1283      	BCF        STATUS, 5
0x0098	0x0639      	XORWF      main_i_L0+1, 0
0x0099	0x1D03      	BTFSS      STATUS, 2
0x009A	0x289D      	GOTO       L__main10
0x009B	0x300A      	MOVLW      10
0x009C	0x0638      	XORWF      main_i_L0, 0
L__main10:
0x009D	0x1D03      	BTFSS      STATUS, 2
0x009E	0x28A2      	GOTO       L_main2
;Counter.c,19 :: 		i=0;
0x009F	0x01B8      	CLRF       main_i_L0
0x00A0	0x01B9      	CLRF       main_i_L0+1
;Counter.c,20 :: 		}
0x00A1	0x28D0      	GOTO       L_main3
L_main2:
;Counter.c,25 :: 		if(button(&portb,0,1,0))
0x00A2	0x3006      	MOVLW      PORTB
0x00A3	0x00BA      	MOVWF      FARG_Button_port
0x00A4	0x01BB      	CLRF       FARG_Button_pin
0x00A5	0x3001      	MOVLW      1
0x00A6	0x00BC      	MOVWF      FARG_Button_time_ms
0x00A7	0x01BD      	CLRF       FARG_Button_active_state
0x00A8	0x2016      	CALL       _Button
0x00A9	0x0870      	MOVF       R0, 0
0x00AA	0x1903      	BTFSC      STATUS, 2
0x00AB	0x28B0      	GOTO       L_main4
;Counter.c,27 :: 		oldstate = 1;
0x00AC	0x3001      	MOVLW      1
0x00AD	0x00A2      	MOVWF      _oldstate
0x00AE	0x3000      	MOVLW      0
0x00AF	0x00A3      	MOVWF      _oldstate+1
;Counter.c,28 :: 		}
L_main4:
;Counter.c,29 :: 		if(button(&portb,0,1,1)&&oldstate)
0x00B0	0x3006      	MOVLW      PORTB
0x00B1	0x00BA      	MOVWF      FARG_Button_port
0x00B2	0x01BB      	CLRF       FARG_Button_pin
0x00B3	0x3001      	MOVLW      1
0x00B4	0x00BC      	MOVWF      FARG_Button_time_ms
0x00B5	0x3001      	MOVLW      1
0x00B6	0x00BD      	MOVWF      FARG_Button_active_state
0x00B7	0x2016      	CALL       _Button
0x00B8	0x0870      	MOVF       R0, 0
0x00B9	0x1903      	BTFSC      STATUS, 2
0x00BA	0x28D0      	GOTO       L_main7
0x00BB	0x0822      	MOVF       _oldstate, 0
0x00BC	0x0423      	IORWF      _oldstate+1, 0
0x00BD	0x1903      	BTFSC      STATUS, 2
0x00BE	0x28D0      	GOTO       L_main7
L__main8:
;Counter.c,32 :: 		portd=countary[i];
0x00BF	0x0838      	MOVF       main_i_L0, 0
0x00C0	0x00F0      	MOVWF      R0
0x00C1	0x0839      	MOVF       main_i_L0+1, 0
0x00C2	0x00F1      	MOVWF      R0+1
0x00C3	0x0DF0      	RLF        R0, 1
0x00C4	0x0DF1      	RLF        R0+1, 1
0x00C5	0x1070      	BCF        R0, 0
0x00C6	0x0870      	MOVF       R0, 0
0x00C7	0x3E24      	ADDLW      main_countary_L0
0x00C8	0x0084      	MOVWF      FSR
0x00C9	0x0800      	MOVF       INDF, 0
0x00CA	0x0088      	MOVWF      PORTD
;Counter.c,33 :: 		i++;
0x00CB	0x0AB8      	INCF       main_i_L0, 1
0x00CC	0x1903      	BTFSC      STATUS, 2
0x00CD	0x0AB9      	INCF       main_i_L0+1, 1
;Counter.c,34 :: 		oldstate = 0;
0x00CE	0x01A2      	CLRF       _oldstate
0x00CF	0x01A3      	CLRF       _oldstate+1
;Counter.c,35 :: 		}
L_main7:
;Counter.c,37 :: 		}
L_main3:
;Counter.c,42 :: 		}
0x00D0	0x2896      	GOTO       L_main0
;Counter.c,43 :: 		}
L_end_main:
0x00D1	0x28D1      	GOTO       $+0
; end of _main
Symbol List:
//** Routines locations **
//ADDRESS    SIZE    PROCEDURE
//----------------------------------------------
0x0003       [7]    _____DoICP
0x000A      [12]    _Delay_500us
0x0016      [57]    _Button
0x004F      [12]    ___CC2DW
0x005B     [119]    _main
//** Variables locations ** 
//ADDRESS    SIZE    VARIABLE
//----------------------------------------------
0x0000       [1]    INDF
0x0002       [1]    PCL
0x0003       [1]    STATUS
0x0004       [1]    FSR
0x0006       [1]    PORTB
0x0008       [1]    PORTD
0x000A       [1]    PCLATH
0x0020       [2]    ___DoICPAddr
0x0022       [2]    _oldstate
0x0024      [20]    main_countary_L0
0x0038       [2]    main_i_L0
0x003A       [1]    FARG_Button_port
0x003B       [1]    FARG_Button_pin
0x003C       [1]    FARG_Button_time_ms
0x003D       [1]    FARG_Button_active_state
0x003E       [1]    Button_pMask_L0
0x003F       [1]    Button_rslt_L0
0x0070       [1]    R0
0x0071       [1]    R1
0x0072       [1]    R2
0x0073       [1]    R3
0x0074       [1]    R4
0x0075       [1]    R5
0x0076       [1]    R6
0x0077       [1]    R7
0x0078       [1]    R8
0x0079       [1]    R9
0x007A       [1]    R10
0x007B       [1]    R11
0x007C       [1]    R12
0x007D       [1]    R13
0x007E       [1]    R14
0x007F       [1]    R15
0x0081       [1]    OPTION_REG
0x0086       [1]    TRISB
0x0088       [1]    TRISD
0x0188       [1]    ANSEL
0x0189       [1]    ANSELH
//** Label List: ** 
//----------------------------------------------
  L_main0
  L_main1
  L_main2
  L_main3
  L_main4
  L_main5
  L_main6
  L_main7
  L__main8
  L_end_main
  _main
  L__main10
  L_Button0
  L_Button1
  L_Button2
  L_Button3
  L_end_Button
  _Button
  L__Button5
  L__Button6
  L_Delay_10us0
  L_Delay_22us1
  L_Delay_50us2
  L_Delay_80us3
  L_Delay_500us4
  L_Delay_5500us5
  L_Delay_1ms6
  L_Delay_5ms7
  L_Delay_8ms8
  L_Delay_10ms9
  L_Delay_100ms10
  L_Delay_1sec11
  L_boot16_Delay_5ms12
  L_Delay_Cyc13
  L_Delay_Cyc14
  L_VDelay_ms15
  L_VDelay_ms16
  L_VDelay_ms17
  L_VDelay_Advanced_ms18
  L_VDelay_Advanced_ms19
  L_VDelay_Advanced_ms20
  L_end_Get_Fosc_kHz
  _Get_Fosc_kHz
  L_end_Delay_1us
  _Delay_1us
  L_end_Delay_10us
  _Delay_10us
  L_end_Delay_22us
  _Delay_22us
  L_end_Delay_50us
  _Delay_50us
  L_end_Delay_80us
  _Delay_80us
  L_end_Delay_500us
  _Delay_500us
  L_end_Delay_5500us
  _Delay_5500us
  L_end_Delay_1ms
  _Delay_1ms
  L_end_Delay_5ms
  _Delay_5ms
  L_end_Delay_8ms
  _Delay_8ms
  L_end_Delay_10ms
  _Delay_10ms
  L_end_Delay_100ms
  _Delay_100ms
  L_end_Delay_1sec
  _Delay_1sec
  L_end_boot16_Delay_5ms
  _boot16_Delay_5ms
  L_end_Delay_Cyc
  _Delay_Cyc
  L_end_VDelay_ms
  _VDelay_ms
  L__VDelay_ms38
  L__VDelay_ms39
  L__VDelay_ms40
  L_end_VDelay_Advanced_ms
  _VDelay_Advanced_ms
  L__VDelay_Advanced_ms42
  L__VDelay_Advanced_ms43
  L__VDelay_Advanced_ms44
  L_loopCA2AWs
  L_CA2AWend
  _CCA2AW_Loop1
  L_loopCS2Ss
  L_CS2Send
  _CCS2S_Loop1
  L_CCS2Send
  L_loopFZinSWs
  L_FZinSend
  _CC2D_Loop1
  L_end_____DoICP
  _____DoICP
  L_end_____DoIFC
  _____DoIFC
  L_end___CA2AW
  ___CA2AW
  L_end___CCA2AW
  ___CCA2AW
  L_end___CS2S
  ___CS2S
  L_end___CCS2S
  ___CCS2S
  L_end___FZinS
  ___FZinS
  L_end___CC2DW
  ___CC2DW
  L_end_Swap
  _Swap
