;  LST file generated by mikroListExporter - v.2.0 
; Date/Time: 8/4/2017 10:12:40 PM
;----------------------------------------------

;Address Opcode 	ASM
0x0000	0x2CB7      	GOTO       1207
_Delay_1us:
;__Lib_Delays.c,7 :: 		void Delay_1us() {
;__Lib_Delays.c,8 :: 		Delay_us(1);
0x0003	0x0000      	NOP
0x0004	0x0000      	NOP
;__Lib_Delays.c,9 :: 		}
L_end_Delay_1us:
0x0005	0x0008      	RETURN
; end of _Delay_1us
_Delay_50us:
;__Lib_Delays.c,19 :: 		void Delay_50us() {
;__Lib_Delays.c,20 :: 		Delay_us(50);
0x0006	0x3021      	MOVLW      33
0x0007	0x1283      	BCF        STATUS, 5
0x0008	0x1303      	BCF        STATUS, 6
0x0009	0x00FD      	MOVWF      R13
L_Delay_50us2:
0x000A	0x0BFD      	DECFSZ     R13, 1
0x000B	0x280A      	GOTO       L_Delay_50us2
;__Lib_Delays.c,21 :: 		}
L_end_Delay_50us:
0x000C	0x0008      	RETURN
; end of _Delay_50us
_Delay_5500us:
;__Lib_Delays.c,31 :: 		void Delay_5500us() {
;__Lib_Delays.c,32 :: 		Delay_us(5500);
0x000D	0x300F      	MOVLW      15
0x000E	0x1283      	BCF        STATUS, 5
0x000F	0x1303      	BCF        STATUS, 6
0x0010	0x00FC      	MOVWF      R12
0x0011	0x3047      	MOVLW      71
0x0012	0x00FD      	MOVWF      R13
L_Delay_5500us5:
0x0013	0x0BFD      	DECFSZ     R13, 1
0x0014	0x2813      	GOTO       L_Delay_5500us5
0x0015	0x0BFC      	DECFSZ     R12, 1
0x0016	0x2813      	GOTO       L_Delay_5500us5
0x0017	0x0000      	NOP
0x0018	0x0000      	NOP
;__Lib_Delays.c,33 :: 		}
L_end_Delay_5500us:
0x0019	0x0008      	RETURN
; end of _Delay_5500us
_Lcd_Cmd:
;__Lib_Lcd.c,18 :: 		
;__Lib_Lcd.c,20 :: 		
0x001A	0x1683      	BSF        STATUS, 5
0x001B	0x1303      	BCF        STATUS, 6
0x001C	0x1BA1      	BTFSC      FARG_Lcd_Cmd_out_char, 7
0x001D	0x2821      	GOTO       L__Lcd_Cmd21
0x001E	0x1283      	BCF        STATUS, 5
0x001F	0x1185      	BCF        LCD_D7, BitPos(LCD_D7+0)
0x0020	0x2823      	GOTO       L__Lcd_Cmd22
L__Lcd_Cmd21:
0x0021	0x1283      	BCF        STATUS, 5
0x0022	0x1585      	BSF        LCD_D7, BitPos(LCD_D7+0)
L__Lcd_Cmd22:
;__Lib_Lcd.c,21 :: 		
0x0023	0x1683      	BSF        STATUS, 5
0x0024	0x1B21      	BTFSC      FARG_Lcd_Cmd_out_char, 6
0x0025	0x2829      	GOTO       L__Lcd_Cmd23
0x0026	0x1283      	BCF        STATUS, 5
0x0027	0x1105      	BCF        LCD_D6, BitPos(LCD_D6+0)
0x0028	0x282B      	GOTO       L__Lcd_Cmd24
L__Lcd_Cmd23:
0x0029	0x1283      	BCF        STATUS, 5
0x002A	0x1505      	BSF        LCD_D6, BitPos(LCD_D6+0)
L__Lcd_Cmd24:
;__Lib_Lcd.c,22 :: 		
0x002B	0x1683      	BSF        STATUS, 5
0x002C	0x1AA1      	BTFSC      FARG_Lcd_Cmd_out_char, 5
0x002D	0x2831      	GOTO       L__Lcd_Cmd25
0x002E	0x1283      	BCF        STATUS, 5
0x002F	0x1085      	BCF        LCD_D5, BitPos(LCD_D5+0)
0x0030	0x2833      	GOTO       L__Lcd_Cmd26
L__Lcd_Cmd25:
0x0031	0x1283      	BCF        STATUS, 5
0x0032	0x1485      	BSF        LCD_D5, BitPos(LCD_D5+0)
L__Lcd_Cmd26:
;__Lib_Lcd.c,23 :: 		
0x0033	0x1683      	BSF        STATUS, 5
0x0034	0x1A21      	BTFSC      FARG_Lcd_Cmd_out_char, 4
0x0035	0x2839      	GOTO       L__Lcd_Cmd27
0x0036	0x1283      	BCF        STATUS, 5
0x0037	0x1005      	BCF        LCD_D4, BitPos(LCD_D4+0)
0x0038	0x283B      	GOTO       L__Lcd_Cmd28
L__Lcd_Cmd27:
0x0039	0x1283      	BCF        STATUS, 5
0x003A	0x1405      	BSF        LCD_D4, BitPos(LCD_D4+0)
L__Lcd_Cmd28:
;__Lib_Lcd.c,25 :: 		
0x003B	0x184B      	BTFSC      __Lib_Lcd_cmd_status, BitPos(__Lib_Lcd_cmd_status+0)
0x003C	0x283F      	GOTO       L__Lcd_Cmd29
0x003D	0x1605      	BSF        LCD_RS, BitPos(LCD_RS+0)
0x003E	0x2840      	GOTO       L__Lcd_Cmd30
L__Lcd_Cmd29:
0x003F	0x1205      	BCF        LCD_RS, BitPos(LCD_RS+0)
L__Lcd_Cmd30:
;__Lib_Lcd.c,28 :: 		
0x0040	0x1685      	BSF        LCD_EN, BitPos(LCD_EN+0)
;__Lib_Lcd.c,29 :: 		
0x0041	0x2003      	CALL       _Delay_1us
;__Lib_Lcd.c,30 :: 		
0x0042	0x1285      	BCF        LCD_EN, BitPos(LCD_EN+0)
;__Lib_Lcd.c,33 :: 		
0x0043	0x1683      	BSF        STATUS, 5
0x0044	0x19A1      	BTFSC      FARG_Lcd_Cmd_out_char, 3
0x0045	0x2849      	GOTO       L__Lcd_Cmd31
0x0046	0x1283      	BCF        STATUS, 5
0x0047	0x1185      	BCF        LCD_D7, BitPos(LCD_D7+0)
0x0048	0x284B      	GOTO       L__Lcd_Cmd32
L__Lcd_Cmd31:
0x0049	0x1283      	BCF        STATUS, 5
0x004A	0x1585      	BSF        LCD_D7, BitPos(LCD_D7+0)
L__Lcd_Cmd32:
;__Lib_Lcd.c,34 :: 		
0x004B	0x1683      	BSF        STATUS, 5
0x004C	0x1921      	BTFSC      FARG_Lcd_Cmd_out_char, 2
0x004D	0x2851      	GOTO       L__Lcd_Cmd33
0x004E	0x1283      	BCF        STATUS, 5
0x004F	0x1105      	BCF        LCD_D6, BitPos(LCD_D6+0)
0x0050	0x2853      	GOTO       L__Lcd_Cmd34
L__Lcd_Cmd33:
0x0051	0x1283      	BCF        STATUS, 5
0x0052	0x1505      	BSF        LCD_D6, BitPos(LCD_D6+0)
L__Lcd_Cmd34:
;__Lib_Lcd.c,35 :: 		
0x0053	0x1683      	BSF        STATUS, 5
0x0054	0x18A1      	BTFSC      FARG_Lcd_Cmd_out_char, 1
0x0055	0x2859      	GOTO       L__Lcd_Cmd35
0x0056	0x1283      	BCF        STATUS, 5
0x0057	0x1085      	BCF        LCD_D5, BitPos(LCD_D5+0)
0x0058	0x285B      	GOTO       L__Lcd_Cmd36
L__Lcd_Cmd35:
0x0059	0x1283      	BCF        STATUS, 5
0x005A	0x1485      	BSF        LCD_D5, BitPos(LCD_D5+0)
L__Lcd_Cmd36:
;__Lib_Lcd.c,36 :: 		
0x005B	0x1683      	BSF        STATUS, 5
0x005C	0x1821      	BTFSC      FARG_Lcd_Cmd_out_char, 0
0x005D	0x2861      	GOTO       L__Lcd_Cmd37
0x005E	0x1283      	BCF        STATUS, 5
0x005F	0x1005      	BCF        LCD_D4, BitPos(LCD_D4+0)
0x0060	0x2863      	GOTO       L__Lcd_Cmd38
L__Lcd_Cmd37:
0x0061	0x1283      	BCF        STATUS, 5
0x0062	0x1405      	BSF        LCD_D4, BitPos(LCD_D4+0)
L__Lcd_Cmd38:
;__Lib_Lcd.c,38 :: 		
0x0063	0x184B      	BTFSC      __Lib_Lcd_cmd_status, BitPos(__Lib_Lcd_cmd_status+0)
0x0064	0x2867      	GOTO       L__Lcd_Cmd39
0x0065	0x1605      	BSF        LCD_RS, BitPos(LCD_RS+0)
0x0066	0x2868      	GOTO       L__Lcd_Cmd40
L__Lcd_Cmd39:
0x0067	0x1205      	BCF        LCD_RS, BitPos(LCD_RS+0)
L__Lcd_Cmd40:
;__Lib_Lcd.c,40 :: 		
0x0068	0x1685      	BSF        LCD_EN, BitPos(LCD_EN+0)
;__Lib_Lcd.c,41 :: 		
0x0069	0x2003      	CALL       _Delay_1us
;__Lib_Lcd.c,42 :: 		
0x006A	0x1285      	BCF        LCD_EN, BitPos(LCD_EN+0)
;__Lib_Lcd.c,44 :: 		
0x006B	0x1C4B      	BTFSS      __Lib_Lcd_cmd_status, BitPos(__Lib_Lcd_cmd_status+0)
0x006C	0x286F      	GOTO       L_Lcd_Cmd0
;__Lib_Lcd.c,45 :: 		
0x006D	0x200D      	CALL       _Delay_5500us
0x006E	0x2870      	GOTO       L_Lcd_Cmd1
L_Lcd_Cmd0:
;__Lib_Lcd.c,47 :: 		
0x006F	0x2006      	CALL       _Delay_50us
L_Lcd_Cmd1:
;__Lib_Lcd.c,48 :: 		
L_end_Lcd_Cmd:
0x0070	0x0008      	RETURN
; end of _Lcd_Cmd
_Div_16x16_U:
;__Lib_Math.c,215 :: 		
;__Lib_Math.c,222 :: 		
0x0071	0x1283      	BCF        STATUS, 5
;__Lib_Math.c,223 :: 		
0x0072	0x1303      	BCF        STATUS, 6
;__Lib_Math.c,224 :: 		
0x0073	0x01F8      	CLRF       R8
;__Lib_Math.c,225 :: 		
0x0074	0x01F9      	CLRF       R9
;__Lib_Math.c,226 :: 		
0x0075	0x3010      	MOVLW      16
;__Lib_Math.c,227 :: 		
0x0076	0x00FC      	MOVWF      R12
;__Lib_Math.c,228 :: 		
0x0077	0x0D71      	RLF        R1, 0
;__Lib_Math.c,229 :: 		
0x0078	0x0DF8      	RLF        R8, 1
;__Lib_Math.c,230 :: 		
0x0079	0x0DF9      	RLF        R9, 1
;__Lib_Math.c,231 :: 		
0x007A	0x0874      	MOVF       R4, 0
;__Lib_Math.c,232 :: 		
0x007B	0x02F8      	SUBWF      R8, 1
;__Lib_Math.c,233 :: 		
0x007C	0x0875      	MOVF       R5, 0
;__Lib_Math.c,234 :: 		
0x007D	0x1C03      	BTFSS      STATUS, 0
;__Lib_Math.c,235 :: 		
0x007E	0x0F75      	INCFSZ     R5, 0
;__Lib_Math.c,236 :: 		
0x007F	0x02F9      	SUBWF      R9, 1
;__Lib_Math.c,237 :: 		
0x0080	0x1803      	BTFSC      STATUS, 0
;__Lib_Math.c,238 :: 		
0x0081	0x2889      	GOTO       $+8
;__Lib_Math.c,239 :: 		
0x0082	0x0874      	MOVF       R4, 0
;__Lib_Math.c,240 :: 		
0x0083	0x07F8      	ADDWF      R8, 1
;__Lib_Math.c,241 :: 		
0x0084	0x0875      	MOVF       R5, 0
;__Lib_Math.c,242 :: 		
0x0085	0x1803      	BTFSC      STATUS, 0
;__Lib_Math.c,243 :: 		
0x0086	0x0F75      	INCFSZ     R5, 0
;__Lib_Math.c,244 :: 		
0x0087	0x07F9      	ADDWF      R9, 1
;__Lib_Math.c,245 :: 		
0x0088	0x1003      	BCF        STATUS, 0
;__Lib_Math.c,246 :: 		
0x0089	0x0DF0      	RLF        R0, 1
;__Lib_Math.c,247 :: 		
0x008A	0x0DF1      	RLF        R1, 1
;__Lib_Math.c,248 :: 		
0x008B	0x0BFC      	DECFSZ     R12, 1
;__Lib_Math.c,249 :: 		
0x008C	0x2877      	GOTO       $-21
;__Lib_Math.c,251 :: 		
L_end_Div_16x16_U:
0x008D	0x0008      	RETURN
; end of _Div_16x16_U
_isdigit:
;__Lib_CType.c,23 :: 		
;__Lib_CType.c,24 :: 		
0x008E	0x1283      	BCF        STATUS, 5
0x008F	0x1303      	BCF        STATUS, 6
0x0090	0x086C      	MOVF       FARG_isdigit_character, 0
0x0091	0x3C39      	SUBLW      57
0x0092	0x1C03      	BTFSS      STATUS, 0
0x0093	0x289B      	GOTO       L_isdigit9
0x0094	0x3030      	MOVLW      48
0x0095	0x026C      	SUBWF      FARG_isdigit_character, 0
0x0096	0x1C03      	BTFSS      STATUS, 0
0x0097	0x289B      	GOTO       L_isdigit9
0x0098	0x3001      	MOVLW      1
0x0099	0x00F0      	MOVWF      R0
0x009A	0x289C      	GOTO       L_isdigit8
L_isdigit9:
0x009B	0x01F0      	CLRF       R0
L_isdigit8:
;__Lib_CType.c,25 :: 		
L_end_isdigit:
0x009C	0x0008      	RETURN
; end of _isdigit
_WordToStr:
;__Lib_Conversions.c,84 :: 		
;__Lib_Conversions.c,89 :: 		
0x009D	0x1283      	BCF        STATUS, 5
0x009E	0x1303      	BCF        STATUS, 6
0x009F	0x01EF      	CLRF       WordToStr_len_L0
L_WordToStr6:
0x00A0	0x3005      	MOVLW      5
0x00A1	0x026F      	SUBWF      WordToStr_len_L0, 0
0x00A2	0x1803      	BTFSC      STATUS, 0
0x00A3	0x28AB      	GOTO       L_WordToStr7
;__Lib_Conversions.c,90 :: 		
0x00A4	0x086F      	MOVF       WordToStr_len_L0, 0
0x00A5	0x076E      	ADDWF      FARG_WordToStr_output, 0
0x00A6	0x0084      	MOVWF      FSR
0x00A7	0x3020      	MOVLW      32
0x00A8	0x0080      	MOVWF      INDF
;__Lib_Conversions.c,89 :: 		
0x00A9	0x0AEF      	INCF       WordToStr_len_L0, 1
;__Lib_Conversions.c,90 :: 		
0x00AA	0x28A0      	GOTO       L_WordToStr6
L_WordToStr7:
;__Lib_Conversions.c,91 :: 		
0x00AB	0x086F      	MOVF       WordToStr_len_L0, 0
0x00AC	0x076E      	ADDWF      FARG_WordToStr_output, 0
0x00AD	0x0084      	MOVWF      FSR
0x00AE	0x0180      	CLRF       INDF
0x00AF	0x03EF      	DECF       WordToStr_len_L0, 1
;__Lib_Conversions.c,93 :: 		
L_WordToStr9:
;__Lib_Conversions.c,94 :: 		
0x00B0	0x086F      	MOVF       WordToStr_len_L0, 0
0x00B1	0x076E      	ADDWF      FARG_WordToStr_output, 0
0x00B2	0x1683      	BSF        STATUS, 5
0x00B3	0x00A0      	MOVWF      FLOC__WordToStr
0x00B4	0x300A      	MOVLW      10
0x00B5	0x00F4      	MOVWF      R4
0x00B6	0x01F5      	CLRF       R4+1
0x00B7	0x1283      	BCF        STATUS, 5
0x00B8	0x086C      	MOVF       FARG_WordToStr_input, 0
0x00B9	0x00F0      	MOVWF      R0
0x00BA	0x086D      	MOVF       FARG_WordToStr_input+1, 0
0x00BB	0x00F1      	MOVWF      R0+1
0x00BC	0x2071      	CALL       _Div_16x16_U
0x00BD	0x0878      	MOVF       R8, 0
0x00BE	0x00F0      	MOVWF      R0
0x00BF	0x0879      	MOVF       R8+1, 0
0x00C0	0x00F1      	MOVWF      R0+1
0x00C1	0x3030      	MOVLW      48
0x00C2	0x07F0      	ADDWF      R0, 1
0x00C3	0x1683      	BSF        STATUS, 5
0x00C4	0x0820      	MOVF       FLOC__WordToStr, 0
0x00C5	0x0084      	MOVWF      FSR
0x00C6	0x0870      	MOVF       R0, 0
0x00C7	0x0080      	MOVWF      INDF
;__Lib_Conversions.c,95 :: 		
0x00C8	0x300A      	MOVLW      10
0x00C9	0x00F4      	MOVWF      R4
0x00CA	0x01F5      	CLRF       R4+1
0x00CB	0x1283      	BCF        STATUS, 5
0x00CC	0x086C      	MOVF       FARG_WordToStr_input, 0
0x00CD	0x00F0      	MOVWF      R0
0x00CE	0x086D      	MOVF       FARG_WordToStr_input+1, 0
0x00CF	0x00F1      	MOVWF      R0+1
0x00D0	0x2071      	CALL       _Div_16x16_U
0x00D1	0x0870      	MOVF       R0, 0
0x00D2	0x00EC      	MOVWF      FARG_WordToStr_input
0x00D3	0x0871      	MOVF       R0+1, 0
0x00D4	0x00ED      	MOVWF      FARG_WordToStr_input+1
;__Lib_Conversions.c,96 :: 		
0x00D5	0x3000      	MOVLW      0
0x00D6	0x0671      	XORWF      R0+1, 0
0x00D7	0x1D03      	BTFSS      STATUS, 2
0x00D8	0x28DB      	GOTO       L__WordToStr109
0x00D9	0x3000      	MOVLW      0
0x00DA	0x0670      	XORWF      R0, 0
L__WordToStr109:
0x00DB	0x1D03      	BTFSS      STATUS, 2
0x00DC	0x28DE      	GOTO       L_WordToStr11
;__Lib_Conversions.c,97 :: 		
0x00DD	0x28E0      	GOTO       L_WordToStr10
L_WordToStr11:
;__Lib_Conversions.c,98 :: 		
0x00DE	0x03EF      	DECF       WordToStr_len_L0, 1
;__Lib_Conversions.c,99 :: 		
0x00DF	0x28B0      	GOTO       L_WordToStr9
L_WordToStr10:
;__Lib_Conversions.c,100 :: 		
L_end_WordToStr:
0x00E0	0x0008      	RETURN
; end of _WordToStr
_Lcd_Chr_CP:
;__Lib_Lcd.c,50 :: 		
;__Lib_Lcd.c,52 :: 		
0x00E1	0x1283      	BCF        STATUS, 5
0x00E2	0x1303      	BCF        STATUS, 6
0x00E3	0x104B      	BCF        __Lib_Lcd_cmd_status, BitPos(__Lib_Lcd_cmd_status+0)
;__Lib_Lcd.c,53 :: 		
0x00E4	0x086C      	MOVF       FARG_Lcd_Chr_CP_out_char, 0
0x00E5	0x1683      	BSF        STATUS, 5
0x00E6	0x00A1      	MOVWF      FARG_Lcd_Cmd_out_char
0x00E7	0x201A      	CALL       _Lcd_Cmd
;__Lib_Lcd.c,54 :: 		
0x00E8	0x144B      	BSF        __Lib_Lcd_cmd_status, BitPos(__Lib_Lcd_cmd_status+0)
;__Lib_Lcd.c,55 :: 		
L_end_Lcd_Chr_CP:
0x00E9	0x0008      	RETURN
; end of _Lcd_Chr_CP
_Mul_32x32_U:
;__Lib_Math.c,1774 :: 		
;__Lib_Math.c,1789 :: 		
0x00EA	0x1283      	BCF        STATUS, 5
;__Lib_Math.c,1790 :: 		
0x00EB	0x1303      	BCF        STATUS, 6
;__Lib_Math.c,1791 :: 		
0x00EC	0x3022      	MOVLW      34
;__Lib_Math.c,1792 :: 		
0x00ED	0x00FC      	MOVWF      R12
;__Lib_Math.c,1793 :: 		
0x00EE	0x01F8      	CLRF       R8
;__Lib_Math.c,1794 :: 		
0x00EF	0x01F9      	CLRF       R9
;__Lib_Math.c,1795 :: 		
0x00F0	0x01FA      	CLRF       R10
;__Lib_Math.c,1796 :: 		
0x00F1	0x01FB      	CLRF       R11
;__Lib_Math.c,1798 :: 		
_NEXT:
;__Lib_Math.c,1802 :: 		
0x00F2	0x03FC      	DECF       R12, 1
;__Lib_Math.c,1803 :: 		
0x00F3	0x1903      	BTFSC      STATUS, 2
;__Lib_Math.c,1804 :: 		
0x00F4	0x2920      	GOTO       _EXIT2
;__Lib_Math.c,1805 :: 		
0x00F5	0x1003      	BCF        STATUS, 0
;__Lib_Math.c,1807 :: 		
_LOOP:
;__Lib_Math.c,1816 :: 		
0x00F6	0x0CFB      	RRF        R11, 1
;__Lib_Math.c,1817 :: 		
0x00F7	0x0CFA      	RRF        R10, 1
;__Lib_Math.c,1818 :: 		
0x00F8	0x0CF9      	RRF        R9, 1
;__Lib_Math.c,1819 :: 		
0x00F9	0x0CF8      	RRF        R8, 1
;__Lib_Math.c,1820 :: 		
0x00FA	0x0CF3      	RRF        R3, 1
;__Lib_Math.c,1821 :: 		
0x00FB	0x0CF2      	RRF        R2, 1
;__Lib_Math.c,1822 :: 		
0x00FC	0x0CF1      	RRF        R1, 1
;__Lib_Math.c,1823 :: 		
0x00FD	0x0CF0      	RRF        R0, 1
;__Lib_Math.c,1828 :: 		
0x00FE	0x1C03      	BTFSS      STATUS, 0
;__Lib_Math.c,1829 :: 		
0x00FF	0x28F2      	GOTO       _NEXT
;__Lib_Math.c,1830 :: 		
0x0100	0x03FC      	DECF       R12, 1
;__Lib_Math.c,1831 :: 		
0x0101	0x1903      	BTFSC      STATUS, 2
;__Lib_Math.c,1832 :: 		
0x0102	0x2912      	GOTO       _EXIT1
;__Lib_Math.c,1839 :: 		
0x0103	0x0874      	MOVF       R4, 0
;__Lib_Math.c,1840 :: 		
0x0104	0x07F8      	ADDWF      R8, 1
;__Lib_Math.c,1841 :: 		
0x0105	0x0875      	MOVF       R5, 0
;__Lib_Math.c,1842 :: 		
0x0106	0x1803      	BTFSC      STATUS, 0
;__Lib_Math.c,1843 :: 		
0x0107	0x0F75      	INCFSZ     R5, 0
;__Lib_Math.c,1844 :: 		
0x0108	0x07F9      	ADDWF      R9, 1
;__Lib_Math.c,1845 :: 		
0x0109	0x0876      	MOVF       R6, 0
;__Lib_Math.c,1846 :: 		
0x010A	0x1803      	BTFSC      STATUS, 0
;__Lib_Math.c,1847 :: 		
0x010B	0x0F76      	INCFSZ     R6, 0
;__Lib_Math.c,1848 :: 		
0x010C	0x07FA      	ADDWF      R10, 1
;__Lib_Math.c,1849 :: 		
0x010D	0x0877      	MOVF       R7, 0
;__Lib_Math.c,1850 :: 		
0x010E	0x1803      	BTFSC      STATUS, 0
;__Lib_Math.c,1851 :: 		
0x010F	0x0F77      	INCFSZ     R7, 0
;__Lib_Math.c,1852 :: 		
0x0110	0x07FB      	ADDWF      R11, 1
;__Lib_Math.c,1854 :: 		
0x0111	0x28F6      	GOTO       _LOOP
;__Lib_Math.c,1856 :: 		
_EXIT1:
;__Lib_Math.c,1861 :: 		
0x0112	0x0874      	MOVF       R4, 0
;__Lib_Math.c,1862 :: 		
0x0113	0x07F8      	ADDWF      R8, 1
;__Lib_Math.c,1863 :: 		
0x0114	0x0875      	MOVF       R5, 0
;__Lib_Math.c,1864 :: 		
0x0115	0x1803      	BTFSC      STATUS, 0
;__Lib_Math.c,1865 :: 		
0x0116	0x0F75      	INCFSZ     R5, 0
;__Lib_Math.c,1866 :: 		
0x0117	0x07F9      	ADDWF      R9, 1
;__Lib_Math.c,1867 :: 		
0x0118	0x0876      	MOVF       R6, 0
;__Lib_Math.c,1868 :: 		
0x0119	0x1803      	BTFSC      STATUS, 0
;__Lib_Math.c,1869 :: 		
0x011A	0x0F76      	INCFSZ     R6, 0
;__Lib_Math.c,1870 :: 		
0x011B	0x07FA      	ADDWF      R10, 1
;__Lib_Math.c,1871 :: 		
0x011C	0x0877      	MOVF       R7, 0
;__Lib_Math.c,1872 :: 		
0x011D	0x1803      	BTFSC      STATUS, 0
;__Lib_Math.c,1873 :: 		
0x011E	0x0F77      	INCFSZ     R7, 0
;__Lib_Math.c,1874 :: 		
0x011F	0x07FB      	ADDWF      R11, 1
;__Lib_Math.c,1877 :: 		
_EXIT2:
;__Lib_Math.c,1879 :: 		
L_end_Mul_32x32_U:
0x0120	0x0008      	RETURN
; end of _Mul_32x32_U
_Keypad_Key_Press:
;__Lib_Keypad4x4.c,38 :: 		
;__Lib_Keypad4x4.c,42 :: 		
0x0121	0x1283      	BCF        STATUS, 5
0x0122	0x1303      	BCF        STATUS, 6
0x0123	0x01E3      	CLRF       Keypad_Key_Press_rslt_L0
;__Lib_Keypad4x4.c,43 :: 		
0x0124	0x01E5      	CLRF       Keypad_Key_Press_loc_L0
;__Lib_Keypad4x4.c,44 :: 		
0x0125	0x01E6      	CLRF       Keypad_Key_Press_rowcnt_L0
;__Lib_Keypad4x4.c,45 :: 		
0x0126	0x3010      	MOVLW      16
0x0127	0x00E7      	MOVWF      Keypad_Key_Press_shifter_L0
;__Lib_Keypad4x4.c,47 :: 		
L_Keypad_Key_Press0:
0x0128	0x3004      	MOVLW      4
0x0129	0x0266      	SUBWF      Keypad_Key_Press_rowcnt_L0, 0
0x012A	0x1803      	BTFSC      STATUS, 0
0x012B	0x294D      	GOTO       L_Keypad_Key_Press1
;__Lib_Keypad4x4.c,49 :: 		
0x012C	0x30F0      	MOVLW      240
0x012D	0x0088      	MOVWF      keypadPort
;__Lib_Keypad4x4.c,50 :: 		
0x012E	0x0967      	COMF       Keypad_Key_Press_shifter_L0, 0
0x012F	0x1683      	BSF        STATUS, 5
0x0130	0x0088      	MOVWF      keypadPort+128
;__Lib_Keypad4x4.c,54 :: 		
0x0131	0x2003      	CALL       _Delay_1us
;__Lib_Keypad4x4.c,55 :: 		
0x0132	0x2003      	CALL       _Delay_1us
;__Lib_Keypad4x4.c,56 :: 		
0x0133	0x300F      	MOVLW      15
0x0134	0x1283      	BCF        STATUS, 5
0x0135	0x0508      	ANDWF      keypadPort, 0
0x0136	0x00F0      	MOVWF      R0
0x0137	0x0870      	MOVF       R0, 0
0x0138	0x00E4      	MOVWF      Keypad_Key_Press_kdata_L0
;__Lib_Keypad4x4.c,57 :: 		
0x0139	0x0870      	MOVF       R0, 0
0x013A	0x1903      	BTFSC      STATUS, 2
0x013B	0x2947      	GOTO       L_Keypad_Key_Press2
;__Lib_Keypad4x4.c,59 :: 		
0x013C	0x0865      	MOVF       Keypad_Key_Press_loc_L0, 0
0x013D	0x00E3      	MOVWF      Keypad_Key_Press_rslt_L0
;__Lib_Keypad4x4.c,60 :: 		
L_Keypad_Key_Press3:
0x013E	0x0864      	MOVF       Keypad_Key_Press_kdata_L0, 0
0x013F	0x1903      	BTFSC      STATUS, 2
0x0140	0x2945      	GOTO       L_Keypad_Key_Press4
;__Lib_Keypad4x4.c,61 :: 		
0x0141	0x0CE4      	RRF        Keypad_Key_Press_kdata_L0, 1
0x0142	0x13E4      	BCF        Keypad_Key_Press_kdata_L0, 7
;__Lib_Keypad4x4.c,62 :: 		
0x0143	0x0AE3      	INCF       Keypad_Key_Press_rslt_L0, 1
;__Lib_Keypad4x4.c,63 :: 		
0x0144	0x293E      	GOTO       L_Keypad_Key_Press3
L_Keypad_Key_Press4:
;__Lib_Keypad4x4.c,65 :: 		
0x0145	0x3004      	MOVLW      4
0x0146	0x00E6      	MOVWF      Keypad_Key_Press_rowcnt_L0
;__Lib_Keypad4x4.c,66 :: 		
L_Keypad_Key_Press2:
;__Lib_Keypad4x4.c,67 :: 		
0x0147	0x0DE7      	RLF        Keypad_Key_Press_shifter_L0, 1
0x0148	0x1067      	BCF        Keypad_Key_Press_shifter_L0, 0
;__Lib_Keypad4x4.c,68 :: 		
0x0149	0x3004      	MOVLW      4
0x014A	0x07E5      	ADDWF      Keypad_Key_Press_loc_L0, 1
;__Lib_Keypad4x4.c,69 :: 		
0x014B	0x0AE6      	INCF       Keypad_Key_Press_rowcnt_L0, 1
;__Lib_Keypad4x4.c,70 :: 		
0x014C	0x2928      	GOTO       L_Keypad_Key_Press0
L_Keypad_Key_Press1:
;__Lib_Keypad4x4.c,72 :: 		
0x014D	0x0863      	MOVF       Keypad_Key_Press_rslt_L0, 0
0x014E	0x00F0      	MOVWF      R0
;__Lib_Keypad4x4.c,73 :: 		
L_end_Keypad_Key_Press:
0x014F	0x0008      	RETURN
; end of _Keypad_Key_Press
_Delay_10us:
;__Lib_Delays.c,11 :: 		void Delay_10us() {
;__Lib_Delays.c,12 :: 		Delay_us(10);
0x0150	0x3006      	MOVLW      6
0x0151	0x1283      	BCF        STATUS, 5
0x0152	0x1303      	BCF        STATUS, 6
0x0153	0x00FD      	MOVWF      R13
L_Delay_10us0:
0x0154	0x0BFD      	DECFSZ     R13, 1
0x0155	0x2954      	GOTO       L_Delay_10us0
0x0156	0x0000      	NOP
;__Lib_Delays.c,13 :: 		}
L_end_Delay_10us:
0x0157	0x0008      	RETURN
; end of _Delay_10us
_Lcd_Out:
;__Lib_Lcd.c,184 :: 		
;__Lib_Lcd.c,187 :: 		
0x0158	0x296A      	GOTO       L_Lcd_Out11
;__Lib_Lcd.c,188 :: 		
L_Lcd_Out13:
0x0159	0x3080      	MOVLW      128
0x015A	0x1283      	BCF        STATUS, 5
0x015B	0x1303      	BCF        STATUS, 6
0x015C	0x00E3      	MOVWF      FARG_Lcd_Out_row
0x015D	0x297D      	GOTO       L_Lcd_Out12
;__Lib_Lcd.c,189 :: 		
L_Lcd_Out14:
0x015E	0x30C0      	MOVLW      192
0x015F	0x00E3      	MOVWF      FARG_Lcd_Out_row
0x0160	0x297D      	GOTO       L_Lcd_Out12
;__Lib_Lcd.c,190 :: 		
L_Lcd_Out15:
0x0161	0x3094      	MOVLW      148
0x0162	0x00E3      	MOVWF      FARG_Lcd_Out_row
0x0163	0x297D      	GOTO       L_Lcd_Out12
;__Lib_Lcd.c,191 :: 		
L_Lcd_Out16:
0x0164	0x30D4      	MOVLW      212
0x0165	0x00E3      	MOVWF      FARG_Lcd_Out_row
0x0166	0x297D      	GOTO       L_Lcd_Out12
;__Lib_Lcd.c,192 :: 		
L_Lcd_Out17:
0x0167	0x3080      	MOVLW      128
0x0168	0x00E3      	MOVWF      FARG_Lcd_Out_row
;__Lib_Lcd.c,193 :: 		
0x0169	0x297D      	GOTO       L_Lcd_Out12
L_Lcd_Out11:
0x016A	0x1283      	BCF        STATUS, 5
0x016B	0x1303      	BCF        STATUS, 6
0x016C	0x0863      	MOVF       FARG_Lcd_Out_row, 0
0x016D	0x3A01      	XORLW      1
0x016E	0x1903      	BTFSC      STATUS, 2
0x016F	0x2959      	GOTO       L_Lcd_Out13
0x0170	0x0863      	MOVF       FARG_Lcd_Out_row, 0
0x0171	0x3A02      	XORLW      2
0x0172	0x1903      	BTFSC      STATUS, 2
0x0173	0x295E      	GOTO       L_Lcd_Out14
0x0174	0x0863      	MOVF       FARG_Lcd_Out_row, 0
0x0175	0x3A03      	XORLW      3
0x0176	0x1903      	BTFSC      STATUS, 2
0x0177	0x2961      	GOTO       L_Lcd_Out15
0x0178	0x0863      	MOVF       FARG_Lcd_Out_row, 0
0x0179	0x3A04      	XORLW      4
0x017A	0x1903      	BTFSC      STATUS, 2
0x017B	0x2964      	GOTO       L_Lcd_Out16
0x017C	0x2967      	GOTO       L_Lcd_Out17
L_Lcd_Out12:
;__Lib_Lcd.c,194 :: 		
0x017D	0x0364      	DECF       FARG_Lcd_Out_column, 0
0x017E	0x00F0      	MOVWF      R0
0x017F	0x0863      	MOVF       FARG_Lcd_Out_row, 0
0x0180	0x07F0      	ADDWF      R0, 1
0x0181	0x0870      	MOVF       R0, 0
0x0182	0x00E3      	MOVWF      FARG_Lcd_Out_row
;__Lib_Lcd.c,196 :: 		
0x0183	0x0870      	MOVF       R0, 0
0x0184	0x1683      	BSF        STATUS, 5
0x0185	0x00A1      	MOVWF      FARG_Lcd_Cmd_out_char
0x0186	0x201A      	CALL       _Lcd_Cmd
;__Lib_Lcd.c,197 :: 		
0x0187	0x104B      	BCF        __Lib_Lcd_cmd_status, BitPos(__Lib_Lcd_cmd_status+0)
;__Lib_Lcd.c,198 :: 		
0x0188	0x01E6      	CLRF       Lcd_Out_i_L0
;__Lib_Lcd.c,199 :: 		
L_Lcd_Out18:
0x0189	0x0866      	MOVF       Lcd_Out_i_L0, 0
0x018A	0x0765      	ADDWF      FARG_Lcd_Out_text, 0
0x018B	0x0084      	MOVWF      FSR
0x018C	0x0800      	MOVF       INDF, 0
0x018D	0x1903      	BTFSC      STATUS, 2
0x018E	0x2997      	GOTO       L_Lcd_Out19
;__Lib_Lcd.c,200 :: 		
0x018F	0x0866      	MOVF       Lcd_Out_i_L0, 0
0x0190	0x0765      	ADDWF      FARG_Lcd_Out_text, 0
0x0191	0x0084      	MOVWF      FSR
0x0192	0x0800      	MOVF       INDF, 0
0x0193	0x00EC      	MOVWF      FARG_Lcd_Chr_CP_out_char
0x0194	0x20E1      	CALL       _Lcd_Chr_CP
0x0195	0x0AE6      	INCF       Lcd_Out_i_L0, 1
0x0196	0x2989      	GOTO       L_Lcd_Out18
L_Lcd_Out19:
;__Lib_Lcd.c,201 :: 		
0x0197	0x144B      	BSF        __Lib_Lcd_cmd_status, BitPos(__Lib_Lcd_cmd_status+0)
;__Lib_Lcd.c,202 :: 		
L_end_Lcd_Out:
0x0198	0x0008      	RETURN
; end of _Lcd_Out
_atol:
;__Lib_CStdlib.c,214 :: 		
;__Lib_CStdlib.c,219 :: 		
___atol_skipws_atol:
;__Lib_CStdlib.c,220 :: 		
0x0199	0x1283      	BCF        STATUS, 5
0x019A	0x1303      	BCF        STATUS, 6
0x019B	0x0863      	MOVF       FARG_atol_s, 0
0x019C	0x0084      	MOVWF      FSR
0x019D	0x0800      	MOVF       INDF, 0
0x019E	0x00E4      	MOVWF      atol_c_L0
0x019F	0x01E5      	CLRF       atol_c_L0+1
0x01A0	0x3000      	MOVLW      0
0x01A1	0x00E5      	MOVWF      atol_c_L0+1
;__Lib_CStdlib.c,221 :: 		
0x01A2	0x3000      	MOVLW      0
0x01A3	0x0665      	XORWF      atol_c_L0+1, 0
0x01A4	0x1D03      	BTFSS      STATUS, 2
0x01A5	0x29A8      	GOTO       L__atol104
0x01A6	0x3020      	MOVLW      32
0x01A7	0x0664      	XORWF      atol_c_L0, 0
L__atol104:
0x01A8	0x1903      	BTFSC      STATUS, 2
0x01A9	0x29B3      	GOTO       L__atol91
0x01AA	0x3000      	MOVLW      0
0x01AB	0x0665      	XORWF      atol_c_L0+1, 0
0x01AC	0x1D03      	BTFSS      STATUS, 2
0x01AD	0x29B0      	GOTO       L__atol105
0x01AE	0x3009      	MOVLW      9
0x01AF	0x0664      	XORWF      atol_c_L0, 0
L__atol105:
0x01B0	0x1903      	BTFSC      STATUS, 2
0x01B1	0x29B3      	GOTO       L__atol91
0x01B2	0x29B5      	GOTO       L_atol63
L__atol91:
;__Lib_CStdlib.c,222 :: 		
0x01B3	0x0AE3      	INCF       FARG_atol_s, 1
;__Lib_CStdlib.c,223 :: 		
0x01B4	0x2999      	GOTO       ___atol_skipws_atol
;__Lib_CStdlib.c,224 :: 		
L_atol63:
;__Lib_CStdlib.c,225 :: 		
0x01B5	0x01E6      	CLRF       atol_a_L0
0x01B6	0x01E7      	CLRF       atol_a_L0+1
0x01B7	0x01E8      	CLRF       atol_a_L0+2
0x01B8	0x01E9      	CLRF       atol_a_L0+3
;__Lib_CStdlib.c,226 :: 		
0x01B9	0x01EA      	CLRF       atol_sign_L0
0x01BA	0x01EB      	CLRF       atol_sign_L0+1
;__Lib_CStdlib.c,227 :: 		
0x01BB	0x0863      	MOVF       FARG_atol_s, 0
0x01BC	0x0084      	MOVWF      FSR
0x01BD	0x0800      	MOVF       INDF, 0
0x01BE	0x3A2D      	XORLW      45
0x01BF	0x1D03      	BTFSS      STATUS, 2
0x01C0	0x29C6      	GOTO       L_atol64
;__Lib_CStdlib.c,228 :: 		
0x01C1	0x0AEA      	INCF       atol_sign_L0, 1
0x01C2	0x1903      	BTFSC      STATUS, 2
0x01C3	0x0AEB      	INCF       atol_sign_L0+1, 1
;__Lib_CStdlib.c,229 :: 		
0x01C4	0x0AE3      	INCF       FARG_atol_s, 1
;__Lib_CStdlib.c,230 :: 		
0x01C5	0x29CD      	GOTO       L_atol65
L_atol64:
;__Lib_CStdlib.c,232 :: 		
0x01C6	0x0863      	MOVF       FARG_atol_s, 0
0x01C7	0x0084      	MOVWF      FSR
0x01C8	0x0800      	MOVF       INDF, 0
0x01C9	0x3A2B      	XORLW      43
0x01CA	0x1D03      	BTFSS      STATUS, 2
0x01CB	0x29CD      	GOTO       L_atol66
;__Lib_CStdlib.c,233 :: 		
0x01CC	0x0AE3      	INCF       FARG_atol_s, 1
L_atol66:
L_atol65:
;__Lib_CStdlib.c,234 :: 		
___atol_conv_atol:
;__Lib_CStdlib.c,235 :: 		
0x01CD	0x0863      	MOVF       FARG_atol_s, 0
0x01CE	0x0084      	MOVWF      FSR
0x01CF	0x0800      	MOVF       INDF, 0
0x01D0	0x00E4      	MOVWF      atol_c_L0
0x01D1	0x01E5      	CLRF       atol_c_L0+1
0x01D2	0x3000      	MOVLW      0
0x01D3	0x00E5      	MOVWF      atol_c_L0+1
;__Lib_CStdlib.c,236 :: 		
0x01D4	0x0864      	MOVF       atol_c_L0, 0
0x01D5	0x00EC      	MOVWF      FARG_isdigit_character
0x01D6	0x208E      	CALL       _isdigit
0x01D7	0x0870      	MOVF       R0, 0
0x01D8	0x1903      	BTFSC      STATUS, 2
0x01D9	0x2A0C      	GOTO       L_atol67
;__Lib_CStdlib.c,237 :: 		
0x01DA	0x0866      	MOVF       atol_a_L0, 0
0x01DB	0x00F0      	MOVWF      R0
0x01DC	0x0867      	MOVF       atol_a_L0+1, 0
0x01DD	0x00F1      	MOVWF      R0+1
0x01DE	0x0868      	MOVF       atol_a_L0+2, 0
0x01DF	0x00F2      	MOVWF      R0+2
0x01E0	0x0869      	MOVF       atol_a_L0+3, 0
0x01E1	0x00F3      	MOVWF      R0+3
0x01E2	0x300A      	MOVLW      10
0x01E3	0x00F4      	MOVWF      R4
0x01E4	0x3000      	MOVLW      0
0x01E5	0x00F5      	MOVWF      R4+1
0x01E6	0x3000      	MOVLW      0
0x01E7	0x00F6      	MOVWF      R4+2
0x01E8	0x3000      	MOVLW      0
0x01E9	0x00F7      	MOVWF      R4+3
0x01EA	0x20EA      	CALL       _Mul_32x32_U
0x01EB	0x3030      	MOVLW      48
0x01EC	0x0264      	SUBWF      atol_c_L0, 0
0x01ED	0x00F4      	MOVWF      R4
0x01EE	0x3000      	MOVLW      0
0x01EF	0x1C03      	BTFSS      STATUS, 0
0x01F0	0x3E01      	ADDLW      1
0x01F1	0x0265      	SUBWF      atol_c_L0+1, 0
0x01F2	0x00F5      	MOVWF      R4+1
0x01F3	0x0874      	MOVF       R4, 0
0x01F4	0x00E6      	MOVWF      atol_a_L0
0x01F5	0x0875      	MOVF       R4+1, 0
0x01F6	0x00E7      	MOVWF      atol_a_L0+1
0x01F7	0x3000      	MOVLW      0
0x01F8	0x1BE7      	BTFSC      atol_a_L0+1, 7
0x01F9	0x30FF      	MOVLW      255
0x01FA	0x00E8      	MOVWF      atol_a_L0+2
0x01FB	0x00E9      	MOVWF      atol_a_L0+3
0x01FC	0x0870      	MOVF       R0, 0
0x01FD	0x07E6      	ADDWF      atol_a_L0, 1
0x01FE	0x0871      	MOVF       R0+1, 0
0x01FF	0x1803      	BTFSC      STATUS, 0
0x0200	0x0F71      	INCFSZ     R0+1, 0
0x0201	0x07E7      	ADDWF      atol_a_L0+1, 1
0x0202	0x0872      	MOVF       R0+2, 0
0x0203	0x1803      	BTFSC      STATUS, 0
0x0204	0x0F72      	INCFSZ     R0+2, 0
0x0205	0x07E8      	ADDWF      atol_a_L0+2, 1
0x0206	0x0873      	MOVF       R0+3, 0
0x0207	0x1803      	BTFSC      STATUS, 0
0x0208	0x0F73      	INCFSZ     R0+3, 0
0x0209	0x07E9      	ADDWF      atol_a_L0+3, 1
;__Lib_CStdlib.c,238 :: 		
0x020A	0x0AE3      	INCF       FARG_atol_s, 1
;__Lib_CStdlib.c,239 :: 		
0x020B	0x29CD      	GOTO       ___atol_conv_atol
;__Lib_CStdlib.c,240 :: 		
L_atol67:
;__Lib_CStdlib.c,241 :: 		
0x020C	0x086A      	MOVF       atol_sign_L0, 0
0x020D	0x046B      	IORWF      atol_sign_L0+1, 0
0x020E	0x1903      	BTFSC      STATUS, 2
0x020F	0x2A23      	GOTO       L_atol68
;__Lib_CStdlib.c,242 :: 		
0x0210	0x01F0      	CLRF       R0
0x0211	0x01F1      	CLRF       R0+1
0x0212	0x01F2      	CLRF       R0+2
0x0213	0x01F3      	CLRF       R0+3
0x0214	0x0866      	MOVF       atol_a_L0, 0
0x0215	0x02F0      	SUBWF      R0, 1
0x0216	0x0867      	MOVF       atol_a_L0+1, 0
0x0217	0x1C03      	BTFSS      STATUS, 0
0x0218	0x0F67      	INCFSZ     atol_a_L0+1, 0
0x0219	0x02F1      	SUBWF      R0+1, 1
0x021A	0x0868      	MOVF       atol_a_L0+2, 0
0x021B	0x1C03      	BTFSS      STATUS, 0
0x021C	0x0F68      	INCFSZ     atol_a_L0+2, 0
0x021D	0x02F2      	SUBWF      R0+2, 1
0x021E	0x0869      	MOVF       atol_a_L0+3, 0
0x021F	0x1C03      	BTFSS      STATUS, 0
0x0220	0x0F69      	INCFSZ     atol_a_L0+3, 0
0x0221	0x02F3      	SUBWF      R0+3, 1
0x0222	0x2A2B      	GOTO       L_end_atol
L_atol68:
;__Lib_CStdlib.c,243 :: 		
0x0223	0x0866      	MOVF       atol_a_L0, 0
0x0224	0x00F0      	MOVWF      R0
0x0225	0x0867      	MOVF       atol_a_L0+1, 0
0x0226	0x00F1      	MOVWF      R0+1
0x0227	0x0868      	MOVF       atol_a_L0+2, 0
0x0228	0x00F2      	MOVWF      R0+2
0x0229	0x0869      	MOVF       atol_a_L0+3, 0
0x022A	0x00F3      	MOVWF      R0+3
;__Lib_CStdlib.c,244 :: 		
L_end_atol:
0x022B	0x0008      	RETURN
; end of _atol
_IntToStr:
;__Lib_Conversions.c,146 :: 		
;__Lib_Conversions.c,152 :: 		
0x022C	0x1283      	BCF        STATUS, 5
0x022D	0x1303      	BCF        STATUS, 6
0x022E	0x01E8      	CLRF       IntToStr_negative_L0
0x022F	0x01E9      	CLRF       IntToStr_negative_L0+1
;__Lib_Conversions.c,153 :: 		
0x0230	0x0863      	MOVF       FARG_IntToStr_input, 0
0x0231	0x00EA      	MOVWF      IntToStr_inword_L0
0x0232	0x0864      	MOVF       FARG_IntToStr_input+1, 0
0x0233	0x00EB      	MOVWF      IntToStr_inword_L0+1
;__Lib_Conversions.c,154 :: 		
0x0234	0x3080      	MOVLW      128
0x0235	0x0664      	XORWF      FARG_IntToStr_input+1, 0
0x0236	0x00F0      	MOVWF      R0
0x0237	0x3080      	MOVLW      128
0x0238	0x0270      	SUBWF      R0, 0
0x0239	0x1D03      	BTFSS      STATUS, 2
0x023A	0x2A3D      	GOTO       L__IntToStr115
0x023B	0x3000      	MOVLW      0
0x023C	0x0263      	SUBWF      FARG_IntToStr_input, 0
L__IntToStr115:
0x023D	0x1803      	BTFSC      STATUS, 0
0x023E	0x2A4B      	GOTO       L_IntToStr23
;__Lib_Conversions.c,155 :: 		
0x023F	0x3001      	MOVLW      1
0x0240	0x00E8      	MOVWF      IntToStr_negative_L0
0x0241	0x3000      	MOVLW      0
0x0242	0x00E9      	MOVWF      IntToStr_negative_L0+1
;__Lib_Conversions.c,156 :: 		
0x0243	0x0863      	MOVF       FARG_IntToStr_input, 0
0x0244	0x3C00      	SUBLW      0
0x0245	0x00EA      	MOVWF      IntToStr_inword_L0
0x0246	0x0864      	MOVF       FARG_IntToStr_input+1, 0
0x0247	0x1C03      	BTFSS      STATUS, 0
0x0248	0x3E01      	ADDLW      1
0x0249	0x01EB      	CLRF       IntToStr_inword_L0+1
0x024A	0x02EB      	SUBWF      IntToStr_inword_L0+1, 1
;__Lib_Conversions.c,157 :: 		
L_IntToStr23:
;__Lib_Conversions.c,158 :: 		
0x024B	0x086A      	MOVF       IntToStr_inword_L0, 0
0x024C	0x00EC      	MOVWF      FARG_WordToStr_input
0x024D	0x086B      	MOVF       IntToStr_inword_L0+1, 0
0x024E	0x00ED      	MOVWF      FARG_WordToStr_input+1
0x024F	0x0865      	MOVF       FARG_IntToStr_output, 0
0x0250	0x00EE      	MOVWF      FARG_WordToStr_output
0x0251	0x209D      	CALL       _WordToStr
;__Lib_Conversions.c,160 :: 		
0x0252	0x3006      	MOVLW      6
0x0253	0x00E6      	MOVWF      IntToStr_i_L0
0x0254	0x3000      	MOVLW      0
0x0255	0x00E7      	MOVWF      IntToStr_i_L0+1
;__Lib_Conversions.c,161 :: 		
L_IntToStr24:
0x0256	0x0867      	MOVF       IntToStr_i_L0+1, 0
0x0257	0x3C00      	SUBLW      0
0x0258	0x1D03      	BTFSS      STATUS, 2
0x0259	0x2A5C      	GOTO       L__IntToStr116
0x025A	0x0866      	MOVF       IntToStr_i_L0, 0
0x025B	0x3C00      	SUBLW      0
L__IntToStr116:
0x025C	0x1803      	BTFSC      STATUS, 0
0x025D	0x2A77      	GOTO       L_IntToStr25
;__Lib_Conversions.c,162 :: 		
0x025E	0x0866      	MOVF       IntToStr_i_L0, 0
0x025F	0x0765      	ADDWF      FARG_IntToStr_output, 0
0x0260	0x00F2      	MOVWF      R2
0x0261	0x3001      	MOVLW      1
0x0262	0x0266      	SUBWF      IntToStr_i_L0, 0
0x0263	0x00F0      	MOVWF      R0
0x0264	0x3000      	MOVLW      0
0x0265	0x1C03      	BTFSS      STATUS, 0
0x0266	0x3E01      	ADDLW      1
0x0267	0x0267      	SUBWF      IntToStr_i_L0+1, 0
0x0268	0x00F1      	MOVWF      R0+1
0x0269	0x0870      	MOVF       R0, 0
0x026A	0x0765      	ADDWF      FARG_IntToStr_output, 0
0x026B	0x0084      	MOVWF      FSR
0x026C	0x0800      	MOVF       INDF, 0
0x026D	0x00F0      	MOVWF      R0
0x026E	0x0872      	MOVF       R2, 0
0x026F	0x0084      	MOVWF      FSR
0x0270	0x0870      	MOVF       R0, 0
0x0271	0x0080      	MOVWF      INDF
;__Lib_Conversions.c,163 :: 		
0x0272	0x3001      	MOVLW      1
0x0273	0x02E6      	SUBWF      IntToStr_i_L0, 1
0x0274	0x1C03      	BTFSS      STATUS, 0
0x0275	0x03E7      	DECF       IntToStr_i_L0+1, 1
;__Lib_Conversions.c,164 :: 		
0x0276	0x2A56      	GOTO       L_IntToStr24
L_IntToStr25:
;__Lib_Conversions.c,165 :: 		
0x0277	0x0865      	MOVF       FARG_IntToStr_output, 0
0x0278	0x0084      	MOVWF      FSR
0x0279	0x3020      	MOVLW      32
0x027A	0x0080      	MOVWF      INDF
;__Lib_Conversions.c,166 :: 		
0x027B	0x0868      	MOVF       IntToStr_negative_L0, 0
0x027C	0x0469      	IORWF      IntToStr_negative_L0+1, 0
0x027D	0x1903      	BTFSC      STATUS, 2
0x027E	0x2A95      	GOTO       L_IntToStr26
;__Lib_Conversions.c,167 :: 		
0x027F	0x01E6      	CLRF       IntToStr_i_L0
0x0280	0x01E7      	CLRF       IntToStr_i_L0+1
;__Lib_Conversions.c,168 :: 		
L_IntToStr27:
0x0281	0x0866      	MOVF       IntToStr_i_L0, 0
0x0282	0x0765      	ADDWF      FARG_IntToStr_output, 0
0x0283	0x0084      	MOVWF      FSR
0x0284	0x0800      	MOVF       INDF, 0
0x0285	0x3A20      	XORLW      32
0x0286	0x1D03      	BTFSS      STATUS, 2
0x0287	0x2A8C      	GOTO       L_IntToStr28
0x0288	0x0AE6      	INCF       IntToStr_i_L0, 1
0x0289	0x1903      	BTFSC      STATUS, 2
0x028A	0x0AE7      	INCF       IntToStr_i_L0+1, 1
0x028B	0x2A81      	GOTO       L_IntToStr27
L_IntToStr28:
;__Lib_Conversions.c,169 :: 		
0x028C	0x3001      	MOVLW      1
0x028D	0x02E6      	SUBWF      IntToStr_i_L0, 1
0x028E	0x1C03      	BTFSS      STATUS, 0
0x028F	0x03E7      	DECF       IntToStr_i_L0+1, 1
;__Lib_Conversions.c,170 :: 		
0x0290	0x0866      	MOVF       IntToStr_i_L0, 0
0x0291	0x0765      	ADDWF      FARG_IntToStr_output, 0
0x0292	0x0084      	MOVWF      FSR
0x0293	0x302D      	MOVLW      45
0x0294	0x0080      	MOVWF      INDF
L_IntToStr26:
;__Lib_Conversions.c,171 :: 		
L_end_IntToStr:
0x0295	0x0008      	RETURN
; end of _IntToStr
_backward:
;final .c,147 :: 		void backward()
;final .c,149 :: 		portb.f4=0;   // anti  clockwise
0x0296	0x1283      	BCF        STATUS, 5
0x0297	0x1303      	BCF        STATUS, 6
0x0298	0x1206      	BCF        PORTB, 4
;final .c,150 :: 		portb.f5=1;
0x0299	0x1686      	BSF        PORTB, 5
;final .c,151 :: 		portb.f6=0;
0x029A	0x1306      	BCF        PORTB, 6
;final .c,152 :: 		portb.f7=1;
0x029B	0x1786      	BSF        PORTB, 7
;final .c,153 :: 		delay_ms(500);
0x029C	0x3006      	MOVLW      6
0x029D	0x00FB      	MOVWF      R11
0x029E	0x3013      	MOVLW      19
0x029F	0x00FC      	MOVWF      R12
0x02A0	0x30AD      	MOVLW      173
0x02A1	0x00FD      	MOVWF      R13
L_backward30:
0x02A2	0x0BFD      	DECFSZ     R13, 1
0x02A3	0x2AA2      	GOTO       L_backward30
0x02A4	0x0BFC      	DECFSZ     R12, 1
0x02A5	0x2AA2      	GOTO       L_backward30
0x02A6	0x0BFB      	DECFSZ     R11, 1
0x02A7	0x2AA2      	GOTO       L_backward30
0x02A8	0x0000      	NOP
0x02A9	0x0000      	NOP
;final .c,154 :: 		portb.f4=0;   //all off
0x02AA	0x1206      	BCF        PORTB, 4
;final .c,155 :: 		portb.f5=0;
0x02AB	0x1286      	BCF        PORTB, 5
;final .c,156 :: 		portb.f6=0;
0x02AC	0x1306      	BCF        PORTB, 6
;final .c,157 :: 		portb.f7=0;
0x02AD	0x1386      	BCF        PORTB, 7
;final .c,159 :: 		}
L_end_backward:
0x02AE	0x0008      	RETURN
; end of _backward
_forward:
;final .c,134 :: 		void forward()
;final .c,136 :: 		portb.f4=1;   // clockwise
0x02AF	0x1283      	BCF        STATUS, 5
0x02B0	0x1303      	BCF        STATUS, 6
0x02B1	0x1606      	BSF        PORTB, 4
;final .c,137 :: 		portb.f5=0;
0x02B2	0x1286      	BCF        PORTB, 5
;final .c,138 :: 		portb.f6=1;
0x02B3	0x1706      	BSF        PORTB, 6
;final .c,139 :: 		portb.f7=0;
0x02B4	0x1386      	BCF        PORTB, 7
;final .c,140 :: 		delay_ms(500);
0x02B5	0x3006      	MOVLW      6
0x02B6	0x00FB      	MOVWF      R11
0x02B7	0x3013      	MOVLW      19
0x02B8	0x00FC      	MOVWF      R12
0x02B9	0x30AD      	MOVLW      173
0x02BA	0x00FD      	MOVWF      R13
L_forward29:
0x02BB	0x0BFD      	DECFSZ     R13, 1
0x02BC	0x2ABB      	GOTO       L_forward29
0x02BD	0x0BFC      	DECFSZ     R12, 1
0x02BE	0x2ABB      	GOTO       L_forward29
0x02BF	0x0BFB      	DECFSZ     R11, 1
0x02C0	0x2ABB      	GOTO       L_forward29
0x02C1	0x0000      	NOP
0x02C2	0x0000      	NOP
;final .c,141 :: 		portb.f4=0;   // all off
0x02C3	0x1206      	BCF        PORTB, 4
;final .c,142 :: 		portb.f5=0;
0x02C4	0x1286      	BCF        PORTB, 5
;final .c,143 :: 		portb.f6=0;
0x02C5	0x1306      	BCF        PORTB, 6
;final .c,144 :: 		portb.f7=0;
0x02C6	0x1386      	BCF        PORTB, 7
;final .c,146 :: 		}
L_end_forward:
0x02C7	0x0008      	RETURN
; end of _forward
_turn_count:
;final .c,102 :: 		void turn_count()
;final .c,104 :: 		unsigned int result = atol(password);
0x02C8	0x304E      	MOVLW      _password
0x02C9	0x1283      	BCF        STATUS, 5
0x02CA	0x1303      	BCF        STATUS, 6
0x02CB	0x00E3      	MOVWF      FARG_atol_s
0x02CC	0x2199      	CALL       _atol
0x02CD	0x0870      	MOVF       R0, 0
0x02CE	0x00D4      	MOVWF      turn_count_result_L0
0x02CF	0x0871      	MOVF       R0+1, 0
0x02D0	0x00D5      	MOVWF      turn_count_result_L0+1
;final .c,106 :: 		int oldstate = 0;
0x02D1	0x01E1      	CLRF       turn_count_oldstate_L0
0x02D2	0x01E2      	CLRF       turn_count_oldstate_L0+1
;final .c,107 :: 		unsigned  int count = result;
0x02D3	0x0854      	MOVF       turn_count_result_L0, 0
0x02D4	0x00DD      	MOVWF      turn_count_count_L0
0x02D5	0x0855      	MOVF       turn_count_result_L0+1, 0
0x02D6	0x00DE      	MOVWF      turn_count_count_L0+1
;final .c,109 :: 		Lcd_Cmd(_LCD_CLEAR);
0x02D7	0x3001      	MOVLW      1
0x02D8	0x1683      	BSF        STATUS, 5
0x02D9	0x00A1      	MOVWF      FARG_Lcd_Cmd_out_char
0x02DA	0x201A      	CALL       _Lcd_Cmd
;final .c,110 :: 		Lcd_Out(1, 1, " Motor Running");
0x02DB	0x3001      	MOVLW      1
0x02DC	0x00E3      	MOVWF      FARG_Lcd_Out_row
0x02DD	0x3001      	MOVLW      1
0x02DE	0x00E4      	MOVWF      FARG_Lcd_Out_column
0x02DF	0x303A      	MOVLW      ?lstr3_final_32
0x02E0	0x00E5      	MOVWF      FARG_Lcd_Out_text
0x02E1	0x2158      	CALL       _Lcd_Out
;final .c,112 :: 		for (x=1;x<=count;)
0x02E2	0x3001      	MOVLW      1
0x02E3	0x00DF      	MOVWF      turn_count_x_L0
0x02E4	0x3000      	MOVLW      0
0x02E5	0x00E0      	MOVWF      turn_count_x_L0+1
L_turn_count21:
0x02E6	0x0860      	MOVF       turn_count_x_L0+1, 0
0x02E7	0x025E      	SUBWF      turn_count_count_L0+1, 0
0x02E8	0x1D03      	BTFSS      STATUS, 2
0x02E9	0x2AEC      	GOTO       L__turn_count36
0x02EA	0x085F      	MOVF       turn_count_x_L0, 0
0x02EB	0x025D      	SUBWF      turn_count_count_L0, 0
L__turn_count36:
0x02EC	0x1C03      	BTFSS      STATUS, 0
0x02ED	0x2B14      	GOTO       L_turn_count22
;final .c,114 :: 		IntToStr(count, txt);
0x02EE	0x085D      	MOVF       turn_count_count_L0, 0
0x02EF	0x00E3      	MOVWF      FARG_IntToStr_input
0x02F0	0x085E      	MOVF       turn_count_count_L0+1, 0
0x02F1	0x00E4      	MOVWF      FARG_IntToStr_input+1
0x02F2	0x3056      	MOVLW      turn_count_txt_L0
0x02F3	0x00E5      	MOVWF      FARG_IntToStr_output
0x02F4	0x222C      	CALL       _IntToStr
;final .c,115 :: 		Lcd_Out(2,2 , txt);
0x02F5	0x3002      	MOVLW      2
0x02F6	0x00E3      	MOVWF      FARG_Lcd_Out_row
0x02F7	0x3002      	MOVLW      2
0x02F8	0x00E4      	MOVWF      FARG_Lcd_Out_column
0x02F9	0x3056      	MOVLW      turn_count_txt_L0
0x02FA	0x00E5      	MOVWF      FARG_Lcd_Out_text
0x02FB	0x2158      	CALL       _Lcd_Out
;final .c,116 :: 		if (portb.f0==0)
0x02FC	0x1806      	BTFSC      PORTB, 0
0x02FD	0x2B03      	GOTO       L_turn_count24
;final .c,118 :: 		oldstate = 1;                              // Update flag
0x02FE	0x3001      	MOVLW      1
0x02FF	0x00E1      	MOVWF      turn_count_oldstate_L0
0x0300	0x3000      	MOVLW      0
0x0301	0x00E2      	MOVWF      turn_count_oldstate_L0+1
;final .c,119 :: 		}
0x0302	0x2B13      	GOTO       L_turn_count25
L_turn_count24:
;final .c,120 :: 		else if (oldstate==1 && portb.f0==1 )
0x0303	0x3000      	MOVLW      0
0x0304	0x0662      	XORWF      turn_count_oldstate_L0+1, 0
0x0305	0x1D03      	BTFSS      STATUS, 2
0x0306	0x2B09      	GOTO       L__turn_count37
0x0307	0x3001      	MOVLW      1
0x0308	0x0661      	XORWF      turn_count_oldstate_L0, 0
L__turn_count37:
0x0309	0x1D03      	BTFSS      STATUS, 2
0x030A	0x2B13      	GOTO       L_turn_count28
0x030B	0x1C06      	BTFSS      PORTB, 0
0x030C	0x2B13      	GOTO       L_turn_count28
L__turn_count31:
;final .c,123 :: 		count =count-1;                            // Invert PORTC
0x030D	0x3001      	MOVLW      1
0x030E	0x02DD      	SUBWF      turn_count_count_L0, 1
0x030F	0x1C03      	BTFSS      STATUS, 0
0x0310	0x03DE      	DECF       turn_count_count_L0+1, 1
;final .c,124 :: 		oldstate = 0;                             // Update flag
0x0311	0x01E1      	CLRF       turn_count_oldstate_L0
0x0312	0x01E2      	CLRF       turn_count_oldstate_L0+1
;final .c,125 :: 		}
L_turn_count28:
L_turn_count25:
;final .c,126 :: 		}
0x0313	0x2AE6      	GOTO       L_turn_count21
L_turn_count22:
;final .c,127 :: 		portb.f4=0;
0x0314	0x1206      	BCF        PORTB, 4
;final .c,128 :: 		portb.f5=0;
0x0315	0x1286      	BCF        PORTB, 5
;final .c,129 :: 		portb.f6=0;
0x0316	0x1306      	BCF        PORTB, 6
;final .c,130 :: 		portb.f7=0;
0x0317	0x1386      	BCF        PORTB, 7
;final .c,131 :: 		return;
;final .c,132 :: 		}
L_end_turn_count:
0x0318	0x0008      	RETURN
; end of _turn_count
_Lcd_Chr:
;__Lib_Lcd.c,65 :: 		
;__Lib_Lcd.c,66 :: 		
0x0319	0x2B2B      	GOTO       L_Lcd_Chr4
;__Lib_Lcd.c,67 :: 		
L_Lcd_Chr6:
0x031A	0x3080      	MOVLW      128
0x031B	0x1283      	BCF        STATUS, 5
0x031C	0x1303      	BCF        STATUS, 6
0x031D	0x00D4      	MOVWF      FARG_Lcd_Chr_row
0x031E	0x2B3E      	GOTO       L_Lcd_Chr5
;__Lib_Lcd.c,68 :: 		
L_Lcd_Chr7:
0x031F	0x30C0      	MOVLW      192
0x0320	0x00D4      	MOVWF      FARG_Lcd_Chr_row
0x0321	0x2B3E      	GOTO       L_Lcd_Chr5
;__Lib_Lcd.c,69 :: 		
L_Lcd_Chr8:
0x0322	0x3094      	MOVLW      148
0x0323	0x00D4      	MOVWF      FARG_Lcd_Chr_row
0x0324	0x2B3E      	GOTO       L_Lcd_Chr5
;__Lib_Lcd.c,70 :: 		
L_Lcd_Chr9:
0x0325	0x30D4      	MOVLW      212
0x0326	0x00D4      	MOVWF      FARG_Lcd_Chr_row
0x0327	0x2B3E      	GOTO       L_Lcd_Chr5
;__Lib_Lcd.c,71 :: 		
L_Lcd_Chr10:
0x0328	0x3080      	MOVLW      128
0x0329	0x00D4      	MOVWF      FARG_Lcd_Chr_row
;__Lib_Lcd.c,72 :: 		
0x032A	0x2B3E      	GOTO       L_Lcd_Chr5
L_Lcd_Chr4:
0x032B	0x1283      	BCF        STATUS, 5
0x032C	0x1303      	BCF        STATUS, 6
0x032D	0x0854      	MOVF       FARG_Lcd_Chr_row, 0
0x032E	0x3A01      	XORLW      1
0x032F	0x1903      	BTFSC      STATUS, 2
0x0330	0x2B1A      	GOTO       L_Lcd_Chr6
0x0331	0x0854      	MOVF       FARG_Lcd_Chr_row, 0
0x0332	0x3A02      	XORLW      2
0x0333	0x1903      	BTFSC      STATUS, 2
0x0334	0x2B1F      	GOTO       L_Lcd_Chr7
0x0335	0x0854      	MOVF       FARG_Lcd_Chr_row, 0
0x0336	0x3A03      	XORLW      3
0x0337	0x1903      	BTFSC      STATUS, 2
0x0338	0x2B22      	GOTO       L_Lcd_Chr8
0x0339	0x0854      	MOVF       FARG_Lcd_Chr_row, 0
0x033A	0x3A04      	XORLW      4
0x033B	0x1903      	BTFSC      STATUS, 2
0x033C	0x2B25      	GOTO       L_Lcd_Chr9
0x033D	0x2B28      	GOTO       L_Lcd_Chr10
L_Lcd_Chr5:
;__Lib_Lcd.c,74 :: 		
0x033E	0x0355      	DECF       FARG_Lcd_Chr_column, 0
0x033F	0x00F0      	MOVWF      R0
0x0340	0x0854      	MOVF       FARG_Lcd_Chr_row, 0
0x0341	0x07F0      	ADDWF      R0, 1
0x0342	0x0870      	MOVF       R0, 0
0x0343	0x00D4      	MOVWF      FARG_Lcd_Chr_row
;__Lib_Lcd.c,76 :: 		
0x0344	0x144B      	BSF        __Lib_Lcd_cmd_status, BitPos(__Lib_Lcd_cmd_status+0)
;__Lib_Lcd.c,77 :: 		
0x0345	0x0870      	MOVF       R0, 0
0x0346	0x1683      	BSF        STATUS, 5
0x0347	0x00A1      	MOVWF      FARG_Lcd_Cmd_out_char
0x0348	0x201A      	CALL       _Lcd_Cmd
;__Lib_Lcd.c,79 :: 		
0x0349	0x104B      	BCF        __Lib_Lcd_cmd_status, BitPos(__Lib_Lcd_cmd_status+0)
;__Lib_Lcd.c,80 :: 		
0x034A	0x0856      	MOVF       FARG_Lcd_Chr_out_char, 0
0x034B	0x1683      	BSF        STATUS, 5
0x034C	0x00A1      	MOVWF      FARG_Lcd_Cmd_out_char
0x034D	0x201A      	CALL       _Lcd_Cmd
;__Lib_Lcd.c,81 :: 		
0x034E	0x144B      	BSF        __Lib_Lcd_cmd_status, BitPos(__Lib_Lcd_cmd_status+0)
;__Lib_Lcd.c,82 :: 		
L_end_Lcd_Chr:
0x034F	0x0008      	RETURN
; end of _Lcd_Chr
_memset:
;__Lib_CString.c,77 :: 		
;__Lib_CString.c,80 :: 		
0x0350	0x1283      	BCF        STATUS, 5
0x0351	0x1303      	BCF        STATUS, 6
0x0352	0x0854      	MOVF       FARG_memset_p1, 0
0x0353	0x00F2      	MOVWF      R2
;__Lib_CString.c,81 :: 		
L_memset20:
0x0354	0x0856      	MOVF       FARG_memset_n, 0
0x0355	0x00F0      	MOVWF      R0
0x0356	0x0857      	MOVF       FARG_memset_n+1, 0
0x0357	0x00F1      	MOVWF      R0+1
0x0358	0x3001      	MOVLW      1
0x0359	0x02D6      	SUBWF      FARG_memset_n, 1
0x035A	0x1C03      	BTFSS      STATUS, 0
0x035B	0x03D7      	DECF       FARG_memset_n+1, 1
0x035C	0x0870      	MOVF       R0, 0
0x035D	0x0471      	IORWF      R0+1, 0
0x035E	0x1903      	BTFSC      STATUS, 2
0x035F	0x2B66      	GOTO       L_memset21
;__Lib_CString.c,82 :: 		
0x0360	0x0872      	MOVF       R2, 0
0x0361	0x0084      	MOVWF      FSR
0x0362	0x0855      	MOVF       FARG_memset_character, 0
0x0363	0x0080      	MOVWF      INDF
0x0364	0x0AF2      	INCF       R2, 1
0x0365	0x2B54      	GOTO       L_memset20
L_memset21:
;__Lib_CString.c,83 :: 		
0x0366	0x0854      	MOVF       FARG_memset_p1, 0
0x0367	0x00F0      	MOVWF      R0
;__Lib_CString.c,84 :: 		
L_end_memset:
0x0368	0x0008      	RETURN
; end of _memset
_Keypad_Key_Click:
;__Lib_Keypad4x4.c,76 :: 		
;__Lib_Keypad4x4.c,80 :: 		
0x0369	0x2121      	CALL       _Keypad_Key_Press
0x036A	0x0870      	MOVF       R0, 0
0x036B	0x00D4      	MOVWF      Keypad_Key_Click_rslt_L0
;__Lib_Keypad4x4.c,82 :: 		
L_Keypad_Key_Click5:
0x036C	0x300F      	MOVLW      15
0x036D	0x0508      	ANDWF      keypadPort, 0
0x036E	0x00F0      	MOVWF      R0
0x036F	0x1903      	BTFSC      STATUS, 2
0x0370	0x2B73      	GOTO       L_Keypad_Key_Click6
;__Lib_Keypad4x4.c,83 :: 		
0x0371	0x2150      	CALL       _Delay_10us
0x0372	0x2B6C      	GOTO       L_Keypad_Key_Click5
L_Keypad_Key_Click6:
;__Lib_Keypad4x4.c,85 :: 		
0x0373	0x0854      	MOVF       Keypad_Key_Click_rslt_L0, 0
0x0374	0x00F0      	MOVWF      R0
;__Lib_Keypad4x4.c,86 :: 		
L_end_Keypad_Key_Click:
0x0375	0x0008      	RETURN
; end of _Keypad_Key_Click
_____DoICP:
;__Lib_System.c,6 :: 		
;__Lib_System.c,9 :: 		
0x0376	0x1283      	BCF        STATUS, 5
0x0377	0x1303      	BCF        STATUS, 6
0x0378	0x084A      	MOVF       ___DoICPAddr+1, 0
0x0379	0x008A      	MOVWF      PCLATH
;__Lib_System.c,10 :: 		
0x037A	0x0849      	MOVF       ___DoICPAddr, 0
0x037B	0x0082      	MOVWF      PCL
;__Lib_System.c,12 :: 		
L_end_____DoICP:
0x037C	0x0008      	RETURN
; end of _____DoICP
_Lcd_Init:
;__Lib_Lcd.c,84 :: 		
;__Lib_Lcd.c,86 :: 		
0x037D	0x1683      	BSF        STATUS, 5
0x037E	0x1303      	BCF        STATUS, 6
0x037F	0x1285      	BCF        LCD_EN_Direction, BitPos(LCD_EN_Direction+0)
;__Lib_Lcd.c,87 :: 		
0x0380	0x1205      	BCF        LCD_RS_Direction, BitPos(LCD_RS_Direction+0)
;__Lib_Lcd.c,88 :: 		
0x0381	0x1005      	BCF        LCD_D4_Direction, BitPos(LCD_D4_Direction+0)
;__Lib_Lcd.c,89 :: 		
0x0382	0x1085      	BCF        LCD_D5_Direction, BitPos(LCD_D5_Direction+0)
;__Lib_Lcd.c,90 :: 		
0x0383	0x1105      	BCF        LCD_D6_Direction, BitPos(LCD_D6_Direction+0)
;__Lib_Lcd.c,91 :: 		
0x0384	0x1185      	BCF        LCD_D7_Direction, BitPos(LCD_D7_Direction+0)
;__Lib_Lcd.c,93 :: 		
0x0385	0x1283      	BCF        STATUS, 5
0x0386	0x1285      	BCF        LCD_EN, BitPos(LCD_EN+0)
;__Lib_Lcd.c,94 :: 		
0x0387	0x1205      	BCF        LCD_RS, BitPos(LCD_RS+0)
;__Lib_Lcd.c,95 :: 		
0x0388	0x1185      	BCF        LCD_D7, BitPos(LCD_D7+0)
;__Lib_Lcd.c,96 :: 		
0x0389	0x1105      	BCF        LCD_D6, BitPos(LCD_D6+0)
;__Lib_Lcd.c,97 :: 		
0x038A	0x1085      	BCF        LCD_D5, BitPos(LCD_D5+0)
;__Lib_Lcd.c,98 :: 		
0x038B	0x1005      	BCF        LCD_D4, BitPos(LCD_D4+0)
;__Lib_Lcd.c,100 :: 		
0x038C	0x200D      	CALL       _Delay_5500us
;__Lib_Lcd.c,101 :: 		
0x038D	0x200D      	CALL       _Delay_5500us
;__Lib_Lcd.c,102 :: 		
0x038E	0x200D      	CALL       _Delay_5500us
;__Lib_Lcd.c,105 :: 		
0x038F	0x1485      	BSF        LCD_D5, BitPos(LCD_D5+0)
;__Lib_Lcd.c,106 :: 		
0x0390	0x1405      	BSF        LCD_D4, BitPos(LCD_D4+0)
;__Lib_Lcd.c,107 :: 		
0x0391	0x1685      	BSF        LCD_EN, BitPos(LCD_EN+0)
;__Lib_Lcd.c,108 :: 		
0x0392	0x2003      	CALL       _Delay_1us
;__Lib_Lcd.c,109 :: 		
0x0393	0x1285      	BCF        LCD_EN, BitPos(LCD_EN+0)
;__Lib_Lcd.c,110 :: 		
0x0394	0x200D      	CALL       _Delay_5500us
;__Lib_Lcd.c,112 :: 		
0x0395	0x1685      	BSF        LCD_EN, BitPos(LCD_EN+0)
;__Lib_Lcd.c,113 :: 		
0x0396	0x2003      	CALL       _Delay_1us
;__Lib_Lcd.c,114 :: 		
0x0397	0x1285      	BCF        LCD_EN, BitPos(LCD_EN+0)
;__Lib_Lcd.c,115 :: 		
0x0398	0x200D      	CALL       _Delay_5500us
;__Lib_Lcd.c,117 :: 		
0x0399	0x1685      	BSF        LCD_EN, BitPos(LCD_EN+0)
;__Lib_Lcd.c,118 :: 		
0x039A	0x2003      	CALL       _Delay_1us
;__Lib_Lcd.c,119 :: 		
0x039B	0x1285      	BCF        LCD_EN, BitPos(LCD_EN+0)
;__Lib_Lcd.c,120 :: 		
0x039C	0x200D      	CALL       _Delay_5500us
;__Lib_Lcd.c,123 :: 		
0x039D	0x1005      	BCF        LCD_D4, BitPos(LCD_D4+0)
;__Lib_Lcd.c,124 :: 		
0x039E	0x1685      	BSF        LCD_EN, BitPos(LCD_EN+0)
;__Lib_Lcd.c,125 :: 		
0x039F	0x2003      	CALL       _Delay_1us
;__Lib_Lcd.c,126 :: 		
0x03A0	0x1285      	BCF        LCD_EN, BitPos(LCD_EN+0)
;__Lib_Lcd.c,127 :: 		
0x03A1	0x200D      	CALL       _Delay_5500us
;__Lib_Lcd.c,130 :: 		
0x03A2	0x1685      	BSF        LCD_EN, BitPos(LCD_EN+0)
;__Lib_Lcd.c,131 :: 		
0x03A3	0x2003      	CALL       _Delay_1us
;__Lib_Lcd.c,132 :: 		
0x03A4	0x1285      	BCF        LCD_EN, BitPos(LCD_EN+0)
;__Lib_Lcd.c,134 :: 		
0x03A5	0x1085      	BCF        LCD_D5, BitPos(LCD_D5+0)
;__Lib_Lcd.c,135 :: 		
0x03A6	0x1585      	BSF        LCD_D7, BitPos(LCD_D7+0)
;__Lib_Lcd.c,136 :: 		
0x03A7	0x1685      	BSF        LCD_EN, BitPos(LCD_EN+0)
;__Lib_Lcd.c,137 :: 		
0x03A8	0x2003      	CALL       _Delay_1us
;__Lib_Lcd.c,138 :: 		
0x03A9	0x1285      	BCF        LCD_EN, BitPos(LCD_EN+0)
;__Lib_Lcd.c,139 :: 		
0x03AA	0x200D      	CALL       _Delay_5500us
;__Lib_Lcd.c,142 :: 		
0x03AB	0x1185      	BCF        LCD_D7, BitPos(LCD_D7+0)
;__Lib_Lcd.c,143 :: 		
0x03AC	0x1405      	BSF        LCD_D4, BitPos(LCD_D4+0)
;__Lib_Lcd.c,144 :: 		
0x03AD	0x1685      	BSF        LCD_EN, BitPos(LCD_EN+0)
;__Lib_Lcd.c,145 :: 		
0x03AE	0x2003      	CALL       _Delay_1us
;__Lib_Lcd.c,146 :: 		
0x03AF	0x1285      	BCF        LCD_EN, BitPos(LCD_EN+0)
;__Lib_Lcd.c,148 :: 		
0x03B0	0x1005      	BCF        LCD_D4, BitPos(LCD_D4+0)
;__Lib_Lcd.c,149 :: 		
0x03B1	0x1685      	BSF        LCD_EN, BitPos(LCD_EN+0)
;__Lib_Lcd.c,150 :: 		
0x03B2	0x2003      	CALL       _Delay_1us
;__Lib_Lcd.c,151 :: 		
0x03B3	0x1285      	BCF        LCD_EN, BitPos(LCD_EN+0)
;__Lib_Lcd.c,152 :: 		
0x03B4	0x200D      	CALL       _Delay_5500us
;__Lib_Lcd.c,155 :: 		
0x03B5	0x1685      	BSF        LCD_EN, BitPos(LCD_EN+0)
;__Lib_Lcd.c,156 :: 		
0x03B6	0x2003      	CALL       _Delay_1us
;__Lib_Lcd.c,157 :: 		
0x03B7	0x1285      	BCF        LCD_EN, BitPos(LCD_EN+0)
;__Lib_Lcd.c,159 :: 		
0x03B8	0x1405      	BSF        LCD_D4, BitPos(LCD_D4+0)
;__Lib_Lcd.c,160 :: 		
0x03B9	0x1685      	BSF        LCD_EN, BitPos(LCD_EN+0)
;__Lib_Lcd.c,161 :: 		
0x03BA	0x2003      	CALL       _Delay_1us
;__Lib_Lcd.c,162 :: 		
0x03BB	0x1285      	BCF        LCD_EN, BitPos(LCD_EN+0)
;__Lib_Lcd.c,163 :: 		
0x03BC	0x200D      	CALL       _Delay_5500us
;__Lib_Lcd.c,166 :: 		
0x03BD	0x1005      	BCF        LCD_D4, BitPos(LCD_D4+0)
;__Lib_Lcd.c,167 :: 		
0x03BE	0x1685      	BSF        LCD_EN, BitPos(LCD_EN+0)
;__Lib_Lcd.c,168 :: 		
0x03BF	0x2003      	CALL       _Delay_1us
;__Lib_Lcd.c,169 :: 		
0x03C0	0x1285      	BCF        LCD_EN, BitPos(LCD_EN+0)
;__Lib_Lcd.c,171 :: 		
0x03C1	0x1585      	BSF        LCD_D7, BitPos(LCD_D7+0)
;__Lib_Lcd.c,172 :: 		
0x03C2	0x1505      	BSF        LCD_D6, BitPos(LCD_D6+0)
;__Lib_Lcd.c,173 :: 		
0x03C3	0x1485      	BSF        LCD_D5, BitPos(LCD_D5+0)
;__Lib_Lcd.c,174 :: 		
0x03C4	0x1405      	BSF        LCD_D4, BitPos(LCD_D4+0)
;__Lib_Lcd.c,175 :: 		
0x03C5	0x1685      	BSF        LCD_EN, BitPos(LCD_EN+0)
;__Lib_Lcd.c,176 :: 		
0x03C6	0x2003      	CALL       _Delay_1us
;__Lib_Lcd.c,177 :: 		
0x03C7	0x1285      	BCF        LCD_EN, BitPos(LCD_EN+0)
;__Lib_Lcd.c,179 :: 		
0x03C8	0x200D      	CALL       _Delay_5500us
;__Lib_Lcd.c,181 :: 		
0x03C9	0x144B      	BSF        __Lib_Lcd_cmd_status, BitPos(__Lib_Lcd_cmd_status+0)
;__Lib_Lcd.c,182 :: 		
L_end_Lcd_Init:
0x03CA	0x0008      	RETURN
; end of _Lcd_Init
_get_turn:
;final .c,60 :: 		void get_turn()
;final .c,62 :: 		loop:
___get_turn_loop:
;final .c,63 :: 		i=0;
0x03CB	0x1283      	BCF        STATUS, 5
0x03CC	0x1303      	BCF        STATUS, 6
0x03CD	0x01CC      	CLRF       _i
0x03CE	0x01CD      	CLRF       _i+1
;final .c,64 :: 		Lcd_Cmd(_LCD_CLEAR);
0x03CF	0x3001      	MOVLW      1
0x03D0	0x1683      	BSF        STATUS, 5
0x03D1	0x00A1      	MOVWF      FARG_Lcd_Cmd_out_char
0x03D2	0x201A      	CALL       _Lcd_Cmd
;final .c,65 :: 		Lcd_Out(1, 1, "Enter Turn Num :");
0x03D3	0x3001      	MOVLW      1
0x03D4	0x00E3      	MOVWF      FARG_Lcd_Out_row
0x03D5	0x3001      	MOVLW      1
0x03D6	0x00E4      	MOVWF      FARG_Lcd_Out_column
0x03D7	0x3029      	MOVLW      ?lstr2_final_32
0x03D8	0x00E5      	MOVWF      FARG_Lcd_Out_text
0x03D9	0x2158      	CALL       _Lcd_Out
;final .c,67 :: 		for(i=0;i<5;i++)
0x03DA	0x01CC      	CLRF       _i
0x03DB	0x01CD      	CLRF       _i+1
L_get_turn3:
0x03DC	0x3080      	MOVLW      128
0x03DD	0x064D      	XORWF      _i+1, 0
0x03DE	0x00F0      	MOVWF      R0
0x03DF	0x3080      	MOVLW      128
0x03E0	0x0270      	SUBWF      R0, 0
0x03E1	0x1D03      	BTFSS      STATUS, 2
0x03E2	0x2BE5      	GOTO       L__get_turn34
0x03E3	0x3005      	MOVLW      5
0x03E4	0x024C      	SUBWF      _i, 0
L__get_turn34:
0x03E5	0x1803      	BTFSC      STATUS, 0
0x03E6	0x2CA1      	GOTO       L_get_turn4
;final .c,69 :: 		while (password[i] == 0)
L_get_turn6:
0x03E7	0x084C      	MOVF       _i, 0
0x03E8	0x3E4E      	ADDLW      _password
0x03E9	0x0084      	MOVWF      FSR
0x03EA	0x0800      	MOVF       INDF, 0
0x03EB	0x3A00      	XORLW      0
0x03EC	0x1D03      	BTFSS      STATUS, 2
0x03ED	0x2BF7      	GOTO       L_get_turn7
;final .c,71 :: 		password[i] = Keypad_Key_Click();
0x03EE	0x084C      	MOVF       _i, 0
0x03EF	0x3E4E      	ADDLW      _password
0x03F0	0x00D3      	MOVWF      FLOC__get_turn
0x03F1	0x2369      	CALL       _Keypad_Key_Click
0x03F2	0x0853      	MOVF       FLOC__get_turn, 0
0x03F3	0x0084      	MOVWF      FSR
0x03F4	0x0870      	MOVF       R0, 0
0x03F5	0x0080      	MOVWF      INDF
;final .c,72 :: 		}
0x03F6	0x2BE7      	GOTO       L_get_turn6
L_get_turn7:
;final .c,74 :: 		if(password[i]==1)     password[i]  = '1';
0x03F7	0x084C      	MOVF       _i, 0
0x03F8	0x3E4E      	ADDLW      _password
0x03F9	0x0084      	MOVWF      FSR
0x03FA	0x0800      	MOVF       INDF, 0
0x03FB	0x3A01      	XORLW      1
0x03FC	0x1D03      	BTFSS      STATUS, 2
0x03FD	0x2C03      	GOTO       L_get_turn8
0x03FE	0x084C      	MOVF       _i, 0
0x03FF	0x3E4E      	ADDLW      _password
0x0400	0x0084      	MOVWF      FSR
0x0401	0x3031      	MOVLW      49
0x0402	0x0080      	MOVWF      INDF
L_get_turn8:
;final .c,75 :: 		if(password[i]==2)     password[i]  = '4'; //2
0x0403	0x084C      	MOVF       _i, 0
0x0404	0x3E4E      	ADDLW      _password
0x0405	0x0084      	MOVWF      FSR
0x0406	0x0800      	MOVF       INDF, 0
0x0407	0x3A02      	XORLW      2
0x0408	0x1D03      	BTFSS      STATUS, 2
0x0409	0x2C0F      	GOTO       L_get_turn9
0x040A	0x084C      	MOVF       _i, 0
0x040B	0x3E4E      	ADDLW      _password
0x040C	0x0084      	MOVWF      FSR
0x040D	0x3034      	MOVLW      52
0x040E	0x0080      	MOVWF      INDF
L_get_turn9:
;final .c,76 :: 		if(password[i]==3)     password[i]  = '7'; //3
0x040F	0x084C      	MOVF       _i, 0
0x0410	0x3E4E      	ADDLW      _password
0x0411	0x0084      	MOVWF      FSR
0x0412	0x0800      	MOVF       INDF, 0
0x0413	0x3A03      	XORLW      3
0x0414	0x1D03      	BTFSS      STATUS, 2
0x0415	0x2C1B      	GOTO       L_get_turn10
0x0416	0x084C      	MOVF       _i, 0
0x0417	0x3E4E      	ADDLW      _password
0x0418	0x0084      	MOVWF      FSR
0x0419	0x3037      	MOVLW      55
0x041A	0x0080      	MOVWF      INDF
L_get_turn10:
;final .c,77 :: 		if(password[i]==13)     {     portb.f4=1;   // clockwise
0x041B	0x084C      	MOVF       _i, 0
0x041C	0x3E4E      	ADDLW      _password
0x041D	0x0084      	MOVWF      FSR
0x041E	0x0800      	MOVF       INDF, 0
0x041F	0x3A0D      	XORLW      13
0x0420	0x1D03      	BTFSS      STATUS, 2
0x0421	0x2C29      	GOTO       L_get_turn11
0x0422	0x1606      	BSF        PORTB, 4
;final .c,78 :: 		portb.f5=0;
0x0423	0x1286      	BCF        PORTB, 5
;final .c,79 :: 		portb.f6=1;
0x0424	0x1706      	BSF        PORTB, 6
;final .c,80 :: 		portb.f7=0; turn_count(); backward();break; }                                // F
0x0425	0x1386      	BCF        PORTB, 7
0x0426	0x22C8      	CALL       _turn_count
0x0427	0x2296      	CALL       _backward
0x0428	0x2CA1      	GOTO       L_get_turn4
L_get_turn11:
;final .c,81 :: 		if(password[i]==5)     password[i]  = '2'; //4
0x0429	0x084C      	MOVF       _i, 0
0x042A	0x3E4E      	ADDLW      _password
0x042B	0x0084      	MOVWF      FSR
0x042C	0x0800      	MOVF       INDF, 0
0x042D	0x3A05      	XORLW      5
0x042E	0x1D03      	BTFSS      STATUS, 2
0x042F	0x2C35      	GOTO       L_get_turn12
0x0430	0x084C      	MOVF       _i, 0
0x0431	0x3E4E      	ADDLW      _password
0x0432	0x0084      	MOVWF      FSR
0x0433	0x3032      	MOVLW      50
0x0434	0x0080      	MOVWF      INDF
L_get_turn12:
;final .c,82 :: 		if(password[i]==6)     password[i]  = '5';
0x0435	0x084C      	MOVF       _i, 0
0x0436	0x3E4E      	ADDLW      _password
0x0437	0x0084      	MOVWF      FSR
0x0438	0x0800      	MOVF       INDF, 0
0x0439	0x3A06      	XORLW      6
0x043A	0x1D03      	BTFSS      STATUS, 2
0x043B	0x2C41      	GOTO       L_get_turn13
0x043C	0x084C      	MOVF       _i, 0
0x043D	0x3E4E      	ADDLW      _password
0x043E	0x0084      	MOVWF      FSR
0x043F	0x3035      	MOVLW      53
0x0440	0x0080      	MOVWF      INDF
L_get_turn13:
;final .c,83 :: 		if(password[i]==7)     password[i]  = '8'; //6
0x0441	0x084C      	MOVF       _i, 0
0x0442	0x3E4E      	ADDLW      _password
0x0443	0x0084      	MOVWF      FSR
0x0444	0x0800      	MOVF       INDF, 0
0x0445	0x3A07      	XORLW      7
0x0446	0x1D03      	BTFSS      STATUS, 2
0x0447	0x2C4D      	GOTO       L_get_turn14
0x0448	0x084C      	MOVF       _i, 0
0x0449	0x3E4E      	ADDLW      _password
0x044A	0x0084      	MOVWF      FSR
0x044B	0x3038      	MOVLW      56
0x044C	0x0080      	MOVWF      INDF
L_get_turn14:
;final .c,84 :: 		if(password[i]==14)     {     portb.f4=0;   // anti  clockwise
0x044D	0x084C      	MOVF       _i, 0
0x044E	0x3E4E      	ADDLW      _password
0x044F	0x0084      	MOVWF      FSR
0x0450	0x0800      	MOVF       INDF, 0
0x0451	0x3A0E      	XORLW      14
0x0452	0x1D03      	BTFSS      STATUS, 2
0x0453	0x2C5B      	GOTO       L_get_turn15
0x0454	0x1206      	BCF        PORTB, 4
;final .c,85 :: 		portb.f5=1;
0x0455	0x1686      	BSF        PORTB, 5
;final .c,86 :: 		portb.f6=0;
0x0456	0x1306      	BCF        PORTB, 6
;final .c,87 :: 		portb.f7=1; turn_count(); forward(); break; }
0x0457	0x1786      	BSF        PORTB, 7
0x0458	0x22C8      	CALL       _turn_count
0x0459	0x22AF      	CALL       _forward
0x045A	0x2CA1      	GOTO       L_get_turn4
L_get_turn15:
;final .c,89 :: 		if(password[i]==9)     password[i]  = '3'; //7
0x045B	0x084C      	MOVF       _i, 0
0x045C	0x3E4E      	ADDLW      _password
0x045D	0x0084      	MOVWF      FSR
0x045E	0x0800      	MOVF       INDF, 0
0x045F	0x3A09      	XORLW      9
0x0460	0x1D03      	BTFSS      STATUS, 2
0x0461	0x2C67      	GOTO       L_get_turn16
0x0462	0x084C      	MOVF       _i, 0
0x0463	0x3E4E      	ADDLW      _password
0x0464	0x0084      	MOVWF      FSR
0x0465	0x3033      	MOVLW      51
0x0466	0x0080      	MOVWF      INDF
L_get_turn16:
;final .c,90 :: 		if(password[i]==10)    password[i]  = '6';  //8
0x0467	0x084C      	MOVF       _i, 0
0x0468	0x3E4E      	ADDLW      _password
0x0469	0x0084      	MOVWF      FSR
0x046A	0x0800      	MOVF       INDF, 0
0x046B	0x3A0A      	XORLW      10
0x046C	0x1D03      	BTFSS      STATUS, 2
0x046D	0x2C73      	GOTO       L_get_turn17
0x046E	0x084C      	MOVF       _i, 0
0x046F	0x3E4E      	ADDLW      _password
0x0470	0x0084      	MOVWF      FSR
0x0471	0x3036      	MOVLW      54
0x0472	0x0080      	MOVWF      INDF
L_get_turn17:
;final .c,91 :: 		if(password[i]==11)    password[i]  = '9';
0x0473	0x084C      	MOVF       _i, 0
0x0474	0x3E4E      	ADDLW      _password
0x0475	0x0084      	MOVWF      FSR
0x0476	0x0800      	MOVF       INDF, 0
0x0477	0x3A0B      	XORLW      11
0x0478	0x1D03      	BTFSS      STATUS, 2
0x0479	0x2C7F      	GOTO       L_get_turn18
0x047A	0x084C      	MOVF       _i, 0
0x047B	0x3E4E      	ADDLW      _password
0x047C	0x0084      	MOVWF      FSR
0x047D	0x3039      	MOVLW      57
0x047E	0x0080      	MOVWF      INDF
L_get_turn18:
;final .c,92 :: 		if(password[i]==8)    password[i]  = '0';      //14 0
0x047F	0x084C      	MOVF       _i, 0
0x0480	0x3E4E      	ADDLW      _password
0x0481	0x0084      	MOVWF      FSR
0x0482	0x0800      	MOVF       INDF, 0
0x0483	0x3A08      	XORLW      8
0x0484	0x1D03      	BTFSS      STATUS, 2
0x0485	0x2C8B      	GOTO       L_get_turn19
0x0486	0x084C      	MOVF       _i, 0
0x0487	0x3E4E      	ADDLW      _password
0x0488	0x0084      	MOVWF      FSR
0x0489	0x3030      	MOVLW      48
0x048A	0x0080      	MOVWF      INDF
L_get_turn19:
;final .c,93 :: 		if(password[i]==15)    return ;
0x048B	0x084C      	MOVF       _i, 0
0x048C	0x3E4E      	ADDLW      _password
0x048D	0x0084      	MOVWF      FSR
0x048E	0x0800      	MOVF       INDF, 0
0x048F	0x3A0F      	XORLW      15
0x0490	0x1D03      	BTFSS      STATUS, 2
0x0491	0x2C93      	GOTO       L_get_turn20
0x0492	0x2CAA      	GOTO       L_end_get_turn
L_get_turn20:
;final .c,94 :: 		Lcd_Chr(2, i+1, password[i]);         //Prints character on Lcd at specified position
0x0493	0x3002      	MOVLW      2
0x0494	0x00D4      	MOVWF      FARG_Lcd_Chr_row
0x0495	0x0A4C      	INCF       _i, 0
0x0496	0x00D5      	MOVWF      FARG_Lcd_Chr_column
0x0497	0x084C      	MOVF       _i, 0
0x0498	0x3E4E      	ADDLW      _password
0x0499	0x0084      	MOVWF      FSR
0x049A	0x0800      	MOVF       INDF, 0
0x049B	0x00D6      	MOVWF      FARG_Lcd_Chr_out_char
0x049C	0x2319      	CALL       _Lcd_Chr
;final .c,67 :: 		for(i=0;i<5;i++)
0x049D	0x0ACC      	INCF       _i, 1
0x049E	0x1903      	BTFSC      STATUS, 2
0x049F	0x0ACD      	INCF       _i+1, 1
;final .c,96 :: 		}
0x04A0	0x2BDC      	GOTO       L_get_turn3
L_get_turn4:
;final .c,97 :: 		memset(password, 0, 5);
0x04A1	0x304E      	MOVLW      _password
0x04A2	0x00D4      	MOVWF      FARG_memset_p1
0x04A3	0x01D5      	CLRF       FARG_memset_character
0x04A4	0x3005      	MOVLW      5
0x04A5	0x00D6      	MOVWF      FARG_memset_n
0x04A6	0x3000      	MOVLW      0
0x04A7	0x00D7      	MOVWF      FARG_memset_n+1
0x04A8	0x2350      	CALL       _memset
;final .c,98 :: 		goto loop ;
0x04A9	0x2BCB      	GOTO       ___get_turn_loop
;final .c,100 :: 		}
L_end_get_turn:
0x04AA	0x0008      	RETURN
; end of _get_turn
___CC2DW:
;__Lib_System.c,134 :: 		
;__Lib_System.c,137 :: 		
_CC2D_Loop1:
;__Lib_System.c,139 :: 		
0x04AB	0x2376      	CALL       _____DoICP
0x04AC	0x118A      	BCF        PCLATH, 3
0x04AD	0x120A      	BCF        PCLATH, 4
;__Lib_System.c,141 :: 		
0x04AE	0x0080      	MOVWF      INDF
;__Lib_System.c,142 :: 		
0x04AF	0x0A84      	INCF       FSR, 1
;__Lib_System.c,143 :: 		
0x04B0	0x0AC9      	INCF       ___DoICPAddr, 1
;__Lib_System.c,145 :: 		
0x04B1	0x1903      	BTFSC      STATUS, 2
;__Lib_System.c,146 :: 		
0x04B2	0x0ACA      	INCF       ___DoICPAddr+1, 1
;__Lib_System.c,147 :: 		
0x04B3	0x03F0      	DECF       R0, 1
;__Lib_System.c,149 :: 		
0x04B4	0x1D03      	BTFSS      STATUS, 2
;__Lib_System.c,150 :: 		
0x04B5	0x2CAB      	GOTO       _CC2D_Loop1
;__Lib_System.c,152 :: 		
L_end___CC2DW:
0x04B6	0x0008      	RETURN
; end of ___CC2DW
_main:
0x04B7	0x2524      	CALL       1316
;final .c,25 :: 		void main()
;final .c,27 :: 		ANSEL=0;
0x04B8	0x1683      	BSF        STATUS, 5
0x04B9	0x1703      	BSF        STATUS, 6
0x04BA	0x0188      	CLRF       ANSEL
;final .c,28 :: 		ANSELH=0;
0x04BB	0x0189      	CLRF       ANSELH
;final .c,29 :: 		trisb.f0=1;
0x04BC	0x1406      	BSF        TRISB, 0
;final .c,30 :: 		portb.f0=1;
0x04BD	0x1283      	BCF        STATUS, 5
0x04BE	0x1303      	BCF        STATUS, 6
0x04BF	0x1406      	BSF        PORTB, 0
;final .c,35 :: 		trisb.f4=0;            //  Output
0x04C0	0x1683      	BSF        STATUS, 5
0x04C1	0x1206      	BCF        TRISB, 4
;final .c,36 :: 		trisb.f5=0;
0x04C2	0x1286      	BCF        TRISB, 5
;final .c,37 :: 		trisb.f6=0;
0x04C3	0x1306      	BCF        TRISB, 6
;final .c,38 :: 		trisb.f7=0;             // Output
0x04C4	0x1386      	BCF        TRISB, 7
;final .c,39 :: 		portb.f4=0;
0x04C5	0x1283      	BCF        STATUS, 5
0x04C6	0x1206      	BCF        PORTB, 4
;final .c,40 :: 		portb.f5=0;
0x04C7	0x1286      	BCF        PORTB, 5
;final .c,41 :: 		portb.f6=0;
0x04C8	0x1306      	BCF        PORTB, 6
;final .c,42 :: 		portb.f7=0;
0x04C9	0x1386      	BCF        PORTB, 7
;final .c,44 :: 		Lcd_Init();
0x04CA	0x237D      	CALL       _Lcd_Init
;final .c,46 :: 		while(1)
L_main0:
;final .c,48 :: 		memset(password, 0, 5);
0x04CB	0x304E      	MOVLW      _password
0x04CC	0x00D4      	MOVWF      FARG_memset_p1
0x04CD	0x01D5      	CLRF       FARG_memset_character
0x04CE	0x3005      	MOVLW      5
0x04CF	0x00D6      	MOVWF      FARG_memset_n
0x04D0	0x3000      	MOVLW      0
0x04D1	0x00D7      	MOVWF      FARG_memset_n+1
0x04D2	0x2350      	CALL       _memset
;final .c,49 :: 		Lcd_Cmd(_LCD_CLEAR);
0x04D3	0x3001      	MOVLW      1
0x04D4	0x1683      	BSF        STATUS, 5
0x04D5	0x00A1      	MOVWF      FARG_Lcd_Cmd_out_char
0x04D6	0x201A      	CALL       _Lcd_Cmd
;final .c,50 :: 		Lcd_Cmd(_LCD_CURSOR_OFF);
0x04D7	0x300C      	MOVLW      12
0x04D8	0x1683      	BSF        STATUS, 5
0x04D9	0x00A1      	MOVWF      FARG_Lcd_Cmd_out_char
0x04DA	0x201A      	CALL       _Lcd_Cmd
;final .c,51 :: 		Lcd_Out(0,1 , "WELLCOME");
0x04DB	0x01E3      	CLRF       FARG_Lcd_Out_row
0x04DC	0x3001      	MOVLW      1
0x04DD	0x00E4      	MOVWF      FARG_Lcd_Out_column
0x04DE	0x3020      	MOVLW      ?lstr1_final_32
0x04DF	0x00E5      	MOVWF      FARG_Lcd_Out_text
0x04E0	0x2158      	CALL       _Lcd_Out
;final .c,52 :: 		delay_ms(1000);
0x04E1	0x300B      	MOVLW      11
0x04E2	0x00FB      	MOVWF      R11
0x04E3	0x3026      	MOVLW      38
0x04E4	0x00FC      	MOVWF      R12
0x04E5	0x305D      	MOVLW      93
0x04E6	0x00FD      	MOVWF      R13
L_main2:
0x04E7	0x0BFD      	DECFSZ     R13, 1
0x04E8	0x2CE7      	GOTO       L_main2
0x04E9	0x0BFC      	DECFSZ     R12, 1
0x04EA	0x2CE7      	GOTO       L_main2
0x04EB	0x0BFB      	DECFSZ     R11, 1
0x04EC	0x2CE7      	GOTO       L_main2
0x04ED	0x0000      	NOP
0x04EE	0x0000      	NOP
;final .c,53 :: 		get_turn();
0x04EF	0x23CB      	CALL       _get_turn
;final .c,54 :: 		Lcd_Cmd(_LCD_CLEAR);
0x04F0	0x3001      	MOVLW      1
0x04F1	0x1683      	BSF        STATUS, 5
0x04F2	0x00A1      	MOVWF      FARG_Lcd_Cmd_out_char
0x04F3	0x201A      	CALL       _Lcd_Cmd
;final .c,55 :: 		}
0x04F4	0x2CCB      	GOTO       L_main0
;final .c,57 :: 		}
L_end_main:
0x04F5	0x2CF5      	GOTO       $+0
; end of _main
0x0524	0x3020      	MOVLW      32
0x0525	0x0084      	MOVWF      FSR
0x0526	0x3029      	MOVLW      41
0x0527	0x1283      	BCF        STATUS, 5
0x0528	0x1303      	BCF        STATUS, 6
0x0529	0x00F0      	MOVWF      R0
0x052A	0x30FB      	MOVLW      251
0x052B	0x00C9      	MOVWF      ___DoICPAddr
0x052C	0x3004      	MOVLW      4
0x052D	0x00CA      	MOVWF      74
0x052E	0x24AB      	CALL       1195
0x052F	0x0008      	RETURN
;final .c,0 :: ?ICS?lstr1_final_32
0x04FB	0x3457 ;?ICS?lstr1_final_32+0
0x04FC	0x3445 ;?ICS?lstr1_final_32+1
0x04FD	0x344C ;?ICS?lstr1_final_32+2
0x04FE	0x344C ;?ICS?lstr1_final_32+3
0x04FF	0x3443 ;?ICS?lstr1_final_32+4
0x0500	0x344F ;?ICS?lstr1_final_32+5
0x0501	0x344D ;?ICS?lstr1_final_32+6
0x0502	0x3445 ;?ICS?lstr1_final_32+7
0x0503	0x3400 ;?ICS?lstr1_final_32+8
; end of ?ICS?lstr1_final_32
;final .c,0 :: ?ICS?lstr2_final_32
0x0504	0x3445 ;?ICS?lstr2_final_32+0
0x0505	0x346E ;?ICS?lstr2_final_32+1
0x0506	0x3474 ;?ICS?lstr2_final_32+2
0x0507	0x3465 ;?ICS?lstr2_final_32+3
0x0508	0x3472 ;?ICS?lstr2_final_32+4
0x0509	0x3420 ;?ICS?lstr2_final_32+5
0x050A	0x3454 ;?ICS?lstr2_final_32+6
0x050B	0x3475 ;?ICS?lstr2_final_32+7
0x050C	0x3472 ;?ICS?lstr2_final_32+8
0x050D	0x346E ;?ICS?lstr2_final_32+9
0x050E	0x3420 ;?ICS?lstr2_final_32+10
0x050F	0x344E ;?ICS?lstr2_final_32+11
0x0510	0x3475 ;?ICS?lstr2_final_32+12
0x0511	0x346D ;?ICS?lstr2_final_32+13
0x0512	0x3420 ;?ICS?lstr2_final_32+14
0x0513	0x343A ;?ICS?lstr2_final_32+15
0x0514	0x3400 ;?ICS?lstr2_final_32+16
; end of ?ICS?lstr2_final_32
;final .c,0 :: ?ICS?lstr3_final_32
0x0515	0x3420 ;?ICS?lstr3_final_32+0
0x0516	0x344D ;?ICS?lstr3_final_32+1
0x0517	0x346F ;?ICS?lstr3_final_32+2
0x0518	0x3474 ;?ICS?lstr3_final_32+3
0x0519	0x346F ;?ICS?lstr3_final_32+4
0x051A	0x3472 ;?ICS?lstr3_final_32+5
0x051B	0x3420 ;?ICS?lstr3_final_32+6
0x051C	0x3452 ;?ICS?lstr3_final_32+7
0x051D	0x3475 ;?ICS?lstr3_final_32+8
0x051E	0x346E ;?ICS?lstr3_final_32+9
0x051F	0x346E ;?ICS?lstr3_final_32+10
0x0520	0x3469 ;?ICS?lstr3_final_32+11
0x0521	0x346E ;?ICS?lstr3_final_32+12
0x0522	0x3467 ;?ICS?lstr3_final_32+13
0x0523	0x3400 ;?ICS?lstr3_final_32+14
; end of ?ICS?lstr3_final_32
Symbol List:
//** Routines locations **
//ADDRESS    SIZE    PROCEDURE
//----------------------------------------------
0x0003       [3]    _Delay_1us
0x0006       [7]    _Delay_50us
0x000D      [13]    _Delay_5500us
0x001A      [87]    _Lcd_Cmd
0x0071      [29]    _Div_16x16_U
0x008E      [15]    _isdigit
0x009D      [68]    _WordToStr
0x00E1       [9]    _Lcd_Chr_CP
0x00EA      [55]    _Mul_32x32_U
0x0121      [47]    _Keypad_Key_Press
0x0150       [8]    _Delay_10us
0x0158      [65]    _Lcd_Out
0x0199     [147]    _atol
0x022C     [106]    _IntToStr
0x0296      [25]    _backward
0x02AF      [25]    _forward
0x02C8      [81]    _turn_count
0x0319      [55]    _Lcd_Chr
0x0350      [25]    _memset
0x0369      [13]    _Keypad_Key_Click
0x0376       [7]    _____DoICP
0x037D      [78]    _Lcd_Init
0x03CB     [224]    _get_turn
0x04AB      [12]    ___CC2DW
0x04B7      [62]    _main
//** Variables locations ** 
//ADDRESS    SIZE    VARIABLE
//----------------------------------------------
0x0000       [1]    INDF
0x0002       [1]    PCL
0x0003       [1]    STATUS
0x0004       [1]    FSR
0x0005       [0]    LCD_D5
0x0005       [0]    RA1_bit
0x0005       [0]    LCD_D6
0x0005       [0]    RA0_bit
0x0005       [0]    LCD_RS
0x0005       [0]    LCD_EN
0x0005       [0]    LCD_D4
0x0005       [0]    RA5_bit
0x0005       [0]    RA4_bit
0x0005       [0]    LCD_D7
0x0005       [0]    RA2_bit
0x0005       [0]    RA3_bit
0x0006       [1]    PORTB
0x0008       [1]    keypadPort
0x0008       [1]    PORTD
0x000A       [1]    PCLATH
0x0020       [9]    ?lstr1_final_32
0x0029      [17]    ?lstr2_final_32
0x003A      [15]    ?lstr3_final_32
0x0049       [2]    ___DoICPAddr
0x004B       [0]    __Lib_Lcd_cmd_status
0x004C       [2]    _i
0x004E       [5]    _password
0x0053       [1]    FLOC__get_turn
0x0054       [1]    Keypad_Key_Click_rslt_L0
0x0054       [1]    FARG_memset_p1
0x0054       [2]    turn_count_result_L0
0x0054       [1]    FARG_Lcd_Chr_row
0x0055       [1]    FARG_Lcd_Chr_column
0x0055       [1]    FARG_memset_character
0x0056       [7]    turn_count_txt_L0
0x0056       [2]    FARG_memset_n
0x0056       [1]    FARG_Lcd_Chr_out_char
0x005D       [2]    turn_count_count_L0
0x005F       [2]    turn_count_x_L0
0x0061       [2]    turn_count_oldstate_L0
0x0063       [1]    Keypad_Key_Press_rslt_L0
0x0063       [1]    FARG_Lcd_Out_row
0x0063       [2]    FARG_IntToStr_input
0x0063       [1]    FARG_atol_s
0x0064       [1]    Keypad_Key_Press_kdata_L0
0x0064       [2]    atol_c_L0
0x0064       [1]    FARG_Lcd_Out_column
0x0065       [1]    FARG_IntToStr_output
0x0065       [1]    FARG_Lcd_Out_text
0x0065       [1]    Keypad_Key_Press_loc_L0
0x0066       [4]    atol_a_L0
0x0066       [1]    Lcd_Out_i_L0
0x0066       [1]    Keypad_Key_Press_rowcnt_L0
0x0066       [2]    IntToStr_i_L0
0x0067       [1]    Keypad_Key_Press_shifter_L0
0x0068       [2]    IntToStr_negative_L0
0x006A       [2]    IntToStr_inword_L0
0x006A       [2]    atol_sign_L0
0x006C       [2]    FARG_WordToStr_input
0x006C       [1]    FARG_Lcd_Chr_CP_out_char
0x006C       [1]    FARG_isdigit_character
0x006E       [1]    FARG_WordToStr_output
0x006F       [1]    WordToStr_len_L0
0x0070       [1]    R0
0x0071       [1]    R1
0x0072       [1]    R2
0x0073       [1]    R3
0x0074       [1]    R4
0x0075       [1]    R5
0x0076       [1]    R6
0x0077       [1]    R7
0x0078       [1]    R8
0x0079       [1]    R9
0x007A       [1]    R10
0x007B       [1]    R11
0x007C       [1]    R12
0x007D       [1]    R13
0x007E       [1]    R14
0x007F       [1]    R15
0x0085       [0]    TRISA1_bit
0x0085       [0]    LCD_EN_Direction
0x0085       [0]    LCD_RS_Direction
0x0085       [0]    TRISA2_bit
0x0085       [0]    LCD_D4_Direction
0x0085       [0]    LCD_D7_Direction
0x0085       [0]    LCD_D6_Direction
0x0085       [0]    LCD_D5_Direction
0x0085       [0]    TRISA0_bit
0x0085       [0]    TRISA5_bit
0x0085       [0]    TRISA3_bit
0x0085       [0]    TRISA4_bit
0x0086       [1]    TRISB
0x00A0       [1]    FLOC__WordToStr
0x00A1       [1]    FARG_Lcd_Cmd_out_char
0x0188       [1]    ANSEL
0x0189       [1]    ANSELH
//** Constants locations ** 
//ADDRESS    SIZE    CONSTANT
//----------------------------------------------
0x04FB       [9]    ?ICS?lstr1_final_32
0x0504      [17]    ?ICS?lstr2_final_32
0x0515      [15]    ?ICS?lstr3_final_32
//** Label List: ** 
//----------------------------------------------
  L_main0
  L_main1
  L_main2
  ___get_turn_loop
  L_get_turn3
  L_get_turn4
  L_get_turn5
  L_get_turn6
  L_get_turn7
  L_get_turn8
  L_get_turn9
  L_get_turn10
  L_get_turn11
  L_get_turn12
  L_get_turn13
  L_get_turn14
  L_get_turn15
  L_get_turn16
  L_get_turn17
  L_get_turn18
  L_get_turn19
  L_get_turn20
  L_turn_count21
  L_turn_count22
  L_turn_count23
  L_turn_count24
  L_turn_count25
  L_turn_count26
  L_turn_count27
  L_turn_count28
  L_forward29
  L_backward30
  L__turn_count31
  L_end_main
  _main
  L_end_get_turn
  _get_turn
  L__get_turn34
  L_end_turn_count
  _turn_count
  L__turn_count36
  L__turn_count37
  L_end_forward
  _forward
  L_end_backward
  _backward
  L_ByteToStr0
  L_ByteToStr1
  L_ByteToStr2
  L_ByteToStr3
  L_ByteToStr4
  L_ByteToStr5
  L_WordToStr6
  L_WordToStr7
  L_WordToStr8
  L_WordToStr9
  L_WordToStr10
  L_WordToStr11
  L_WordToStrWithZeros12
  L_WordToStrWithZeros13
  L_WordToStrWithZeros14
  L_WordToStrWithZeros15
  L_WordToStrWithZeros16
  L_ShortToStr17
  L_ShortToStr18
  L_ShortToStr19
  L_ShortToStr20
  L_ShortToStr21
  L_ShortToStr22
  L_IntToStr23
  L_IntToStr24
  L_IntToStr25
  L_IntToStr26
  L_IntToStr27
  L_IntToStr28
  L_IntToStrWithZeros29
  L_IntToStrWithZeros30
  L_IntToStrWithZeros31
  L_IntToStrWithZeros32
  L_IntToStrWithZeros33
  L_IntToStrWithZeros34
  L_IntToStrWithZeros35
  L_IntToStrWithZeros36
  L_IntToStrWithZeros37
  L_LongWordToStr38
  L_LongWordToStr39
  L_LongWordToStr40
  L_LongWordToStr41
  L_LongWordToStr42
  L_LongWordToStr43
  L_LongWordToStrWithZeros44
  L_LongWordToStrWithZeros45
  L_LongWordToStrWithZeros46
  L_LongWordToStrWithZeros47
  L_LongWordToStrWithZeros48
  L_LongToStr49
  L_LongToStr50
  L_LongToStr51
  L_LongToStr52
  L_LongToStr53
  L_LongToStr54
  L_LongIntToStrWithZeros55
  L_LongIntToStrWithZeros56
  L_LongIntToStrWithZeros57
  L_LongIntToStrWithZeros58
  L_LongIntToStrWithZeros59
  L_LongIntToStrWithZeros60
  L_LongIntToStrWithZeros61
  L_LongIntToStrWithZeros62
  L_LongIntToStrWithZeros63
  L_Dec2Bcd64
  L_Dec2Bcd65
  L_Rtrim66
  L_Rtrim67
  L_Rtrim68
  L_Rtrim69
  L_Ltrim70
  L_Ltrim71
  L_Ltrim72
  L_Ltrim73
  L_Ltrim74
  L_Ltrim75
  L_FloatToStr76
  L_FloatToStr77
  L_FloatToStr78
  L_FloatToStr79
  L_FloatToStr80
  L_FloatToStr81
  L_FloatToStr82
  L_FloatToStr83
  L_FloatToStr84
  L_FloatToStr85
  L_FloatToStr86
  L_FloatToStr87
  L_FloatToStr88
  L_FloatToStr89
  L_FloatToStr90
  L_FloatToStr91
  L_FloatToStr92
  L_FloatToStr93
  L_FloatToStr94
  L_FloatToStr95
  L_FloatToStr96
  L_FloatToStr97
  L__Rtrim98
  L__Ltrim99
  L__FloatToStr100
  L_end_ByteToHex
  _ByteToHex
  L_end_ShortToHex
  _ShortToHex
  L_end_WordToHex
  _WordToHex
  L_end_IntToHex
  _IntToHex
  L_end_LongWordToHex
  _LongWordToHex
  L_end_LongIntToHex
  _LongIntToHex
  L_end_ByteToStr
  _ByteToStr
  L_end_WordToStr
  _WordToStr
  L__WordToStr109
  L_end_WordToStrWithZeros
  _WordToStrWithZeros
  L__WordToStrWithZeros111
  L_end_ShortToStr
  _ShortToStr
  L__ShortToStr113
  L_end_IntToStr
  _IntToStr
  L__IntToStr115
  L__IntToStr116
  L_end_IntToStrWithZeros
  _IntToStrWithZeros
  L__IntToStrWithZeros118
  L__IntToStrWithZeros119
  L__IntToStrWithZeros120
  L_end_LongWordToStr
  _LongWordToStr
  L__LongWordToStr122
  L__LongWordToStr123
  L_end_LongWordToStrWithZeros
  _LongWordToStrWithZeros
  L__LongWordToStrWithZeros125
  L_end_LongToStr
  _LongToStr
  L__LongToStr127
  L__LongToStr128
  L_end_LongIntToStrWithZeros
  _LongIntToStrWithZeros
  L__LongIntToStrWithZeros130
  L__LongIntToStrWithZeros131
  L__LongIntToStrWithZeros132
  L_end_Dec2Bcd
  _Dec2Bcd
  L_end_Bcd2Dec
  _Bcd2Dec
  L_end_Bcd2Dec16
  _Bcd2Dec16
  L__Bcd2Dec16136
  L__Bcd2Dec16137
  L_end_Dec2Bcd16
  _Dec2Bcd16
  L__Dec2Bcd16139
  L__Dec2Bcd16140
  L_end_Rtrim
  _Rtrim
  L_end_Ltrim
  _Ltrim
  L_end_FloatToStr
  _FloatToStr
  L__FloatToStr144
  L__FloatToStr145
  L__FloatToStr146
  L__FloatToStr147
  L__FloatToStr148
  L_abs0
  L___Lib_CStdlib_strtod1
  L___Lib_CStdlib_strtod2
  L___Lib_CStdlib_strtod3
  L___Lib_CStdlib_strtod4
  L___Lib_CStdlib_strtod5
  L___Lib_CStdlib_strtod6
  L___Lib_CStdlib_strtod7
  L___Lib_CStdlib_strtod8
  L___Lib_CStdlib_strtod9
  L___Lib_CStdlib_strtod10
  L___Lib_CStdlib_strtod11
  L___Lib_CStdlib_strtod12
  L___Lib_CStdlib_strtod13
  L___Lib_CStdlib_strtod14
  L___Lib_CStdlib_strtod15
  L___Lib_CStdlib_strtod16
  L___Lib_CStdlib_strtod17
  L___Lib_CStdlib_strtod18
  L___Lib_CStdlib_strtod19
  L___Lib_CStdlib_strtod20
  L___Lib_CStdlib_strtod21
  L___Lib_CStdlib_strtod22
  L___Lib_CStdlib_strtod23
  L___Lib_CStdlib_strtod24
  L___Lib_CStdlib_strtod25
  L___Lib_CStdlib_strtod26
  L___Lib_CStdlib_strtod27
  L___Lib_CStdlib_strtod28
  L___Lib_CStdlib_strtod29
  L___Lib_CStdlib_strtod30
  L___Lib_CStdlib_strtod31
  L___Lib_CStdlib_strtod32
  L___Lib_CStdlib_strtod33
  L___Lib_CStdlib_strtod34
  L___Lib_CStdlib_strtod35
  L___Lib_CStdlib_strtod36
  L___Lib_CStdlib_strtod37
  L___Lib_CStdlib_strtod38
  L___Lib_CStdlib_strtod39
  L___Lib_CStdlib_strtod40
  L___Lib_CStdlib_strtod41
  L___Lib_CStdlib_strtod42
  L___Lib_CStdlib_strtod43
  L___Lib_CStdlib_strtod44
  L___Lib_CStdlib_strtod45
  L___Lib_CStdlib_strtod46
  L___Lib_CStdlib_strtod47
  L___Lib_CStdlib_strtod48
  L___Lib_CStdlib_strtod49
  L___Lib_CStdlib_strtod50
  L___Lib_CStdlib_strtod51
  L___Lib_CStdlib_strtod52
  ___atoi_skipws_atoi
  L_atoi53
  L_atoi54
  L_atoi55
  L_atoi56
  L_atoi57
  L_atoi58
  ___atoi_conv_atoi
  L_atoi59
  L_atoi60
  ___atol_skipws_atol
  L_atol61
  L_atol62
  L_atol63
  L_atol64
  L_atol65
  L_atol66
  ___atol_conv_atol
  L_atol67
  L_atol68
  L_div69
  L_ldiv70
  L_uldiv71
  L_labs72
  L_max73
  L_min74
  L_rand75
  L_xtoi76
  L_xtoi77
  L_xtoi78
  L_xtoi79
  L_xtoi80
  L_xtoi81
  L_xtoi82
  L_xtoi83
  L_xtoi84
  L_xtoi85
  L_xtoi86
  L___Lib_CStdlib_strtod87
  L___Lib_CStdlib_strtod88
  L___Lib_CStdlib_strtod89
  L__atoi90
  L__atol91
  L_end_abs
  _abs
  L__abs93
  L_end_strtod
  __Lib_CStdlib_strtod
  L___Lib_CStdlib_strtod95
  L___Lib_CStdlib_strtod96
  L_end_atof
  _atof
  L_end_atoi
  _atoi
  L__atoi99
  L__atoi100
  L__atoi101
  L__atoi102
  L_end_atol
  _atol
  L__atol104
  L__atol105
  L_end_div
  _div
  L_end_ldiv
  _ldiv
  L_end_uldiv
  _uldiv
  L_end_labs
  _labs
  L__labs110
  L_end_max
  _max
  L__max112
  L_end_min
  _min
  L__min114
  L_end_srand
  _srand
  L_end_rand
  _rand
  L_end_xtoi
  _xtoi
  L_memchr0
  L_memchr1
  L_memchr2
  L_memchr3
  L_memcmp4
  L_memcmp5
  L_memcmp6
  L_memcpy7
  L_memcpy8
  L_memmove9
  L_memmove10
  L_memmove11
  L_memmove12
  L_memmove13
  L_memmove14
  L_memmove15
  L_memmove16
  L_memmove17
  L_memmove18
  L_memmove19
  L_memset20
  L_memset21
  L_strcat22
  L_strcat23
  L_strcat24
  L_strcat25
  L_strchr26
  L_strchr27
  L_strchr28
  L_strchr29
  L_strcmp30
  L_strcmp31
  L_strcmp32
  L_strcmp33
  L_strcpy34
  L_strcpy35
  L_strlen36
  L_strlen37
  L_strncat38
  L_strncat39
  L_strncat40
  L_strncat41
  L_strncat42
  L_strncat43
  L_strncat44
  L_strncpy45
  L_strncpy46
  L_strncpy47
  L_strncpy48
  L_strncpy49
  L_strspn50
  L_strspn51
  L_strspn52
  L_strspn53
  L_strcspn54
  L_strcspn55
  L_strcspn56
  L_strcspn57
  L_strncmp58
  L_strncmp59
  L_strncmp60
  L_strncmp61
  L_strncmp62
  L_strpbrk63
  L_strpbrk64
  L_strpbrk65
  L_strrchr66
  L_strrchr67
  L_strrchr68
  L_strrchr69
  L_strstr70
  L_strstr71
  L_strstr72
  L_strstr73
  L_strstr74
  L_strtok75
  L_strtok76
  L_strtok77
  L_strtok78
  L_strtok79
  L__memmove80
  L__strcmp81
  L__strncat82
  L__strspn83
  L__strcspn84
  L__strncmp85
  L__strstr86
  L_end_memchr
  _memchr
  L_end_memcmp
  _memcmp
  L__memcmp89
  L_end_memcpy
  _memcpy
  L_end_memmove
  _memmove
  L_end_memset
  _memset
  L_end_strcat
  _strcat
  L_end_strchr
  _strchr
  L_end_strcmp
  _strcmp
  L_end_strcpy
  _strcpy
  L_end_strlen
  _strlen
  L_end_strncat
  _strncat
  L__strncat99
  L_end_strncpy
  _strncpy
  L_end_strspn
  _strspn
  L_end_strcspn
  _strcspn
  L_end_strncmp
  _strncmp
  L_end_strpbrk
  _strpbrk
  L_end_strrchr
  _strrchr
  L_end_strstr
  _strstr
  L__strstr107
  L_end_strtok
  _strtok
  L_islower0
  L_islower1
  L_isupper2
  L_isupper3
  L_isalpha4
  L_isalpha5
  L_iscntrl6
  L_iscntrl7
  L_isdigit8
  L_isdigit9
  L_isalnum10
  L_isalnum11
  L_isspace12
  L_isspace13
  L_isspace14
  L_isspace15
  L_ispunct16
  L_ispunct17
  L_ispunct18
  L_ispunct19
  L_ispunct20
  L_ispunct21
  L_ispunct22
  L_ispunct23
  L_isgraph24
  L_isgraph25
  L_isxdigit26
  L_isxdigit27
  L_isxdigit28
  L_isxdigit29
  L_tolower30
  L_tolower31
  L_tolower32
  L_toupper33
  L_toupper34
  L_toupper35
  L__isspace36
  L__tolower37
  L__toupper38
  L_end_islower
  _islower
  L_end_isupper
  _isupper
  L_end_isalpha
  _isalpha
  L_end_iscntrl
  _iscntrl
  L_end_isdigit
  _isdigit
  L_end_isalnum
  _isalnum
  L_end_isspace
  _isspace
  L_end_ispunct
  _ispunct
  L_end_isgraph
  _isgraph
  L_end_isxdigit
  _isxdigit
  L_end_tolower
  _tolower
  L_end_toupper
  _toupper
  L_Delay_10us0
  L_Delay_22us1
  L_Delay_50us2
  L_Delay_80us3
  L_Delay_500us4
  L_Delay_5500us5
  L_Delay_1ms6
  L_Delay_5ms7
  L_Delay_8ms8
  L_Delay_10ms9
  L_Delay_100ms10
  L_Delay_1sec11
  L_boot16_Delay_5ms12
  L_Delay_Cyc13
  L_Delay_Cyc14
  L_VDelay_ms15
  L_VDelay_ms16
  L_VDelay_ms17
  L_VDelay_Advanced_ms18
  L_VDelay_Advanced_ms19
  L_VDelay_Advanced_ms20
  L_end_Get_Fosc_kHz
  _Get_Fosc_kHz
  L_end_Delay_1us
  _Delay_1us
  L_end_Delay_10us
  _Delay_10us
  L_end_Delay_22us
  _Delay_22us
  L_end_Delay_50us
  _Delay_50us
  L_end_Delay_80us
  _Delay_80us
  L_end_Delay_500us
  _Delay_500us
  L_end_Delay_5500us
  _Delay_5500us
  L_end_Delay_1ms
  _Delay_1ms
  L_end_Delay_5ms
  _Delay_5ms
  L_end_Delay_8ms
  _Delay_8ms
  L_end_Delay_10ms
  _Delay_10ms
  L_end_Delay_100ms
  _Delay_100ms
  L_end_Delay_1sec
  _Delay_1sec
  L_end_boot16_Delay_5ms
  _boot16_Delay_5ms
  L_end_Delay_Cyc
  _Delay_Cyc
  L_end_VDelay_ms
  _VDelay_ms
  L__VDelay_ms38
  L__VDelay_ms39
  L__VDelay_ms40
  L_end_VDelay_Advanced_ms
  _VDelay_Advanced_ms
  L__VDelay_Advanced_ms42
  L__VDelay_Advanced_ms43
  L__VDelay_Advanced_ms44
  L_Keypad_Key_Press0
  L_Keypad_Key_Press1
  L_Keypad_Key_Press2
  L_Keypad_Key_Press3
  L_Keypad_Key_Press4
  L_Keypad_Key_Click5
  L_Keypad_Key_Click6
  L_end_Keypad_Init
  _Keypad_Init
  L_end_Keypad_Key_Press
  _Keypad_Key_Press
  L_end_Keypad_Key_Click
  _Keypad_Key_Click
  L_Lcd_Cmd0
  L_Lcd_Cmd1
  L_Lcd_Out_CP2
  L_Lcd_Out_CP3
  L_Lcd_Chr4
  L_Lcd_Chr5
  L_Lcd_Chr6
  L_Lcd_Chr7
  L_Lcd_Chr8
  L_Lcd_Chr9
  L_Lcd_Chr10
  L_Lcd_Out11
  L_Lcd_Out12
  L_Lcd_Out13
  L_Lcd_Out14
  L_Lcd_Out15
  L_Lcd_Out16
  L_Lcd_Out17
  L_Lcd_Out18
  L_Lcd_Out19
  L_end_Lcd_Cmd
  _Lcd_Cmd
  L__Lcd_Cmd21
  L__Lcd_Cmd22
  L__Lcd_Cmd23
  L__Lcd_Cmd24
  L__Lcd_Cmd25
  L__Lcd_Cmd26
  L__Lcd_Cmd27
  L__Lcd_Cmd28
  L__Lcd_Cmd29
  L__Lcd_Cmd30
  L__Lcd_Cmd31
  L__Lcd_Cmd32
  L__Lcd_Cmd33
  L__Lcd_Cmd34
  L__Lcd_Cmd35
  L__Lcd_Cmd36
  L__Lcd_Cmd37
  L__Lcd_Cmd38
  L__Lcd_Cmd39
  L__Lcd_Cmd40
  L_end_Lcd_Chr_CP
  _Lcd_Chr_CP
  L_end_Lcd_Out_CP
  _Lcd_Out_CP
  L_end_Lcd_Chr
  _Lcd_Chr
  L_end_Lcd_Init
  _Lcd_Init
  L_end_Lcd_Out
  _Lcd_Out
  L_Div_16x16_S0
  L_Div_16x16_S1
  LOOPS3232A
  SADD22LA
  SOK22LA
  SADD22L8
  SOK22L8
  LOOPS3232B
  SADD22LB
  SOK22LB
  SADD22L16
  SOK22L16
  LOOPS3232C
  SADD22LC
  SOK22LC
  SADD22L24
  SOK22L24
  LOOPS3232D
  SADD22LD
  SOK22LD
  SOK22L
  L_Div_32x32_S6
  L_Div_32x32_S7
  L_Div_32x32_S8
  L_Div_32x32_S9
  FXD3232S
  END_ALL
  CA3232S
  C3232SX
  C3232SX1
  C3232S
  C3232S2
  C3232SX4
  C3232SOK
  C3232SX3
  C3232SX2
  avoid_comfrem
  LOOPU3232A
  UADD22LA
  UOK22LA
  UADD22L8
  UOK22L8
  LOOPU3232B
  UADD22LB
  UOK22LB
  UADD22L16
  UOK22L16
  LOOPU3232C
  UADD22LC
  UOK22LC
  UADD22L24
  UOK22L24
  LOOPU3232D
  UADD22LD
  UOK22LD
  UOK22L
  _NEXT
  _EXIT2
  _LOOP
  _EXIT1
  _IF_FIRST
  _IF_SECOND
  _INVERCE_FIRST
  _MULT
  _INBERSE_SECOND
  _EXIT
  L_end_Mul_8x8_U
  _Mul_8x8_U
  L_end_Mul_16x16_U
  _Mul_16x16_U
  L_end_Div_8x8_U
  _Div_8x8_U
  L_end_Div_16x16_U
  _Div_16x16_U
  L_end_Mul_8x8_S
  _Mul_8x8_S
  L_end_Mul_16x16_S
  _Mul_16x16_S
  L_end_Div_16x16_S_L
  _Div_16x16_S_L
  L_end_Div_16x16_S
  _Div_16x16_S
  L_end_Div_8x8_S
  _Div_8x8_S
  L_end_SDIV3232L
  _SDIV3232L
  L_end_COMFREM
  _COMFREM
  L_end_Div_32x32_S
  _Div_32x32_S
  L_end_Div_32x32_U
  _Div_32x32_U
  L_end_Mul_32x32_U
  _Mul_32x32_U
  L_end_Mul_32x32_S
  _Mul_32x32_S
  L_loopCA2AWs
  L_CA2AWend
  _CCA2AW_Loop1
  L_loopCS2Ss
  L_CS2Send
  _CCS2S_Loop1
  L_CCS2Send
  L_loopFZinSWs
  L_FZinSend
  _CC2D_Loop1
  L_end_____DoICP
  _____DoICP
  L_end_____DoIFC
  _____DoIFC
  L_end___CA2AW
  ___CA2AW
  L_end___CCA2AW
  ___CCA2AW
  L_end___CS2S
  ___CS2S
  L_end___CCS2S
  ___CCS2S
  L_end___FZinS
  ___FZinS
  L_end___CC2DW
  ___CC2DW
  L_end_Swap
  _Swap
