;  LST file generated by mikroListExporter - v.2.0 
; Date/Time: 7/18/2018 1:29:08 AM
;----------------------------------------------

;Address Opcode 	ASM
0x0000	0x288C      	GOTO       140
_____DoICP:
;__Lib_System.c,6 :: 		
;__Lib_System.c,9 :: 		
0x0003	0x1283      	BCF        STATUS, 5
0x0004	0x1303      	BCF        STATUS, 6
0x0005	0x0821      	MOVF       ___DoICPAddr+1, 0
0x0006	0x008A      	MOVWF      PCLATH
;__Lib_System.c,10 :: 		
0x0007	0x0820      	MOVF       ___DoICPAddr, 0
0x0008	0x0082      	MOVWF      PCL
;__Lib_System.c,12 :: 		
L_end_____DoICP:
0x0009	0x0008      	RETURN
; end of _____DoICP
_Delay_500us:
;__Lib_Delays.c,27 :: 		void Delay_500us() {
;__Lib_Delays.c,28 :: 		Delay_us(498);
0x000A	0x3004      	MOVLW      4
0x000B	0x1283      	BCF        STATUS, 5
0x000C	0x1303      	BCF        STATUS, 6
0x000D	0x00FC      	MOVWF      R12
0x000E	0x303A      	MOVLW      58
0x000F	0x00FD      	MOVWF      R13
L_Delay_500us4:
0x0010	0x0BFD      	DECFSZ     R13, 1
0x0011	0x2810      	GOTO       L_Delay_500us4
0x0012	0x0BFC      	DECFSZ     R12, 1
0x0013	0x2810      	GOTO       L_Delay_500us4
0x0014	0x0000      	NOP
;__Lib_Delays.c,29 :: 		}
L_end_Delay_500us:
0x0015	0x0008      	RETURN
; end of _Delay_500us
___CC2DW:
;__Lib_System.c,134 :: 		
;__Lib_System.c,137 :: 		
_CC2D_Loop1:
;__Lib_System.c,139 :: 		
0x0016	0x2003      	CALL       _____DoICP
0x0017	0x118A      	BCF        PCLATH, 3
0x0018	0x120A      	BCF        PCLATH, 4
;__Lib_System.c,141 :: 		
0x0019	0x0080      	MOVWF      INDF
;__Lib_System.c,142 :: 		
0x001A	0x0A84      	INCF       FSR, 1
;__Lib_System.c,143 :: 		
0x001B	0x0AA0      	INCF       ___DoICPAddr, 1
;__Lib_System.c,145 :: 		
0x001C	0x1903      	BTFSC      STATUS, 2
;__Lib_System.c,146 :: 		
0x001D	0x0AA1      	INCF       ___DoICPAddr+1, 1
;__Lib_System.c,147 :: 		
0x001E	0x03F0      	DECF       R0, 1
;__Lib_System.c,149 :: 		
0x001F	0x1D03      	BTFSS      STATUS, 2
;__Lib_System.c,150 :: 		
0x0020	0x2816      	GOTO       _CC2D_Loop1
;__Lib_System.c,152 :: 		
L_end___CC2DW:
0x0021	0x0008      	RETURN
; end of ___CC2DW
_Button:
;__Lib_Button.c,6 :: 		
;__Lib_Button.c,8 :: 		
0x0022	0x1283      	BCF        STATUS, 5
0x0023	0x1303      	BCF        STATUS, 6
0x0024	0x01A8      	CLRF       Button_rslt_L0
;__Lib_Button.c,11 :: 		
0x0025	0x0824      	MOVF       FARG_Button_pin, 0
0x0026	0x00F1      	MOVWF      R1
0x0027	0x3001      	MOVLW      1
0x0028	0x00F0      	MOVWF      R0
0x0029	0x0871      	MOVF       R1, 0
L__Button5:
0x002A	0x1903      	BTFSC      STATUS, 2
0x002B	0x2830      	GOTO       L__Button6
0x002C	0x0DF0      	RLF        R0, 1
0x002D	0x1070      	BCF        R0, 0
0x002E	0x3EFF      	ADDLW      255
0x002F	0x282A      	GOTO       L__Button5
L__Button6:
0x0030	0x0870      	MOVF       R0, 0
0x0031	0x00A7      	MOVWF      Button_pMask_L0
;__Lib_Button.c,13 :: 		
0x0032	0x0823      	MOVF       FARG_Button_port, 0
0x0033	0x0084      	MOVWF      FSR
0x0034	0x0870      	MOVF       R0, 0
0x0035	0x0500      	ANDWF      INDF, 0
0x0036	0x00F1      	MOVWF      R1
0x0037	0x0871      	MOVF       R1, 0
0x0038	0x3001      	MOVLW      1
0x0039	0x1D03      	BTFSS      STATUS, 2
0x003A	0x3000      	MOVLW      0
0x003B	0x00F0      	MOVWF      R0
0x003C	0x0826      	MOVF       FARG_Button_active_state, 0
0x003D	0x06F0      	XORWF      R0, 1
0x003E	0x1903      	BTFSC      STATUS, 2
0x003F	0x2858      	GOTO       L_Button0
;__Lib_Button.c,15 :: 		
L_Button1:
0x0040	0x0825      	MOVF       FARG_Button_time_ms, 0
0x0041	0x3C00      	SUBLW      0
0x0042	0x1803      	BTFSC      STATUS, 0
0x0043	0x2848      	GOTO       L_Button2
;__Lib_Button.c,16 :: 		
0x0044	0x200A      	CALL       _Delay_500us
;__Lib_Button.c,17 :: 		
0x0045	0x200A      	CALL       _Delay_500us
;__Lib_Button.c,18 :: 		
0x0046	0x03A5      	DECF       FARG_Button_time_ms, 1
;__Lib_Button.c,19 :: 		
0x0047	0x2840      	GOTO       L_Button1
L_Button2:
;__Lib_Button.c,21 :: 		
0x0048	0x0823      	MOVF       FARG_Button_port, 0
0x0049	0x0084      	MOVWF      FSR
0x004A	0x0827      	MOVF       Button_pMask_L0, 0
0x004B	0x0500      	ANDWF      INDF, 0
0x004C	0x00F1      	MOVWF      R1
0x004D	0x0871      	MOVF       R1, 0
0x004E	0x3001      	MOVLW      1
0x004F	0x1D03      	BTFSS      STATUS, 2
0x0050	0x3000      	MOVLW      0
0x0051	0x00F0      	MOVWF      R0
0x0052	0x0826      	MOVF       FARG_Button_active_state, 0
0x0053	0x06F0      	XORWF      R0, 1
0x0054	0x1903      	BTFSC      STATUS, 2
0x0055	0x2858      	GOTO       L_Button3
;__Lib_Button.c,22 :: 		
0x0056	0x30FF      	MOVLW      255
0x0057	0x00A8      	MOVWF      Button_rslt_L0
L_Button3:
;__Lib_Button.c,23 :: 		
L_Button0:
;__Lib_Button.c,25 :: 		
0x0058	0x0828      	MOVF       Button_rslt_L0, 0
0x0059	0x00F0      	MOVWF      R0
;__Lib_Button.c,26 :: 		
L_end_Button:
0x005A	0x0008      	RETURN
; end of _Button
_long_press:
;Button.c,42 :: 		void long_press()
;Button.c,44 :: 		int i =0;
0x005B	0x1283      	BCF        STATUS, 5
0x005C	0x1303      	BCF        STATUS, 6
0x005D	0x01A3      	CLRF       long_press_i_L0
0x005E	0x01A4      	CLRF       long_press_i_L0+1
;Button.c,45 :: 		for (;i<=10;i++)
L_long_press10:
0x005F	0x3080      	MOVLW      128
0x0060	0x00F0      	MOVWF      R0
0x0061	0x3080      	MOVLW      128
0x0062	0x0624      	XORWF      long_press_i_L0+1, 0
0x0063	0x0270      	SUBWF      R0, 0
0x0064	0x1D03      	BTFSS      STATUS, 2
0x0065	0x2868      	GOTO       L__long_press18
0x0066	0x0823      	MOVF       long_press_i_L0, 0
0x0067	0x3C0A      	SUBLW      10
L__long_press18:
0x0068	0x1C03      	BTFSS      STATUS, 0
0x0069	0x288B      	GOTO       L_long_press11
;Button.c,47 :: 		leftshift=portc.f7;
0x006A	0x1B87      	BTFSC      PORTC, 7
0x006B	0x286E      	GOTO       L__long_press19
0x006C	0x1022      	BCF        _leftshift, BitPos(_leftshift+0)
0x006D	0x286F      	GOTO       L__long_press20
L__long_press19:
0x006E	0x1422      	BSF        _leftshift, BitPos(_leftshift+0)
L__long_press20:
;Button.c,48 :: 		portc<<=1;
0x006F	0x0807      	MOVF       PORTC, 0
0x0070	0x00F0      	MOVWF      R0
0x0071	0x0DF0      	RLF        R0, 1
0x0072	0x1070      	BCF        R0, 0
0x0073	0x0870      	MOVF       R0, 0
0x0074	0x0087      	MOVWF      PORTC
;Button.c,49 :: 		portc.f0=leftshift;
0x0075	0x1822      	BTFSC      _leftshift, BitPos(_leftshift+0)
0x0076	0x2879      	GOTO       L__long_press21
0x0077	0x1007      	BCF        PORTC, 0
0x0078	0x287A      	GOTO       L__long_press22
L__long_press21:
0x0079	0x1407      	BSF        PORTC, 0
L__long_press22:
;Button.c,50 :: 		delay_ms(500);
0x007A	0x300D      	MOVLW      13
0x007B	0x00FB      	MOVWF      R11
0x007C	0x30AF      	MOVLW      175
0x007D	0x00FC      	MOVWF      R12
0x007E	0x30B6      	MOVLW      182
0x007F	0x00FD      	MOVWF      R13
L_long_press13:
0x0080	0x0BFD      	DECFSZ     R13, 1
0x0081	0x2880      	GOTO       L_long_press13
0x0082	0x0BFC      	DECFSZ     R12, 1
0x0083	0x2880      	GOTO       L_long_press13
0x0084	0x0BFB      	DECFSZ     R11, 1
0x0085	0x2880      	GOTO       L_long_press13
0x0086	0x0000      	NOP
;Button.c,45 :: 		for (;i<=10;i++)
0x0087	0x0AA3      	INCF       long_press_i_L0, 1
0x0088	0x1903      	BTFSC      STATUS, 2
0x0089	0x0AA4      	INCF       long_press_i_L0+1, 1
;Button.c,51 :: 		}
0x008A	0x285F      	GOTO       L_long_press10
L_long_press11:
;Button.c,52 :: 		}
L_end_long_press:
0x008B	0x0008      	RETURN
; end of _long_press
_main:
;Button.c,7 :: 		void main() {
;Button.c,9 :: 		ANSEL  = 0;                                    // Configure AN pins as digital I/O
0x008C	0x1683      	BSF        STATUS, 5
0x008D	0x1703      	BSF        STATUS, 6
0x008E	0x0188      	CLRF       ANSEL
;Button.c,10 :: 		ANSELH = 0;
0x008F	0x0189      	CLRF       ANSELH
;Button.c,11 :: 		C1ON_bit = 0;                                  // Disable comparators
0x0090	0x1283      	BCF        STATUS, 5
0x0091	0x1387      	BCF        C1ON_bit, BitPos(C1ON_bit+0)
;Button.c,12 :: 		C2ON_bit = 0;
0x0092	0x1388      	BCF        C2ON_bit, BitPos(C2ON_bit+0)
;Button.c,13 :: 		option_reg.f7=0;
0x0093	0x1683      	BSF        STATUS, 5
0x0094	0x1303      	BCF        STATUS, 6
0x0095	0x1381      	BCF        OPTION_REG, 7
;Button.c,14 :: 		TRISB0_bit = 1;                                // set RB0 pin as input
0x0096	0x1406      	BSF        TRISB0_bit, BitPos(TRISB0_bit+0)
;Button.c,16 :: 		TRISC = 0x00;                                  // Configure PORTC as output
0x0097	0x0187      	CLRF       TRISC
;Button.c,17 :: 		PORTC = 0b11110000;                                  // Initial PORTC value
0x0098	0x30F0      	MOVLW      240
0x0099	0x1283      	BCF        STATUS, 5
0x009A	0x0087      	MOVWF      PORTC
;Button.c,18 :: 		oldstate = 0;
0x009B	0x1122      	BCF        _oldstate, BitPos(_oldstate+0)
;Button.c,20 :: 		while(1) {                                // Endless loop
L_main0:
;Button.c,22 :: 		if (Button(&PORTB, 0, 1, 1)) {        //short press       // Detect logical one //
0x009C	0x3006      	MOVLW      PORTB
0x009D	0x00A3      	MOVWF      FARG_Button_port
0x009E	0x01A4      	CLRF       FARG_Button_pin
0x009F	0x3001      	MOVLW      1
0x00A0	0x00A5      	MOVWF      FARG_Button_time_ms
0x00A1	0x3001      	MOVLW      1
0x00A2	0x00A6      	MOVWF      FARG_Button_active_state
0x00A3	0x2022      	CALL       _Button
0x00A4	0x0870      	MOVF       R0, 0
0x00A5	0x1903      	BTFSC      STATUS, 2
0x00A6	0x28A8      	GOTO       L_main2
;Button.c,24 :: 		oldstate = 1;                              // Update flag
0x00A7	0x1522      	BSF        _oldstate, BitPos(_oldstate+0)
;Button.c,25 :: 		}
L_main2:
;Button.c,26 :: 		if (oldstate && Button(&PORTB, 0, 100, 0)) {   // Detect one-to-zero transition
0x00A8	0x1D22      	BTFSS      _oldstate, BitPos(_oldstate+0)
0x00A9	0x28B6      	GOTO       L_main5
0x00AA	0x3006      	MOVLW      PORTB
0x00AB	0x00A3      	MOVWF      FARG_Button_port
0x00AC	0x01A4      	CLRF       FARG_Button_pin
0x00AD	0x3064      	MOVLW      100
0x00AE	0x00A5      	MOVWF      FARG_Button_time_ms
0x00AF	0x01A6      	CLRF       FARG_Button_active_state
0x00B0	0x2022      	CALL       _Button
0x00B1	0x0870      	MOVF       R0, 0
0x00B2	0x1903      	BTFSC      STATUS, 2
0x00B3	0x28B6      	GOTO       L_main5
L__main15:
;Button.c,27 :: 		PORTC = ~PORTC;                            // Invert PORTC
0x00B4	0x0987      	COMF       PORTC, 1
;Button.c,28 :: 		oldstate = 0;                              // Update flag
0x00B5	0x1122      	BCF        _oldstate, BitPos(_oldstate+0)
;Button.c,29 :: 		}
L_main5:
;Button.c,30 :: 		if (Button(&PORTB, 0, 1, 1)) {          //long press
0x00B6	0x3006      	MOVLW      PORTB
0x00B7	0x00A3      	MOVWF      FARG_Button_port
0x00B8	0x01A4      	CLRF       FARG_Button_pin
0x00B9	0x3001      	MOVLW      1
0x00BA	0x00A5      	MOVWF      FARG_Button_time_ms
0x00BB	0x3001      	MOVLW      1
0x00BC	0x00A6      	MOVWF      FARG_Button_active_state
0x00BD	0x2022      	CALL       _Button
0x00BE	0x0870      	MOVF       R0, 0
0x00BF	0x1903      	BTFSC      STATUS, 2
0x00C0	0x28C2      	GOTO       L_main6
;Button.c,33 :: 		oldstate1 = 1;
0x00C1	0x14A2      	BSF        _oldstate1, BitPos(_oldstate1+0)
;Button.c,34 :: 		}
L_main6:
;Button.c,35 :: 		if (oldstate && Button(&PORTB, 0, 1000, 0)) {
0x00C2	0x1D22      	BTFSS      _oldstate, BitPos(_oldstate+0)
0x00C3	0x28D0      	GOTO       L_main9
0x00C4	0x3006      	MOVLW      PORTB
0x00C5	0x00A3      	MOVWF      FARG_Button_port
0x00C6	0x01A4      	CLRF       FARG_Button_pin
0x00C7	0x30E8      	MOVLW      232
0x00C8	0x00A5      	MOVWF      FARG_Button_time_ms
0x00C9	0x01A6      	CLRF       FARG_Button_active_state
0x00CA	0x2022      	CALL       _Button
0x00CB	0x0870      	MOVF       R0, 0
0x00CC	0x1903      	BTFSC      STATUS, 2
0x00CD	0x28D0      	GOTO       L_main9
L__main14:
;Button.c,36 :: 		long_press();
0x00CE	0x205B      	CALL       _long_press
;Button.c,37 :: 		oldstate1 = 0;
0x00CF	0x10A2      	BCF        _oldstate1, BitPos(_oldstate1+0)
;Button.c,38 :: 		}
L_main9:
;Button.c,39 :: 		}
0x00D0	0x289C      	GOTO       L_main0
;Button.c,40 :: 		}
L_end_main:
0x00D1	0x28D1      	GOTO       $+0
; end of _main
Symbol List:
//** Routines locations **
//ADDRESS    SIZE    PROCEDURE
//----------------------------------------------
0x0003       [7]    _____DoICP
0x000A      [12]    _Delay_500us
0x0016      [12]    ___CC2DW
0x0022      [57]    _Button
0x005B      [49]    _long_press
0x008C      [70]    _main
//** Variables locations ** 
//ADDRESS    SIZE    VARIABLE
//----------------------------------------------
0x0000       [1]    INDF
0x0002       [1]    PCL
0x0003       [1]    STATUS
0x0004       [1]    FSR
0x0006       [1]    PORTB
0x0007       [1]    PORTC
0x000A       [1]    PCLATH
0x0020       [2]    ___DoICPAddr
0x0022       [0]    _oldstate
0x0022       [0]    _leftshift
0x0022       [0]    _oldstate1
0x0023       [2]    long_press_i_L0
0x0023       [1]    FARG_Button_port
0x0024       [1]    FARG_Button_pin
0x0025       [1]    FARG_Button_time_ms
0x0026       [1]    FARG_Button_active_state
0x0027       [1]    Button_pMask_L0
0x0028       [1]    Button_rslt_L0
0x0070       [1]    R0
0x0071       [1]    R1
0x0072       [1]    R2
0x0073       [1]    R3
0x0074       [1]    R4
0x0075       [1]    R5
0x0076       [1]    R6
0x0077       [1]    R7
0x0078       [1]    R8
0x0079       [1]    R9
0x007A       [1]    R10
0x007B       [1]    R11
0x007C       [1]    R12
0x007D       [1]    R13
0x007E       [1]    R14
0x007F       [1]    R15
0x0081       [1]    OPTION_REG
0x0086       [0]    TRISB0_bit
0x0087       [1]    TRISC
0x0107       [0]    C1ON_bit
0x0108       [0]    C2ON_bit
0x0188       [1]    ANSEL
0x0189       [1]    ANSELH
