;  LST file generated by mikroListExporter - v.2.0 
; Date/Time: 11/9/2017 5:50:47 PM
;----------------------------------------------

;Address Opcode 	ASM
0x0000	0x2816      	GOTO       22
_____DoICP:
;__Lib_System.c,6 :: 		
;__Lib_System.c,9 :: 		
0x0003	0x1283      	BCF        STATUS, 5
0x0004	0x1303      	BCF        STATUS, 6
0x0005	0x0821      	MOVF       ___DoICPAddr+1, 0
0x0006	0x008A      	MOVWF      PCLATH
;__Lib_System.c,10 :: 		
0x0007	0x0820      	MOVF       ___DoICPAddr, 0
0x0008	0x0082      	MOVWF      PCL
;__Lib_System.c,12 :: 		
L_end_____DoICP:
0x0009	0x0008      	RETURN
; end of _____DoICP
___CC2DW:
;__Lib_System.c,134 :: 		
;__Lib_System.c,137 :: 		
_CC2D_Loop1:
;__Lib_System.c,139 :: 		
0x000A	0x2003      	CALL       _____DoICP
0x000B	0x118A      	BCF        PCLATH, 3
0x000C	0x120A      	BCF        PCLATH, 4
;__Lib_System.c,141 :: 		
0x000D	0x0080      	MOVWF      INDF
;__Lib_System.c,142 :: 		
0x000E	0x0A84      	INCF       FSR, 1
;__Lib_System.c,143 :: 		
0x000F	0x0AA0      	INCF       ___DoICPAddr, 1
;__Lib_System.c,145 :: 		
0x0010	0x1903      	BTFSC      STATUS, 2
;__Lib_System.c,146 :: 		
0x0011	0x0AA1      	INCF       ___DoICPAddr+1, 1
;__Lib_System.c,147 :: 		
0x0012	0x03F0      	DECF       R0, 1
;__Lib_System.c,149 :: 		
0x0013	0x1D03      	BTFSS      STATUS, 2
;__Lib_System.c,150 :: 		
0x0014	0x280A      	GOTO       _CC2D_Loop1
;__Lib_System.c,152 :: 		
L_end___CC2DW:
0x0015	0x0008      	RETURN
; end of ___CC2DW
_main:
;Rf robot.c,1 :: 		void main()
;Rf robot.c,4 :: 		ansel=0;
0x0016	0x1683      	BSF        STATUS, 5
0x0017	0x1703      	BSF        STATUS, 6
0x0018	0x0188      	CLRF       ANSEL
;Rf robot.c,5 :: 		anselh=0;
0x0019	0x0189      	CLRF       ANSELH
;Rf robot.c,6 :: 		option_reg.f7=0;
0x001A	0x1381      	BCF        OPTION_REG, 7
;Rf robot.c,7 :: 		trisb=0x0F ;                   // 4 sensor
0x001B	0x300F      	MOVLW      15
0x001C	0x0086      	MOVWF      TRISB
;Rf robot.c,8 :: 		portb.f4=0;
0x001D	0x1283      	BCF        STATUS, 5
0x001E	0x1303      	BCF        STATUS, 6
0x001F	0x1206      	BCF        PORTB, 4
;Rf robot.c,9 :: 		portb.f5=0;
0x0020	0x1286      	BCF        PORTB, 5
;Rf robot.c,10 :: 		portb.f6=0;
0x0021	0x1306      	BCF        PORTB, 6
;Rf robot.c,11 :: 		portb.f7=0;
0x0022	0x1386      	BCF        PORTB, 7
;Rf robot.c,12 :: 		trisd=0x00 ;
0x0023	0x1683      	BSF        STATUS, 5
0x0024	0x0188      	CLRF       TRISD
;Rf robot.c,13 :: 		portd=0;
0x0025	0x1283      	BCF        STATUS, 5
0x0026	0x0188      	CLRF       PORTD
;Rf robot.c,14 :: 		while(1)
L_main0:
;Rf robot.c,16 :: 		if(portb==0b00000011)            // Forward       0011
0x0027	0x0806      	MOVF       PORTB, 0
0x0028	0x3A03      	XORLW      3
0x0029	0x1D03      	BTFSS      STATUS, 2
0x002A	0x2837      	GOTO       L_main2
;Rf robot.c,18 :: 		portd=0b01010101;
0x002B	0x3055      	MOVLW      85
0x002C	0x0088      	MOVWF      PORTD
;Rf robot.c,19 :: 		delay_ms(10);
0x002D	0x3041      	MOVLW      65
0x002E	0x00FC      	MOVWF      R12
0x002F	0x30EE      	MOVLW      238
0x0030	0x00FD      	MOVWF      R13
L_main3:
0x0031	0x0BFD      	DECFSZ     R13, 1
0x0032	0x2831      	GOTO       L_main3
0x0033	0x0BFC      	DECFSZ     R12, 1
0x0034	0x2831      	GOTO       L_main3
0x0035	0x0000      	NOP
;Rf robot.c,20 :: 		}
0x0036	0x293B      	GOTO       L_main4
L_main2:
;Rf robot.c,21 :: 		else if(portb==0b00000110)            // Backward     0110
0x0037	0x0806      	MOVF       PORTB, 0
0x0038	0x3A06      	XORLW      6
0x0039	0x1D03      	BTFSS      STATUS, 2
0x003A	0x2847      	GOTO       L_main5
;Rf robot.c,23 :: 		portd=0b10101010;
0x003B	0x30AA      	MOVLW      170
0x003C	0x0088      	MOVWF      PORTD
;Rf robot.c,24 :: 		delay_ms(10);
0x003D	0x3041      	MOVLW      65
0x003E	0x00FC      	MOVWF      R12
0x003F	0x30EE      	MOVLW      238
0x0040	0x00FD      	MOVWF      R13
L_main6:
0x0041	0x0BFD      	DECFSZ     R13, 1
0x0042	0x2841      	GOTO       L_main6
0x0043	0x0BFC      	DECFSZ     R12, 1
0x0044	0x2841      	GOTO       L_main6
0x0045	0x0000      	NOP
;Rf robot.c,25 :: 		}
0x0046	0x293B      	GOTO       L_main7
L_main5:
;Rf robot.c,26 :: 		else if(portb==0b00000111)                     // Right   0111
0x0047	0x0806      	MOVF       PORTB, 0
0x0048	0x3A07      	XORLW      7
0x0049	0x1D03      	BTFSS      STATUS, 2
0x004A	0x2857      	GOTO       L_main8
;Rf robot.c,28 :: 		portd=0b01100110;
0x004B	0x3066      	MOVLW      102
0x004C	0x0088      	MOVWF      PORTD
;Rf robot.c,29 :: 		delay_ms(10);
0x004D	0x3041      	MOVLW      65
0x004E	0x00FC      	MOVWF      R12
0x004F	0x30EE      	MOVLW      238
0x0050	0x00FD      	MOVWF      R13
L_main9:
0x0051	0x0BFD      	DECFSZ     R13, 1
0x0052	0x2851      	GOTO       L_main9
0x0053	0x0BFC      	DECFSZ     R12, 1
0x0054	0x2851      	GOTO       L_main9
0x0055	0x0000      	NOP
;Rf robot.c,30 :: 		}
0x0056	0x293B      	GOTO       L_main10
L_main8:
;Rf robot.c,31 :: 		else if(portb==0b00001011)                              //Left  1011
0x0057	0x0806      	MOVF       PORTB, 0
0x0058	0x3A0B      	XORLW      11
0x0059	0x1D03      	BTFSS      STATUS, 2
0x005A	0x2867      	GOTO       L_main11
;Rf robot.c,33 :: 		portd=0b10011001;
0x005B	0x3099      	MOVLW      153
0x005C	0x0088      	MOVWF      PORTD
;Rf robot.c,34 :: 		delay_ms(10);
0x005D	0x3041      	MOVLW      65
0x005E	0x00FC      	MOVWF      R12
0x005F	0x30EE      	MOVLW      238
0x0060	0x00FD      	MOVWF      R13
L_main12:
0x0061	0x0BFD      	DECFSZ     R13, 1
0x0062	0x2861      	GOTO       L_main12
0x0063	0x0BFC      	DECFSZ     R12, 1
0x0064	0x2861      	GOTO       L_main12
0x0065	0x0000      	NOP
;Rf robot.c,35 :: 		}
0x0066	0x293B      	GOTO       L_main13
L_main11:
;Rf robot.c,36 :: 		else if(portb==0b00001111)                              //alll positive
0x0067	0x0806      	MOVF       PORTB, 0
0x0068	0x3A0F      	XORLW      15
0x0069	0x1D03      	BTFSS      STATUS, 2
0x006A	0x2877      	GOTO       L_main14
;Rf robot.c,38 :: 		portd=0b11111111;
0x006B	0x30FF      	MOVLW      255
0x006C	0x0088      	MOVWF      PORTD
;Rf robot.c,39 :: 		delay_ms(10);
0x006D	0x3041      	MOVLW      65
0x006E	0x00FC      	MOVWF      R12
0x006F	0x30EE      	MOVLW      238
0x0070	0x00FD      	MOVWF      R13
L_main15:
0x0071	0x0BFD      	DECFSZ     R13, 1
0x0072	0x2871      	GOTO       L_main15
0x0073	0x0BFC      	DECFSZ     R12, 1
0x0074	0x2871      	GOTO       L_main15
0x0075	0x0000      	NOP
;Rf robot.c,40 :: 		}
0x0076	0x293B      	GOTO       L_main16
L_main14:
;Rf robot.c,42 :: 		else if(portb==0b00000000)                              //Stepper up   0000
0x0077	0x0806      	MOVF       PORTB, 0
0x0078	0x3A00      	XORLW      0
0x0079	0x1D03      	BTFSS      STATUS, 2
0x007A	0x28D3      	GOTO       L_main17
;Rf robot.c,44 :: 		for ( x=0;x<50;x++)
0x007B	0x01F1      	CLRF       R1
0x007C	0x01F2      	CLRF       R1+1
L_main18:
0x007D	0x3080      	MOVLW      128
0x007E	0x0672      	XORWF      R1+1, 0
0x007F	0x00F0      	MOVWF      R0
0x0080	0x3080      	MOVLW      128
0x0081	0x0270      	SUBWF      R0, 0
0x0082	0x1D03      	BTFSS      STATUS, 2
0x0083	0x2886      	GOTO       L__main41
0x0084	0x3032      	MOVLW      50
0x0085	0x0271      	SUBWF      R1, 0
L__main41:
0x0086	0x1803      	BTFSC      STATUS, 0
0x0087	0x28D2      	GOTO       L_main19
;Rf robot.c,45 :: 		if(portb==0x03)
0x0088	0x0806      	MOVF       PORTB, 0
0x0089	0x3A03      	XORLW      3
0x008A	0x1D03      	BTFSS      STATUS, 2
0x008B	0x28CD      	GOTO       L_main21
;Rf robot.c,47 :: 		PORTD = 0b00010000;
0x008C	0x3010      	MOVLW      16
0x008D	0x0088      	MOVWF      PORTD
;Rf robot.c,48 :: 		Delay_ms(250);
0x008E	0x3007      	MOVLW      7
0x008F	0x00FB      	MOVWF      R11
0x0090	0x3058      	MOVLW      88
0x0091	0x00FC      	MOVWF      R12
0x0092	0x3059      	MOVLW      89
0x0093	0x00FD      	MOVWF      R13
L_main22:
0x0094	0x0BFD      	DECFSZ     R13, 1
0x0095	0x2894      	GOTO       L_main22
0x0096	0x0BFC      	DECFSZ     R12, 1
0x0097	0x2894      	GOTO       L_main22
0x0098	0x0BFB      	DECFSZ     R11, 1
0x0099	0x2894      	GOTO       L_main22
0x009A	0x0000      	NOP
0x009B	0x0000      	NOP
;Rf robot.c,49 :: 		PORTD = 0b01000000;
0x009C	0x3040      	MOVLW      64
0x009D	0x0088      	MOVWF      PORTD
;Rf robot.c,50 :: 		Delay_ms(250);
0x009E	0x3007      	MOVLW      7
0x009F	0x00FB      	MOVWF      R11
0x00A0	0x3058      	MOVLW      88
0x00A1	0x00FC      	MOVWF      R12
0x00A2	0x3059      	MOVLW      89
0x00A3	0x00FD      	MOVWF      R13
L_main23:
0x00A4	0x0BFD      	DECFSZ     R13, 1
0x00A5	0x28A4      	GOTO       L_main23
0x00A6	0x0BFC      	DECFSZ     R12, 1
0x00A7	0x28A4      	GOTO       L_main23
0x00A8	0x0BFB      	DECFSZ     R11, 1
0x00A9	0x28A4      	GOTO       L_main23
0x00AA	0x0000      	NOP
0x00AB	0x0000      	NOP
;Rf robot.c,51 :: 		PORTD = 0b00100000;
0x00AC	0x3020      	MOVLW      32
0x00AD	0x0088      	MOVWF      PORTD
;Rf robot.c,52 :: 		Delay_ms(250);
0x00AE	0x3007      	MOVLW      7
0x00AF	0x00FB      	MOVWF      R11
0x00B0	0x3058      	MOVLW      88
0x00B1	0x00FC      	MOVWF      R12
0x00B2	0x3059      	MOVLW      89
0x00B3	0x00FD      	MOVWF      R13
L_main24:
0x00B4	0x0BFD      	DECFSZ     R13, 1
0x00B5	0x28B4      	GOTO       L_main24
0x00B6	0x0BFC      	DECFSZ     R12, 1
0x00B7	0x28B4      	GOTO       L_main24
0x00B8	0x0BFB      	DECFSZ     R11, 1
0x00B9	0x28B4      	GOTO       L_main24
0x00BA	0x0000      	NOP
0x00BB	0x0000      	NOP
;Rf robot.c,53 :: 		PORTD = 0b10000000;
0x00BC	0x3080      	MOVLW      128
0x00BD	0x0088      	MOVWF      PORTD
;Rf robot.c,54 :: 		Delay_ms(250);
0x00BE	0x3007      	MOVLW      7
0x00BF	0x00FB      	MOVWF      R11
0x00C0	0x3058      	MOVLW      88
0x00C1	0x00FC      	MOVWF      R12
0x00C2	0x3059      	MOVLW      89
0x00C3	0x00FD      	MOVWF      R13
L_main25:
0x00C4	0x0BFD      	DECFSZ     R13, 1
0x00C5	0x28C4      	GOTO       L_main25
0x00C6	0x0BFC      	DECFSZ     R12, 1
0x00C7	0x28C4      	GOTO       L_main25
0x00C8	0x0BFB      	DECFSZ     R11, 1
0x00C9	0x28C4      	GOTO       L_main25
0x00CA	0x0000      	NOP
0x00CB	0x0000      	NOP
;Rf robot.c,55 :: 		}
0x00CC	0x28CE      	GOTO       L_main26
L_main21:
;Rf robot.c,58 :: 		break;
0x00CD	0x28D2      	GOTO       L_main19
;Rf robot.c,59 :: 		}
L_main26:
;Rf robot.c,44 :: 		for ( x=0;x<50;x++)
0x00CE	0x0AF1      	INCF       R1, 1
0x00CF	0x1903      	BTFSC      STATUS, 2
0x00D0	0x0AF2      	INCF       R1+1, 1
;Rf robot.c,59 :: 		}
0x00D1	0x287D      	GOTO       L_main18
L_main19:
;Rf robot.c,60 :: 		}
0x00D2	0x293B      	GOTO       L_main27
L_main17:
;Rf robot.c,62 :: 		else if(portb==0x01)                              //Stepper down  0001
0x00D3	0x0806      	MOVF       PORTB, 0
0x00D4	0x3A01      	XORLW      1
0x00D5	0x1D03      	BTFSS      STATUS, 2
0x00D6	0x2931      	GOTO       L_main28
;Rf robot.c,64 :: 		for ( x=1;x<50;x++)
0x00D7	0x3001      	MOVLW      1
0x00D8	0x00F1      	MOVWF      R1
0x00D9	0x3000      	MOVLW      0
0x00DA	0x00F2      	MOVWF      R1+1
L_main29:
0x00DB	0x3080      	MOVLW      128
0x00DC	0x0672      	XORWF      R1+1, 0
0x00DD	0x00F0      	MOVWF      R0
0x00DE	0x3080      	MOVLW      128
0x00DF	0x0270      	SUBWF      R0, 0
0x00E0	0x1D03      	BTFSS      STATUS, 2
0x00E1	0x28E4      	GOTO       L__main42
0x00E2	0x3032      	MOVLW      50
0x00E3	0x0271      	SUBWF      R1, 0
L__main42:
0x00E4	0x1803      	BTFSC      STATUS, 0
0x00E5	0x2930      	GOTO       L_main30
;Rf robot.c,65 :: 		if(portb==0x0C)
0x00E6	0x0806      	MOVF       PORTB, 0
0x00E7	0x3A0C      	XORLW      12
0x00E8	0x1D03      	BTFSS      STATUS, 2
0x00E9	0x292B      	GOTO       L_main32
;Rf robot.c,67 :: 		PORTD = 0b10000000;
0x00EA	0x3080      	MOVLW      128
0x00EB	0x0088      	MOVWF      PORTD
;Rf robot.c,68 :: 		Delay_ms(250);
0x00EC	0x3007      	MOVLW      7
0x00ED	0x00FB      	MOVWF      R11
0x00EE	0x3058      	MOVLW      88
0x00EF	0x00FC      	MOVWF      R12
0x00F0	0x3059      	MOVLW      89
0x00F1	0x00FD      	MOVWF      R13
L_main33:
0x00F2	0x0BFD      	DECFSZ     R13, 1
0x00F3	0x28F2      	GOTO       L_main33
0x00F4	0x0BFC      	DECFSZ     R12, 1
0x00F5	0x28F2      	GOTO       L_main33
0x00F6	0x0BFB      	DECFSZ     R11, 1
0x00F7	0x28F2      	GOTO       L_main33
0x00F8	0x0000      	NOP
0x00F9	0x0000      	NOP
;Rf robot.c,69 :: 		PORTD = 0b00100000;
0x00FA	0x3020      	MOVLW      32
0x00FB	0x0088      	MOVWF      PORTD
;Rf robot.c,70 :: 		Delay_ms(250);
0x00FC	0x3007      	MOVLW      7
0x00FD	0x00FB      	MOVWF      R11
0x00FE	0x3058      	MOVLW      88
0x00FF	0x00FC      	MOVWF      R12
0x0100	0x3059      	MOVLW      89
0x0101	0x00FD      	MOVWF      R13
L_main34:
0x0102	0x0BFD      	DECFSZ     R13, 1
0x0103	0x2902      	GOTO       L_main34
0x0104	0x0BFC      	DECFSZ     R12, 1
0x0105	0x2902      	GOTO       L_main34
0x0106	0x0BFB      	DECFSZ     R11, 1
0x0107	0x2902      	GOTO       L_main34
0x0108	0x0000      	NOP
0x0109	0x0000      	NOP
;Rf robot.c,71 :: 		PORTD = 0b01000000;
0x010A	0x3040      	MOVLW      64
0x010B	0x0088      	MOVWF      PORTD
;Rf robot.c,72 :: 		Delay_ms(250);
0x010C	0x3007      	MOVLW      7
0x010D	0x00FB      	MOVWF      R11
0x010E	0x3058      	MOVLW      88
0x010F	0x00FC      	MOVWF      R12
0x0110	0x3059      	MOVLW      89
0x0111	0x00FD      	MOVWF      R13
L_main35:
0x0112	0x0BFD      	DECFSZ     R13, 1
0x0113	0x2912      	GOTO       L_main35
0x0114	0x0BFC      	DECFSZ     R12, 1
0x0115	0x2912      	GOTO       L_main35
0x0116	0x0BFB      	DECFSZ     R11, 1
0x0117	0x2912      	GOTO       L_main35
0x0118	0x0000      	NOP
0x0119	0x0000      	NOP
;Rf robot.c,73 :: 		PORTD = 0b00010000;
0x011A	0x3010      	MOVLW      16
0x011B	0x0088      	MOVWF      PORTD
;Rf robot.c,74 :: 		Delay_ms(250);
0x011C	0x3007      	MOVLW      7
0x011D	0x00FB      	MOVWF      R11
0x011E	0x3058      	MOVLW      88
0x011F	0x00FC      	MOVWF      R12
0x0120	0x3059      	MOVLW      89
0x0121	0x00FD      	MOVWF      R13
L_main36:
0x0122	0x0BFD      	DECFSZ     R13, 1
0x0123	0x2922      	GOTO       L_main36
0x0124	0x0BFC      	DECFSZ     R12, 1
0x0125	0x2922      	GOTO       L_main36
0x0126	0x0BFB      	DECFSZ     R11, 1
0x0127	0x2922      	GOTO       L_main36
0x0128	0x0000      	NOP
0x0129	0x0000      	NOP
;Rf robot.c,75 :: 		}
0x012A	0x292C      	GOTO       L_main37
L_main32:
;Rf robot.c,78 :: 		break;
0x012B	0x2930      	GOTO       L_main30
;Rf robot.c,79 :: 		}
L_main37:
;Rf robot.c,64 :: 		for ( x=1;x<50;x++)
0x012C	0x0AF1      	INCF       R1, 1
0x012D	0x1903      	BTFSC      STATUS, 2
0x012E	0x0AF2      	INCF       R1+1, 1
;Rf robot.c,79 :: 		}
0x012F	0x28DB      	GOTO       L_main29
L_main30:
;Rf robot.c,80 :: 		}
0x0130	0x293B      	GOTO       L_main38
L_main28:
;Rf robot.c,84 :: 		portd=0b00000000;
0x0131	0x0188      	CLRF       PORTD
;Rf robot.c,85 :: 		delay_ms(10);
0x0132	0x3041      	MOVLW      65
0x0133	0x00FC      	MOVWF      R12
0x0134	0x30EE      	MOVLW      238
0x0135	0x00FD      	MOVWF      R13
L_main39:
0x0136	0x0BFD      	DECFSZ     R13, 1
0x0137	0x2936      	GOTO       L_main39
0x0138	0x0BFC      	DECFSZ     R12, 1
0x0139	0x2936      	GOTO       L_main39
0x013A	0x0000      	NOP
;Rf robot.c,86 :: 		}
L_main38:
L_main27:
L_main16:
L_main13:
L_main10:
L_main7:
L_main4:
;Rf robot.c,87 :: 		}
0x013B	0x2827      	GOTO       L_main0
;Rf robot.c,88 :: 		}
L_end_main:
0x013C	0x293C      	GOTO       $+0
; end of _main
Symbol List:
//** Routines locations **
//ADDRESS    SIZE    PROCEDURE
//----------------------------------------------
0x0003       [7]    _____DoICP
0x000A      [12]    ___CC2DW
0x0016     [295]    _main
//** Variables locations ** 
//ADDRESS    SIZE    VARIABLE
//----------------------------------------------
0x0000       [1]    INDF
0x0002       [1]    PCL
0x0003       [1]    STATUS
0x0004       [1]    FSR
0x0006       [1]    PORTB
0x0008       [1]    PORTD
0x000A       [1]    PCLATH
0x0020       [2]    ___DoICPAddr
0x0070       [1]    R0
0x0071       [1]    R1
0x0072       [1]    R2
0x0073       [1]    R3
0x0074       [1]    R4
0x0075       [1]    R5
0x0076       [1]    R6
0x0077       [1]    R7
0x0078       [1]    R8
0x0079       [1]    R9
0x007A       [1]    R10
0x007B       [1]    R11
0x007C       [1]    R12
0x007D       [1]    R13
0x007E       [1]    R14
0x007F       [1]    R15
0x0081       [1]    OPTION_REG
0x0086       [1]    TRISB
0x0088       [1]    TRISD
0x0188       [1]    ANSEL
0x0189       [1]    ANSELH
//** Label List: ** 
//----------------------------------------------
  L_main0
  L_main1
  L_main2
  L_main3
  L_main4
  L_main5
  L_main6
  L_main7
  L_main8
  L_main9
  L_main10
  L_main11
  L_main12
  L_main13
  L_main14
  L_main15
  L_main16
  L_main17
  L_main18
  L_main19
  L_main20
  L_main21
  L_main22
  L_main23
  L_main24
  L_main25
  L_main26
  L_main27
  L_main28
  L_main29
  L_main30
  L_main31
  L_main32
  L_main33
  L_main34
  L_main35
  L_main36
  L_main37
  L_main38
  L_main39
  L_end_main
  _main
  L__main41
  L__main42
  L_loopCA2AWs
  L_CA2AWend
  _CCA2AW_Loop1
  L_loopCS2Ss
  L_CS2Send
  _CCS2S_Loop1
  L_CCS2Send
  L_loopFZinSWs
  L_FZinSend
  _CC2D_Loop1
  L_end_____DoICP
  _____DoICP
  L_end_____DoIFC
  _____DoIFC
  L_end___CA2AW
  ___CA2AW
  L_end___CCA2AW
  ___CCA2AW
  L_end___CS2S
  ___CS2S
  L_end___CCS2S
  ___CCS2S
  L_end___FZinS
  ___FZinS
  L_end___CC2DW
  ___CC2DW
  L_end_Swap
  _Swap
