;  LST file generated by mikroListExporter - v.2.0 
; Date/Time: 20-01-16 11.19.05
;----------------------------------------------

;Address Opcode 	ASM
0x0000	0x28D1      	GOTO       209
_____DoICP:
;__Lib_System.c,6 :: 		
;__Lib_System.c,9 :: 		
0x0003	0x1283      	BCF        STATUS, 5
0x0004	0x1303      	BCF        STATUS, 6
0x0005	0x0821      	MOVF       ___DoICPAddr+1, 0
0x0006	0x008A      	MOVWF      PCLATH
;__Lib_System.c,10 :: 		
0x0007	0x0820      	MOVF       ___DoICPAddr, 0
0x0008	0x0082      	MOVWF      PCL
;__Lib_System.c,12 :: 		
L_end_____DoICP:
0x0009	0x0008      	RETURN
; end of _____DoICP
_Mul_16x16_U:
;__Lib_Math.c,136 :: 		
;__Lib_Math.c,143 :: 		
0x000A	0x1283      	BCF        STATUS, 5
;__Lib_Math.c,144 :: 		
0x000B	0x1303      	BCF        STATUS, 6
;__Lib_Math.c,145 :: 		
0x000C	0x01FB      	CLRF       R11
;__Lib_Math.c,146 :: 		
0x000D	0x01FA      	CLRF       R10
;__Lib_Math.c,147 :: 		
0x000E	0x01F9      	CLRF       R9
;__Lib_Math.c,148 :: 		
0x000F	0x3080      	MOVLW      128
;__Lib_Math.c,149 :: 		
0x0010	0x00F8      	MOVWF      R8
;__Lib_Math.c,150 :: 		
0x0011	0x0CF1      	RRF        R1, 1
;__Lib_Math.c,151 :: 		
0x0012	0x0CF0      	RRF        R0, 1
;__Lib_Math.c,152 :: 		
0x0013	0x1C03      	BTFSS      STATUS, 0
;__Lib_Math.c,153 :: 		
0x0014	0x281E      	GOTO       $+10
;__Lib_Math.c,154 :: 		
0x0015	0x0874      	MOVF       R4, 0
;__Lib_Math.c,155 :: 		
0x0016	0x07F9      	ADDWF      R9, 1
;__Lib_Math.c,156 :: 		
0x0017	0x0875      	MOVF       R5, 0
;__Lib_Math.c,157 :: 		
0x0018	0x1803      	BTFSC      STATUS, 0
;__Lib_Math.c,158 :: 		
0x0019	0x0F75      	INCFSZ     R5, 0
;__Lib_Math.c,159 :: 		
0x001A	0x07FA      	ADDWF      R10, 1
;__Lib_Math.c,160 :: 		
0x001B	0x1803      	BTFSC      STATUS, 0
;__Lib_Math.c,161 :: 		
0x001C	0x0AFB      	INCF       R11, 1
;__Lib_Math.c,162 :: 		
0x001D	0x1003      	BCF        STATUS, 0
;__Lib_Math.c,163 :: 		
0x001E	0x1FF0      	BTFSS      R0, 7
;__Lib_Math.c,164 :: 		
0x001F	0x2826      	GOTO       $+7
;__Lib_Math.c,165 :: 		
0x0020	0x0874      	MOVF       R4, 0
;__Lib_Math.c,166 :: 		
0x0021	0x07FA      	ADDWF      R10, 1
;__Lib_Math.c,167 :: 		
0x0022	0x0875      	MOVF       R5, 0
;__Lib_Math.c,168 :: 		
0x0023	0x1803      	BTFSC      STATUS, 0
;__Lib_Math.c,169 :: 		
0x0024	0x0F75      	INCFSZ     R5, 0
;__Lib_Math.c,170 :: 		
0x0025	0x07FB      	ADDWF      R11, 1
;__Lib_Math.c,171 :: 		
0x0026	0x0CFB      	RRF        R11, 1
;__Lib_Math.c,172 :: 		
0x0027	0x0CFA      	RRF        R10, 1
;__Lib_Math.c,173 :: 		
0x0028	0x0CF9      	RRF        R9, 1
;__Lib_Math.c,174 :: 		
0x0029	0x0CF8      	RRF        R8, 1
;__Lib_Math.c,175 :: 		
0x002A	0x1C03      	BTFSS      STATUS, 0
;__Lib_Math.c,176 :: 		
0x002B	0x2811      	GOTO       $-26
;__Lib_Math.c,177 :: 		
0x002C	0x087B      	MOVF       R11, 0
;__Lib_Math.c,178 :: 		
0x002D	0x00F3      	MOVWF      R3
;__Lib_Math.c,179 :: 		
0x002E	0x087A      	MOVF       R10, 0
;__Lib_Math.c,180 :: 		
0x002F	0x00F2      	MOVWF      R2
;__Lib_Math.c,181 :: 		
0x0030	0x0879      	MOVF       R9, 0
;__Lib_Math.c,182 :: 		
0x0031	0x00F1      	MOVWF      R1
;__Lib_Math.c,183 :: 		
0x0032	0x0878      	MOVF       R8, 0
;__Lib_Math.c,184 :: 		
0x0033	0x00F0      	MOVWF      R0
;__Lib_Math.c,187 :: 		
L_end_Mul_16x16_U:
0x0034	0x0008      	RETURN
; end of _Mul_16x16_U
_PWM2_Init:
;__Lib_PWM_c21.c,1 :: 		
;__Lib_PWM_c21.c,2 :: 		
;__Lib_PWM_c21.c,3 :: 		
0x0035	0x1283      	BCF        STATUS, 5
0x0036	0x1303      	BCF        STATUS, 6
0x0037	0x019B      	CLRF       CCPR2L
;__Lib_PWM_c21.c,4 :: 		
0x0038	0x121D      	BCF        CCP2CON, 4
;__Lib_PWM_c21.c,5 :: 		
0x0039	0x129D      	BCF        CCP2CON, 5
;__Lib_PWM_c21.c,6 :: 		
L_end_PWM2_Init:
0x003A	0x0008      	RETURN
; end of _PWM2_Init
_PWM2_Start:
;__Lib_PWM_c21.c,19 :: 		
;__Lib_PWM_c21.c,20 :: 		
0x003B	0x1683      	BSF        STATUS, 5
0x003C	0x1303      	BCF        STATUS, 6
0x003D	0x1087      	BCF        TRISC1_bit, BitPos(TRISC1_bit+0)
;__Lib_PWM_c21.c,21 :: 		
0x003E	0x1283      	BCF        STATUS, 5
0x003F	0x1512      	BSF        T2CON, 2
;__Lib_PWM_c21.c,22 :: 		
0x0040	0x300C      	MOVLW      12
0x0041	0x049D      	IORWF      CCP2CON, 1
;__Lib_PWM_c21.c,23 :: 		
L_end_PWM2_Start:
0x0042	0x0008      	RETURN
; end of _PWM2_Start
_PWM1_Start:
;__Lib_PWM_c21.c,51 :: 		
;__Lib_PWM_c21.c,52 :: 		
0x0043	0x1683      	BSF        STATUS, 5
0x0044	0x1303      	BCF        STATUS, 6
0x0045	0x1107      	BCF        TRISC2_bit, BitPos(TRISC2_bit+0)
;__Lib_PWM_c21.c,53 :: 		
0x0046	0x1283      	BCF        STATUS, 5
0x0047	0x1512      	BSF        T2CON, 2
;__Lib_PWM_c21.c,54 :: 		
0x0048	0x300C      	MOVLW      12
0x0049	0x0497      	IORWF      CCP1CON, 1
;__Lib_PWM_c21.c,55 :: 		
L_end_PWM1_Start:
0x004A	0x0008      	RETURN
; end of _PWM1_Start
_PWM1_Init:
;__Lib_PWM_c21.c,33 :: 		
;__Lib_PWM_c21.c,34 :: 		
;__Lib_PWM_c21.c,35 :: 		
0x004B	0x1283      	BCF        STATUS, 5
0x004C	0x1303      	BCF        STATUS, 6
0x004D	0x0195      	CLRF       CCPR1L
;__Lib_PWM_c21.c,36 :: 		
0x004E	0x1217      	BCF        CCP1CON, 4
;__Lib_PWM_c21.c,37 :: 		
0x004F	0x1297      	BCF        CCP1CON, 5
;__Lib_PWM_c21.c,38 :: 		
L_end_PWM1_Init:
0x0050	0x0008      	RETURN
; end of _PWM1_Init
_PWM1_Set_Duty:
;__Lib_PWM_c21.c,40 :: 		
;__Lib_PWM_c21.c,44 :: 		
0x0051	0x1683      	BSF        STATUS, 5
0x0052	0x1303      	BCF        STATUS, 6
0x0053	0x0812      	MOVF       PR2, 0
0x0054	0x3E01      	ADDLW      1
0x0055	0x00F0      	MOVWF      R0
0x0056	0x01F1      	CLRF       R0+1
0x0057	0x1803      	BTFSC      STATUS, 0
0x0058	0x0AF1      	INCF       R0+1, 1
0x0059	0x1283      	BCF        STATUS, 5
0x005A	0x0822      	MOVF       FARG_PWM1_Set_Duty_new_duty, 0
0x005B	0x00F4      	MOVWF      R4
0x005C	0x01F5      	CLRF       R4+1
0x005D	0x200A      	CALL       _Mul_16x16_U
0x005E	0x3006      	MOVLW      6
0x005F	0x00F2      	MOVWF      R2
0x0060	0x0870      	MOVF       R0, 0
0x0061	0x00F4      	MOVWF      R4
0x0062	0x0871      	MOVF       R0+1, 0
0x0063	0x00F5      	MOVWF      R4+1
0x0064	0x0872      	MOVF       R2, 0
L__PWM1_Set_Duty10:
0x0065	0x1903      	BTFSC      STATUS, 2
0x0066	0x286C      	GOTO       L__PWM1_Set_Duty11
0x0067	0x0CF5      	RRF        R4+1, 1
0x0068	0x0CF4      	RRF        R4, 1
0x0069	0x13F5      	BCF        R4+1, 7
0x006A	0x3EFF      	ADDLW      255
0x006B	0x2865      	GOTO       L__PWM1_Set_Duty10
L__PWM1_Set_Duty11:
;__Lib_PWM_c21.c,45 :: 		
0x006C	0x3004      	MOVLW      4
0x006D	0x00F1      	MOVWF      R1
0x006E	0x0874      	MOVF       R4, 0
0x006F	0x00F0      	MOVWF      R0
0x0070	0x0871      	MOVF       R1, 0
L__PWM1_Set_Duty12:
0x0071	0x1903      	BTFSC      STATUS, 2
0x0072	0x2877      	GOTO       L__PWM1_Set_Duty13
0x0073	0x0DF0      	RLF        R0, 1
0x0074	0x1070      	BCF        R0, 0
0x0075	0x3EFF      	ADDLW      255
0x0076	0x2871      	GOTO       L__PWM1_Set_Duty12
L__PWM1_Set_Duty13:
0x0077	0x3030      	MOVLW      48
0x0078	0x0570      	ANDWF      R0, 0
0x0079	0x00F3      	MOVWF      R3
;__Lib_PWM_c21.c,46 :: 		
0x007A	0x0874      	MOVF       R4, 0
0x007B	0x00F0      	MOVWF      R0
0x007C	0x0875      	MOVF       R4+1, 0
0x007D	0x00F1      	MOVWF      R0+1
0x007E	0x0CF1      	RRF        R0+1, 1
0x007F	0x0CF0      	RRF        R0, 1
0x0080	0x13F1      	BCF        R0+1, 7
0x0081	0x0CF1      	RRF        R0+1, 1
0x0082	0x0CF0      	RRF        R0, 1
0x0083	0x13F1      	BCF        R0+1, 7
0x0084	0x0870      	MOVF       R0, 0
0x0085	0x0095      	MOVWF      CCPR1L
;__Lib_PWM_c21.c,47 :: 		
0x0086	0x300F      	MOVLW      15
0x0087	0x0597      	ANDWF      CCP1CON, 1
;__Lib_PWM_c21.c,48 :: 		
0x0088	0x0873      	MOVF       R3, 0
0x0089	0x0497      	IORWF      CCP1CON, 1
;__Lib_PWM_c21.c,49 :: 		
L_end_PWM1_Set_Duty:
0x008A	0x0008      	RETURN
; end of _PWM1_Set_Duty
_PWM2_Set_Duty:
;__Lib_PWM_c21.c,8 :: 		
;__Lib_PWM_c21.c,12 :: 		
0x008B	0x1683      	BSF        STATUS, 5
0x008C	0x1303      	BCF        STATUS, 6
0x008D	0x0812      	MOVF       PR2, 0
0x008E	0x3E01      	ADDLW      1
0x008F	0x00F0      	MOVWF      R0
0x0090	0x01F1      	CLRF       R0+1
0x0091	0x1803      	BTFSC      STATUS, 0
0x0092	0x0AF1      	INCF       R0+1, 1
0x0093	0x1283      	BCF        STATUS, 5
0x0094	0x0822      	MOVF       FARG_PWM2_Set_Duty_new_duty, 0
0x0095	0x00F4      	MOVWF      R4
0x0096	0x01F5      	CLRF       R4+1
0x0097	0x200A      	CALL       _Mul_16x16_U
0x0098	0x3006      	MOVLW      6
0x0099	0x00F2      	MOVWF      R2
0x009A	0x0870      	MOVF       R0, 0
0x009B	0x00F4      	MOVWF      R4
0x009C	0x0871      	MOVF       R0+1, 0
0x009D	0x00F5      	MOVWF      R4+1
0x009E	0x0872      	MOVF       R2, 0
L__PWM2_Set_Duty2:
0x009F	0x1903      	BTFSC      STATUS, 2
0x00A0	0x28A6      	GOTO       L__PWM2_Set_Duty3
0x00A1	0x0CF5      	RRF        R4+1, 1
0x00A2	0x0CF4      	RRF        R4, 1
0x00A3	0x13F5      	BCF        R4+1, 7
0x00A4	0x3EFF      	ADDLW      255
0x00A5	0x289F      	GOTO       L__PWM2_Set_Duty2
L__PWM2_Set_Duty3:
;__Lib_PWM_c21.c,13 :: 		
0x00A6	0x3004      	MOVLW      4
0x00A7	0x00F1      	MOVWF      R1
0x00A8	0x0874      	MOVF       R4, 0
0x00A9	0x00F0      	MOVWF      R0
0x00AA	0x0871      	MOVF       R1, 0
L__PWM2_Set_Duty4:
0x00AB	0x1903      	BTFSC      STATUS, 2
0x00AC	0x28B1      	GOTO       L__PWM2_Set_Duty5
0x00AD	0x0DF0      	RLF        R0, 1
0x00AE	0x1070      	BCF        R0, 0
0x00AF	0x3EFF      	ADDLW      255
0x00B0	0x28AB      	GOTO       L__PWM2_Set_Duty4
L__PWM2_Set_Duty5:
0x00B1	0x3030      	MOVLW      48
0x00B2	0x0570      	ANDWF      R0, 0
0x00B3	0x00F3      	MOVWF      R3
;__Lib_PWM_c21.c,14 :: 		
0x00B4	0x0874      	MOVF       R4, 0
0x00B5	0x00F0      	MOVWF      R0
0x00B6	0x0875      	MOVF       R4+1, 0
0x00B7	0x00F1      	MOVWF      R0+1
0x00B8	0x0CF1      	RRF        R0+1, 1
0x00B9	0x0CF0      	RRF        R0, 1
0x00BA	0x13F1      	BCF        R0+1, 7
0x00BB	0x0CF1      	RRF        R0+1, 1
0x00BC	0x0CF0      	RRF        R0, 1
0x00BD	0x13F1      	BCF        R0+1, 7
0x00BE	0x0870      	MOVF       R0, 0
0x00BF	0x009B      	MOVWF      CCPR2L
;__Lib_PWM_c21.c,15 :: 		
0x00C0	0x300F      	MOVLW      15
0x00C1	0x059D      	ANDWF      CCP2CON, 1
;__Lib_PWM_c21.c,16 :: 		
0x00C2	0x0873      	MOVF       R3, 0
0x00C3	0x049D      	IORWF      CCP2CON, 1
;__Lib_PWM_c21.c,17 :: 		
L_end_PWM2_Set_Duty:
0x00C4	0x0008      	RETURN
; end of _PWM2_Set_Duty
___CC2DW:
;__Lib_System.c,134 :: 		
;__Lib_System.c,137 :: 		
_CC2D_Loop1:
;__Lib_System.c,139 :: 		
0x00C5	0x2003      	CALL       _____DoICP
0x00C6	0x118A      	BCF        PCLATH, 3
0x00C7	0x120A      	BCF        PCLATH, 4
;__Lib_System.c,141 :: 		
0x00C8	0x0080      	MOVWF      INDF
;__Lib_System.c,142 :: 		
0x00C9	0x0A84      	INCF       FSR, 1
;__Lib_System.c,143 :: 		
0x00CA	0x0AA0      	INCF       ___DoICPAddr, 1
;__Lib_System.c,145 :: 		
0x00CB	0x1903      	BTFSC      STATUS, 2
;__Lib_System.c,146 :: 		
0x00CC	0x0AA1      	INCF       ___DoICPAddr+1, 1
;__Lib_System.c,147 :: 		
0x00CD	0x03F0      	DECF       R0, 1
;__Lib_System.c,149 :: 		
0x00CE	0x1D03      	BTFSS      STATUS, 2
;__Lib_System.c,150 :: 		
0x00CF	0x28C5      	GOTO       _CC2D_Loop1
;__Lib_System.c,152 :: 		
L_end___CC2DW:
0x00D0	0x0008      	RETURN
; end of ___CC2DW
_main:
;kuet11.c,2 :: 		void main()
;kuet11.c,4 :: 		ansel=0;
0x00D1	0x1683      	BSF        STATUS, 5
0x00D2	0x1703      	BSF        STATUS, 6
0x00D3	0x0188      	CLRF       ANSEL
;kuet11.c,5 :: 		anselh=0;
0x00D4	0x0189      	CLRF       ANSELH
;kuet11.c,6 :: 		trisb=0x1F ;                   // 5 sensor
0x00D5	0x301F      	MOVLW      31
0x00D6	0x0086      	MOVWF      TRISB
;kuet11.c,7 :: 		portB.F5=0;
0x00D7	0x1283      	BCF        STATUS, 5
0x00D8	0x1303      	BCF        STATUS, 6
0x00D9	0x1286      	BCF        PORTB, 5
;kuet11.c,8 :: 		portB.F6=0;
0x00DA	0x1306      	BCF        PORTB, 6
;kuet11.c,9 :: 		portB.F7=0;
0x00DB	0x1386      	BCF        PORTB, 7
;kuet11.c,10 :: 		trisd=0x00 ;
0x00DC	0x1683      	BSF        STATUS, 5
0x00DD	0x0188      	CLRF       TRISD
;kuet11.c,11 :: 		portd=0;
0x00DE	0x1283      	BCF        STATUS, 5
0x00DF	0x0188      	CLRF       PORTD
;kuet11.c,12 :: 		pwm1_init(8000)  ;      //right motor pwm
0x00E0	0x1412      	BSF        T2CON, 0
0x00E1	0x1092      	BCF        T2CON, 1
0x00E2	0x309C      	MOVLW      156
0x00E3	0x1683      	BSF        STATUS, 5
0x00E4	0x0092      	MOVWF      PR2
0x00E5	0x204B      	CALL       _PWM1_Init
;kuet11.c,13 :: 		pwm2_init(8000) ;       //left motor pwm
0x00E6	0x1412      	BSF        T2CON, 0
0x00E7	0x1092      	BCF        T2CON, 1
0x00E8	0x309C      	MOVLW      156
0x00E9	0x1683      	BSF        STATUS, 5
0x00EA	0x0092      	MOVWF      PR2
0x00EB	0x2035      	CALL       _PWM2_Init
;kuet11.c,14 :: 		pwm1_start() ;
0x00EC	0x2043      	CALL       _PWM1_Start
;kuet11.c,15 :: 		pwm2_start() ;
0x00ED	0x203B      	CALL       _PWM2_Start
;kuet11.c,16 :: 		pwm1_set_duty(100);
0x00EE	0x3064      	MOVLW      100
0x00EF	0x00A2      	MOVWF      FARG_PWM1_Set_Duty_new_duty
0x00F0	0x2051      	CALL       _PWM1_Set_Duty
;kuet11.c,17 :: 		pwm2_set_duty(100);
0x00F1	0x3064      	MOVLW      100
0x00F2	0x00A2      	MOVWF      FARG_PWM2_Set_Duty_new_duty
0x00F3	0x208B      	CALL       _PWM2_Set_Duty
;kuet11.c,18 :: 		while(1)
L_main0:
;kuet11.c,20 :: 		if(portb==0x03)     //hard left
0x00F4	0x0806      	MOVF       PORTB, 0
0x00F5	0x3A03      	XORLW      3
0x00F6	0x1D03      	BTFSS      STATUS, 2
0x00F7	0x290E      	GOTO       L_main2
;kuet11.c,22 :: 		pwm1_set_duty(202);
0x00F8	0x30CA      	MOVLW      202
0x00F9	0x00A2      	MOVWF      FARG_PWM1_Set_Duty_new_duty
0x00FA	0x2051      	CALL       _PWM1_Set_Duty
;kuet11.c,23 :: 		pwm2_set_duty(202);
0x00FB	0x30CA      	MOVLW      202
0x00FC	0x00A2      	MOVWF      FARG_PWM2_Set_Duty_new_duty
0x00FD	0x208B      	CALL       _PWM2_Set_Duty
;kuet11.c,24 :: 		portd=0b00001001 ;
0x00FE	0x3009      	MOVLW      9
0x00FF	0x0088      	MOVWF      PORTD
;kuet11.c,25 :: 		delay_ms(50);
0x0100	0x3002      	MOVLW      2
0x0101	0x00FB      	MOVWF      R11
0x0102	0x3045      	MOVLW      69
0x0103	0x00FC      	MOVWF      R12
0x0104	0x30A9      	MOVLW      169
0x0105	0x00FD      	MOVWF      R13
L_main3:
0x0106	0x0BFD      	DECFSZ     R13, 1
0x0107	0x2906      	GOTO       L_main3
0x0108	0x0BFC      	DECFSZ     R12, 1
0x0109	0x2906      	GOTO       L_main3
0x010A	0x0BFB      	DECFSZ     R11, 1
0x010B	0x2906      	GOTO       L_main3
0x010C	0x0000      	NOP
0x010D	0x0000      	NOP
;kuet11.c,26 :: 		}
L_main2:
;kuet11.c,27 :: 		if(portb==0x13)      //  soft   left
0x010E	0x0806      	MOVF       PORTB, 0
0x010F	0x3A13      	XORLW      19
0x0110	0x1D03      	BTFSS      STATUS, 2
0x0111	0x2923      	GOTO       L_main4
;kuet11.c,29 :: 		pwm1_set_duty(202);
0x0112	0x30CA      	MOVLW      202
0x0113	0x00A2      	MOVWF      FARG_PWM1_Set_Duty_new_duty
0x0114	0x2051      	CALL       _PWM1_Set_Duty
;kuet11.c,30 :: 		pwm2_set_duty(0);
0x0115	0x01A2      	CLRF       FARG_PWM2_Set_Duty_new_duty
0x0116	0x208B      	CALL       _PWM2_Set_Duty
;kuet11.c,31 :: 		portd=0b00000001 ;
0x0117	0x3001      	MOVLW      1
0x0118	0x0088      	MOVWF      PORTD
;kuet11.c,32 :: 		delay_ms(20);
0x0119	0x3082      	MOVLW      130
0x011A	0x00FC      	MOVWF      R12
0x011B	0x30DD      	MOVLW      221
0x011C	0x00FD      	MOVWF      R13
L_main5:
0x011D	0x0BFD      	DECFSZ     R13, 1
0x011E	0x291D      	GOTO       L_main5
0x011F	0x0BFC      	DECFSZ     R12, 1
0x0120	0x291D      	GOTO       L_main5
0x0121	0x0000      	NOP
0x0122	0x0000      	NOP
;kuet11.c,33 :: 		}
L_main4:
;kuet11.c,34 :: 		if(portb==0x19)  // soft_right();
0x0123	0x0806      	MOVF       PORTB, 0
0x0124	0x3A19      	XORLW      25
0x0125	0x1D03      	BTFSS      STATUS, 2
0x0126	0x2938      	GOTO       L_main6
;kuet11.c,36 :: 		pwm1_set_duty(0);
0x0127	0x01A2      	CLRF       FARG_PWM1_Set_Duty_new_duty
0x0128	0x2051      	CALL       _PWM1_Set_Duty
;kuet11.c,37 :: 		pwm2_set_duty(202);
0x0129	0x30CA      	MOVLW      202
0x012A	0x00A2      	MOVWF      FARG_PWM2_Set_Duty_new_duty
0x012B	0x208B      	CALL       _PWM2_Set_Duty
;kuet11.c,38 :: 		portd=0b00000100 ;
0x012C	0x3004      	MOVLW      4
0x012D	0x0088      	MOVWF      PORTD
;kuet11.c,39 :: 		delay_ms(20);
0x012E	0x3082      	MOVLW      130
0x012F	0x00FC      	MOVWF      R12
0x0130	0x30DD      	MOVLW      221
0x0131	0x00FD      	MOVWF      R13
L_main7:
0x0132	0x0BFD      	DECFSZ     R13, 1
0x0133	0x2932      	GOTO       L_main7
0x0134	0x0BFC      	DECFSZ     R12, 1
0x0135	0x2932      	GOTO       L_main7
0x0136	0x0000      	NOP
0x0137	0x0000      	NOP
;kuet11.c,40 :: 		}
L_main6:
;kuet11.c,41 :: 		if(portb==0x18)   // hard_right();
0x0138	0x0806      	MOVF       PORTB, 0
0x0139	0x3A18      	XORLW      24
0x013A	0x1D03      	BTFSS      STATUS, 2
0x013B	0x2952      	GOTO       L_main8
;kuet11.c,43 :: 		pwm1_set_duty(202);
0x013C	0x30CA      	MOVLW      202
0x013D	0x00A2      	MOVWF      FARG_PWM1_Set_Duty_new_duty
0x013E	0x2051      	CALL       _PWM1_Set_Duty
;kuet11.c,44 :: 		pwm2_set_duty(202);
0x013F	0x30CA      	MOVLW      202
0x0140	0x00A2      	MOVWF      FARG_PWM2_Set_Duty_new_duty
0x0141	0x208B      	CALL       _PWM2_Set_Duty
;kuet11.c,45 :: 		portd=0b00000110;
0x0142	0x3006      	MOVLW      6
0x0143	0x0088      	MOVWF      PORTD
;kuet11.c,46 :: 		delay_ms(50);
0x0144	0x3002      	MOVLW      2
0x0145	0x00FB      	MOVWF      R11
0x0146	0x3045      	MOVLW      69
0x0147	0x00FC      	MOVWF      R12
0x0148	0x30A9      	MOVLW      169
0x0149	0x00FD      	MOVWF      R13
L_main9:
0x014A	0x0BFD      	DECFSZ     R13, 1
0x014B	0x294A      	GOTO       L_main9
0x014C	0x0BFC      	DECFSZ     R12, 1
0x014D	0x294A      	GOTO       L_main9
0x014E	0x0BFB      	DECFSZ     R11, 1
0x014F	0x294A      	GOTO       L_main9
0x0150	0x0000      	NOP
0x0151	0x0000      	NOP
;kuet11.c,47 :: 		}
L_main8:
;kuet11.c,54 :: 		if(portb==0x04)   //stop() ;
0x0152	0x0806      	MOVF       PORTB, 0
0x0153	0x3A04      	XORLW      4
0x0154	0x1D03      	BTFSS      STATUS, 2
0x0155	0x295C      	GOTO       L_main10
;kuet11.c,56 :: 		pwm1_set_duty(0);
0x0156	0x01A2      	CLRF       FARG_PWM1_Set_Duty_new_duty
0x0157	0x2051      	CALL       _PWM1_Set_Duty
;kuet11.c,57 :: 		pwm1_set_duty(0);
0x0158	0x01A2      	CLRF       FARG_PWM1_Set_Duty_new_duty
0x0159	0x2051      	CALL       _PWM1_Set_Duty
;kuet11.c,58 :: 		portd=0b00001111;
0x015A	0x300F      	MOVLW      15
0x015B	0x0088      	MOVWF      PORTD
;kuet11.c,60 :: 		}
L_main10:
;kuet11.c,61 :: 		if(portb==0x0B)      // left  Corner
0x015C	0x0806      	MOVF       PORTB, 0
0x015D	0x3A0B      	XORLW      11
0x015E	0x1D03      	BTFSS      STATUS, 2
0x015F	0x2974      	GOTO       L_main11
;kuet11.c,63 :: 		pwm1_set_duty(202);
0x0160	0x30CA      	MOVLW      202
0x0161	0x00A2      	MOVWF      FARG_PWM1_Set_Duty_new_duty
0x0162	0x2051      	CALL       _PWM1_Set_Duty
;kuet11.c,64 :: 		pwm2_set_duty(0);
0x0163	0x01A2      	CLRF       FARG_PWM2_Set_Duty_new_duty
0x0164	0x208B      	CALL       _PWM2_Set_Duty
;kuet11.c,65 :: 		portd=0b00000001 ;
0x0165	0x3001      	MOVLW      1
0x0166	0x0088      	MOVWF      PORTD
;kuet11.c,66 :: 		delay_ms(500);
0x0167	0x300D      	MOVLW      13
0x0168	0x00FB      	MOVWF      R11
0x0169	0x30AF      	MOVLW      175
0x016A	0x00FC      	MOVWF      R12
0x016B	0x30B6      	MOVLW      182
0x016C	0x00FD      	MOVWF      R13
L_main12:
0x016D	0x0BFD      	DECFSZ     R13, 1
0x016E	0x296D      	GOTO       L_main12
0x016F	0x0BFC      	DECFSZ     R12, 1
0x0170	0x296D      	GOTO       L_main12
0x0171	0x0BFB      	DECFSZ     R11, 1
0x0172	0x296D      	GOTO       L_main12
0x0173	0x0000      	NOP
;kuet11.c,67 :: 		}
L_main11:
;kuet11.c,68 :: 		if(portb==0x1A)      // Right  Corner
0x0174	0x0806      	MOVF       PORTB, 0
0x0175	0x3A1A      	XORLW      26
0x0176	0x1D03      	BTFSS      STATUS, 2
0x0177	0x298C      	GOTO       L_main13
;kuet11.c,70 :: 		pwm1_set_duty(202);
0x0178	0x30CA      	MOVLW      202
0x0179	0x00A2      	MOVWF      FARG_PWM1_Set_Duty_new_duty
0x017A	0x2051      	CALL       _PWM1_Set_Duty
;kuet11.c,71 :: 		pwm2_set_duty(0);
0x017B	0x01A2      	CLRF       FARG_PWM2_Set_Duty_new_duty
0x017C	0x208B      	CALL       _PWM2_Set_Duty
;kuet11.c,72 :: 		portd=0b00000100 ;
0x017D	0x3004      	MOVLW      4
0x017E	0x0088      	MOVWF      PORTD
;kuet11.c,73 :: 		delay_ms(500);
0x017F	0x300D      	MOVLW      13
0x0180	0x00FB      	MOVWF      R11
0x0181	0x30AF      	MOVLW      175
0x0182	0x00FC      	MOVWF      R12
0x0183	0x30B6      	MOVLW      182
0x0184	0x00FD      	MOVWF      R13
L_main14:
0x0185	0x0BFD      	DECFSZ     R13, 1
0x0186	0x2985      	GOTO       L_main14
0x0187	0x0BFC      	DECFSZ     R12, 1
0x0188	0x2985      	GOTO       L_main14
0x0189	0x0BFB      	DECFSZ     R11, 1
0x018A	0x2985      	GOTO       L_main14
0x018B	0x0000      	NOP
;kuet11.c,74 :: 		}
L_main13:
;kuet11.c,75 :: 		if(portb==0x00)      // Loop Forward black line
0x018C	0x0806      	MOVF       PORTB, 0
0x018D	0x3A00      	XORLW      0
0x018E	0x1D03      	BTFSS      STATUS, 2
0x018F	0x29A5      	GOTO       L_main15
;kuet11.c,77 :: 		pwm1_set_duty(202);
0x0190	0x30CA      	MOVLW      202
0x0191	0x00A2      	MOVWF      FARG_PWM1_Set_Duty_new_duty
0x0192	0x2051      	CALL       _PWM1_Set_Duty
;kuet11.c,78 :: 		pwm2_set_duty(0);
0x0193	0x01A2      	CLRF       FARG_PWM2_Set_Duty_new_duty
0x0194	0x208B      	CALL       _PWM2_Set_Duty
;kuet11.c,79 :: 		portd=0b00000100 ;
0x0195	0x3004      	MOVLW      4
0x0196	0x0088      	MOVWF      PORTD
;kuet11.c,80 :: 		delay_ms(50);
0x0197	0x3002      	MOVLW      2
0x0198	0x00FB      	MOVWF      R11
0x0199	0x3045      	MOVLW      69
0x019A	0x00FC      	MOVWF      R12
0x019B	0x30A9      	MOVLW      169
0x019C	0x00FD      	MOVWF      R13
L_main16:
0x019D	0x0BFD      	DECFSZ     R13, 1
0x019E	0x299D      	GOTO       L_main16
0x019F	0x0BFC      	DECFSZ     R12, 1
0x01A0	0x299D      	GOTO       L_main16
0x01A1	0x0BFB      	DECFSZ     R11, 1
0x01A2	0x299D      	GOTO       L_main16
0x01A3	0x0000      	NOP
0x01A4	0x0000      	NOP
;kuet11.c,81 :: 		}
L_main15:
;kuet11.c,82 :: 		}
0x01A5	0x28F4      	GOTO       L_main0
;kuet11.c,83 :: 		}
L_end_main:
0x01A6	0x29A6      	GOTO       $+0
; end of _main
Symbol List:
//** Routines locations **
//ADDRESS    SIZE    PROCEDURE
//----------------------------------------------
0x0003       [7]    _____DoICP
0x000A      [43]    _Mul_16x16_U
0x0035       [6]    _PWM2_Init
0x003B       [8]    _PWM2_Start
0x0043       [8]    _PWM1_Start
0x004B       [6]    _PWM1_Init
0x0051      [58]    _PWM1_Set_Duty
0x008B      [58]    _PWM2_Set_Duty
0x00C5      [12]    ___CC2DW
0x00D1     [214]    _main
//** Variables locations ** 
//ADDRESS    SIZE    VARIABLE
//----------------------------------------------
0x0000       [1]    INDF
0x0002       [1]    PCL
0x0003       [1]    STATUS
0x0004       [1]    FSR
0x0006       [1]    PORTB
0x0008       [1]    PORTD
0x000A       [1]    PCLATH
0x0012       [1]    T2CON
0x0015       [1]    CCPR1L
0x0017       [1]    CCP1CON
0x001B       [1]    CCPR2L
0x001D       [1]    CCP2CON
0x0020       [2]    ___DoICPAddr
0x0022       [4]    FARG_PWM1_Init_PWM_Freq
0x0022       [1]    FARG_PWM1_Set_Duty_new_duty
0x0022       [4]    FARG_PWM2_Init_PWM_Freq
0x0022       [1]    FARG_PWM2_Set_Duty_new_duty
0x0070       [1]    R0
0x0071       [1]    R1
0x0072       [1]    R2
0x0073       [1]    R3
0x0074       [1]    R4
0x0075       [1]    R5
0x0076       [1]    R6
0x0077       [1]    R7
0x0078       [1]    R8
0x0079       [1]    R9
0x007A       [1]    R10
0x007B       [1]    R11
0x007C       [1]    R12
0x007D       [1]    R13
0x007E       [1]    R14
0x007F       [1]    R15
0x0086       [1]    TRISB
0x0087       [0]    TRISC2_bit
0x0087       [0]    TRISC1_bit
0x0088       [1]    TRISD
0x0092       [1]    PR2
0x0188       [1]    ANSEL
0x0189       [1]    ANSELH
//** Label List: ** 
//----------------------------------------------
  L_main0
  L_main1
  L_main2
  L_main3
  L_main4
  L_main5
  L_main6
  L_main7
  L_main8
  L_main9
  L_main10
  L_main11
  L_main12
  L_main13
  L_main14
  L_main15
  L_main16
  L_end_main
  _main
  L_Div_16x16_S0
  L_Div_16x16_S1
  LOOPS3232A
  SADD22LA
  SOK22LA
  SADD22L8
  SOK22L8
  LOOPS3232B
  SADD22LB
  SOK22LB
  SADD22L16
  SOK22L16
  LOOPS3232C
  SADD22LC
  SOK22LC
  SADD22L24
  SOK22L24
  LOOPS3232D
  SADD22LD
  SOK22LD
  SOK22L
  L_Div_32x32_S6
  L_Div_32x32_S7
  L_Div_32x32_S8
  L_Div_32x32_S9
  FXD3232S
  END_ALL
  CA3232S
  C3232SX
  C3232SX1
  C3232S
  C3232S2
  C3232SX4
  C3232SOK
  C3232SX3
  C3232SX2
  avoid_comfrem
  LOOPU3232A
  UADD22LA
  UOK22LA
  UADD22L8
  UOK22L8
  LOOPU3232B
  UADD22LB
  UOK22LB
  UADD22L16
  UOK22L16
  LOOPU3232C
  UADD22LC
  UOK22LC
  UADD22L24
  UOK22L24
  LOOPU3232D
  UADD22LD
  UOK22LD
  UOK22L
  _NEXT
  _EXIT2
  _LOOP
  _EXIT1
  _IF_FIRST
  _IF_SECOND
  _INVERCE_FIRST
  _MULT
  _INBERSE_SECOND
  _EXIT
  L_end_Mul_8x8_U
  _Mul_8x8_U
  L_end_Mul_16x16_U
  _Mul_16x16_U
  L_end_Div_8x8_U
  _Div_8x8_U
  L_end_Div_16x16_U
  _Div_16x16_U
  L_end_Mul_8x8_S
  _Mul_8x8_S
  L_end_Mul_16x16_S
  _Mul_16x16_S
  L_end_Div_16x16_S_L
  _Div_16x16_S_L
  L_end_Div_16x16_S
  _Div_16x16_S
  L_end_Div_8x8_S
  _Div_8x8_S
  L_end_SDIV3232L
  _SDIV3232L
  L_end_COMFREM
  _COMFREM
  L_end_Div_32x32_S
  _Div_32x32_S
  L_end_Div_32x32_U
  _Div_32x32_U
  L_end_Mul_32x32_U
  _Mul_32x32_U
  L_end_Mul_32x32_S
  _Mul_32x32_S
  L_end_PWM2_Init
  _PWM2_Init
  L_end_PWM2_Set_Duty
  _PWM2_Set_Duty
  L__PWM2_Set_Duty2
  L__PWM2_Set_Duty3
  L__PWM2_Set_Duty4
  L__PWM2_Set_Duty5
  L_end_PWM2_Start
  _PWM2_Start
  L_end_PWM2_Stop
  _PWM2_Stop
  L_end_PWM1_Init
  _PWM1_Init
  L_end_PWM1_Set_Duty
  _PWM1_Set_Duty
  L__PWM1_Set_Duty10
  L__PWM1_Set_Duty11
  L__PWM1_Set_Duty12
  L__PWM1_Set_Duty13
  L_end_PWM1_Start
  _PWM1_Start
  L_end_PWM1_Stop
  _PWM1_Stop
  L_loopCA2AWs
  L_CA2AWend
  _CCA2AW_Loop1
  L_loopCS2Ss
  L_CS2Send
  _CCS2S_Loop1
  L_CCS2Send
  L_loopFZinSWs
  L_FZinSend
  _CC2D_Loop1
  L_end_____DoICP
  _____DoICP
  L_end_____DoIFC
  _____DoIFC
  L_end___CA2AW
  ___CA2AW
  L_end___CCA2AW
  ___CCA2AW
  L_end___CS2S
  ___CS2S
  L_end___CCS2S
  ___CCS2S
  L_end___FZinS
  ___FZinS
  L_end___CC2DW
  ___CC2DW
  L_end_Swap
  _Swap
